0.4495 	WARNING 	We strongly recommend you activate the PTB sound engine in PsychoPy prefs as the preferred audio engine. Its timing is vastly superior. Your prefs are currently set to use ['sounddevice', 'PTB', 'pyo', 'pygame'] (in that order).
1.0279 	WARNING 	Import Error: No module named 'psychtoolbox'. Using event module for keyboard component.
3.3249 	WARNING 	User requested fullscreen with size [1024  768], but screen is actually [1680, 1050]. Using actual size
3.9681 	EXP 	Created window1 = Window(allowGUI=False, allowStencil=False, args=UNKNOWN, autoLog=True, bitsMode=UNKNOWN, blendMode='avg', bpc=(8, 8, 8), color=array([0., 0., 0.]), colorSpace='rgb', depthBits=8, fullscr=<method-wrapper '__getattribute__' of attributeSetter object at 0x7f80d8402bb0>, gamma=None, gammaErrorPolicy='raise', kwargs=UNKNOWN, lms=UNKNOWN, monitor=<psychopy.monitors.calibTools.Monitor object at 0x7f80d83ca5b0>, multiSample=False, name='window1', numSamples=2, pos=[0.0, 0.0], screen=0, size=array([1680, 1050]), stencilBits=0, stereo=False, units='height', useFBO=True, useRetina=False, viewOri=0.0, viewPos=None, viewScale=None, waitBlanking=True, winType='pyglet')
3.9681 	EXP 	window1: recordFrameIntervals = False
4.1345 	EXP 	window1: recordFrameIntervals = True
4.3184 	EXP 	window1: recordFrameIntervals = False
4.3845 	EXP 	Created Instruction = TextStim(__class__=<class 'psychopy.visual.text.TextStim'>, alignHoriz=method-wrapper(...), alignText='center', alignVert=method-wrapper(...), anchorHoriz='center', anchorVert='center', antialias=True, autoLog=True, bold=False, color='black', colorSpace='named', contrast=1.0, depth=0.0, flipHoriz=False, flipVert=False, font='Arial', fontFiles=[], height=0.05, italic=False, languageStyle='LTR', name='Instruction', opacity=1.0, ori=0, pos=array([0., 0.]), rgb=array([0., 0., 0.]), text=str(...), units='height', win=Window(...), wrapWidth=1.5)
4.3925 	EXP 	Created FixationCross = TextStim(__class__=<class 'psychopy.visual.text.TextStim'>, alignHoriz=method-wrapper(...), alignText='center', alignVert=method-wrapper(...), anchorHoriz='center', anchorVert='center', antialias=True, autoLog=True, bold=False, color='white', colorSpace='named', contrast=1.0, depth=0.0, flipHoriz=False, flipVert=False, font='Arial', fontFiles=[], height=0.1, italic=False, languageStyle='LTR', name='FixationCross', opacity=1.0, ori=0, pos=array([0., 0.]), rgb=array([255., 255., 255.]), text='+', units='height', win=Window(...), wrapWidth=1)
4.3948 	EXP 	Created character = ImageStim(__class__=<class 'psychopy.visual.image.ImageStim'>, autoLog=True, color=array([1., 1., 1.]), colorSpace='rgb', contrast=1.0, depth=-1.0, flipHoriz=False, flipVert=False, image='sin', interpolate=True, mask=None, maskParams=None, name='character', opacity=1.0, ori=0.0, pos=array([ 0. , -0.2]), size=array([0.5, 0.5]), texRes=128, units='height', win=Window(...))
4.3958 	EXP 	Created interval = ImageStim(__class__=<class 'psychopy.visual.image.ImageStim'>, autoLog=True, color=array([1., 1., 1.]), colorSpace='rgb', contrast=1.0, depth=-2.0, flipHoriz=False, flipVert=False, image=None, interpolate=True, mask=None, maskParams=None, name='interval', opacity=1.0, ori=0.0, pos=array([0., 0.]), size=array([0.5, 0.5]), texRes=128, units='height', win=Window(...))
4.3974 	EXP 	Created task_probe1 = ImageStim(__class__=<class 'psychopy.visual.image.ImageStim'>, autoLog=True, color=array([1., 1., 1.]), colorSpace='rgb', contrast=1.0, depth=-3.0, flipHoriz=False, flipVert=False, image='sin', interpolate=True, mask=None, maskParams=None, name='task_probe1', opacity=1.0, ori=0.0, pos=array([-0.6,  0. ]), size=array([0.3, 0.3]), texRes=128, units='height', win=Window(...))
4.3990 	EXP 	Created task_probe2 = ImageStim(__class__=<class 'psychopy.visual.image.ImageStim'>, autoLog=True, color=array([1., 1., 1.]), colorSpace='rgb', contrast=1.0, depth=-4.0, flipHoriz=False, flipVert=False, image='sin', interpolate=True, mask=None, maskParams=None, name='task_probe2', opacity=1.0, ori=0.0, pos=array([-0.2,  0. ]), size=array([0.3, 0.3]), texRes=128, units='height', win=Window(...))
4.4007 	EXP 	Created task_probe3 = ImageStim(__class__=<class 'psychopy.visual.image.ImageStim'>, autoLog=True, color=array([1., 1., 1.]), colorSpace='rgb', contrast=1.0, depth=-5.0, flipHoriz=False, flipVert=False, image='sin', interpolate=True, mask=None, maskParams=None, name='task_probe3', opacity=1.0, ori=0.0, pos=array([0.2, 0. ]), size=array([0.3, 0.3]), texRes=128, units='height', win=Window(...))
4.4023 	EXP 	Created task_probe4 = ImageStim(__class__=<class 'psychopy.visual.image.ImageStim'>, autoLog=True, color=array([1., 1., 1.]), colorSpace='rgb', contrast=1.0, depth=-6.0, flipHoriz=False, flipVert=False, image='sin', interpolate=True, mask=None, maskParams=None, name='task_probe4', opacity=1.0, ori=0.0, pos=array([0.6, 0. ]), size=array([0.3, 0.3]), texRes=128, units='height', win=Window(...))
4.4040 	EXP 	Created number_1 = TextStim(__class__=<class 'psychopy.visual.text.TextStim'>, alignHoriz=method-wrapper(...), alignText='center', alignVert=method-wrapper(...), anchorHoriz='center', anchorVert='center', antialias=True, autoLog=True, bold=False, color='black', colorSpace='named', contrast=1.0, depth=-8.0, flipHoriz=False, flipVert=False, font='Arial', fontFiles=[], height=0.1, italic=False, languageStyle='LTR', name='number_1', opacity=1.0, ori=0, pos=array([-0.6,  0.3]), rgb=array([0., 0., 0.]), text='1', units='height', win=Window(...), wrapWidth=1)
4.4062 	EXP 	Created number_2 = TextStim(__class__=<class 'psychopy.visual.text.TextStim'>, alignHoriz=method-wrapper(...), alignText='center', alignVert=method-wrapper(...), anchorHoriz='center', anchorVert='center', antialias=True, autoLog=True, bold=False, color='black', colorSpace='named', contrast=1.0, depth=-9.0, flipHoriz=False, flipVert=False, font='Arial', fontFiles=[], height=0.1, italic=False, languageStyle='LTR', name='number_2', opacity=1.0, ori=0, pos=array([-0.2,  0.3]), rgb=array([0., 0., 0.]), text='2', units='height', win=Window(...), wrapWidth=1)
4.4077 	EXP 	Created number_3 = TextStim(__class__=<class 'psychopy.visual.text.TextStim'>, alignHoriz=method-wrapper(...), alignText='center', alignVert=method-wrapper(...), anchorHoriz='center', anchorVert='center', antialias=True, autoLog=True, bold=False, color='black', colorSpace='named', contrast=1.0, depth=-10.0, flipHoriz=False, flipVert=False, font='Arial', fontFiles=[], height=0.1, italic=False, languageStyle='LTR', name='number_3', opacity=1.0, ori=0, pos=array([0.2, 0.3]), rgb=array([0., 0., 0.]), text='3', units='height', win=Window(...), wrapWidth=1)
4.4092 	EXP 	Created number_4 = TextStim(__class__=<class 'psychopy.visual.text.TextStim'>, alignHoriz=method-wrapper(...), alignText='center', alignVert=method-wrapper(...), anchorHoriz='center', anchorVert='center', antialias=True, autoLog=True, bold=False, color='black', colorSpace='named', contrast=1.0, depth=-11.0, flipHoriz=False, flipVert=False, font='Arial', fontFiles=[], height=0.1, italic=False, languageStyle='LTR', name='number_4', opacity=1.0, ori=0, pos=array([0.6, 0.3]), rgb=array([0., 0., 0.]), text='4', units='height', win=Window(...), wrapWidth=1)
4.4110 	EXP 	Created character_2 = ImageStim(__class__=<class 'psychopy.visual.image.ImageStim'>, autoLog=True, color=array([1., 1., 1.]), colorSpace='rgb', contrast=1.0, depth=-1.0, flipHoriz=False, flipVert=False, image='sin', interpolate=True, mask=None, maskParams=None, name='character_2', opacity=1.0, ori=0.0, pos=array([0., 0.]), size=array([0.3, 0.3]), texRes=128, units='height', win=Window(...))
4.4125 	EXP 	Created feedb_probe1 = ImageStim(__class__=<class 'psychopy.visual.image.ImageStim'>, autoLog=True, color=array([1., 1., 1.]), colorSpace='rgb', contrast=1.0, depth=-2.0, flipHoriz=False, flipVert=False, image='sin', interpolate=True, mask=None, maskParams=None, name='feedb_probe1', opacity=1.0, ori=0.0, pos=array([-0.6,  0. ]), size=array([0.3, 0.3]), texRes=128, units='height', win=Window(...))
4.4142 	EXP 	Created feedb_probe2 = ImageStim(__class__=<class 'psychopy.visual.image.ImageStim'>, autoLog=True, color=array([1., 1., 1.]), colorSpace='rgb', contrast=1.0, depth=-3.0, flipHoriz=False, flipVert=False, image='sin', interpolate=True, mask=None, maskParams=None, name='feedb_probe2', opacity=1.0, ori=0.0, pos=array([-0.2,  0. ]), size=array([0.3, 0.3]), texRes=128, units='height', win=Window(...))
4.4158 	EXP 	Created feedb_probe3 = ImageStim(__class__=<class 'psychopy.visual.image.ImageStim'>, autoLog=True, color=array([1., 1., 1.]), colorSpace='rgb', contrast=1.0, depth=-4.0, flipHoriz=False, flipVert=False, image='sin', interpolate=True, mask=None, maskParams=None, name='feedb_probe3', opacity=1.0, ori=0.0, pos=array([0.2, 0. ]), size=array([0.3, 0.3]), texRes=128, units='height', win=Window(...))
4.4174 	EXP 	Created feedb_probe4 = ImageStim(__class__=<class 'psychopy.visual.image.ImageStim'>, autoLog=True, color=array([1., 1., 1.]), colorSpace='rgb', contrast=1.0, depth=-5.0, flipHoriz=False, flipVert=False, image='sin', interpolate=True, mask=None, maskParams=None, name='feedb_probe4', opacity=1.0, ori=0.0, pos=array([0.6, 0. ]), size=array([0.3, 0.3]), texRes=128, units='height', win=Window(...))
4.4200 	EXP 	Created task_feedb = TextStim(__class__=<class 'psychopy.visual.text.TextStim'>, alignHoriz=method-wrapper(...), alignText='center', alignVert=method-wrapper(...), anchorHoriz='center', anchorVert='center', antialias=True, autoLog=True, bold=False, color='white', colorSpace='named', contrast=1.0, depth=0.0, flipHoriz=False, flipVert=False, font='Arial', fontFiles=[], height=0.2, italic=False, languageStyle='LTR', name='task_feedb', opacity=1.0, ori=0, pos=array([0. , 0.3]), rgb=array([255., 255., 255.]), text='', units='height', win=Window(...), wrapWidth=1)
4.4216 	EXP 	Created feedbImage = ImageStim(__class__=<class 'psychopy.visual.image.ImageStim'>, autoLog=True, color=array([1., 1., 1.]), colorSpace='rgb', contrast=1.0, depth=-1.0, flipHoriz=False, flipVert=False, image='sin', interpolate=True, mask=None, maskParams=None, name='feedbImage', opacity=1.0, ori=0.0, pos=array([ 0. , -0.1]), size=array([0.5, 0.5]), texRes=128, units='height', win=Window(...))
4.4226 	EXP 	Created iti = ImageStim(__class__=<class 'psychopy.visual.image.ImageStim'>, autoLog=True, color=array([1., 1., 1.]), colorSpace='rgb', contrast=1.0, depth=-2.0, flipHoriz=False, flipVert=False, image=None, interpolate=True, mask=None, maskParams=None, name='iti', opacity=1.0, ori=0.0, pos=array([0.1, 0. ]), size=array([0.5, 0.5]), texRes=128, units='height', win=Window(...))
4.4230 	EXP 	Created pract_message = TextStim(__class__=<class 'psychopy.visual.text.TextStim'>, alignHoriz=method-wrapper(...), alignText='center', alignVert=method-wrapper(...), anchorHoriz='center', anchorVert='center', antialias=True, autoLog=True, bold=False, color='black', colorSpace='named', contrast=1.0, depth=0.0, flipHoriz=False, flipVert=False, font='Arial', fontFiles=[], height=0.05, italic=False, languageStyle='LTR', name='pract_message', opacity=1.0, ori=0, pos=array([0., 0.]), rgb=array([0., 0., 0.]), text='', units='height', win=Window(...), wrapWidth=1.5)
4.4338 	EXP 	Instruction: autoDraw = True
5.2436 	DATA 	Keypress: space
5.2542 	EXP 	Created sequence: sequential, trialTypes=1, nReps=99, seed=None
5.2548 	EXP 	New trial (rep=0, index=0): None
5.2658 	EXP 	Imported practlist.csv as conditions, 80 conditions, 9 params
5.2664 	EXP 	Created sequence: sequential, trialTypes=80, nReps=1, seed=None
5.2667 	EXP 	New trial (rep=0, index=0): OrderedDict([('char', 'stimuli/m_red.jpg'), ('left_categ', 'stimuli/Gamestoy & entertainment.png'), ('centleft_categ', 'stimuli/Clothing.png'), ('centright_categ', 'stimuli/Food.png'), ('right_categ', 'stimuli/Vehicle.png'), ('trial_cond', 1), ('corr_ans', 'Food'), ('corr_ans_num', 3), ('image', 'stimuli/objects/chocolatecroissant.jpg')])
5.3072 	EXP 	Instruction: autoDraw = False
5.3072 	EXP 	character: image = 'stimuli/m_red.jpg'
5.3072 	EXP 	task_probe1: image = 'stimuli/Gamestoy & entertainment.png'
5.3072 	EXP 	task_probe2: image = 'stimuli/Clothing.png'
5.3072 	EXP 	task_probe3: image = 'stimuli/Food.png'
5.3072 	EXP 	task_probe4: image = 'stimuli/Vehicle.png'
5.3072 	EXP 	FixationCross: autoDraw = True
5.5388 	EXP 	character: autoDraw = True
5.5721 	EXP 	FixationCross: autoDraw = False
6.0230 	EXP 	interval: autoDraw = True
6.2886 	EXP 	character: autoDraw = False
6.5232 	EXP 	task_probe1: autoDraw = True
6.5232 	EXP 	task_probe2: autoDraw = True
6.5232 	EXP 	task_probe3: autoDraw = True
6.5232 	EXP 	task_probe4: autoDraw = True
6.5232 	EXP 	number_1: autoDraw = True
6.5232 	EXP 	number_2: autoDraw = True
6.5232 	EXP 	number_3: autoDraw = True
6.5232 	EXP 	number_4: autoDraw = True
7.2744 	EXP 	interval: autoDraw = False
9.4180 	DATA 	Keypress: 2
9.4700 	EXP 	FixationCross: autoDraw = False
9.4700 	EXP 	character: autoDraw = False
9.4700 	EXP 	interval: autoDraw = False
9.4700 	EXP 	task_probe1: autoDraw = False
9.4700 	EXP 	task_probe2: autoDraw = False
9.4700 	EXP 	task_probe3: autoDraw = False
9.4700 	EXP 	task_probe4: autoDraw = False
9.4700 	EXP 	number_1: autoDraw = False
9.4700 	EXP 	number_2: autoDraw = False
9.4700 	EXP 	number_3: autoDraw = False
9.4700 	EXP 	number_4: autoDraw = False
9.4700 	EXP 	character_2: pos = array([-0.2, -0.3])
9.4700 	EXP 	character_2: image = 'stimuli/m_red.jpg'
9.4700 	EXP 	feedb_probe1: image = 'stimuli/Gamestoy & entertainment.png'
9.4700 	EXP 	feedb_probe2: image = 'stimuli/Clothing.png'
9.4700 	EXP 	feedb_probe3: image = 'stimuli/Food.png'
9.4700 	EXP 	feedb_probe4: image = 'stimuli/Vehicle.png'
9.4700 	EXP 	feedb_probe1: autoDraw = True
9.4700 	EXP 	feedb_probe2: autoDraw = True
9.4700 	EXP 	feedb_probe3: autoDraw = True
9.4700 	EXP 	feedb_probe4: autoDraw = True
9.6966 	EXP 	character_2: autoDraw = True
10.4472 	EXP 	character_2: autoDraw = False
10.5999 	EXP 	feedb_probe1: autoDraw = False
10.5999 	EXP 	feedb_probe2: autoDraw = False
10.5999 	EXP 	feedb_probe3: autoDraw = False
10.5999 	EXP 	feedb_probe4: autoDraw = False
10.5999 	EXP 	character_2: autoDraw = False
10.5999 	EXP 	feedb_probe1: autoDraw = False
10.5999 	EXP 	feedb_probe2: autoDraw = False
10.5999 	EXP 	feedb_probe3: autoDraw = False
10.5999 	EXP 	feedb_probe4: autoDraw = False
10.5999 	EXP 	task_feedb: text = 'incorrect'
10.5999 	EXP 	feedbImage: image = 'stimuli/objects/chocolatecroissant.jpg'
10.5999 	EXP 	task_feedb: autoDraw = True
10.5999 	EXP 	feedbImage: autoDraw = True
11.0979 	EXP 	task_feedb: autoDraw = False
11.0979 	EXP 	feedbImage: autoDraw = False
12.5507 	EXP 	iti: autoDraw = True
12.7854 	EXP 	New trial (rep=0, index=1): OrderedDict([('char', 'stimuli/m_blue.jpg'), ('left_categ', 'stimuli/Food.png'), ('centleft_categ', 'stimuli/Gamestoy & entertainment.png'), ('centright_categ', 'stimuli/Clothing.png'), ('right_categ', 'stimuli/Vehicle.png'), ('trial_cond', 0), ('corr_ans', 'Clothing'), ('corr_ans_num', 3), ('image', 'stimuli/objects/beret01.jpg')])
12.8315 	EXP 	iti: autoDraw = False
12.8315 	EXP 	task_feedb: autoDraw = False
12.8315 	EXP 	feedbImage: autoDraw = False
12.8315 	EXP 	iti: autoDraw = False
12.8315 	EXP 	character: image = 'stimuli/m_blue.jpg'
12.8315 	EXP 	task_probe1: image = 'stimuli/Food.png'
12.8315 	EXP 	task_probe2: image = 'stimuli/Gamestoy & entertainment.png'
12.8315 	EXP 	task_probe3: image = 'stimuli/Clothing.png'
12.8315 	EXP 	task_probe4: image = 'stimuli/Vehicle.png'
12.8315 	EXP 	FixationCross: autoDraw = True
13.0701 	EXP 	character: autoDraw = True
13.0869 	EXP 	FixationCross: autoDraw = False
13.5543 	EXP 	interval: autoDraw = True
13.8198 	EXP 	character: autoDraw = False
14.0726 	EXP 	task_probe1: autoDraw = True
14.0726 	EXP 	task_probe2: autoDraw = True
14.0726 	EXP 	task_probe3: autoDraw = True
14.0726 	EXP 	task_probe4: autoDraw = True
14.0726 	EXP 	number_1: autoDraw = True
14.0726 	EXP 	number_2: autoDraw = True
14.0726 	EXP 	number_3: autoDraw = True
14.0726 	EXP 	number_4: autoDraw = True
14.5719 	DATA 	Keypress: 3
14.6125 	EXP 	FixationCross: autoDraw = False
14.6125 	EXP 	character: autoDraw = False
14.6125 	EXP 	interval: autoDraw = False
14.6125 	EXP 	task_probe1: autoDraw = False
14.6125 	EXP 	task_probe2: autoDraw = False
14.6125 	EXP 	task_probe3: autoDraw = False
14.6125 	EXP 	task_probe4: autoDraw = False
14.6125 	EXP 	number_1: autoDraw = False
14.6125 	EXP 	number_2: autoDraw = False
14.6125 	EXP 	number_3: autoDraw = False
14.6125 	EXP 	number_4: autoDraw = False
14.6125 	EXP 	character_2: pos = array([ 0.2, -0.3])
14.6125 	EXP 	character_2: image = 'stimuli/m_blue.jpg'
14.6125 	EXP 	feedb_probe1: image = 'stimuli/Food.png'
14.6125 	EXP 	feedb_probe2: image = 'stimuli/Gamestoy & entertainment.png'
14.6125 	EXP 	feedb_probe3: image = 'stimuli/Clothing.png'
14.6125 	EXP 	feedb_probe4: image = 'stimuli/Vehicle.png'
14.6125 	EXP 	feedb_probe1: autoDraw = True
14.6125 	EXP 	feedb_probe2: autoDraw = True
14.6125 	EXP 	feedb_probe3: autoDraw = True
14.6125 	EXP 	feedb_probe4: autoDraw = True
14.8399 	EXP 	character_2: autoDraw = True
15.5906 	EXP 	character_2: autoDraw = False
15.7090 	EXP 	feedb_probe1: autoDraw = False
15.7090 	EXP 	feedb_probe2: autoDraw = False
15.7090 	EXP 	feedb_probe3: autoDraw = False
15.7090 	EXP 	feedb_probe4: autoDraw = False
15.7090 	EXP 	character_2: autoDraw = False
15.7090 	EXP 	feedb_probe1: autoDraw = False
15.7090 	EXP 	feedb_probe2: autoDraw = False
15.7090 	EXP 	feedb_probe3: autoDraw = False
15.7090 	EXP 	feedb_probe4: autoDraw = False
15.7090 	EXP 	task_feedb: text = 'incorrect'
15.7090 	EXP 	feedbImage: image = 'stimuli/objects/beret01.jpg'
15.7090 	EXP 	task_feedb: autoDraw = True
15.7090 	EXP 	feedbImage: autoDraw = True
16.2077 	EXP 	task_feedb: autoDraw = False
16.2077 	EXP 	feedbImage: autoDraw = False
17.6772 	EXP 	iti: autoDraw = True
17.9116 	EXP 	New trial (rep=0, index=2): OrderedDict([('char', 'stimuli/m_blue.jpg'), ('left_categ', 'stimuli/Food.png'), ('centleft_categ', 'stimuli/Gamestoy & entertainment.png'), ('centright_categ', 'stimuli/Clothing.png'), ('right_categ', 'stimuli/Vehicle.png'), ('trial_cond', 1), ('corr_ans', 'Gamestoy & entertainment'), ('corr_ans_num', 2), ('image', 'stimuli/objects/interlockingbuildingblock03b.jpg')])
17.9576 	EXP 	iti: autoDraw = False
17.9576 	EXP 	task_feedb: autoDraw = False
17.9576 	EXP 	feedbImage: autoDraw = False
17.9576 	EXP 	iti: autoDraw = False
17.9576 	EXP 	character: image = 'stimuli/m_blue.jpg'
17.9576 	EXP 	task_probe1: image = 'stimuli/Food.png'
17.9576 	EXP 	task_probe2: image = 'stimuli/Gamestoy & entertainment.png'
17.9576 	EXP 	task_probe3: image = 'stimuli/Clothing.png'
17.9576 	EXP 	task_probe4: image = 'stimuli/Vehicle.png'
17.9576 	EXP 	FixationCross: autoDraw = True
18.1798 	EXP 	character: autoDraw = True
18.2132 	EXP 	FixationCross: autoDraw = False
18.6810 	EXP 	interval: autoDraw = True
18.9295 	EXP 	character: autoDraw = False
19.1806 	EXP 	task_probe1: autoDraw = True
19.1806 	EXP 	task_probe2: autoDraw = True
19.1806 	EXP 	task_probe3: autoDraw = True
19.1806 	EXP 	task_probe4: autoDraw = True
19.1806 	EXP 	number_1: autoDraw = True
19.1806 	EXP 	number_2: autoDraw = True
19.1806 	EXP 	number_3: autoDraw = True
19.1806 	EXP 	number_4: autoDraw = True
19.9320 	EXP 	interval: autoDraw = False
21.0009 	DATA 	Keypress: 1
21.0412 	EXP 	FixationCross: autoDraw = False
21.0412 	EXP 	character: autoDraw = False
21.0412 	EXP 	interval: autoDraw = False
21.0412 	EXP 	task_probe1: autoDraw = False
21.0412 	EXP 	task_probe2: autoDraw = False
21.0412 	EXP 	task_probe3: autoDraw = False
21.0412 	EXP 	task_probe4: autoDraw = False
21.0412 	EXP 	number_1: autoDraw = False
21.0412 	EXP 	number_2: autoDraw = False
21.0412 	EXP 	number_3: autoDraw = False
21.0412 	EXP 	number_4: autoDraw = False
21.0412 	EXP 	character_2: pos = array([-0.6, -0.3])
21.0412 	EXP 	character_2: image = 'stimuli/m_blue.jpg'
21.0412 	EXP 	feedb_probe1: image = 'stimuli/Food.png'
21.0412 	EXP 	feedb_probe2: image = 'stimuli/Gamestoy & entertainment.png'
21.0412 	EXP 	feedb_probe3: image = 'stimuli/Clothing.png'
21.0412 	EXP 	feedb_probe4: image = 'stimuli/Vehicle.png'
21.0412 	EXP 	feedb_probe1: autoDraw = True
21.0412 	EXP 	feedb_probe2: autoDraw = True
21.0412 	EXP 	feedb_probe3: autoDraw = True
21.0412 	EXP 	feedb_probe4: autoDraw = True
21.2689 	EXP 	character_2: autoDraw = True
22.0193 	EXP 	character_2: autoDraw = False
22.1447 	EXP 	feedb_probe1: autoDraw = False
22.1447 	EXP 	feedb_probe2: autoDraw = False
22.1447 	EXP 	feedb_probe3: autoDraw = False
22.1447 	EXP 	feedb_probe4: autoDraw = False
22.1447 	EXP 	character_2: autoDraw = False
22.1447 	EXP 	feedb_probe1: autoDraw = False
22.1447 	EXP 	feedb_probe2: autoDraw = False
22.1447 	EXP 	feedb_probe3: autoDraw = False
22.1447 	EXP 	feedb_probe4: autoDraw = False
22.1447 	EXP 	task_feedb: text = 'incorrect'
22.1447 	EXP 	feedbImage: image = 'stimuli/objects/interlockingbuildingblock03b.jpg'
22.1447 	EXP 	task_feedb: autoDraw = True
22.1447 	EXP 	feedbImage: autoDraw = True
22.6534 	EXP 	task_feedb: autoDraw = False
22.6534 	EXP 	feedbImage: autoDraw = False
24.1062 	EXP 	iti: autoDraw = True
24.3407 	EXP 	New trial (rep=0, index=3): OrderedDict([('char', 'stimuli/m_red.jpg'), ('left_categ', 'stimuli/Food.png'), ('centleft_categ', 'stimuli/Gamestoy & entertainment.png'), ('centright_categ', 'stimuli/Clothing.png'), ('right_categ', 'stimuli/Vehicle.png'), ('trial_cond', 0), ('corr_ans', 'Gamestoy & entertainment'), ('corr_ans_num', 2), ('image', 'stimuli/objects/airhockeytable.jpg')])
24.3805 	EXP 	iti: autoDraw = False
24.3805 	EXP 	task_feedb: autoDraw = False
24.3805 	EXP 	feedbImage: autoDraw = False
24.3805 	EXP 	iti: autoDraw = False
24.3805 	EXP 	character: image = 'stimuli/m_red.jpg'
24.3805 	EXP 	task_probe1: image = 'stimuli/Food.png'
24.3805 	EXP 	task_probe2: image = 'stimuli/Gamestoy & entertainment.png'
24.3805 	EXP 	task_probe3: image = 'stimuli/Clothing.png'
24.3805 	EXP 	task_probe4: image = 'stimuli/Vehicle.png'
24.3805 	EXP 	FixationCross: autoDraw = True
24.6087 	EXP 	character: autoDraw = True
24.6439 	EXP 	FixationCross: autoDraw = False
25.1097 	EXP 	interval: autoDraw = True
25.3588 	EXP 	character: autoDraw = False
25.6097 	EXP 	task_probe1: autoDraw = True
25.6097 	EXP 	task_probe2: autoDraw = True
25.6097 	EXP 	task_probe3: autoDraw = True
25.6097 	EXP 	task_probe4: autoDraw = True
25.6097 	EXP 	number_1: autoDraw = True
25.6097 	EXP 	number_2: autoDraw = True
25.6097 	EXP 	number_3: autoDraw = True
25.6097 	EXP 	number_4: autoDraw = True
26.3611 	EXP 	interval: autoDraw = False
26.6010 	DATA 	Keypress: 2
26.6515 	EXP 	FixationCross: autoDraw = False
26.6515 	EXP 	character: autoDraw = False
26.6515 	EXP 	interval: autoDraw = False
26.6515 	EXP 	task_probe1: autoDraw = False
26.6515 	EXP 	task_probe2: autoDraw = False
26.6515 	EXP 	task_probe3: autoDraw = False
26.6515 	EXP 	task_probe4: autoDraw = False
26.6515 	EXP 	number_1: autoDraw = False
26.6515 	EXP 	number_2: autoDraw = False
26.6515 	EXP 	number_3: autoDraw = False
26.6515 	EXP 	number_4: autoDraw = False
26.6515 	EXP 	character_2: pos = array([-0.2, -0.3])
26.6515 	EXP 	character_2: image = 'stimuli/m_red.jpg'
26.6515 	EXP 	feedb_probe1: image = 'stimuli/Food.png'
26.6515 	EXP 	feedb_probe2: image = 'stimuli/Gamestoy & entertainment.png'
26.6515 	EXP 	feedb_probe3: image = 'stimuli/Clothing.png'
26.6515 	EXP 	feedb_probe4: image = 'stimuli/Vehicle.png'
26.6515 	EXP 	feedb_probe1: autoDraw = True
26.6515 	EXP 	feedb_probe2: autoDraw = True
26.6515 	EXP 	feedb_probe3: autoDraw = True
26.6515 	EXP 	feedb_probe4: autoDraw = True
26.8795 	EXP 	character_2: autoDraw = True
27.6301 	EXP 	character_2: autoDraw = False
27.7604 	EXP 	feedb_probe1: autoDraw = False
27.7604 	EXP 	feedb_probe2: autoDraw = False
27.7604 	EXP 	feedb_probe3: autoDraw = False
27.7604 	EXP 	feedb_probe4: autoDraw = False
27.7604 	EXP 	character_2: autoDraw = False
27.7604 	EXP 	feedb_probe1: autoDraw = False
27.7604 	EXP 	feedb_probe2: autoDraw = False
27.7604 	EXP 	feedb_probe3: autoDraw = False
27.7604 	EXP 	feedb_probe4: autoDraw = False
27.7604 	EXP 	task_feedb: text = 'incorrect'
27.7604 	EXP 	feedbImage: image = 'stimuli/objects/airhockeytable.jpg'
27.7604 	EXP 	task_feedb: autoDraw = True
27.7604 	EXP 	feedbImage: autoDraw = True
28.2642 	EXP 	task_feedb: autoDraw = False
28.2642 	EXP 	feedbImage: autoDraw = False
29.7336 	EXP 	iti: autoDraw = True
29.9682 	EXP 	New trial (rep=0, index=4): OrderedDict([('char', 'stimuli/m_red.jpg'), ('left_categ', 'stimuli/Vehicle.png'), ('centleft_categ', 'stimuli/Food.png'), ('centright_categ', 'stimuli/Clothing.png'), ('right_categ', 'stimuli/Gamestoy & entertainment.png'), ('trial_cond', 1), ('corr_ans', 'Food'), ('corr_ans_num', 2), ('image', 'stimuli/objects/icecreamcone01a.jpg')])
30.0076 	EXP 	iti: autoDraw = False
30.0076 	EXP 	task_feedb: autoDraw = False
30.0076 	EXP 	feedbImage: autoDraw = False
30.0076 	EXP 	iti: autoDraw = False
30.0076 	EXP 	character: image = 'stimuli/m_red.jpg'
30.0076 	EXP 	task_probe1: image = 'stimuli/Vehicle.png'
30.0076 	EXP 	task_probe2: image = 'stimuli/Food.png'
30.0076 	EXP 	task_probe3: image = 'stimuli/Clothing.png'
30.0076 	EXP 	task_probe4: image = 'stimuli/Gamestoy & entertainment.png'
30.0076 	EXP 	FixationCross: autoDraw = True
30.2362 	EXP 	character: autoDraw = True
30.2696 	EXP 	FixationCross: autoDraw = False
30.7371 	EXP 	interval: autoDraw = True
30.9860 	EXP 	character: autoDraw = False
31.2373 	EXP 	task_probe1: autoDraw = True
31.2373 	EXP 	task_probe2: autoDraw = True
31.2373 	EXP 	task_probe3: autoDraw = True
31.2373 	EXP 	task_probe4: autoDraw = True
31.2373 	EXP 	number_1: autoDraw = True
31.2373 	EXP 	number_2: autoDraw = True
31.2373 	EXP 	number_3: autoDraw = True
31.2373 	EXP 	number_4: autoDraw = True
31.9885 	EXP 	interval: autoDraw = False
32.5397 	DATA 	Keypress: 3
32.5721 	EXP 	FixationCross: autoDraw = False
32.5721 	EXP 	character: autoDraw = False
32.5721 	EXP 	interval: autoDraw = False
32.5721 	EXP 	task_probe1: autoDraw = False
32.5721 	EXP 	task_probe2: autoDraw = False
32.5721 	EXP 	task_probe3: autoDraw = False
32.5721 	EXP 	task_probe4: autoDraw = False
32.5721 	EXP 	number_1: autoDraw = False
32.5721 	EXP 	number_2: autoDraw = False
32.5721 	EXP 	number_3: autoDraw = False
32.5721 	EXP 	number_4: autoDraw = False
32.5721 	EXP 	character_2: pos = array([ 0.2, -0.3])
32.5721 	EXP 	character_2: image = 'stimuli/m_red.jpg'
32.5721 	EXP 	feedb_probe1: image = 'stimuli/Vehicle.png'
32.5721 	EXP 	feedb_probe2: image = 'stimuli/Food.png'
32.5721 	EXP 	feedb_probe3: image = 'stimuli/Clothing.png'
32.5721 	EXP 	feedb_probe4: image = 'stimuli/Gamestoy & entertainment.png'
32.5721 	EXP 	feedb_probe1: autoDraw = True
32.5721 	EXP 	feedb_probe2: autoDraw = True
32.5721 	EXP 	feedb_probe3: autoDraw = True
32.5721 	EXP 	feedb_probe4: autoDraw = True
32.8076 	EXP 	character_2: autoDraw = True
33.5582 	EXP 	character_2: autoDraw = False
33.6655 	EXP 	feedb_probe1: autoDraw = False
33.6655 	EXP 	feedb_probe2: autoDraw = False
33.6655 	EXP 	feedb_probe3: autoDraw = False
33.6655 	EXP 	feedb_probe4: autoDraw = False
33.6655 	EXP 	character_2: autoDraw = False
33.6655 	EXP 	feedb_probe1: autoDraw = False
33.6655 	EXP 	feedb_probe2: autoDraw = False
33.6655 	EXP 	feedb_probe3: autoDraw = False
33.6655 	EXP 	feedb_probe4: autoDraw = False
33.6655 	EXP 	task_feedb: text = 'incorrect'
33.6655 	EXP 	feedbImage: image = 'stimuli/objects/icecreamcone01a.jpg'
33.6655 	EXP 	task_feedb: autoDraw = True
33.6655 	EXP 	feedbImage: autoDraw = True
34.1755 	EXP 	task_feedb: autoDraw = False
34.1755 	EXP 	feedbImage: autoDraw = False
35.6283 	EXP 	iti: autoDraw = True
35.8630 	EXP 	New trial (rep=0, index=5): OrderedDict([('char', 'stimuli/m_blue.jpg'), ('left_categ', 'stimuli/Gamestoy & entertainment.png'), ('centleft_categ', 'stimuli/Vehicle.png'), ('centright_categ', 'stimuli/Food.png'), ('right_categ', 'stimuli/Clothing.png'), ('trial_cond', 1), ('corr_ans', 'Gamestoy & entertainment'), ('corr_ans_num', 1), ('image', 'stimuli/objects/stuffedanimal02b.jpg')])
35.9118 	EXP 	iti: autoDraw = False
35.9118 	EXP 	task_feedb: autoDraw = False
35.9118 	EXP 	feedbImage: autoDraw = False
35.9118 	EXP 	iti: autoDraw = False
35.9118 	EXP 	character: image = 'stimuli/m_blue.jpg'
35.9118 	EXP 	task_probe1: image = 'stimuli/Gamestoy & entertainment.png'
35.9118 	EXP 	task_probe2: image = 'stimuli/Vehicle.png'
35.9118 	EXP 	task_probe3: image = 'stimuli/Food.png'
35.9118 	EXP 	task_probe4: image = 'stimuli/Clothing.png'
35.9118 	EXP 	FixationCross: autoDraw = True
36.1484 	EXP 	character: autoDraw = True
36.1661 	EXP 	FixationCross: autoDraw = False
36.6488 	EXP 	interval: autoDraw = True
36.8994 	EXP 	character: autoDraw = False
37.1486 	EXP 	task_probe1: autoDraw = True
37.1486 	EXP 	task_probe2: autoDraw = True
37.1486 	EXP 	task_probe3: autoDraw = True
37.1486 	EXP 	task_probe4: autoDraw = True
37.1486 	EXP 	number_1: autoDraw = True
37.1486 	EXP 	number_2: autoDraw = True
37.1486 	EXP 	number_3: autoDraw = True
37.1486 	EXP 	number_4: autoDraw = True
37.9000 	EXP 	interval: autoDraw = False
39.5367 	DATA 	Keypress: 4
39.5745 	EXP 	FixationCross: autoDraw = False
39.5745 	EXP 	character: autoDraw = False
39.5745 	EXP 	interval: autoDraw = False
39.5745 	EXP 	task_probe1: autoDraw = False
39.5745 	EXP 	task_probe2: autoDraw = False
39.5745 	EXP 	task_probe3: autoDraw = False
39.5745 	EXP 	task_probe4: autoDraw = False
39.5745 	EXP 	number_1: autoDraw = False
39.5745 	EXP 	number_2: autoDraw = False
39.5745 	EXP 	number_3: autoDraw = False
39.5745 	EXP 	number_4: autoDraw = False
39.5745 	EXP 	character_2: pos = array([ 0.6, -0.3])
39.5745 	EXP 	character_2: image = 'stimuli/m_blue.jpg'
39.5745 	EXP 	feedb_probe1: image = 'stimuli/Gamestoy & entertainment.png'
39.5745 	EXP 	feedb_probe2: image = 'stimuli/Vehicle.png'
39.5745 	EXP 	feedb_probe3: image = 'stimuli/Food.png'
39.5745 	EXP 	feedb_probe4: image = 'stimuli/Clothing.png'
39.5745 	EXP 	feedb_probe1: autoDraw = True
39.5745 	EXP 	feedb_probe2: autoDraw = True
39.5745 	EXP 	feedb_probe3: autoDraw = True
39.5745 	EXP 	feedb_probe4: autoDraw = True
39.8046 	EXP 	character_2: autoDraw = True
40.5550 	EXP 	character_2: autoDraw = False
40.6935 	EXP 	feedb_probe1: autoDraw = False
40.6935 	EXP 	feedb_probe2: autoDraw = False
40.6935 	EXP 	feedb_probe3: autoDraw = False
40.6935 	EXP 	feedb_probe4: autoDraw = False
40.6935 	EXP 	character_2: autoDraw = False
40.6935 	EXP 	feedb_probe1: autoDraw = False
40.6935 	EXP 	feedb_probe2: autoDraw = False
40.6935 	EXP 	feedb_probe3: autoDraw = False
40.6935 	EXP 	feedb_probe4: autoDraw = False
40.6935 	EXP 	task_feedb: text = 'incorrect'
40.6935 	EXP 	feedbImage: image = 'stimuli/objects/stuffedanimal02b.jpg'
40.6935 	EXP 	task_feedb: autoDraw = True
40.6935 	EXP 	feedbImage: autoDraw = True
41.2058 	EXP 	task_feedb: autoDraw = False
41.2058 	EXP 	feedbImage: autoDraw = False
42.6585 	EXP 	iti: autoDraw = True
42.8930 	EXP 	New trial (rep=0, index=6): OrderedDict([('char', 'stimuli/m_red.jpg'), ('left_categ', 'stimuli/Gamestoy & entertainment.png'), ('centleft_categ', 'stimuli/Food.png'), ('centright_categ', 'stimuli/Vehicle.png'), ('right_categ', 'stimuli/Clothing.png'), ('trial_cond', 1), ('corr_ans', 'Food'), ('corr_ans_num', 2), ('image', 'stimuli/objects/apple07.jpg')])
42.9347 	EXP 	iti: autoDraw = False
42.9347 	EXP 	task_feedb: autoDraw = False
42.9347 	EXP 	feedbImage: autoDraw = False
42.9347 	EXP 	iti: autoDraw = False
42.9347 	EXP 	character: image = 'stimuli/m_red.jpg'
42.9347 	EXP 	task_probe1: image = 'stimuli/Gamestoy & entertainment.png'
42.9347 	EXP 	task_probe2: image = 'stimuli/Food.png'
42.9347 	EXP 	task_probe3: image = 'stimuli/Vehicle.png'
42.9347 	EXP 	task_probe4: image = 'stimuli/Clothing.png'
42.9347 	EXP 	FixationCross: autoDraw = True
43.1611 	EXP 	character: autoDraw = True
43.1945 	EXP 	FixationCross: autoDraw = False
43.6623 	EXP 	interval: autoDraw = True
43.9109 	EXP 	character: autoDraw = False
44.1620 	EXP 	task_probe1: autoDraw = True
44.1620 	EXP 	task_probe2: autoDraw = True
44.1620 	EXP 	task_probe3: autoDraw = True
44.1620 	EXP 	task_probe4: autoDraw = True
44.1620 	EXP 	number_1: autoDraw = True
44.1620 	EXP 	number_2: autoDraw = True
44.1620 	EXP 	number_3: autoDraw = True
44.1620 	EXP 	number_4: autoDraw = True
44.9134 	EXP 	interval: autoDraw = False
44.9135 	DATA 	Keypress: 1
44.9520 	EXP 	FixationCross: autoDraw = False
44.9520 	EXP 	character: autoDraw = False
44.9520 	EXP 	interval: autoDraw = False
44.9520 	EXP 	task_probe1: autoDraw = False
44.9520 	EXP 	task_probe2: autoDraw = False
44.9520 	EXP 	task_probe3: autoDraw = False
44.9520 	EXP 	task_probe4: autoDraw = False
44.9520 	EXP 	number_1: autoDraw = False
44.9520 	EXP 	number_2: autoDraw = False
44.9520 	EXP 	number_3: autoDraw = False
44.9520 	EXP 	number_4: autoDraw = False
44.9520 	EXP 	character_2: pos = array([-0.6, -0.3])
44.9520 	EXP 	character_2: image = 'stimuli/m_red.jpg'
44.9520 	EXP 	feedb_probe1: image = 'stimuli/Gamestoy & entertainment.png'
44.9520 	EXP 	feedb_probe2: image = 'stimuli/Food.png'
44.9520 	EXP 	feedb_probe3: image = 'stimuli/Vehicle.png'
44.9520 	EXP 	feedb_probe4: image = 'stimuli/Clothing.png'
44.9520 	EXP 	feedb_probe1: autoDraw = True
44.9520 	EXP 	feedb_probe2: autoDraw = True
44.9520 	EXP 	feedb_probe3: autoDraw = True
44.9520 	EXP 	feedb_probe4: autoDraw = True
45.1647 	EXP 	character_2: autoDraw = True
45.9153 	EXP 	character_2: autoDraw = False
46.0670 	EXP 	feedb_probe1: autoDraw = False
46.0670 	EXP 	feedb_probe2: autoDraw = False
46.0670 	EXP 	feedb_probe3: autoDraw = False
46.0670 	EXP 	feedb_probe4: autoDraw = False
46.0670 	EXP 	character_2: autoDraw = False
46.0670 	EXP 	feedb_probe1: autoDraw = False
46.0670 	EXP 	feedb_probe2: autoDraw = False
46.0670 	EXP 	feedb_probe3: autoDraw = False
46.0670 	EXP 	feedb_probe4: autoDraw = False
46.0670 	EXP 	task_feedb: text = 'incorrect'
46.0670 	EXP 	feedbImage: image = 'stimuli/objects/apple07.jpg'
46.0670 	EXP 	task_feedb: autoDraw = True
46.0670 	EXP 	feedbImage: autoDraw = True
46.5660 	EXP 	task_feedb: autoDraw = False
46.5660 	EXP 	feedbImage: autoDraw = False
48.0355 	EXP 	iti: autoDraw = True
48.2700 	EXP 	New trial (rep=0, index=7): OrderedDict([('char', 'stimuli/m_blue.jpg'), ('left_categ', 'stimuli/Clothing.png'), ('centleft_categ', 'stimuli/Food.png'), ('centright_categ', 'stimuli/Gamestoy & entertainment.png'), ('right_categ', 'stimuli/Vehicle.png'), ('trial_cond', 1), ('corr_ans', 'Gamestoy & entertainment'), ('corr_ans_num', 3), ('image', 'stimuli/objects/number3.jpg')])
48.3164 	EXP 	iti: autoDraw = False
48.3164 	EXP 	task_feedb: autoDraw = False
48.3164 	EXP 	feedbImage: autoDraw = False
48.3164 	EXP 	iti: autoDraw = False
48.3164 	EXP 	character: image = 'stimuli/m_blue.jpg'
48.3164 	EXP 	task_probe1: image = 'stimuli/Clothing.png'
48.3164 	EXP 	task_probe2: image = 'stimuli/Food.png'
48.3164 	EXP 	task_probe3: image = 'stimuli/Gamestoy & entertainment.png'
48.3164 	EXP 	task_probe4: image = 'stimuli/Vehicle.png'
48.3164 	EXP 	FixationCross: autoDraw = True
48.5549 	EXP 	character: autoDraw = True
48.5715 	EXP 	FixationCross: autoDraw = False
49.0391 	EXP 	interval: autoDraw = True
49.3046 	EXP 	character: autoDraw = False
49.5557 	EXP 	task_probe1: autoDraw = True
49.5557 	EXP 	task_probe2: autoDraw = True
49.5557 	EXP 	task_probe3: autoDraw = True
49.5557 	EXP 	task_probe4: autoDraw = True
49.5557 	EXP 	number_1: autoDraw = True
49.5557 	EXP 	number_2: autoDraw = True
49.5557 	EXP 	number_3: autoDraw = True
49.5557 	EXP 	number_4: autoDraw = True
50.2904 	EXP 	interval: autoDraw = False
52.3612 	DATA 	Keypress: 2
52.4018 	EXP 	FixationCross: autoDraw = False
52.4018 	EXP 	character: autoDraw = False
52.4018 	EXP 	interval: autoDraw = False
52.4018 	EXP 	task_probe1: autoDraw = False
52.4018 	EXP 	task_probe2: autoDraw = False
52.4018 	EXP 	task_probe3: autoDraw = False
52.4018 	EXP 	task_probe4: autoDraw = False
52.4018 	EXP 	number_1: autoDraw = False
52.4018 	EXP 	number_2: autoDraw = False
52.4018 	EXP 	number_3: autoDraw = False
52.4018 	EXP 	number_4: autoDraw = False
52.4018 	EXP 	character_2: pos = array([-0.2, -0.3])
52.4018 	EXP 	character_2: image = 'stimuli/m_blue.jpg'
52.4018 	EXP 	feedb_probe1: image = 'stimuli/Clothing.png'
52.4018 	EXP 	feedb_probe2: image = 'stimuli/Food.png'
52.4018 	EXP 	feedb_probe3: image = 'stimuli/Gamestoy & entertainment.png'
52.4018 	EXP 	feedb_probe4: image = 'stimuli/Vehicle.png'
52.4018 	EXP 	feedb_probe1: autoDraw = True
52.4018 	EXP 	feedb_probe2: autoDraw = True
52.4018 	EXP 	feedb_probe3: autoDraw = True
52.4018 	EXP 	feedb_probe4: autoDraw = True
52.6292 	EXP 	character_2: autoDraw = True
53.3796 	EXP 	character_2: autoDraw = False
53.5017 	EXP 	feedb_probe1: autoDraw = False
53.5017 	EXP 	feedb_probe2: autoDraw = False
53.5017 	EXP 	feedb_probe3: autoDraw = False
53.5017 	EXP 	feedb_probe4: autoDraw = False
53.5017 	EXP 	character_2: autoDraw = False
53.5017 	EXP 	feedb_probe1: autoDraw = False
53.5017 	EXP 	feedb_probe2: autoDraw = False
53.5017 	EXP 	feedb_probe3: autoDraw = False
53.5017 	EXP 	feedb_probe4: autoDraw = False
53.5017 	EXP 	task_feedb: text = 'incorrect'
53.5017 	EXP 	feedbImage: image = 'stimuli/objects/number3.jpg'
53.5017 	EXP 	task_feedb: autoDraw = True
53.5017 	EXP 	feedbImage: autoDraw = True
54.0137 	EXP 	task_feedb: autoDraw = False
54.0137 	EXP 	feedbImage: autoDraw = False
55.4664 	EXP 	iti: autoDraw = True
55.7009 	EXP 	New trial (rep=0, index=8): OrderedDict([('char', 'stimuli/m_blue.jpg'), ('left_categ', 'stimuli/Clothing.png'), ('centleft_categ', 'stimuli/Food.png'), ('centright_categ', 'stimuli/Gamestoy & entertainment.png'), ('right_categ', 'stimuli/Vehicle.png'), ('trial_cond', 0), ('corr_ans', 'Vehicle'), ('corr_ans_num', 4), ('image', 'stimuli/objects/freighttruck.jpg')])
55.7472 	EXP 	iti: autoDraw = False
55.7472 	EXP 	task_feedb: autoDraw = False
55.7472 	EXP 	feedbImage: autoDraw = False
55.7472 	EXP 	iti: autoDraw = False
55.7472 	EXP 	character: image = 'stimuli/m_blue.jpg'
55.7472 	EXP 	task_probe1: image = 'stimuli/Clothing.png'
55.7472 	EXP 	task_probe2: image = 'stimuli/Food.png'
55.7472 	EXP 	task_probe3: image = 'stimuli/Gamestoy & entertainment.png'
55.7472 	EXP 	task_probe4: image = 'stimuli/Vehicle.png'
55.7472 	EXP 	FixationCross: autoDraw = True
55.9858 	EXP 	character: autoDraw = True
56.0025 	EXP 	FixationCross: autoDraw = False
56.4700 	EXP 	interval: autoDraw = True
56.7355 	EXP 	character: autoDraw = False
56.9866 	EXP 	task_probe1: autoDraw = True
56.9866 	EXP 	task_probe2: autoDraw = True
56.9866 	EXP 	task_probe3: autoDraw = True
56.9866 	EXP 	task_probe4: autoDraw = True
56.9866 	EXP 	number_1: autoDraw = True
56.9866 	EXP 	number_2: autoDraw = True
56.9866 	EXP 	number_3: autoDraw = True
56.9866 	EXP 	number_4: autoDraw = True
57.7213 	EXP 	interval: autoDraw = False
58.3727 	DATA 	Keypress: 2
58.4130 	EXP 	FixationCross: autoDraw = False
58.4130 	EXP 	character: autoDraw = False
58.4130 	EXP 	interval: autoDraw = False
58.4130 	EXP 	task_probe1: autoDraw = False
58.4130 	EXP 	task_probe2: autoDraw = False
58.4130 	EXP 	task_probe3: autoDraw = False
58.4130 	EXP 	task_probe4: autoDraw = False
58.4130 	EXP 	number_1: autoDraw = False
58.4130 	EXP 	number_2: autoDraw = False
58.4130 	EXP 	number_3: autoDraw = False
58.4130 	EXP 	number_4: autoDraw = False
58.4130 	EXP 	character_2: pos = array([-0.2, -0.3])
58.4130 	EXP 	character_2: image = 'stimuli/m_blue.jpg'
58.4130 	EXP 	feedb_probe1: image = 'stimuli/Clothing.png'
58.4130 	EXP 	feedb_probe2: image = 'stimuli/Food.png'
58.4130 	EXP 	feedb_probe3: image = 'stimuli/Gamestoy & entertainment.png'
58.4130 	EXP 	feedb_probe4: image = 'stimuli/Vehicle.png'
58.4130 	EXP 	feedb_probe1: autoDraw = True
58.4130 	EXP 	feedb_probe2: autoDraw = True
58.4130 	EXP 	feedb_probe3: autoDraw = True
58.4130 	EXP 	feedb_probe4: autoDraw = True
58.6409 	EXP 	character_2: autoDraw = True
59.3912 	EXP 	character_2: autoDraw = False
59.5154 	EXP 	feedb_probe1: autoDraw = False
59.5154 	EXP 	feedb_probe2: autoDraw = False
59.5154 	EXP 	feedb_probe3: autoDraw = False
59.5154 	EXP 	feedb_probe4: autoDraw = False
59.5154 	EXP 	character_2: autoDraw = False
59.5154 	EXP 	feedb_probe1: autoDraw = False
59.5154 	EXP 	feedb_probe2: autoDraw = False
59.5154 	EXP 	feedb_probe3: autoDraw = False
59.5154 	EXP 	feedb_probe4: autoDraw = False
59.5154 	EXP 	task_feedb: text = 'incorrect'
59.5154 	EXP 	feedbImage: image = 'stimuli/objects/freighttruck.jpg'
59.5154 	EXP 	task_feedb: autoDraw = True
59.5154 	EXP 	feedbImage: autoDraw = True
60.0252 	EXP 	task_feedb: autoDraw = False
60.0252 	EXP 	feedbImage: autoDraw = False
61.4779 	EXP 	iti: autoDraw = True
61.7125 	EXP 	New trial (rep=0, index=9): OrderedDict([('char', 'stimuli/m_red.jpg'), ('left_categ', 'stimuli/Vehicle.png'), ('centleft_categ', 'stimuli/Clothing.png'), ('centright_categ', 'stimuli/Gamestoy & entertainment.png'), ('right_categ', 'stimuli/Food.png'), ('trial_cond', 1), ('corr_ans', 'Food'), ('corr_ans_num', 4), ('image', 'stimuli/objects/mango01.jpg')])
61.7535 	EXP 	iti: autoDraw = False
61.7535 	EXP 	task_feedb: autoDraw = False
61.7535 	EXP 	feedbImage: autoDraw = False
61.7535 	EXP 	iti: autoDraw = False
61.7535 	EXP 	character: image = 'stimuli/m_red.jpg'
61.7535 	EXP 	task_probe1: image = 'stimuli/Vehicle.png'
61.7535 	EXP 	task_probe2: image = 'stimuli/Clothing.png'
61.7535 	EXP 	task_probe3: image = 'stimuli/Gamestoy & entertainment.png'
61.7535 	EXP 	task_probe4: image = 'stimuli/Food.png'
61.7535 	EXP 	FixationCross: autoDraw = True
61.9806 	EXP 	character: autoDraw = True
62.0147 	EXP 	FixationCross: autoDraw = False
62.4816 	EXP 	interval: autoDraw = True
62.7305 	EXP 	character: autoDraw = False
62.9833 	EXP 	task_probe1: autoDraw = True
62.9833 	EXP 	task_probe2: autoDraw = True
62.9833 	EXP 	task_probe3: autoDraw = True
62.9833 	EXP 	task_probe4: autoDraw = True
62.9833 	EXP 	number_1: autoDraw = True
62.9833 	EXP 	number_2: autoDraw = True
62.9833 	EXP 	number_3: autoDraw = True
62.9833 	EXP 	number_4: autoDraw = True
63.7330 	EXP 	interval: autoDraw = False
65.8872 	DATA 	Keypress: 4
65.9280 	EXP 	FixationCross: autoDraw = False
65.9280 	EXP 	character: autoDraw = False
65.9280 	EXP 	interval: autoDraw = False
65.9280 	EXP 	task_probe1: autoDraw = False
65.9280 	EXP 	task_probe2: autoDraw = False
65.9280 	EXP 	task_probe3: autoDraw = False
65.9280 	EXP 	task_probe4: autoDraw = False
65.9280 	EXP 	number_1: autoDraw = False
65.9280 	EXP 	number_2: autoDraw = False
65.9280 	EXP 	number_3: autoDraw = False
65.9280 	EXP 	number_4: autoDraw = False
65.9280 	EXP 	character_2: pos = array([ 0.6, -0.3])
65.9280 	EXP 	character_2: image = 'stimuli/m_red.jpg'
65.9280 	EXP 	feedb_probe1: image = 'stimuli/Vehicle.png'
65.9280 	EXP 	feedb_probe2: image = 'stimuli/Clothing.png'
65.9280 	EXP 	feedb_probe3: image = 'stimuli/Gamestoy & entertainment.png'
65.9280 	EXP 	feedb_probe4: image = 'stimuli/Food.png'
65.9280 	EXP 	feedb_probe1: autoDraw = True
65.9280 	EXP 	feedb_probe2: autoDraw = True
65.9280 	EXP 	feedb_probe3: autoDraw = True
65.9280 	EXP 	feedb_probe4: autoDraw = True
66.1550 	EXP 	character_2: autoDraw = True
66.9056 	EXP 	character_2: autoDraw = False
67.0397 	EXP 	feedb_probe1: autoDraw = False
67.0397 	EXP 	feedb_probe2: autoDraw = False
67.0397 	EXP 	feedb_probe3: autoDraw = False
67.0397 	EXP 	feedb_probe4: autoDraw = False
67.0397 	EXP 	character_2: autoDraw = False
67.0397 	EXP 	feedb_probe1: autoDraw = False
67.0397 	EXP 	feedb_probe2: autoDraw = False
67.0397 	EXP 	feedb_probe3: autoDraw = False
67.0397 	EXP 	feedb_probe4: autoDraw = False
67.0397 	EXP 	task_feedb: text = 'incorrect'
67.0397 	EXP 	feedbImage: image = 'stimuli/objects/mango01.jpg'
67.0397 	EXP 	task_feedb: autoDraw = True
67.0397 	EXP 	feedbImage: autoDraw = True
67.5396 	EXP 	task_feedb: autoDraw = False
67.5396 	EXP 	feedbImage: autoDraw = False
69.0091 	EXP 	iti: autoDraw = True
69.2437 	EXP 	New trial (rep=0, index=10): OrderedDict([('char', 'stimuli/m_blue.jpg'), ('left_categ', 'stimuli/Vehicle.png'), ('centleft_categ', 'stimuli/Food.png'), ('centright_categ', 'stimuli/Clothing.png'), ('right_categ', 'stimuli/Gamestoy & entertainment.png'), ('trial_cond', 1), ('corr_ans', 'Gamestoy & entertainment'), ('corr_ans_num', 4), ('image', 'stimuli/objects/8ball.jpg')])
69.2912 	EXP 	iti: autoDraw = False
69.2912 	EXP 	task_feedb: autoDraw = False
69.2912 	EXP 	feedbImage: autoDraw = False
69.2912 	EXP 	iti: autoDraw = False
69.2912 	EXP 	character: image = 'stimuli/m_blue.jpg'
69.2912 	EXP 	task_probe1: image = 'stimuli/Vehicle.png'
69.2912 	EXP 	task_probe2: image = 'stimuli/Food.png'
69.2912 	EXP 	task_probe3: image = 'stimuli/Clothing.png'
69.2912 	EXP 	task_probe4: image = 'stimuli/Gamestoy & entertainment.png'
69.2912 	EXP 	FixationCross: autoDraw = True
69.5285 	EXP 	character: autoDraw = True
69.5452 	EXP 	FixationCross: autoDraw = False
70.0312 	EXP 	interval: autoDraw = True
70.2782 	EXP 	character: autoDraw = False
70.5293 	EXP 	task_probe1: autoDraw = True
70.5293 	EXP 	task_probe2: autoDraw = True
70.5293 	EXP 	task_probe3: autoDraw = True
70.5293 	EXP 	task_probe4: autoDraw = True
70.5293 	EXP 	number_1: autoDraw = True
70.5293 	EXP 	number_2: autoDraw = True
70.5293 	EXP 	number_3: autoDraw = True
70.5293 	EXP 	number_4: autoDraw = True
71.2807 	EXP 	interval: autoDraw = False
72.7670 	DATA 	Keypress: 4
72.8075 	EXP 	FixationCross: autoDraw = False
72.8075 	EXP 	character: autoDraw = False
72.8075 	EXP 	interval: autoDraw = False
72.8075 	EXP 	task_probe1: autoDraw = False
72.8075 	EXP 	task_probe2: autoDraw = False
72.8075 	EXP 	task_probe3: autoDraw = False
72.8075 	EXP 	task_probe4: autoDraw = False
72.8075 	EXP 	number_1: autoDraw = False
72.8075 	EXP 	number_2: autoDraw = False
72.8075 	EXP 	number_3: autoDraw = False
72.8075 	EXP 	number_4: autoDraw = False
72.8075 	EXP 	character_2: pos = array([ 0.6, -0.3])
72.8075 	EXP 	character_2: image = 'stimuli/m_blue.jpg'
72.8075 	EXP 	feedb_probe1: image = 'stimuli/Vehicle.png'
72.8075 	EXP 	feedb_probe2: image = 'stimuli/Food.png'
72.8075 	EXP 	feedb_probe3: image = 'stimuli/Clothing.png'
72.8075 	EXP 	feedb_probe4: image = 'stimuli/Gamestoy & entertainment.png'
72.8075 	EXP 	feedb_probe1: autoDraw = True
72.8075 	EXP 	feedb_probe2: autoDraw = True
72.8075 	EXP 	feedb_probe3: autoDraw = True
72.8075 	EXP 	feedb_probe4: autoDraw = True
73.0350 	EXP 	character_2: autoDraw = True
73.7855 	EXP 	character_2: autoDraw = False
73.9122 	EXP 	feedb_probe1: autoDraw = False
73.9122 	EXP 	feedb_probe2: autoDraw = False
73.9122 	EXP 	feedb_probe3: autoDraw = False
73.9122 	EXP 	feedb_probe4: autoDraw = False
73.9122 	EXP 	character_2: autoDraw = False
73.9122 	EXP 	feedb_probe1: autoDraw = False
73.9122 	EXP 	feedb_probe2: autoDraw = False
73.9122 	EXP 	feedb_probe3: autoDraw = False
73.9122 	EXP 	feedb_probe4: autoDraw = False
73.9122 	EXP 	task_feedb: text = 'incorrect'
73.9122 	EXP 	feedbImage: image = 'stimuli/objects/8ball.jpg'
73.9122 	EXP 	task_feedb: autoDraw = True
73.9122 	EXP 	feedbImage: autoDraw = True
74.4195 	EXP 	task_feedb: autoDraw = False
74.4195 	EXP 	feedbImage: autoDraw = False
75.8722 	EXP 	iti: autoDraw = True
76.1068 	EXP 	New trial (rep=0, index=11): OrderedDict([('char', 'stimuli/m_blue.jpg'), ('left_categ', 'stimuli/Clothing.png'), ('centleft_categ', 'stimuli/Vehicle.png'), ('centright_categ', 'stimuli/Gamestoy & entertainment.png'), ('right_categ', 'stimuli/Food.png'), ('trial_cond', 1), ('corr_ans', 'Gamestoy & entertainment'), ('corr_ans_num', 3), ('image', 'stimuli/objects/chessboard.jpg')])
76.1536 	EXP 	iti: autoDraw = False
76.1536 	EXP 	task_feedb: autoDraw = False
76.1536 	EXP 	feedbImage: autoDraw = False
76.1536 	EXP 	iti: autoDraw = False
76.1536 	EXP 	character: image = 'stimuli/m_blue.jpg'
76.1536 	EXP 	task_probe1: image = 'stimuli/Clothing.png'
76.1536 	EXP 	task_probe2: image = 'stimuli/Vehicle.png'
76.1536 	EXP 	task_probe3: image = 'stimuli/Gamestoy & entertainment.png'
76.1536 	EXP 	task_probe4: image = 'stimuli/Food.png'
76.1536 	EXP 	FixationCross: autoDraw = True
76.3916 	EXP 	character: autoDraw = True
76.4083 	EXP 	FixationCross: autoDraw = False
76.8777 	EXP 	interval: autoDraw = True
77.1413 	EXP 	character: autoDraw = False
77.3924 	EXP 	task_probe1: autoDraw = True
77.3924 	EXP 	task_probe2: autoDraw = True
77.3924 	EXP 	task_probe3: autoDraw = True
77.3924 	EXP 	task_probe4: autoDraw = True
77.3924 	EXP 	number_1: autoDraw = True
77.3924 	EXP 	number_2: autoDraw = True
77.3924 	EXP 	number_3: autoDraw = True
77.3924 	EXP 	number_4: autoDraw = True
78.1272 	EXP 	interval: autoDraw = False
80.7550 	DATA 	Keypress: 3
80.8060 	EXP 	FixationCross: autoDraw = False
80.8060 	EXP 	character: autoDraw = False
80.8060 	EXP 	interval: autoDraw = False
80.8060 	EXP 	task_probe1: autoDraw = False
80.8060 	EXP 	task_probe2: autoDraw = False
80.8060 	EXP 	task_probe3: autoDraw = False
80.8060 	EXP 	task_probe4: autoDraw = False
80.8060 	EXP 	number_1: autoDraw = False
80.8060 	EXP 	number_2: autoDraw = False
80.8060 	EXP 	number_3: autoDraw = False
80.8060 	EXP 	number_4: autoDraw = False
80.8060 	EXP 	character_2: pos = array([ 0.2, -0.3])
80.8060 	EXP 	character_2: image = 'stimuli/m_blue.jpg'
80.8060 	EXP 	feedb_probe1: image = 'stimuli/Clothing.png'
80.8060 	EXP 	feedb_probe2: image = 'stimuli/Vehicle.png'
80.8060 	EXP 	feedb_probe3: image = 'stimuli/Gamestoy & entertainment.png'
80.8060 	EXP 	feedb_probe4: image = 'stimuli/Food.png'
80.8060 	EXP 	feedb_probe1: autoDraw = True
80.8060 	EXP 	feedb_probe2: autoDraw = True
80.8060 	EXP 	feedb_probe3: autoDraw = True
80.8060 	EXP 	feedb_probe4: autoDraw = True
81.0337 	EXP 	character_2: autoDraw = True
81.7842 	EXP 	character_2: autoDraw = False
81.9185 	EXP 	feedb_probe1: autoDraw = False
81.9185 	EXP 	feedb_probe2: autoDraw = False
81.9185 	EXP 	feedb_probe3: autoDraw = False
81.9185 	EXP 	feedb_probe4: autoDraw = False
81.9185 	EXP 	character_2: autoDraw = False
81.9185 	EXP 	feedb_probe1: autoDraw = False
81.9185 	EXP 	feedb_probe2: autoDraw = False
81.9185 	EXP 	feedb_probe3: autoDraw = False
81.9185 	EXP 	feedb_probe4: autoDraw = False
81.9185 	EXP 	task_feedb: text = 'incorrect'
81.9185 	EXP 	feedbImage: image = 'stimuli/objects/chessboard.jpg'
81.9185 	EXP 	task_feedb: autoDraw = True
81.9185 	EXP 	feedbImage: autoDraw = True
82.4181 	EXP 	task_feedb: autoDraw = False
82.4181 	EXP 	feedbImage: autoDraw = False
83.8877 	EXP 	iti: autoDraw = True
84.1222 	EXP 	New trial (rep=0, index=12): OrderedDict([('char', 'stimuli/m_red.jpg'), ('left_categ', 'stimuli/Food.png'), ('centleft_categ', 'stimuli/Clothing.png'), ('centright_categ', 'stimuli/Vehicle.png'), ('right_categ', 'stimuli/Gamestoy & entertainment.png'), ('trial_cond', 1), ('corr_ans', 'Food'), ('corr_ans_num', 1), ('image', 'stimuli/objects/frenchfries.jpg')])
84.1636 	EXP 	iti: autoDraw = False
84.1636 	EXP 	task_feedb: autoDraw = False
84.1636 	EXP 	feedbImage: autoDraw = False
84.1636 	EXP 	iti: autoDraw = False
84.1636 	EXP 	character: image = 'stimuli/m_red.jpg'
84.1636 	EXP 	task_probe1: image = 'stimuli/Food.png'
84.1636 	EXP 	task_probe2: image = 'stimuli/Clothing.png'
84.1636 	EXP 	task_probe3: image = 'stimuli/Vehicle.png'
84.1636 	EXP 	task_probe4: image = 'stimuli/Gamestoy & entertainment.png'
84.1636 	EXP 	FixationCross: autoDraw = True
84.3908 	EXP 	character: autoDraw = True
84.4236 	EXP 	FixationCross: autoDraw = False
84.8911 	EXP 	interval: autoDraw = True
85.1401 	EXP 	character: autoDraw = False
85.3912 	EXP 	task_probe1: autoDraw = True
85.3912 	EXP 	task_probe2: autoDraw = True
85.3912 	EXP 	task_probe3: autoDraw = True
85.3912 	EXP 	task_probe4: autoDraw = True
85.3912 	EXP 	number_1: autoDraw = True
85.3912 	EXP 	number_2: autoDraw = True
85.3912 	EXP 	number_3: autoDraw = True
85.3912 	EXP 	number_4: autoDraw = True
86.1426 	EXP 	interval: autoDraw = False
86.4159 	DATA 	Keypress: 1
86.4653 	EXP 	FixationCross: autoDraw = False
86.4653 	EXP 	character: autoDraw = False
86.4653 	EXP 	interval: autoDraw = False
86.4653 	EXP 	task_probe1: autoDraw = False
86.4653 	EXP 	task_probe2: autoDraw = False
86.4653 	EXP 	task_probe3: autoDraw = False
86.4653 	EXP 	task_probe4: autoDraw = False
86.4653 	EXP 	number_1: autoDraw = False
86.4653 	EXP 	number_2: autoDraw = False
86.4653 	EXP 	number_3: autoDraw = False
86.4653 	EXP 	number_4: autoDraw = False
86.4653 	EXP 	character_2: pos = array([-0.6, -0.3])
86.4653 	EXP 	character_2: image = 'stimuli/m_red.jpg'
86.4653 	EXP 	feedb_probe1: image = 'stimuli/Food.png'
86.4653 	EXP 	feedb_probe2: image = 'stimuli/Clothing.png'
86.4653 	EXP 	feedb_probe3: image = 'stimuli/Vehicle.png'
86.4653 	EXP 	feedb_probe4: image = 'stimuli/Gamestoy & entertainment.png'
86.4653 	EXP 	feedb_probe1: autoDraw = True
86.4653 	EXP 	feedb_probe2: autoDraw = True
86.4653 	EXP 	feedb_probe3: autoDraw = True
86.4653 	EXP 	feedb_probe4: autoDraw = True
86.6778 	EXP 	character_2: autoDraw = True
87.4283 	EXP 	character_2: autoDraw = False
87.5768 	EXP 	feedb_probe1: autoDraw = False
87.5768 	EXP 	feedb_probe2: autoDraw = False
87.5768 	EXP 	feedb_probe3: autoDraw = False
87.5768 	EXP 	feedb_probe4: autoDraw = False
87.5768 	EXP 	character_2: autoDraw = False
87.5768 	EXP 	feedb_probe1: autoDraw = False
87.5768 	EXP 	feedb_probe2: autoDraw = False
87.5768 	EXP 	feedb_probe3: autoDraw = False
87.5768 	EXP 	feedb_probe4: autoDraw = False
87.5768 	EXP 	task_feedb: text = 'incorrect'
87.5768 	EXP 	feedbImage: image = 'stimuli/objects/frenchfries.jpg'
87.5768 	EXP 	task_feedb: autoDraw = True
87.5768 	EXP 	feedbImage: autoDraw = True
88.0790 	EXP 	task_feedb: autoDraw = False
88.0790 	EXP 	feedbImage: autoDraw = False
89.5486 	EXP 	iti: autoDraw = True
89.7831 	EXP 	New trial (rep=0, index=13): OrderedDict([('char', 'stimuli/m_blue.jpg'), ('left_categ', 'stimuli/Food.png'), ('centleft_categ', 'stimuli/Clothing.png'), ('centright_categ', 'stimuli/Vehicle.png'), ('right_categ', 'stimuli/Gamestoy & entertainment.png'), ('trial_cond', 1), ('corr_ans', 'Gamestoy & entertainment'), ('corr_ans_num', 4), ('image', 'stimuli/objects/foosballtable.jpg')])
89.8269 	EXP 	iti: autoDraw = False
89.8269 	EXP 	task_feedb: autoDraw = False
89.8269 	EXP 	feedbImage: autoDraw = False
89.8269 	EXP 	iti: autoDraw = False
89.8269 	EXP 	character: image = 'stimuli/m_blue.jpg'
89.8269 	EXP 	task_probe1: image = 'stimuli/Food.png'
89.8269 	EXP 	task_probe2: image = 'stimuli/Clothing.png'
89.8269 	EXP 	task_probe3: image = 'stimuli/Vehicle.png'
89.8269 	EXP 	task_probe4: image = 'stimuli/Gamestoy & entertainment.png'
89.8269 	EXP 	FixationCross: autoDraw = True
90.0679 	EXP 	character: autoDraw = True
90.0846 	EXP 	FixationCross: autoDraw = False
90.5522 	EXP 	interval: autoDraw = True
90.7194 	DATA 	Keypress: escape
90.7313 	EXP 	window1: mouseVisible = True
