1.0282 	WARNING 	We strongly recommend you activate the PTB sound engine in PsychoPy prefs as the preferred audio engine. Its timing is vastly superior. Your prefs are currently set to use ['sounddevice', 'PTB', 'pyo', 'pygame'] (in that order).
1.6596 	WARNING 	Import Error: No module named 'psychtoolbox'. Using event module for keyboard component.
5.8368 	EXP 	Created window1 = Window(allowGUI=False, allowStencil=False, args=UNKNOWN, autoLog=True, bitsMode=UNKNOWN, blendMode='avg', bpc=(8, 8, 8), color=array([0., 0., 0.]), colorSpace='rgb', depthBits=8, fullscr=<method-wrapper '__getattribute__' of attributeSetter object at 0x7f48854ca940>, gamma=None, gammaErrorPolicy='raise', kwargs=UNKNOWN, lms=UNKNOWN, monitor=<psychopy.monitors.calibTools.Monitor object at 0x7f48840483a0>, multiSample=False, name='window1', numSamples=2, pos=[0.0, 0.0], screen=0, size=array([1680, 1050]), stencilBits=0, stereo=False, units='height', useFBO=True, useRetina=False, viewOri=0.0, viewPos=None, viewScale=None, waitBlanking=True, winType='pyglet')
5.8369 	EXP 	window1: recordFrameIntervals = False
5.8600 	DATA 	Keypress: space
6.0032 	EXP 	window1: recordFrameIntervals = True
6.1269 	DATA 	Keypress: space
6.1872 	EXP 	window1: recordFrameIntervals = False
6.2653 	EXP 	Created Instruction = TextStim(__class__=<class 'psychopy.visual.text.TextStim'>, alignHoriz=method-wrapper(...), alignText='center', alignVert=method-wrapper(...), anchorHoriz='center', anchorVert='center', antialias=True, autoLog=True, bold=False, color='black', colorSpace='named', contrast=1.0, depth=0.0, flipHoriz=False, flipVert=False, font='Arial', fontFiles=[], height=0.05, italic=False, languageStyle='LTR', name='Instruction', opacity=1.0, ori=0, pos=array([0., 0.]), rgb=array([0., 0., 0.]), text=str(...), units='height', win=Window(...), wrapWidth=1.5)
6.2678 	EXP 	Created Inst_slides = ImageStim(__class__=<class 'psychopy.visual.image.ImageStim'>, autoLog=True, color=array([1., 1., 1.]), colorSpace='rgb', contrast=1.0, depth=0.0, flipHoriz=False, flipVert=False, image='sin', interpolate=True, mask=None, maskParams=None, name='Inst_slides', opacity=1.0, ori=0.0, pos=array([0., 0.]), size=array([1.6, 1. ]), texRes=128, units='height', win=Window(...))
6.2723 	EXP 	Created taskprep0 = TextStim(__class__=<class 'psychopy.visual.text.TextStim'>, alignHoriz=method-wrapper(...), alignText='center', alignVert=method-wrapper(...), anchorHoriz='center', anchorVert='center', antialias=True, autoLog=True, bold=False, color='black', colorSpace='named', contrast=1.0, depth=0.0, flipHoriz=False, flipVert=False, font='Arial', fontFiles=[], height=0.05, italic=False, languageStyle='LTR', name='taskprep0', opacity=1.0, ori=0, pos=array([0., 0.]), rgb=array([0., 0., 0.]), text=str(...), units='height', win=Window(...), wrapWidth=1)
6.2900 	EXP 	Created taskGo = TextStim(__class__=<class 'psychopy.visual.text.TextStim'>, alignHoriz=method-wrapper(...), alignText='center', alignVert=method-wrapper(...), anchorHoriz='center', anchorVert='center', antialias=True, autoLog=True, bold=False, color='Black', colorSpace='named', contrast=1.0, depth=0.0, flipHoriz=False, flipVert=False, font='Arial', fontFiles=[], height=0.05, italic=False, languageStyle='LTR', name='taskGo', opacity=1.0, ori=0, pos=array([0., 0.]), rgb=array([0., 0., 0.]), text=str(...), units='height', win=Window(...), wrapWidth=1.5)
6.2969 	EXP 	Created FixationCross = TextStim(__class__=<class 'psychopy.visual.text.TextStim'>, alignHoriz=method-wrapper(...), alignText='center', alignVert=method-wrapper(...), anchorHoriz='center', anchorVert='center', antialias=True, autoLog=True, bold=False, color='white', colorSpace='named', contrast=1.0, depth=0.0, flipHoriz=False, flipVert=False, font='Arial', fontFiles=[], height=0.1, italic=False, languageStyle='LTR', name='FixationCross', opacity=1.0, ori=0, pos=array([0., 0.]), rgb=array([255., 255., 255.]), text='+', units='height', win=Window(...), wrapWidth=1)
6.2988 	EXP 	Created character1 = ImageStim(__class__=<class 'psychopy.visual.image.ImageStim'>, autoLog=True, color=array([1., 1., 1.]), colorSpace='rgb', contrast=1.0, depth=-1.0, flipHoriz=False, flipVert=False, image='sin', interpolate=True, mask=None, maskParams=None, name='character1', opacity=1.0, ori=0.0, pos=array([0., 0.]), size=array([0.5, 0.5]), texRes=128, units='height', win=Window(...))
6.2998 	EXP 	Created interval = ImageStim(__class__=<class 'psychopy.visual.image.ImageStim'>, autoLog=True, color=array([1., 1., 1.]), colorSpace='rgb', contrast=1.0, depth=-2.0, flipHoriz=False, flipVert=False, image=None, interpolate=True, mask=None, maskParams=None, name='interval', opacity=1.0, ori=0.0, pos=array([0., 0.]), size=array([0.5, 0.5]), texRes=128, units='height', win=Window(...))
6.3015 	EXP 	Created task_probe1 = ImageStim(__class__=<class 'psychopy.visual.image.ImageStim'>, autoLog=True, color=array([1., 1., 1.]), colorSpace='rgb', contrast=1.0, depth=-3.0, flipHoriz=False, flipVert=False, image='sin', interpolate=True, mask=None, maskParams=None, name='task_probe1', opacity=1.0, ori=0.0, pos=array([-0.6,  0. ]), size=array([0.3, 0.3]), texRes=128, units='height', win=Window(...))
6.3032 	EXP 	Created task_probe2 = ImageStim(__class__=<class 'psychopy.visual.image.ImageStim'>, autoLog=True, color=array([1., 1., 1.]), colorSpace='rgb', contrast=1.0, depth=-4.0, flipHoriz=False, flipVert=False, image='sin', interpolate=True, mask=None, maskParams=None, name='task_probe2', opacity=1.0, ori=0.0, pos=array([-0.2,  0. ]), size=array([0.3, 0.3]), texRes=128, units='height', win=Window(...))
6.3049 	EXP 	Created task_probe3 = ImageStim(__class__=<class 'psychopy.visual.image.ImageStim'>, autoLog=True, color=array([1., 1., 1.]), colorSpace='rgb', contrast=1.0, depth=-5.0, flipHoriz=False, flipVert=False, image='sin', interpolate=True, mask=None, maskParams=None, name='task_probe3', opacity=1.0, ori=0.0, pos=array([0.2, 0. ]), size=array([0.3, 0.3]), texRes=128, units='height', win=Window(...))
6.3065 	EXP 	Created task_probe4 = ImageStim(__class__=<class 'psychopy.visual.image.ImageStim'>, autoLog=True, color=array([1., 1., 1.]), colorSpace='rgb', contrast=1.0, depth=-6.0, flipHoriz=False, flipVert=False, image='sin', interpolate=True, mask=None, maskParams=None, name='task_probe4', opacity=1.0, ori=0.0, pos=array([0.6, 0. ]), size=array([0.3, 0.3]), texRes=128, units='height', win=Window(...))
6.3081 	EXP 	Created number_1 = TextStim(__class__=<class 'psychopy.visual.text.TextStim'>, alignHoriz=method-wrapper(...), alignText='center', alignVert=method-wrapper(...), anchorHoriz='center', anchorVert='center', antialias=True, autoLog=True, bold=False, color='black', colorSpace='named', contrast=1.0, depth=-8.0, flipHoriz=False, flipVert=False, font='Arial', fontFiles=[], height=0.1, italic=False, languageStyle='LTR', name='number_1', opacity=1.0, ori=0, pos=array([-0.6,  0.3]), rgb=array([0., 0., 0.]), text='1', units='height', win=Window(...), wrapWidth=1)
6.3103 	EXP 	Created number_2 = TextStim(__class__=<class 'psychopy.visual.text.TextStim'>, alignHoriz=method-wrapper(...), alignText='center', alignVert=method-wrapper(...), anchorHoriz='center', anchorVert='center', antialias=True, autoLog=True, bold=False, color='black', colorSpace='named', contrast=1.0, depth=-9.0, flipHoriz=False, flipVert=False, font='Arial', fontFiles=[], height=0.1, italic=False, languageStyle='LTR', name='number_2', opacity=1.0, ori=0, pos=array([-0.2,  0.3]), rgb=array([0., 0., 0.]), text='2', units='height', win=Window(...), wrapWidth=1)
6.3120 	EXP 	Created number_3 = TextStim(__class__=<class 'psychopy.visual.text.TextStim'>, alignHoriz=method-wrapper(...), alignText='center', alignVert=method-wrapper(...), anchorHoriz='center', anchorVert='center', antialias=True, autoLog=True, bold=False, color='black', colorSpace='named', contrast=1.0, depth=-10.0, flipHoriz=False, flipVert=False, font='Arial', fontFiles=[], height=0.1, italic=False, languageStyle='LTR', name='number_3', opacity=1.0, ori=0, pos=array([0.2, 0.3]), rgb=array([0., 0., 0.]), text='3', units='height', win=Window(...), wrapWidth=1)
6.3134 	EXP 	Created number_4 = TextStim(__class__=<class 'psychopy.visual.text.TextStim'>, alignHoriz=method-wrapper(...), alignText='center', alignVert=method-wrapper(...), anchorHoriz='center', anchorVert='center', antialias=True, autoLog=True, bold=False, color='black', colorSpace='named', contrast=1.0, depth=-11.0, flipHoriz=False, flipVert=False, font='Arial', fontFiles=[], height=0.1, italic=False, languageStyle='LTR', name='number_4', opacity=1.0, ori=0, pos=array([0.6, 0.3]), rgb=array([0., 0., 0.]), text='4', units='height', win=Window(...), wrapWidth=1)
6.3153 	EXP 	Created cuedChar = ImageStim(__class__=<class 'psychopy.visual.image.ImageStim'>, autoLog=True, color=array([1., 1., 1.]), colorSpace='rgb', contrast=1.0, depth=-1.0, flipHoriz=False, flipVert=False, image='sin', interpolate=True, mask=None, maskParams=None, name='cuedChar', opacity=1.0, ori=0.0, pos=array([0., 0.]), size=array([0.3, 0.3]), texRes=128, units='height', win=Window(...))
6.3170 	EXP 	Created feedb_probe1_1 = ImageStim(__class__=<class 'psychopy.visual.image.ImageStim'>, autoLog=True, color=array([1., 1., 1.]), colorSpace='rgb', contrast=1.0, depth=-2.0, flipHoriz=False, flipVert=False, image='sin', interpolate=True, mask=None, maskParams=None, name='feedb_probe1_1', opacity=1.0, ori=0.0, pos=array([-0.6,  0. ]), size=array([0.3, 0.3]), texRes=128, units='height', win=Window(...))
6.3186 	EXP 	Created feedb_probe2_1 = ImageStim(__class__=<class 'psychopy.visual.image.ImageStim'>, autoLog=True, color=array([1., 1., 1.]), colorSpace='rgb', contrast=1.0, depth=-3.0, flipHoriz=False, flipVert=False, image='sin', interpolate=True, mask=None, maskParams=None, name='feedb_probe2_1', opacity=1.0, ori=0.0, pos=array([-0.2,  0. ]), size=array([0.3, 0.3]), texRes=128, units='height', win=Window(...))
6.3202 	EXP 	Created feedb_probe3_1 = ImageStim(__class__=<class 'psychopy.visual.image.ImageStim'>, autoLog=True, color=array([1., 1., 1.]), colorSpace='rgb', contrast=1.0, depth=-4.0, flipHoriz=False, flipVert=False, image='sin', interpolate=True, mask=None, maskParams=None, name='feedb_probe3_1', opacity=1.0, ori=0.0, pos=array([0.2, 0. ]), size=array([0.3, 0.3]), texRes=128, units='height', win=Window(...))
6.3218 	EXP 	Created feedb_probe4_1 = ImageStim(__class__=<class 'psychopy.visual.image.ImageStim'>, autoLog=True, color=array([1., 1., 1.]), colorSpace='rgb', contrast=1.0, depth=-5.0, flipHoriz=False, flipVert=False, image='sin', interpolate=True, mask=None, maskParams=None, name='feedb_probe4_1', opacity=1.0, ori=0.0, pos=array([0.6, 0. ]), size=array([0.3, 0.3]), texRes=128, units='height', win=Window(...))
6.3351 	EXP 	Created task_feedb = TextStim(__class__=<class 'psychopy.visual.text.TextStim'>, alignHoriz=method-wrapper(...), alignText='center', alignVert=method-wrapper(...), anchorHoriz='center', anchorVert='center', antialias=True, autoLog=True, bold=False, color='white', colorSpace='named', contrast=1.0, depth=0.0, flipHoriz=False, flipVert=False, font='Arial', fontFiles=[], height=0.2, italic=False, languageStyle='LTR', name='task_feedb', opacity=1.0, ori=0, pos=array([0. , 0.3]), rgb=array([255., 255., 255.]), text='default text', units='height', win=Window(...), wrapWidth=1)
6.3369 	EXP 	Created feedbImage = ImageStim(__class__=<class 'psychopy.visual.image.ImageStim'>, autoLog=True, color=array([1., 1., 1.]), colorSpace='rgb', contrast=1.0, depth=-1.0, flipHoriz=False, flipVert=False, image='sin', interpolate=True, mask=None, maskParams=None, name='feedbImage', opacity=1.0, ori=0.0, pos=array([ 0. , -0.1]), size=array([0.5, 0.5]), texRes=128, units='height', win=Window(...))
6.3378 	EXP 	Created iti = ImageStim(__class__=<class 'psychopy.visual.image.ImageStim'>, autoLog=True, color=array([1., 1., 1.]), colorSpace='rgb', contrast=1.0, depth=-2.0, flipHoriz=False, flipVert=False, image=None, interpolate=True, mask=None, maskParams=None, name='iti', opacity=1.0, ori=0.0, pos=array([0.1, 0. ]), size=array([0.5, 0.5]), texRes=128, units='height', win=Window(...))
6.3434 	EXP 	Created pract_message = TextStim(__class__=<class 'psychopy.visual.text.TextStim'>, alignHoriz=method-wrapper(...), alignText='center', alignVert=method-wrapper(...), anchorHoriz='center', anchorVert='center', antialias=True, autoLog=True, bold=False, color='black', colorSpace='named', contrast=1.0, depth=0.0, flipHoriz=False, flipVert=False, font='Arial', fontFiles=[], height=0.05, italic=False, languageStyle='LTR', name='pract_message', opacity=1.0, ori=0, pos=array([0., 0.]), rgb=array([0., 0., 0.]), text='default text', units='height', win=Window(...), wrapWidth=1.5)
6.3617 	EXP 	Created final_mess = TextStim(__class__=<class 'psychopy.visual.text.TextStim'>, alignHoriz=method-wrapper(...), alignText='center', alignVert=method-wrapper(...), anchorHoriz='center', anchorVert='center', antialias=True, autoLog=True, bold=False, color='black', colorSpace='named', contrast=1.0, depth=0.0, flipHoriz=False, flipVert=False, font='Arial', fontFiles=[], height=0.08, italic=False, languageStyle='LTR', name='final_mess', opacity=1.0, ori=0, pos=array([0., 0.]), rgb=array([0., 0., 0.]), text=str(...), units='height', win=Window(...), wrapWidth=1)
6.3858 	EXP 	Created Instruction_2 = TextStim(__class__=<class 'psychopy.visual.text.TextStim'>, alignHoriz=method-wrapper(...), alignText='center', alignVert=method-wrapper(...), anchorHoriz='center', anchorVert='center', antialias=True, autoLog=True, bold=False, color='black', colorSpace='named', contrast=1.0, depth=0.0, flipHoriz=False, flipVert=False, font='Arial', fontFiles=[], height=0.05, italic=False, languageStyle='LTR', name='Instruction_2', opacity=1.0, ori=0, pos=array([0., 0.]), rgb=array([0., 0., 0.]), text=str(...), units='height', win=Window(...), wrapWidth=1.5)
6.3893 	EXP 	Created instruction_top = TextStim(__class__=<class 'psychopy.visual.text.TextStim'>, alignHoriz=method-wrapper(...), alignText='center', alignVert=method-wrapper(...), anchorHoriz='center', anchorVert='center', antialias=True, autoLog=True, bold=False, color='black', colorSpace='named', contrast=1.0, depth=0.0, flipHoriz=False, flipVert=False, font='Arial', fontFiles=[], height=0.05, italic=False, languageStyle='LTR', name='instruction_top', opacity=1.0, ori=0, pos=array([0. , 0.3]), rgb=array([0., 0., 0.]), text='For this character ', units='height', win=Window(...), wrapWidth=1)
6.3914 	EXP 	Created Instruction_middle = TextStim(__class__=<class 'psychopy.visual.text.TextStim'>, alignHoriz=method-wrapper(...), alignText='center', alignVert=method-wrapper(...), anchorHoriz='center', anchorVert='center', antialias=True, autoLog=True, bold=False, color='black', colorSpace='named', contrast=1.0, depth=-1.0, flipHoriz=False, flipVert=False, font='Arial', fontFiles=[], height=0.05, italic=False, languageStyle='LTR', name='Instruction_middle', opacity=1.0, ori=0, pos=array([ 0. , -0.1]), rgb=array([0., 0., 0.]), text='default text', units='height', win=Window(...), wrapWidth=1)
6.3931 	EXP 	Created instruction_bottom = TextStim(__class__=<class 'psychopy.visual.text.TextStim'>, alignHoriz=method-wrapper(...), alignText='center', alignVert=method-wrapper(...), anchorHoriz='center', anchorVert='center', antialias=True, autoLog=True, bold=False, color='black', colorSpace='named', contrast=1.0, depth=-2.0, flipHoriz=False, flipVert=False, font='Arial', fontFiles=[], height=0.05, italic=False, languageStyle='LTR', name='instruction_bottom', opacity=1.0, ori=0, pos=array([ 0. , -0.2]), rgb=array([0., 0., 0.]), text='default text', units='height', win=Window(...), wrapWidth=1)
6.3953 	EXP 	Created press_space = TextStim(__class__=<class 'psychopy.visual.text.TextStim'>, alignHoriz=method-wrapper(...), alignText='center', alignVert=method-wrapper(...), anchorHoriz='center', anchorVert='center', antialias=True, autoLog=True, bold=False, color='black', colorSpace='named', contrast=1.0, depth=-3.0, flipHoriz=False, flipVert=False, font='Arial', fontFiles=[], height=0.05, italic=False, languageStyle='LTR', name='press_space', opacity=1.0, ori=0, pos=array([ 0. , -0.4]), rgb=array([0., 0., 0.]), text='Press SPACE to continue', units='height', win=Window(...), wrapWidth=1)
6.3971 	EXP 	Created image = ImageStim(__class__=<class 'psychopy.visual.image.ImageStim'>, autoLog=True, color=array([1., 1., 1.]), colorSpace='rgb', contrast=1.0, depth=-4.0, flipHoriz=False, flipVert=False, image='sin', interpolate=True, mask=None, maskParams=None, name='image', opacity=1.0, ori=0.0, pos=array([0. , 0.1]), size=array([0.25, 0.25]), texRes=128, units='height', win=Window(...))
6.4015 	EXP 	Created instr_learned = TextStim(__class__=<class 'psychopy.visual.text.TextStim'>, alignHoriz=method-wrapper(...), alignText='center', alignVert=method-wrapper(...), anchorHoriz='center', anchorVert='center', antialias=True, autoLog=True, bold=False, color='black', colorSpace='named', contrast=1.0, depth=0.0, flipHoriz=False, flipVert=False, font='Arial', fontFiles=[], height=0.05, italic=False, languageStyle='LTR', name='instr_learned', opacity=1.0, ori=0, pos=array([0., 0.]), rgb=array([0., 0., 0.]), text=str(...), units='height', win=Window(...), wrapWidth=1)
6.4137 	EXP 	Created taskGo_2 = TextStim(__class__=<class 'psychopy.visual.text.TextStim'>, alignHoriz=method-wrapper(...), alignText='center', alignVert=method-wrapper(...), anchorHoriz='center', anchorVert='center', antialias=True, autoLog=True, bold=False, color='Black', colorSpace='named', contrast=1.0, depth=0.0, flipHoriz=False, flipVert=False, font='Arial', fontFiles=[], height=0.05, italic=False, languageStyle='LTR', name='taskGo_2', opacity=1.0, ori=0, pos=array([0., 0.]), rgb=array([0., 0., 0.]), text=str(...), units='height', win=Window(...), wrapWidth=1.5)
6.4163 	EXP 	Created FixationCross_3 = TextStim(__class__=<class 'psychopy.visual.text.TextStim'>, alignHoriz=method-wrapper(...), alignText='center', alignVert=method-wrapper(...), anchorHoriz='center', anchorVert='center', antialias=True, autoLog=True, bold=False, color='white', colorSpace='named', contrast=1.0, depth=0.0, flipHoriz=False, flipVert=False, font='Arial', fontFiles=[], height=0.1, italic=False, languageStyle='LTR', name='FixationCross_3', opacity=1.0, ori=0, pos=array([0., 0.]), rgb=array([255., 255., 255.]), text='+', units='height', win=Window(...), wrapWidth=1)
6.4181 	EXP 	Created character_2 = ImageStim(__class__=<class 'psychopy.visual.image.ImageStim'>, autoLog=True, color=array([1., 1., 1.]), colorSpace='rgb', contrast=1.0, depth=-1.0, flipHoriz=False, flipVert=False, image='sin', interpolate=True, mask=None, maskParams=None, name='character_2', opacity=1.0, ori=0.0, pos=array([0., 0.]), size=array([0.5, 0.5]), texRes=128, units='height', win=Window(...))
6.4190 	EXP 	Created interval_2 = ImageStim(__class__=<class 'psychopy.visual.image.ImageStim'>, autoLog=True, color=array([1., 1., 1.]), colorSpace='rgb', contrast=1.0, depth=-2.0, flipHoriz=False, flipVert=False, image=None, interpolate=True, mask=None, maskParams=None, name='interval_2', opacity=1.0, ori=0.0, pos=array([0., 0.]), size=array([0.5, 0.5]), texRes=128, units='height', win=Window(...))
6.4206 	EXP 	Created task_probe1_3 = ImageStim(__class__=<class 'psychopy.visual.image.ImageStim'>, autoLog=True, color=array([1., 1., 1.]), colorSpace='rgb', contrast=1.0, depth=-3.0, flipHoriz=False, flipVert=False, image='sin', interpolate=True, mask=None, maskParams=None, name='task_probe1_3', opacity=1.0, ori=0.0, pos=array([-0.6,  0. ]), size=array([0.3, 0.3]), texRes=128, units='height', win=Window(...))
6.4222 	EXP 	Created task_probe2_3 = ImageStim(__class__=<class 'psychopy.visual.image.ImageStim'>, autoLog=True, color=array([1., 1., 1.]), colorSpace='rgb', contrast=1.0, depth=-4.0, flipHoriz=False, flipVert=False, image='sin', interpolate=True, mask=None, maskParams=None, name='task_probe2_3', opacity=1.0, ori=0.0, pos=array([-0.2,  0. ]), size=array([0.3, 0.3]), texRes=128, units='height', win=Window(...))
6.4238 	EXP 	Created task_probe3_3 = ImageStim(__class__=<class 'psychopy.visual.image.ImageStim'>, autoLog=True, color=array([1., 1., 1.]), colorSpace='rgb', contrast=1.0, depth=-5.0, flipHoriz=False, flipVert=False, image='sin', interpolate=True, mask=None, maskParams=None, name='task_probe3_3', opacity=1.0, ori=0.0, pos=array([0.2, 0. ]), size=array([0.3, 0.3]), texRes=128, units='height', win=Window(...))
6.4256 	EXP 	Created task_probe4_3 = ImageStim(__class__=<class 'psychopy.visual.image.ImageStim'>, autoLog=True, color=array([1., 1., 1.]), colorSpace='rgb', contrast=1.0, depth=-6.0, flipHoriz=False, flipVert=False, image='sin', interpolate=True, mask=None, maskParams=None, name='task_probe4_3', opacity=1.0, ori=0.0, pos=array([0.6, 0. ]), size=array([0.3, 0.3]), texRes=128, units='height', win=Window(...))
6.4272 	EXP 	Created number_8 = TextStim(__class__=<class 'psychopy.visual.text.TextStim'>, alignHoriz=method-wrapper(...), alignText='center', alignVert=method-wrapper(...), anchorHoriz='center', anchorVert='center', antialias=True, autoLog=True, bold=False, color='black', colorSpace='named', contrast=1.0, depth=-8.0, flipHoriz=False, flipVert=False, font='Arial', fontFiles=[], height=0.1, italic=False, languageStyle='LTR', name='number_8', opacity=1.0, ori=0, pos=array([-0.6,  0.3]), rgb=array([0., 0., 0.]), text='1', units='height', win=Window(...), wrapWidth=1)
6.4293 	EXP 	Created number_9 = TextStim(__class__=<class 'psychopy.visual.text.TextStim'>, alignHoriz=method-wrapper(...), alignText='center', alignVert=method-wrapper(...), anchorHoriz='center', anchorVert='center', antialias=True, autoLog=True, bold=False, color='black', colorSpace='named', contrast=1.0, depth=-9.0, flipHoriz=False, flipVert=False, font='Arial', fontFiles=[], height=0.1, italic=False, languageStyle='LTR', name='number_9', opacity=1.0, ori=0, pos=array([-0.2,  0.3]), rgb=array([0., 0., 0.]), text='2', units='height', win=Window(...), wrapWidth=1)
6.4310 	EXP 	Created number_10 = TextStim(__class__=<class 'psychopy.visual.text.TextStim'>, alignHoriz=method-wrapper(...), alignText='center', alignVert=method-wrapper(...), anchorHoriz='center', anchorVert='center', antialias=True, autoLog=True, bold=False, color='black', colorSpace='named', contrast=1.0, depth=-10.0, flipHoriz=False, flipVert=False, font='Arial', fontFiles=[], height=0.1, italic=False, languageStyle='LTR', name='number_10', opacity=1.0, ori=0, pos=array([0.2, 0.3]), rgb=array([0., 0., 0.]), text='3', units='height', win=Window(...), wrapWidth=1)
6.4324 	EXP 	Created number_11 = TextStim(__class__=<class 'psychopy.visual.text.TextStim'>, alignHoriz=method-wrapper(...), alignText='center', alignVert=method-wrapper(...), anchorHoriz='center', anchorVert='center', antialias=True, autoLog=True, bold=False, color='black', colorSpace='named', contrast=1.0, depth=-11.0, flipHoriz=False, flipVert=False, font='Arial', fontFiles=[], height=0.1, italic=False, languageStyle='LTR', name='number_11', opacity=1.0, ori=0, pos=array([0.6, 0.3]), rgb=array([0., 0., 0.]), text='4', units='height', win=Window(...), wrapWidth=1)
6.4341 	EXP 	Created cuedChar_2 = ImageStim(__class__=<class 'psychopy.visual.image.ImageStim'>, autoLog=True, color=array([1., 1., 1.]), colorSpace='rgb', contrast=1.0, depth=-1.0, flipHoriz=False, flipVert=False, image='sin', interpolate=True, mask=None, maskParams=None, name='cuedChar_2', opacity=1.0, ori=0.0, pos=array([0., 0.]), size=array([0.3, 0.3]), texRes=128, units='height', win=Window(...))
6.4358 	EXP 	Created feedb_probe1_2 = ImageStim(__class__=<class 'psychopy.visual.image.ImageStim'>, autoLog=True, color=array([1., 1., 1.]), colorSpace='rgb', contrast=1.0, depth=-2.0, flipHoriz=False, flipVert=False, image='sin', interpolate=True, mask=None, maskParams=None, name='feedb_probe1_2', opacity=1.0, ori=0.0, pos=array([-0.6,  0. ]), size=array([0.3, 0.3]), texRes=128, units='height', win=Window(...))
6.4374 	EXP 	Created feedb_probe2_2 = ImageStim(__class__=<class 'psychopy.visual.image.ImageStim'>, autoLog=True, color=array([1., 1., 1.]), colorSpace='rgb', contrast=1.0, depth=-3.0, flipHoriz=False, flipVert=False, image='sin', interpolate=True, mask=None, maskParams=None, name='feedb_probe2_2', opacity=1.0, ori=0.0, pos=array([-0.2,  0. ]), size=array([0.3, 0.3]), texRes=128, units='height', win=Window(...))
6.4391 	EXP 	Created feedb_probe3_2 = ImageStim(__class__=<class 'psychopy.visual.image.ImageStim'>, autoLog=True, color=array([1., 1., 1.]), colorSpace='rgb', contrast=1.0, depth=-4.0, flipHoriz=False, flipVert=False, image='sin', interpolate=True, mask=None, maskParams=None, name='feedb_probe3_2', opacity=1.0, ori=0.0, pos=array([0.2, 0. ]), size=array([0.3, 0.3]), texRes=128, units='height', win=Window(...))
6.4407 	EXP 	Created feedb_probe4_2 = ImageStim(__class__=<class 'psychopy.visual.image.ImageStim'>, autoLog=True, color=array([1., 1., 1.]), colorSpace='rgb', contrast=1.0, depth=-5.0, flipHoriz=False, flipVert=False, image='sin', interpolate=True, mask=None, maskParams=None, name='feedb_probe4_2', opacity=1.0, ori=0.0, pos=array([0.6, 0. ]), size=array([0.3, 0.3]), texRes=128, units='height', win=Window(...))
6.4471 	EXP 	Created task_feedb_2 = TextStim(__class__=<class 'psychopy.visual.text.TextStim'>, alignHoriz=method-wrapper(...), alignText='center', alignVert=method-wrapper(...), anchorHoriz='center', anchorVert='center', antialias=True, autoLog=True, bold=False, color='white', colorSpace='named', contrast=1.0, depth=0.0, flipHoriz=False, flipVert=False, font='Arial', fontFiles=[], height=0.2, italic=False, languageStyle='LTR', name='task_feedb_2', opacity=1.0, ori=0, pos=array([0. , 0.3]), rgb=array([255., 255., 255.]), text='default text', units='height', win=Window(...), wrapWidth=1)
6.4488 	EXP 	Created feedbImage_2 = ImageStim(__class__=<class 'psychopy.visual.image.ImageStim'>, autoLog=True, color=array([1., 1., 1.]), colorSpace='rgb', contrast=1.0, depth=-1.0, flipHoriz=False, flipVert=False, image='sin', interpolate=True, mask=None, maskParams=None, name='feedbImage_2', opacity=1.0, ori=0.0, pos=array([ 0. , -0.1]), size=array([0.5, 0.5]), texRes=128, units='height', win=Window(...))
6.4497 	EXP 	Created iti_2 = ImageStim(__class__=<class 'psychopy.visual.image.ImageStim'>, autoLog=True, color=array([1., 1., 1.]), colorSpace='rgb', contrast=1.0, depth=-2.0, flipHoriz=False, flipVert=False, image=None, interpolate=True, mask=None, maskParams=None, name='iti_2', opacity=1.0, ori=0.0, pos=array([0.1, 0. ]), size=array([0.5, 0.5]), texRes=128, units='height', win=Window(...))
6.4590 	EXP 	Created final_message_ = TextStim(__class__=<class 'psychopy.visual.text.TextStim'>, alignHoriz=method-wrapper(...), alignText='center', alignVert=method-wrapper(...), anchorHoriz='center', anchorVert='center', antialias=True, autoLog=True, bold=False, color='black', colorSpace='named', contrast=1.0, depth=0.0, flipHoriz=False, flipVert=False, font='Arial', fontFiles=[], height=0.05, italic=False, languageStyle='LTR', name='final_message_', opacity=1.0, ori=0, pos=array([0., 0.]), rgb=array([0., 0., 0.]), text=str(...), units='height', win=Window(...), wrapWidth=1)
6.4593 	DATA 	Keypress: space
6.4689 	EXP 	Instruction: autoDraw = True
6.5099 	DATA 	Keypress: space
6.5146 	EXP 	Imported instructions.csv as conditions, 6 conditions, 1 params
6.5150 	EXP 	Created sequence: sequential, trialTypes=6, nReps=1, seed=None
6.5152 	EXP 	New trial (rep=0, index=0): OrderedDict([('slides', 'stimuli/slide1.png')])
6.5590 	EXP 	Instruction: autoDraw = False
6.5590 	EXP 	Inst_slides: image = 'stimuli/slide1.png'
6.5590 	EXP 	Inst_slides: autoDraw = True
6.7017 	DATA 	Keypress: space
6.7026 	EXP 	New trial (rep=0, index=1): OrderedDict([('slides', 'stimuli/slide2.png')])
6.7419 	EXP 	Inst_slides: autoDraw = False
6.7419 	EXP 	Inst_slides: image = 'stimuli/slide2.png'
6.7419 	EXP 	Inst_slides: autoDraw = True
6.8866 	DATA 	Keypress: space
6.8872 	EXP 	New trial (rep=0, index=2): OrderedDict([('slides', 'stimuli/slide3.png')])
6.9271 	EXP 	Inst_slides: autoDraw = False
6.9271 	EXP 	Inst_slides: image = 'stimuli/slide3.png'
6.9271 	EXP 	Inst_slides: autoDraw = True
7.0524 	DATA 	Keypress: space
7.0531 	EXP 	New trial (rep=0, index=3): OrderedDict([('slides', 'stimuli/slide4.png')])
7.0932 	EXP 	Inst_slides: autoDraw = False
7.0932 	EXP 	Inst_slides: image = 'stimuli/slide4.png'
7.0932 	EXP 	Inst_slides: autoDraw = True
7.2534 	DATA 	Keypress: space
7.2541 	EXP 	New trial (rep=0, index=4): OrderedDict([('slides', 'stimuli/slide5.png')])
7.2960 	EXP 	Inst_slides: autoDraw = False
7.2960 	EXP 	Inst_slides: image = 'stimuli/slide5.png'
7.2960 	EXP 	Inst_slides: autoDraw = True
7.4230 	DATA 	Keypress: space
7.4236 	EXP 	New trial (rep=0, index=5): OrderedDict([('slides', 'stimuli/slide6.png')])
7.4631 	EXP 	Inst_slides: autoDraw = False
7.4631 	EXP 	Inst_slides: image = 'stimuli/slide6.png'
7.4631 	EXP 	Inst_slides: autoDraw = True
7.6037 	DATA 	Keypress: space
7.6138 	EXP 	Inst_slides: autoDraw = False
7.6138 	EXP 	taskprep0: autoDraw = True
7.7902 	DATA 	Keypress: space
7.8071 	EXP 	taskprep0: autoDraw = False
7.8071 	EXP 	taskGo: autoDraw = True
7.9911 	DATA 	Keypress: space
7.9937 	EXP 	Created sequence: random, trialTypes=1, nReps=99, seed=None
7.9946 	EXP 	New trial (rep=0, index=0): None
7.9990 	EXP 	Imported practlist.csv as conditions, 2 conditions, 10 params
7.9992 	EXP 	Created sequence: sequential, trialTypes=2, nReps=1, seed=None
7.9996 	EXP 	New trial (rep=0, index=0): OrderedDict([('character', 'stimuli/m_red.jpg'), ('left_categ', 'stimuli/Food.png'), ('centleft_categ', 'stimuli/Gamestoy & entertainment.png'), ('centright_categ', 'stimuli/Vehicle.png'), ('right_categ', 'stimuli/Clothing.png'), ('trial_cond', 1), ('corr_ans', 'Food'), ('corr_ans_num', 1), ('type', 1), ('img', 'stimuli/objects/chocolatecroissant.jpg')])
8.0378 	EXP 	taskGo: autoDraw = False
8.0378 	EXP 	character1: image = 'stimuli/m_red.jpg'
8.0378 	EXP 	task_probe1: image = 'stimuli/Food.png'
8.0378 	EXP 	task_probe2: image = 'stimuli/Gamestoy & entertainment.png'
8.0378 	EXP 	task_probe3: image = 'stimuli/Vehicle.png'
8.0378 	EXP 	task_probe4: image = 'stimuli/Clothing.png'
8.0378 	EXP 	FixationCross: autoDraw = True
8.1811 	DATA 	Keypress: space
8.2758 	EXP 	character1: autoDraw = True
8.2925 	EXP 	FixationCross: autoDraw = False
8.3760 	DATA 	Keypress: space
8.7752 	EXP 	character1: autoDraw = False
8.7752 	EXP 	interval: autoDraw = True
9.2787 	EXP 	task_probe1: autoDraw = True
9.2787 	EXP 	task_probe2: autoDraw = True
9.2787 	EXP 	task_probe3: autoDraw = True
9.2787 	EXP 	task_probe4: autoDraw = True
9.2787 	EXP 	number_1: autoDraw = True
9.2787 	EXP 	number_2: autoDraw = True
9.2787 	EXP 	number_3: autoDraw = True
9.2787 	EXP 	number_4: autoDraw = True
9.7337 	DATA 	Keypress: 1
9.7887 	EXP 	FixationCross: autoDraw = False
9.7887 	EXP 	character1: autoDraw = False
9.7887 	EXP 	interval: autoDraw = False
9.7887 	EXP 	task_probe1: autoDraw = False
9.7887 	EXP 	task_probe2: autoDraw = False
9.7887 	EXP 	task_probe3: autoDraw = False
9.7887 	EXP 	task_probe4: autoDraw = False
9.7887 	EXP 	number_1: autoDraw = False
9.7887 	EXP 	number_2: autoDraw = False
9.7887 	EXP 	number_3: autoDraw = False
9.7887 	EXP 	number_4: autoDraw = False
9.7887 	EXP 	cuedChar: pos = array([-0.6, -0.3])
9.7887 	EXP 	cuedChar: image = 'stimuli/m_red.jpg'
9.7887 	EXP 	feedb_probe1_1: image = 'stimuli/Food.png'
9.7887 	EXP 	feedb_probe2_1: image = 'stimuli/Gamestoy & entertainment.png'
9.7887 	EXP 	feedb_probe3_1: image = 'stimuli/Vehicle.png'
9.7887 	EXP 	feedb_probe4_1: image = 'stimuli/Clothing.png'
9.7887 	EXP 	cuedChar: autoDraw = True
9.7887 	EXP 	feedb_probe1_1: autoDraw = True
9.7887 	EXP 	feedb_probe2_1: autoDraw = True
9.7887 	EXP 	feedb_probe3_1: autoDraw = True
9.7887 	EXP 	feedb_probe4_1: autoDraw = True
10.8778 	EXP 	cuedChar: autoDraw = False
10.8778 	EXP 	feedb_probe1_1: autoDraw = False
10.8778 	EXP 	feedb_probe2_1: autoDraw = False
10.8778 	EXP 	feedb_probe3_1: autoDraw = False
10.8778 	EXP 	feedb_probe4_1: autoDraw = False
10.8778 	EXP 	task_feedb: text = 'correct'
10.8778 	EXP 	feedbImage: image = 'stimuli/objects/chocolatecroissant.jpg'
10.8778 	EXP 	task_feedb: autoDraw = True
10.8778 	EXP 	feedbImage: autoDraw = True
11.3499 	EXP 	iti: autoDraw = True
11.3802 	EXP 	task_feedb: autoDraw = False
11.3802 	EXP 	feedbImage: autoDraw = False
12.0992 	EXP 	New trial (rep=0, index=1): OrderedDict([('character', 'stimuli/m_red.jpg'), ('left_categ', 'stimuli/Clothing.png'), ('centleft_categ', 'stimuli/Food.png'), ('centright_categ', 'stimuli/Gamestoy & entertainment.png'), ('right_categ', 'stimuli/Vehicle.png'), ('trial_cond', 0), ('corr_ans', 'Vehicle'), ('corr_ans_num', 4), ('type', 0), ('img', 'stimuli/objects/tricycle.jpg')])
12.1412 	EXP 	iti: autoDraw = False
12.1412 	EXP 	task_feedb: autoDraw = False
12.1412 	EXP 	feedbImage: autoDraw = False
12.1412 	EXP 	iti: autoDraw = False
12.1412 	EXP 	character1: image = 'stimuli/m_red.jpg'
12.1412 	EXP 	task_probe1: image = 'stimuli/Clothing.png'
12.1412 	EXP 	task_probe2: image = 'stimuli/Food.png'
12.1412 	EXP 	task_probe3: image = 'stimuli/Gamestoy & entertainment.png'
12.1412 	EXP 	task_probe4: image = 'stimuli/Vehicle.png'
12.1412 	EXP 	FixationCross: autoDraw = True
12.3669 	EXP 	character1: autoDraw = True
12.4003 	EXP 	FixationCross: autoDraw = False
12.8666 	EXP 	character1: autoDraw = False
12.8666 	EXP 	interval: autoDraw = True
13.3679 	EXP 	task_probe1: autoDraw = True
13.3679 	EXP 	task_probe2: autoDraw = True
13.3679 	EXP 	task_probe3: autoDraw = True
13.3679 	EXP 	task_probe4: autoDraw = True
13.3679 	EXP 	number_1: autoDraw = True
13.3679 	EXP 	number_2: autoDraw = True
13.3679 	EXP 	number_3: autoDraw = True
13.3679 	EXP 	number_4: autoDraw = True
13.9752 	DATA 	Keypress: 3
14.0260 	EXP 	FixationCross: autoDraw = False
14.0260 	EXP 	character1: autoDraw = False
14.0260 	EXP 	interval: autoDraw = False
14.0260 	EXP 	task_probe1: autoDraw = False
14.0260 	EXP 	task_probe2: autoDraw = False
14.0260 	EXP 	task_probe3: autoDraw = False
14.0260 	EXP 	task_probe4: autoDraw = False
14.0260 	EXP 	number_1: autoDraw = False
14.0260 	EXP 	number_2: autoDraw = False
14.0260 	EXP 	number_3: autoDraw = False
14.0260 	EXP 	number_4: autoDraw = False
14.0260 	EXP 	cuedChar: pos = array([ 0.2, -0.3])
14.0260 	EXP 	cuedChar: image = 'stimuli/m_red.jpg'
14.0260 	EXP 	feedb_probe1_1: image = 'stimuli/Clothing.png'
14.0260 	EXP 	feedb_probe2_1: image = 'stimuli/Food.png'
14.0260 	EXP 	feedb_probe3_1: image = 'stimuli/Gamestoy & entertainment.png'
14.0260 	EXP 	feedb_probe4_1: image = 'stimuli/Vehicle.png'
14.0260 	EXP 	cuedChar: autoDraw = True
14.0260 	EXP 	feedb_probe1_1: autoDraw = True
14.0260 	EXP 	feedb_probe2_1: autoDraw = True
14.0260 	EXP 	feedb_probe3_1: autoDraw = True
14.0260 	EXP 	feedb_probe4_1: autoDraw = True
15.0975 	EXP 	cuedChar: autoDraw = False
15.0975 	EXP 	feedb_probe1_1: autoDraw = False
15.0975 	EXP 	feedb_probe2_1: autoDraw = False
15.0975 	EXP 	feedb_probe3_1: autoDraw = False
15.0975 	EXP 	feedb_probe4_1: autoDraw = False
15.0975 	EXP 	task_feedb: text = 'incorrect'
15.0975 	EXP 	feedbImage: image = 'stimuli/objects/tricycle.jpg'
15.0975 	EXP 	task_feedb: autoDraw = True
15.0975 	EXP 	feedbImage: autoDraw = True
15.5580 	EXP 	iti: autoDraw = True
15.6049 	EXP 	task_feedb: autoDraw = False
15.6049 	EXP 	feedbImage: autoDraw = False
16.3237 	EXP 	iti: autoDraw = False
16.3237 	EXP 	task_feedb: autoDraw = False
16.3237 	EXP 	feedbImage: autoDraw = False
16.3237 	EXP 	iti: autoDraw = False
16.3237 	EXP 	pract_message: text = "You got [] % correct.\n\n Please approach the experimenter \nPress 'y' to do the task again and 'n' to continue with the experiment"
16.3237 	EXP 	pract_message: autoDraw = True
17.4320 	DATA 	Keypress: n
17.4606 	EXP 	pract_message: autoDraw = False
17.4606 	EXP 	final_mess: autoDraw = True
18.3271 	DATA 	Keypress: space
18.3439 	EXP 	final_mess: autoDraw = False
18.3439 	EXP 	Instruction_2: autoDraw = True
18.8617 	DATA 	Keypress: space
18.8653 	EXP 	Imported known_categ_4.csv as conditions, 1 conditions, 2 params
18.8656 	EXP 	Created sequence: sequential, trialTypes=1, nReps=1, seed=None
18.8659 	EXP 	New trial (rep=0, index=0): OrderedDict([('character', 'stimuli/m_orange.jpg'), ('category', 'electronic devices')])
18.9045 	EXP 	Instruction_2: autoDraw = False
18.9045 	EXP 	Instruction_middle: text = 'The preferred category will be'
18.9045 	EXP 	instruction_bottom: text = 'electronic devices'
18.9045 	EXP 	image: image = 'stimuli/m_orange.jpg'
18.9045 	EXP 	instruction_top: autoDraw = True
18.9045 	EXP 	Instruction_middle: autoDraw = True
18.9045 	EXP 	instruction_bottom: autoDraw = True
18.9045 	EXP 	press_space: autoDraw = True
18.9045 	EXP 	image: autoDraw = True
19.4967 	DATA 	Keypress: space
19.5125 	EXP 	instruction_top: autoDraw = False
19.5125 	EXP 	Instruction_middle: autoDraw = False
19.5125 	EXP 	instruction_bottom: autoDraw = False
19.5125 	EXP 	press_space: autoDraw = False
19.5125 	EXP 	image: autoDraw = False
19.5125 	EXP 	instr_learned: autoDraw = True
20.2975 	DATA 	Keypress: space
20.3143 	EXP 	instr_learned: autoDraw = False
20.3143 	EXP 	taskGo_2: autoDraw = True
20.9218 	DATA 	Keypress: space
20.9460 	EXP 	Imported task_list_4.csv as conditions, 120 conditions, 10 params
20.9468 	EXP 	Created sequence: sequential, trialTypes=120, nReps=1, seed=None
20.9472 	EXP 	New trial (rep=0, index=0): OrderedDict([('character', 'stimuli/m_orange.jpg'), ('left_categ', 'stimuli/Kitchen & utensil.png'), ('centleft_categ', 'stimuli/Outdoor activity & sport item.png'), ('centright_categ', 'stimuli/Hand labour tool & accessory.png'), ('right_categ', 'stimuli/Electronic device & accessory.png'), ('type', 1), ('corr_ans', 'Electronic device & accessory'), ('condition', 1), ('corr_ans_num', 4), ('img', 'stimuli/objects/spotlight.jpg')])
20.9868 	EXP 	taskGo_2: autoDraw = False
20.9868 	EXP 	character_2: image = 'stimuli/m_orange.jpg'
20.9868 	EXP 	task_probe1_3: image = 'stimuli/Kitchen & utensil.png'
20.9868 	EXP 	task_probe2_3: image = 'stimuli/Outdoor activity & sport item.png'
20.9868 	EXP 	task_probe3_3: image = 'stimuli/Hand labour tool & accessory.png'
20.9868 	EXP 	task_probe4_3: image = 'stimuli/Electronic device & accessory.png'
20.9868 	EXP 	FixationCross_3: autoDraw = True
21.2172 	EXP 	character_2: autoDraw = True
21.2506 	EXP 	FixationCross_3: autoDraw = False
21.7015 	EXP 	interval_2: autoDraw = True
21.7165 	EXP 	character_2: autoDraw = False
22.2015 	EXP 	task_probe1_3: autoDraw = True
22.2015 	EXP 	task_probe2_3: autoDraw = True
22.2015 	EXP 	task_probe3_3: autoDraw = True
22.2015 	EXP 	task_probe4_3: autoDraw = True
22.2015 	EXP 	number_8: autoDraw = True
22.2015 	EXP 	number_9: autoDraw = True
22.2015 	EXP 	number_10: autoDraw = True
22.2015 	EXP 	number_11: autoDraw = True
22.7859 	DATA 	Keypress: 2
22.8291 	EXP 	FixationCross_3: autoDraw = False
22.8291 	EXP 	character_2: autoDraw = False
22.8291 	EXP 	interval_2: autoDraw = False
22.8291 	EXP 	task_probe1_3: autoDraw = False
22.8291 	EXP 	task_probe2_3: autoDraw = False
22.8291 	EXP 	task_probe3_3: autoDraw = False
22.8291 	EXP 	task_probe4_3: autoDraw = False
22.8291 	EXP 	number_8: autoDraw = False
22.8291 	EXP 	number_9: autoDraw = False
22.8291 	EXP 	number_10: autoDraw = False
22.8291 	EXP 	number_11: autoDraw = False
22.8291 	EXP 	cuedChar_2: pos = array([-0.2, -0.3])
22.8291 	EXP 	cuedChar_2: image = 'stimuli/m_orange.jpg'
22.8291 	EXP 	feedb_probe1_2: image = 'stimuli/Kitchen & utensil.png'
22.8291 	EXP 	feedb_probe2_2: image = 'stimuli/Outdoor activity & sport item.png'
22.8291 	EXP 	feedb_probe3_2: image = 'stimuli/Hand labour tool & accessory.png'
22.8291 	EXP 	feedb_probe4_2: image = 'stimuli/Electronic device & accessory.png'
22.8291 	EXP 	cuedChar_2: autoDraw = True
22.8291 	EXP 	feedb_probe1_2: autoDraw = True
22.8291 	EXP 	feedb_probe2_2: autoDraw = True
22.8291 	EXP 	feedb_probe3_2: autoDraw = True
22.8291 	EXP 	feedb_probe4_2: autoDraw = True
23.8976 	EXP 	cuedChar_2: autoDraw = False
23.8976 	EXP 	feedb_probe1_2: autoDraw = False
23.8976 	EXP 	feedb_probe2_2: autoDraw = False
23.8976 	EXP 	feedb_probe3_2: autoDraw = False
23.8976 	EXP 	feedb_probe4_2: autoDraw = False
23.8976 	EXP 	task_feedb_2: text = 'incorrect'
23.8976 	EXP 	feedbImage_2: image = 'stimuli/objects/spotlight.jpg'
23.8976 	EXP 	task_feedb_2: autoDraw = True
23.8976 	EXP 	feedbImage_2: autoDraw = True
24.3581 	EXP 	iti_2: autoDraw = True
24.4050 	EXP 	task_feedb_2: autoDraw = False
24.4050 	EXP 	feedbImage_2: autoDraw = False
25.1072 	EXP 	New trial (rep=0, index=1): OrderedDict([('character', 'stimuli/m_black.jpg'), ('left_categ', 'stimuli/Kitchen & utensil.png'), ('centleft_categ', 'stimuli/Outdoor activity & sport item.png'), ('centright_categ', 'stimuli/Electronic device & accessory.png'), ('right_categ', 'stimuli/Hand labour tool & accessory.png'), ('type', 1), ('corr_ans', 'Kitchen & utensil'), ('condition', 0), ('corr_ans_num', 1), ('img', 'stimuli/objects/peppermill02b.jpg')])
25.1491 	EXP 	iti_2: autoDraw = False
25.1491 	EXP 	task_feedb_2: autoDraw = False
25.1491 	EXP 	feedbImage_2: autoDraw = False
25.1491 	EXP 	iti_2: autoDraw = False
25.1491 	EXP 	character_2: image = 'stimuli/m_black.jpg'
25.1491 	EXP 	task_probe1_3: image = 'stimuli/Kitchen & utensil.png'
25.1491 	EXP 	task_probe2_3: image = 'stimuli/Outdoor activity & sport item.png'
25.1491 	EXP 	task_probe3_3: image = 'stimuli/Electronic device & accessory.png'
25.1491 	EXP 	task_probe4_3: image = 'stimuli/Hand labour tool & accessory.png'
25.1491 	EXP 	FixationCross_3: autoDraw = True
25.3752 	EXP 	character_2: autoDraw = True
25.4091 	EXP 	FixationCross_3: autoDraw = False
25.8744 	EXP 	character_2: autoDraw = False
25.8744 	EXP 	interval_2: autoDraw = True
26.3778 	EXP 	task_probe1_3: autoDraw = True
26.3778 	EXP 	task_probe2_3: autoDraw = True
26.3778 	EXP 	task_probe3_3: autoDraw = True
26.3778 	EXP 	task_probe4_3: autoDraw = True
26.3778 	EXP 	number_8: autoDraw = True
26.3778 	EXP 	number_9: autoDraw = True
26.3778 	EXP 	number_10: autoDraw = True
26.3778 	EXP 	number_11: autoDraw = True
27.1274 	EXP 	interval_2: autoDraw = False
27.2278 	DATA 	Keypress: 3
27.2679 	EXP 	FixationCross_3: autoDraw = False
27.2679 	EXP 	character_2: autoDraw = False
27.2679 	EXP 	interval_2: autoDraw = False
27.2679 	EXP 	task_probe1_3: autoDraw = False
27.2679 	EXP 	task_probe2_3: autoDraw = False
27.2679 	EXP 	task_probe3_3: autoDraw = False
27.2679 	EXP 	task_probe4_3: autoDraw = False
27.2679 	EXP 	number_8: autoDraw = False
27.2679 	EXP 	number_9: autoDraw = False
27.2679 	EXP 	number_10: autoDraw = False
27.2679 	EXP 	number_11: autoDraw = False
27.2679 	EXP 	cuedChar_2: pos = array([ 0.2, -0.3])
27.2679 	EXP 	cuedChar_2: image = 'stimuli/m_black.jpg'
27.2679 	EXP 	feedb_probe1_2: image = 'stimuli/Kitchen & utensil.png'
27.2679 	EXP 	feedb_probe2_2: image = 'stimuli/Outdoor activity & sport item.png'
27.2679 	EXP 	feedb_probe3_2: image = 'stimuli/Electronic device & accessory.png'
27.2679 	EXP 	feedb_probe4_2: image = 'stimuli/Hand labour tool & accessory.png'
27.2679 	EXP 	cuedChar_2: autoDraw = True
27.2679 	EXP 	feedb_probe1_2: autoDraw = True
27.2679 	EXP 	feedb_probe2_2: autoDraw = True
27.2679 	EXP 	feedb_probe3_2: autoDraw = True
27.2679 	EXP 	feedb_probe4_2: autoDraw = True
28.3354 	EXP 	cuedChar_2: autoDraw = False
28.3354 	EXP 	feedb_probe1_2: autoDraw = False
28.3354 	EXP 	feedb_probe2_2: autoDraw = False
28.3354 	EXP 	feedb_probe3_2: autoDraw = False
28.3354 	EXP 	feedb_probe4_2: autoDraw = False
28.3354 	EXP 	task_feedb_2: text = 'incorrect'
28.3354 	EXP 	feedbImage_2: image = 'stimuli/objects/peppermill02b.jpg'
28.3354 	EXP 	task_feedb_2: autoDraw = True
28.3354 	EXP 	feedbImage_2: autoDraw = True
28.7999 	EXP 	iti_2: autoDraw = True
28.8468 	EXP 	task_feedb_2: autoDraw = False
28.8468 	EXP 	feedbImage_2: autoDraw = False
29.5489 	EXP 	New trial (rep=0, index=2): OrderedDict([('character', 'stimuli/m_black.jpg'), ('left_categ', 'stimuli/Hand labour tool & accessory.png'), ('centleft_categ', 'stimuli/Electronic device & accessory.png'), ('centright_categ', 'stimuli/Outdoor activity & sport item.png'), ('right_categ', 'stimuli/Kitchen & utensil.png'), ('type', 1), ('corr_ans', 'Kitchen & utensil'), ('condition', 0), ('corr_ans_num', 4), ('img', 'stimuli/objects/canister.jpg')])
29.5917 	EXP 	iti_2: autoDraw = False
29.5917 	EXP 	task_feedb_2: autoDraw = False
29.5917 	EXP 	feedbImage_2: autoDraw = False
29.5917 	EXP 	iti_2: autoDraw = False
29.5917 	EXP 	character_2: image = 'stimuli/m_black.jpg'
29.5917 	EXP 	task_probe1_3: image = 'stimuli/Hand labour tool & accessory.png'
29.5917 	EXP 	task_probe2_3: image = 'stimuli/Electronic device & accessory.png'
29.5917 	EXP 	task_probe3_3: image = 'stimuli/Outdoor activity & sport item.png'
29.5917 	EXP 	task_probe4_3: image = 'stimuli/Kitchen & utensil.png'
29.5917 	EXP 	FixationCross_3: autoDraw = True
29.8170 	EXP 	character_2: autoDraw = True
29.8504 	EXP 	FixationCross_3: autoDraw = False
30.3163 	EXP 	character_2: autoDraw = False
30.3163 	EXP 	interval_2: autoDraw = True
30.8178 	EXP 	task_probe1_3: autoDraw = True
30.8178 	EXP 	task_probe2_3: autoDraw = True
30.8178 	EXP 	task_probe3_3: autoDraw = True
30.8178 	EXP 	task_probe4_3: autoDraw = True
30.8178 	EXP 	number_8: autoDraw = True
30.8178 	EXP 	number_9: autoDraw = True
30.8178 	EXP 	number_10: autoDraw = True
30.8178 	EXP 	number_11: autoDraw = True
31.5693 	EXP 	interval_2: autoDraw = False
31.7364 	DATA 	Keypress: 2
31.7767 	EXP 	FixationCross_3: autoDraw = False
31.7767 	EXP 	character_2: autoDraw = False
31.7767 	EXP 	interval_2: autoDraw = False
31.7767 	EXP 	task_probe1_3: autoDraw = False
31.7767 	EXP 	task_probe2_3: autoDraw = False
31.7767 	EXP 	task_probe3_3: autoDraw = False
31.7767 	EXP 	task_probe4_3: autoDraw = False
31.7767 	EXP 	number_8: autoDraw = False
31.7767 	EXP 	number_9: autoDraw = False
31.7767 	EXP 	number_10: autoDraw = False
31.7767 	EXP 	number_11: autoDraw = False
31.7767 	EXP 	cuedChar_2: pos = array([-0.2, -0.3])
31.7767 	EXP 	cuedChar_2: image = 'stimuli/m_black.jpg'
31.7767 	EXP 	feedb_probe1_2: image = 'stimuli/Hand labour tool & accessory.png'
31.7767 	EXP 	feedb_probe2_2: image = 'stimuli/Electronic device & accessory.png'
31.7767 	EXP 	feedb_probe3_2: image = 'stimuli/Outdoor activity & sport item.png'
31.7767 	EXP 	feedb_probe4_2: image = 'stimuli/Kitchen & utensil.png'
31.7767 	EXP 	cuedChar_2: autoDraw = True
31.7767 	EXP 	feedb_probe1_2: autoDraw = True
31.7767 	EXP 	feedb_probe2_2: autoDraw = True
31.7767 	EXP 	feedb_probe3_2: autoDraw = True
31.7767 	EXP 	feedb_probe4_2: autoDraw = True
32.8522 	EXP 	cuedChar_2: autoDraw = False
32.8522 	EXP 	feedb_probe1_2: autoDraw = False
32.8522 	EXP 	feedb_probe2_2: autoDraw = False
32.8522 	EXP 	feedb_probe3_2: autoDraw = False
32.8522 	EXP 	feedb_probe4_2: autoDraw = False
32.8522 	EXP 	task_feedb_2: text = 'incorrect'
32.8522 	EXP 	feedbImage_2: image = 'stimuli/objects/canister.jpg'
32.8522 	EXP 	task_feedb_2: autoDraw = True
32.8522 	EXP 	feedbImage_2: autoDraw = True
33.3252 	EXP 	iti_2: autoDraw = True
33.3555 	EXP 	task_feedb_2: autoDraw = False
33.3555 	EXP 	feedbImage_2: autoDraw = False
34.0742 	EXP 	New trial (rep=0, index=3): OrderedDict([('character', 'stimuli/m_orange.jpg'), ('left_categ', 'stimuli/Electronic device & accessory.png'), ('centleft_categ', 'stimuli/Outdoor activity & sport item.png'), ('centright_categ', 'stimuli/Kitchen & utensil.png'), ('right_categ', 'stimuli/Hand labour tool & accessory.png'), ('type', 0), ('corr_ans', 'Kitchen & utensil'), ('condition', 1), ('corr_ans_num', 3), ('img', 'stimuli/objects/fryingpan02a.jpg')])
34.1182 	EXP 	iti_2: autoDraw = False
34.1182 	EXP 	task_feedb_2: autoDraw = False
34.1182 	EXP 	feedbImage_2: autoDraw = False
34.1182 	EXP 	iti_2: autoDraw = False
34.1182 	EXP 	character_2: image = 'stimuli/m_orange.jpg'
34.1182 	EXP 	task_probe1_3: image = 'stimuli/Electronic device & accessory.png'
34.1182 	EXP 	task_probe2_3: image = 'stimuli/Outdoor activity & sport item.png'
34.1182 	EXP 	task_probe3_3: image = 'stimuli/Kitchen & utensil.png'
34.1182 	EXP 	task_probe4_3: image = 'stimuli/Hand labour tool & accessory.png'
34.1182 	EXP 	FixationCross_3: autoDraw = True
34.3442 	EXP 	character_2: autoDraw = True
34.3758 	EXP 	FixationCross_3: autoDraw = False
34.8416 	EXP 	character_2: autoDraw = False
34.8416 	EXP 	interval_2: autoDraw = True
35.3432 	EXP 	task_probe1_3: autoDraw = True
35.3432 	EXP 	task_probe2_3: autoDraw = True
35.3432 	EXP 	task_probe3_3: autoDraw = True
35.3432 	EXP 	task_probe4_3: autoDraw = True
35.3432 	EXP 	number_8: autoDraw = True
35.3432 	EXP 	number_9: autoDraw = True
35.3432 	EXP 	number_10: autoDraw = True
35.3432 	EXP 	number_11: autoDraw = True
36.0945 	EXP 	interval_2: autoDraw = False
36.4454 	DATA 	Keypress: 1
36.4842 	EXP 	FixationCross_3: autoDraw = False
36.4842 	EXP 	character_2: autoDraw = False
36.4842 	EXP 	interval_2: autoDraw = False
36.4842 	EXP 	task_probe1_3: autoDraw = False
36.4842 	EXP 	task_probe2_3: autoDraw = False
36.4842 	EXP 	task_probe3_3: autoDraw = False
36.4842 	EXP 	task_probe4_3: autoDraw = False
36.4842 	EXP 	number_8: autoDraw = False
36.4842 	EXP 	number_9: autoDraw = False
36.4842 	EXP 	number_10: autoDraw = False
36.4842 	EXP 	number_11: autoDraw = False
36.4842 	EXP 	cuedChar_2: pos = array([-0.6, -0.3])
36.4842 	EXP 	cuedChar_2: image = 'stimuli/m_orange.jpg'
36.4842 	EXP 	feedb_probe1_2: image = 'stimuli/Electronic device & accessory.png'
36.4842 	EXP 	feedb_probe2_2: image = 'stimuli/Outdoor activity & sport item.png'
36.4842 	EXP 	feedb_probe3_2: image = 'stimuli/Kitchen & utensil.png'
36.4842 	EXP 	feedb_probe4_2: image = 'stimuli/Hand labour tool & accessory.png'
36.4842 	EXP 	cuedChar_2: autoDraw = True
36.4842 	EXP 	feedb_probe1_2: autoDraw = True
36.4842 	EXP 	feedb_probe2_2: autoDraw = True
36.4842 	EXP 	feedb_probe3_2: autoDraw = True
36.4842 	EXP 	feedb_probe4_2: autoDraw = True
37.5556 	EXP 	cuedChar_2: autoDraw = False
37.5556 	EXP 	feedb_probe1_2: autoDraw = False
37.5556 	EXP 	feedb_probe2_2: autoDraw = False
37.5556 	EXP 	feedb_probe3_2: autoDraw = False
37.5556 	EXP 	feedb_probe4_2: autoDraw = False
37.5556 	EXP 	task_feedb_2: text = 'incorrect'
37.5556 	EXP 	feedbImage_2: image = 'stimuli/objects/fryingpan02a.jpg'
37.5556 	EXP 	task_feedb_2: autoDraw = True
37.5556 	EXP 	feedbImage_2: autoDraw = True
38.0175 	EXP 	iti_2: autoDraw = True
38.0644 	EXP 	task_feedb_2: autoDraw = False
38.0644 	EXP 	feedbImage_2: autoDraw = False
38.7666 	EXP 	New trial (rep=0, index=4): OrderedDict([('character', 'stimuli/m_black.jpg'), ('left_categ', 'stimuli/Kitchen & utensil.png'), ('centleft_categ', 'stimuli/Electronic device & accessory.png'), ('centright_categ', 'stimuli/Hand labour tool & accessory.png'), ('right_categ', 'stimuli/Outdoor activity & sport item.png'), ('type', 1), ('corr_ans', 'Kitchen & utensil'), ('condition', 0), ('corr_ans_num', 1), ('img', 'stimuli/objects/muffintray01.jpg')])
38.8096 	EXP 	iti_2: autoDraw = False
38.8096 	EXP 	task_feedb_2: autoDraw = False
38.8096 	EXP 	feedbImage_2: autoDraw = False
38.8096 	EXP 	iti_2: autoDraw = False
38.8096 	EXP 	character_2: image = 'stimuli/m_black.jpg'
38.8096 	EXP 	task_probe1_3: image = 'stimuli/Kitchen & utensil.png'
38.8096 	EXP 	task_probe2_3: image = 'stimuli/Electronic device & accessory.png'
38.8096 	EXP 	task_probe3_3: image = 'stimuli/Hand labour tool & accessory.png'
38.8096 	EXP 	task_probe4_3: image = 'stimuli/Outdoor activity & sport item.png'
38.8096 	EXP 	FixationCross_3: autoDraw = True
39.0346 	EXP 	character_2: autoDraw = True
39.0680 	EXP 	FixationCross_3: autoDraw = False
39.5339 	EXP 	character_2: autoDraw = False
39.5339 	EXP 	interval_2: autoDraw = True
40.0355 	EXP 	task_probe1_3: autoDraw = True
40.0355 	EXP 	task_probe2_3: autoDraw = True
40.0355 	EXP 	task_probe3_3: autoDraw = True
40.0355 	EXP 	task_probe4_3: autoDraw = True
40.0355 	EXP 	number_8: autoDraw = True
40.0355 	EXP 	number_9: autoDraw = True
40.0355 	EXP 	number_10: autoDraw = True
40.0355 	EXP 	number_11: autoDraw = True
40.7869 	EXP 	interval_2: autoDraw = False
42.4736 	DATA 	Keypress: 2
42.5141 	EXP 	FixationCross_3: autoDraw = False
42.5141 	EXP 	character_2: autoDraw = False
42.5141 	EXP 	interval_2: autoDraw = False
42.5141 	EXP 	task_probe1_3: autoDraw = False
42.5141 	EXP 	task_probe2_3: autoDraw = False
42.5141 	EXP 	task_probe3_3: autoDraw = False
42.5141 	EXP 	task_probe4_3: autoDraw = False
42.5141 	EXP 	number_8: autoDraw = False
42.5141 	EXP 	number_9: autoDraw = False
42.5141 	EXP 	number_10: autoDraw = False
42.5141 	EXP 	number_11: autoDraw = False
42.5141 	EXP 	cuedChar_2: pos = array([-0.2, -0.3])
42.5141 	EXP 	cuedChar_2: image = 'stimuli/m_black.jpg'
42.5141 	EXP 	feedb_probe1_2: image = 'stimuli/Kitchen & utensil.png'
42.5141 	EXP 	feedb_probe2_2: image = 'stimuli/Electronic device & accessory.png'
42.5141 	EXP 	feedb_probe3_2: image = 'stimuli/Hand labour tool & accessory.png'
42.5141 	EXP 	feedb_probe4_2: image = 'stimuli/Outdoor activity & sport item.png'
42.5141 	EXP 	cuedChar_2: autoDraw = True
42.5141 	EXP 	feedb_probe1_2: autoDraw = True
42.5141 	EXP 	feedb_probe2_2: autoDraw = True
42.5141 	EXP 	feedb_probe3_2: autoDraw = True
42.5141 	EXP 	feedb_probe4_2: autoDraw = True
43.5966 	EXP 	cuedChar_2: autoDraw = False
43.5966 	EXP 	feedb_probe1_2: autoDraw = False
43.5966 	EXP 	feedb_probe2_2: autoDraw = False
43.5966 	EXP 	feedb_probe3_2: autoDraw = False
43.5966 	EXP 	feedb_probe4_2: autoDraw = False
43.5966 	EXP 	task_feedb_2: text = 'incorrect'
43.5966 	EXP 	feedbImage_2: image = 'stimuli/objects/muffintray01.jpg'
43.5966 	EXP 	task_feedb_2: autoDraw = True
43.5966 	EXP 	feedbImage_2: autoDraw = True
44.0624 	EXP 	iti_2: autoDraw = True
44.0926 	EXP 	task_feedb_2: autoDraw = False
44.0926 	EXP 	feedbImage_2: autoDraw = False
44.3433 	DATA 	Keypress: escape
44.3549 	EXP 	window1: mouseVisible = True
