0.9387 	WARNING 	We strongly recommend you activate the PTB sound engine in PsychoPy prefs as the preferred audio engine. Its timing is vastly superior. Your prefs are currently set to use ['sounddevice', 'PTB', 'pyo', 'pygame'] (in that order).
1.6704 	WARNING 	Import Error: No module named 'psychtoolbox'. Using event module for keyboard component.
8.4220 	WARNING 	Couldn't measure a consistent frame rate.
  - Is your graphics card set to sync to vertical blank?
  - Are you running other processes on your computer?

8.4224 	EXP 	Created window1 = Window(allowGUI=False, allowStencil=False, args=UNKNOWN, autoLog=True, bitsMode=UNKNOWN, blendMode='avg', bpc=(8, 8, 8), color=array([0., 0., 0.]), colorSpace='rgb', depthBits=8, fullscr=<method-wrapper '__getattribute__' of attributeSetter object at 0x7fdaab742910>, gamma=None, gammaErrorPolicy='raise', kwargs=UNKNOWN, lms=UNKNOWN, monitor=<psychopy.monitors.calibTools.Monitor object at 0x7fdaa864f370>, multiSample=False, name='window1', numSamples=2, pos=[0.0, 0.0], screen=0, size=array([1680, 1050]), stencilBits=0, stereo=False, units='height', useFBO=True, useRetina=False, viewOri=0.0, viewPos=None, viewScale=None, waitBlanking=True, winType='pyglet')
8.4225 	EXP 	window1: recordFrameIntervals = False
8.6162 	EXP 	window1: recordFrameIntervals = True
8.6576 	WARNING 	t of last frame was 27.84ms (=1/35)
8.7092 	WARNING 	t of last frame was 27.80ms (=1/35)
8.7525 	WARNING 	t of last frame was 30.24ms (=1/33)
8.8078 	WARNING 	t of last frame was 27.87ms (=1/35)
8.8595 	WARNING 	Multiple dropped frames have occurred - I'll stop bothering you about them!
10.5118 	WARNING 	Couldn't measure a consistent frame rate.
  - Is your graphics card set to sync to vertical blank?
  - Are you running other processes on your computer?

10.5958 	EXP 	Created Instruction = TextStim(__class__=<class 'psychopy.visual.text.TextStim'>, alignHoriz=method-wrapper(...), alignText='center', alignVert=method-wrapper(...), anchorHoriz='center', anchorVert='center', antialias=True, autoLog=True, bold=False, color='black', colorSpace='named', contrast=1.0, depth=0.0, flipHoriz=False, flipVert=False, font='Arial', fontFiles=[], height=0.05, italic=False, languageStyle='LTR', name='Instruction', opacity=1.0, ori=0, pos=array([0., 0.]), rgb=array([0., 0., 0.]), text=str(...), units='height', win=Window(...), wrapWidth=1.5)
10.6023 	EXP 	Created Inst_slides = ImageStim(__class__=<class 'psychopy.visual.image.ImageStim'>, autoLog=True, color=array([1., 1., 1.]), colorSpace='rgb', contrast=1.0, depth=0.0, flipHoriz=False, flipVert=False, image='sin', interpolate=True, mask=None, maskParams=None, name='Inst_slides', opacity=1.0, ori=0.0, pos=array([0., 0.]), size=array([1.6, 1. ]), texRes=128, units='height', win=Window(...))
10.6072 	EXP 	Created taskprep0 = TextStim(__class__=<class 'psychopy.visual.text.TextStim'>, alignHoriz=method-wrapper(...), alignText='center', alignVert=method-wrapper(...), anchorHoriz='center', anchorVert='center', antialias=True, autoLog=True, bold=False, color='black', colorSpace='named', contrast=1.0, depth=0.0, flipHoriz=False, flipVert=False, font='Arial', fontFiles=[], height=0.05, italic=False, languageStyle='LTR', name='taskprep0', opacity=1.0, ori=0, pos=array([0., 0.]), rgb=array([0., 0., 0.]), text=str(...), units='height', win=Window(...), wrapWidth=1)
10.6227 	EXP 	Created taskGo = TextStim(__class__=<class 'psychopy.visual.text.TextStim'>, alignHoriz=method-wrapper(...), alignText='center', alignVert=method-wrapper(...), anchorHoriz='center', anchorVert='center', antialias=True, autoLog=True, bold=False, color='Black', colorSpace='named', contrast=1.0, depth=0.0, flipHoriz=False, flipVert=False, font='Arial', fontFiles=[], height=0.05, italic=False, languageStyle='LTR', name='taskGo', opacity=1.0, ori=0, pos=array([0., 0.]), rgb=array([0., 0., 0.]), text=str(...), units='height', win=Window(...), wrapWidth=1.5)
10.6301 	EXP 	Created FixationCross = TextStim(__class__=<class 'psychopy.visual.text.TextStim'>, alignHoriz=method-wrapper(...), alignText='center', alignVert=method-wrapper(...), anchorHoriz='center', anchorVert='center', antialias=True, autoLog=True, bold=False, color='white', colorSpace='named', contrast=1.0, depth=0.0, flipHoriz=False, flipVert=False, font='Arial', fontFiles=[], height=0.1, italic=False, languageStyle='LTR', name='FixationCross', opacity=1.0, ori=0, pos=array([0., 0.]), rgb=array([255., 255., 255.]), text='+', units='height', win=Window(...), wrapWidth=1)
10.6319 	EXP 	Created character1 = ImageStim(__class__=<class 'psychopy.visual.image.ImageStim'>, autoLog=True, color=array([1., 1., 1.]), colorSpace='rgb', contrast=1.0, depth=-1.0, flipHoriz=False, flipVert=False, image='sin', interpolate=True, mask=None, maskParams=None, name='character1', opacity=1.0, ori=0.0, pos=array([0., 0.]), size=array([0.5, 0.5]), texRes=128, units='height', win=Window(...))
10.6329 	EXP 	Created interval = ImageStim(__class__=<class 'psychopy.visual.image.ImageStim'>, autoLog=True, color=array([1., 1., 1.]), colorSpace='rgb', contrast=1.0, depth=-2.0, flipHoriz=False, flipVert=False, image=None, interpolate=True, mask=None, maskParams=None, name='interval', opacity=1.0, ori=0.0, pos=array([0., 0.]), size=array([0.5, 0.5]), texRes=128, units='height', win=Window(...))
10.6345 	EXP 	Created task_probe1 = ImageStim(__class__=<class 'psychopy.visual.image.ImageStim'>, autoLog=True, color=array([1., 1., 1.]), colorSpace='rgb', contrast=1.0, depth=-3.0, flipHoriz=False, flipVert=False, image='sin', interpolate=True, mask=None, maskParams=None, name='task_probe1', opacity=1.0, ori=0.0, pos=array([-0.6,  0. ]), size=array([0.3, 0.3]), texRes=128, units='height', win=Window(...))
10.6361 	EXP 	Created task_probe2 = ImageStim(__class__=<class 'psychopy.visual.image.ImageStim'>, autoLog=True, color=array([1., 1., 1.]), colorSpace='rgb', contrast=1.0, depth=-4.0, flipHoriz=False, flipVert=False, image='sin', interpolate=True, mask=None, maskParams=None, name='task_probe2', opacity=1.0, ori=0.0, pos=array([-0.2,  0. ]), size=array([0.3, 0.3]), texRes=128, units='height', win=Window(...))
10.6385 	EXP 	Created task_probe3 = ImageStim(__class__=<class 'psychopy.visual.image.ImageStim'>, autoLog=True, color=array([1., 1., 1.]), colorSpace='rgb', contrast=1.0, depth=-5.0, flipHoriz=False, flipVert=False, image='sin', interpolate=True, mask=None, maskParams=None, name='task_probe3', opacity=1.0, ori=0.0, pos=array([0.2, 0. ]), size=array([0.3, 0.3]), texRes=128, units='height', win=Window(...))
10.6404 	EXP 	Created task_probe4 = ImageStim(__class__=<class 'psychopy.visual.image.ImageStim'>, autoLog=True, color=array([1., 1., 1.]), colorSpace='rgb', contrast=1.0, depth=-6.0, flipHoriz=False, flipVert=False, image='sin', interpolate=True, mask=None, maskParams=None, name='task_probe4', opacity=1.0, ori=0.0, pos=array([0.6, 0. ]), size=array([0.3, 0.3]), texRes=128, units='height', win=Window(...))
10.6422 	EXP 	Created number_1 = TextStim(__class__=<class 'psychopy.visual.text.TextStim'>, alignHoriz=method-wrapper(...), alignText='center', alignVert=method-wrapper(...), anchorHoriz='center', anchorVert='center', antialias=True, autoLog=True, bold=False, color='black', colorSpace='named', contrast=1.0, depth=-8.0, flipHoriz=False, flipVert=False, font='Arial', fontFiles=[], height=0.1, italic=False, languageStyle='LTR', name='number_1', opacity=1.0, ori=0, pos=array([-0.6,  0.3]), rgb=array([0., 0., 0.]), text='1', units='height', win=Window(...), wrapWidth=1)
10.6446 	EXP 	Created number_2 = TextStim(__class__=<class 'psychopy.visual.text.TextStim'>, alignHoriz=method-wrapper(...), alignText='center', alignVert=method-wrapper(...), anchorHoriz='center', anchorVert='center', antialias=True, autoLog=True, bold=False, color='black', colorSpace='named', contrast=1.0, depth=-9.0, flipHoriz=False, flipVert=False, font='Arial', fontFiles=[], height=0.1, italic=False, languageStyle='LTR', name='number_2', opacity=1.0, ori=0, pos=array([-0.2,  0.3]), rgb=array([0., 0., 0.]), text='2', units='height', win=Window(...), wrapWidth=1)
10.6464 	EXP 	Created number_3 = TextStim(__class__=<class 'psychopy.visual.text.TextStim'>, alignHoriz=method-wrapper(...), alignText='center', alignVert=method-wrapper(...), anchorHoriz='center', anchorVert='center', antialias=True, autoLog=True, bold=False, color='black', colorSpace='named', contrast=1.0, depth=-10.0, flipHoriz=False, flipVert=False, font='Arial', fontFiles=[], height=0.1, italic=False, languageStyle='LTR', name='number_3', opacity=1.0, ori=0, pos=array([0.2, 0.3]), rgb=array([0., 0., 0.]), text='3', units='height', win=Window(...), wrapWidth=1)
10.6477 	EXP 	Created number_4 = TextStim(__class__=<class 'psychopy.visual.text.TextStim'>, alignHoriz=method-wrapper(...), alignText='center', alignVert=method-wrapper(...), anchorHoriz='center', anchorVert='center', antialias=True, autoLog=True, bold=False, color='black', colorSpace='named', contrast=1.0, depth=-11.0, flipHoriz=False, flipVert=False, font='Arial', fontFiles=[], height=0.1, italic=False, languageStyle='LTR', name='number_4', opacity=1.0, ori=0, pos=array([0.6, 0.3]), rgb=array([0., 0., 0.]), text='4', units='height', win=Window(...), wrapWidth=1)
10.6496 	EXP 	Created cuedChar = ImageStim(__class__=<class 'psychopy.visual.image.ImageStim'>, autoLog=True, color=array([1., 1., 1.]), colorSpace='rgb', contrast=1.0, depth=-1.0, flipHoriz=False, flipVert=False, image='sin', interpolate=True, mask=None, maskParams=None, name='cuedChar', opacity=1.0, ori=0.0, pos=array([0., 0.]), size=array([0.3, 0.3]), texRes=128, units='height', win=Window(...))
10.6512 	EXP 	Created feedb_probe1_1 = ImageStim(__class__=<class 'psychopy.visual.image.ImageStim'>, autoLog=True, color=array([1., 1., 1.]), colorSpace='rgb', contrast=1.0, depth=-2.0, flipHoriz=False, flipVert=False, image='sin', interpolate=True, mask=None, maskParams=None, name='feedb_probe1_1', opacity=1.0, ori=0.0, pos=array([-0.6,  0. ]), size=array([0.3, 0.3]), texRes=128, units='height', win=Window(...))
10.6529 	EXP 	Created feedb_probe2_1 = ImageStim(__class__=<class 'psychopy.visual.image.ImageStim'>, autoLog=True, color=array([1., 1., 1.]), colorSpace='rgb', contrast=1.0, depth=-3.0, flipHoriz=False, flipVert=False, image='sin', interpolate=True, mask=None, maskParams=None, name='feedb_probe2_1', opacity=1.0, ori=0.0, pos=array([-0.2,  0. ]), size=array([0.3, 0.3]), texRes=128, units='height', win=Window(...))
10.6546 	EXP 	Created feedb_probe3_1 = ImageStim(__class__=<class 'psychopy.visual.image.ImageStim'>, autoLog=True, color=array([1., 1., 1.]), colorSpace='rgb', contrast=1.0, depth=-4.0, flipHoriz=False, flipVert=False, image='sin', interpolate=True, mask=None, maskParams=None, name='feedb_probe3_1', opacity=1.0, ori=0.0, pos=array([0.2, 0. ]), size=array([0.3, 0.3]), texRes=128, units='height', win=Window(...))
10.6563 	EXP 	Created feedb_probe4_1 = ImageStim(__class__=<class 'psychopy.visual.image.ImageStim'>, autoLog=True, color=array([1., 1., 1.]), colorSpace='rgb', contrast=1.0, depth=-5.0, flipHoriz=False, flipVert=False, image='sin', interpolate=True, mask=None, maskParams=None, name='feedb_probe4_1', opacity=1.0, ori=0.0, pos=array([0.6, 0. ]), size=array([0.3, 0.3]), texRes=128, units='height', win=Window(...))
10.6700 	EXP 	Created task_feedb = TextStim(__class__=<class 'psychopy.visual.text.TextStim'>, alignHoriz=method-wrapper(...), alignText='center', alignVert=method-wrapper(...), anchorHoriz='center', anchorVert='center', antialias=True, autoLog=True, bold=False, color='white', colorSpace='named', contrast=1.0, depth=0.0, flipHoriz=False, flipVert=False, font='Arial', fontFiles=[], height=0.2, italic=False, languageStyle='LTR', name='task_feedb', opacity=1.0, ori=0, pos=array([0. , 0.3]), rgb=array([255., 255., 255.]), text='default text', units='height', win=Window(...), wrapWidth=1)
10.6719 	EXP 	Created feedbImage = ImageStim(__class__=<class 'psychopy.visual.image.ImageStim'>, autoLog=True, color=array([1., 1., 1.]), colorSpace='rgb', contrast=1.0, depth=-1.0, flipHoriz=False, flipVert=False, image='sin', interpolate=True, mask=None, maskParams=None, name='feedbImage', opacity=1.0, ori=0.0, pos=array([ 0. , -0.1]), size=array([0.5, 0.5]), texRes=128, units='height', win=Window(...))
10.6729 	EXP 	Created iti = ImageStim(__class__=<class 'psychopy.visual.image.ImageStim'>, autoLog=True, color=array([1., 1., 1.]), colorSpace='rgb', contrast=1.0, depth=-2.0, flipHoriz=False, flipVert=False, image=None, interpolate=True, mask=None, maskParams=None, name='iti', opacity=1.0, ori=0.0, pos=array([0.1, 0. ]), size=array([0.5, 0.5]), texRes=128, units='height', win=Window(...))
10.6775 	EXP 	Created pract_message = TextStim(__class__=<class 'psychopy.visual.text.TextStim'>, alignHoriz=method-wrapper(...), alignText='center', alignVert=method-wrapper(...), anchorHoriz='center', anchorVert='center', antialias=True, autoLog=True, bold=False, color='black', colorSpace='named', contrast=1.0, depth=0.0, flipHoriz=False, flipVert=False, font='Arial', fontFiles=[], height=0.05, italic=False, languageStyle='LTR', name='pract_message', opacity=1.0, ori=0, pos=array([0., 0.]), rgb=array([0., 0., 0.]), text='default text', units='height', win=Window(...), wrapWidth=1.5)
10.6980 	EXP 	Created final_mess = TextStim(__class__=<class 'psychopy.visual.text.TextStim'>, alignHoriz=method-wrapper(...), alignText='center', alignVert=method-wrapper(...), anchorHoriz='center', anchorVert='center', antialias=True, autoLog=True, bold=False, color='black', colorSpace='named', contrast=1.0, depth=0.0, flipHoriz=False, flipVert=False, font='Arial', fontFiles=[], height=0.08, italic=False, languageStyle='LTR', name='final_mess', opacity=1.0, ori=0, pos=array([0., 0.]), rgb=array([0., 0., 0.]), text=str(...), units='height', win=Window(...), wrapWidth=1)
10.7235 	EXP 	Created Instruction_2 = TextStim(__class__=<class 'psychopy.visual.text.TextStim'>, alignHoriz=method-wrapper(...), alignText='center', alignVert=method-wrapper(...), anchorHoriz='center', anchorVert='center', antialias=True, autoLog=True, bold=False, color='black', colorSpace='named', contrast=1.0, depth=0.0, flipHoriz=False, flipVert=False, font='Arial', fontFiles=[], height=0.05, italic=False, languageStyle='LTR', name='Instruction_2', opacity=1.0, ori=0, pos=array([0., 0.]), rgb=array([0., 0., 0.]), text=str(...), units='height', win=Window(...), wrapWidth=1.5)
10.7270 	EXP 	Created instruction_top = TextStim(__class__=<class 'psychopy.visual.text.TextStim'>, alignHoriz=method-wrapper(...), alignText='center', alignVert=method-wrapper(...), anchorHoriz='center', anchorVert='center', antialias=True, autoLog=True, bold=False, color='black', colorSpace='named', contrast=1.0, depth=0.0, flipHoriz=False, flipVert=False, font='Arial', fontFiles=[], height=0.05, italic=False, languageStyle='LTR', name='instruction_top', opacity=1.0, ori=0, pos=array([0. , 0.3]), rgb=array([0., 0., 0.]), text='For this character ', units='height', win=Window(...), wrapWidth=1)
10.7291 	EXP 	Created Instruction_middle = TextStim(__class__=<class 'psychopy.visual.text.TextStim'>, alignHoriz=method-wrapper(...), alignText='center', alignVert=method-wrapper(...), anchorHoriz='center', anchorVert='center', antialias=True, autoLog=True, bold=False, color='black', colorSpace='named', contrast=1.0, depth=-1.0, flipHoriz=False, flipVert=False, font='Arial', fontFiles=[], height=0.05, italic=False, languageStyle='LTR', name='Instruction_middle', opacity=1.0, ori=0, pos=array([ 0. , -0.1]), rgb=array([0., 0., 0.]), text='default text', units='height', win=Window(...), wrapWidth=1)
10.7309 	EXP 	Created instruction_bottom = TextStim(__class__=<class 'psychopy.visual.text.TextStim'>, alignHoriz=method-wrapper(...), alignText='center', alignVert=method-wrapper(...), anchorHoriz='center', anchorVert='center', antialias=True, autoLog=True, bold=False, color='black', colorSpace='named', contrast=1.0, depth=-2.0, flipHoriz=False, flipVert=False, font='Arial', fontFiles=[], height=0.05, italic=False, languageStyle='LTR', name='instruction_bottom', opacity=1.0, ori=0, pos=array([ 0. , -0.2]), rgb=array([0., 0., 0.]), text='default text', units='height', win=Window(...), wrapWidth=1)
10.7332 	EXP 	Created press_space = TextStim(__class__=<class 'psychopy.visual.text.TextStim'>, alignHoriz=method-wrapper(...), alignText='center', alignVert=method-wrapper(...), anchorHoriz='center', anchorVert='center', antialias=True, autoLog=True, bold=False, color='black', colorSpace='named', contrast=1.0, depth=-3.0, flipHoriz=False, flipVert=False, font='Arial', fontFiles=[], height=0.05, italic=False, languageStyle='LTR', name='press_space', opacity=1.0, ori=0, pos=array([ 0. , -0.4]), rgb=array([0., 0., 0.]), text='Press SPACE to continue', units='height', win=Window(...), wrapWidth=1)
10.7351 	EXP 	Created image = ImageStim(__class__=<class 'psychopy.visual.image.ImageStim'>, autoLog=True, color=array([1., 1., 1.]), colorSpace='rgb', contrast=1.0, depth=-4.0, flipHoriz=False, flipVert=False, image='sin', interpolate=True, mask=None, maskParams=None, name='image', opacity=1.0, ori=0.0, pos=array([0. , 0.1]), size=array([0.25, 0.25]), texRes=128, units='height', win=Window(...))
10.7394 	EXP 	Created instr_learned = TextStim(__class__=<class 'psychopy.visual.text.TextStim'>, alignHoriz=method-wrapper(...), alignText='center', alignVert=method-wrapper(...), anchorHoriz='center', anchorVert='center', antialias=True, autoLog=True, bold=False, color='black', colorSpace='named', contrast=1.0, depth=0.0, flipHoriz=False, flipVert=False, font='Arial', fontFiles=[], height=0.05, italic=False, languageStyle='LTR', name='instr_learned', opacity=1.0, ori=0, pos=array([0., 0.]), rgb=array([0., 0., 0.]), text=str(...), units='height', win=Window(...), wrapWidth=1)
10.7517 	EXP 	Created taskGo_2 = TextStim(__class__=<class 'psychopy.visual.text.TextStim'>, alignHoriz=method-wrapper(...), alignText='center', alignVert=method-wrapper(...), anchorHoriz='center', anchorVert='center', antialias=True, autoLog=True, bold=False, color='Black', colorSpace='named', contrast=1.0, depth=0.0, flipHoriz=False, flipVert=False, font='Arial', fontFiles=[], height=0.05, italic=False, languageStyle='LTR', name='taskGo_2', opacity=1.0, ori=0, pos=array([0., 0.]), rgb=array([0., 0., 0.]), text=str(...), units='height', win=Window(...), wrapWidth=1.5)
10.7542 	EXP 	Created FixationCross_3 = TextStim(__class__=<class 'psychopy.visual.text.TextStim'>, alignHoriz=method-wrapper(...), alignText='center', alignVert=method-wrapper(...), anchorHoriz='center', anchorVert='center', antialias=True, autoLog=True, bold=False, color='white', colorSpace='named', contrast=1.0, depth=0.0, flipHoriz=False, flipVert=False, font='Arial', fontFiles=[], height=0.1, italic=False, languageStyle='LTR', name='FixationCross_3', opacity=1.0, ori=0, pos=array([0., 0.]), rgb=array([255., 255., 255.]), text='+', units='height', win=Window(...), wrapWidth=1)
10.7560 	EXP 	Created character_2 = ImageStim(__class__=<class 'psychopy.visual.image.ImageStim'>, autoLog=True, color=array([1., 1., 1.]), colorSpace='rgb', contrast=1.0, depth=-1.0, flipHoriz=False, flipVert=False, image='sin', interpolate=True, mask=None, maskParams=None, name='character_2', opacity=1.0, ori=0.0, pos=array([0., 0.]), size=array([0.5, 0.5]), texRes=128, units='height', win=Window(...))
10.7570 	EXP 	Created interval_2 = ImageStim(__class__=<class 'psychopy.visual.image.ImageStim'>, autoLog=True, color=array([1., 1., 1.]), colorSpace='rgb', contrast=1.0, depth=-2.0, flipHoriz=False, flipVert=False, image=None, interpolate=True, mask=None, maskParams=None, name='interval_2', opacity=1.0, ori=0.0, pos=array([0., 0.]), size=array([0.5, 0.5]), texRes=128, units='height', win=Window(...))
10.7586 	EXP 	Created task_probe1_3 = ImageStim(__class__=<class 'psychopy.visual.image.ImageStim'>, autoLog=True, color=array([1., 1., 1.]), colorSpace='rgb', contrast=1.0, depth=-3.0, flipHoriz=False, flipVert=False, image='sin', interpolate=True, mask=None, maskParams=None, name='task_probe1_3', opacity=1.0, ori=0.0, pos=array([-0.6,  0. ]), size=array([0.3, 0.3]), texRes=128, units='height', win=Window(...))
10.7603 	EXP 	Created task_probe2_3 = ImageStim(__class__=<class 'psychopy.visual.image.ImageStim'>, autoLog=True, color=array([1., 1., 1.]), colorSpace='rgb', contrast=1.0, depth=-4.0, flipHoriz=False, flipVert=False, image='sin', interpolate=True, mask=None, maskParams=None, name='task_probe2_3', opacity=1.0, ori=0.0, pos=array([-0.2,  0. ]), size=array([0.3, 0.3]), texRes=128, units='height', win=Window(...))
10.7620 	EXP 	Created task_probe3_3 = ImageStim(__class__=<class 'psychopy.visual.image.ImageStim'>, autoLog=True, color=array([1., 1., 1.]), colorSpace='rgb', contrast=1.0, depth=-5.0, flipHoriz=False, flipVert=False, image='sin', interpolate=True, mask=None, maskParams=None, name='task_probe3_3', opacity=1.0, ori=0.0, pos=array([0.2, 0. ]), size=array([0.3, 0.3]), texRes=128, units='height', win=Window(...))
10.7637 	EXP 	Created task_probe4_3 = ImageStim(__class__=<class 'psychopy.visual.image.ImageStim'>, autoLog=True, color=array([1., 1., 1.]), colorSpace='rgb', contrast=1.0, depth=-6.0, flipHoriz=False, flipVert=False, image='sin', interpolate=True, mask=None, maskParams=None, name='task_probe4_3', opacity=1.0, ori=0.0, pos=array([0.6, 0. ]), size=array([0.3, 0.3]), texRes=128, units='height', win=Window(...))
10.7656 	EXP 	Created number_8 = TextStim(__class__=<class 'psychopy.visual.text.TextStim'>, alignHoriz=method-wrapper(...), alignText='center', alignVert=method-wrapper(...), anchorHoriz='center', anchorVert='center', antialias=True, autoLog=True, bold=False, color='black', colorSpace='named', contrast=1.0, depth=-8.0, flipHoriz=False, flipVert=False, font='Arial', fontFiles=[], height=0.1, italic=False, languageStyle='LTR', name='number_8', opacity=1.0, ori=0, pos=array([-0.6,  0.3]), rgb=array([0., 0., 0.]), text='1', units='height', win=Window(...), wrapWidth=1)
10.7677 	EXP 	Created number_9 = TextStim(__class__=<class 'psychopy.visual.text.TextStim'>, alignHoriz=method-wrapper(...), alignText='center', alignVert=method-wrapper(...), anchorHoriz='center', anchorVert='center', antialias=True, autoLog=True, bold=False, color='black', colorSpace='named', contrast=1.0, depth=-9.0, flipHoriz=False, flipVert=False, font='Arial', fontFiles=[], height=0.1, italic=False, languageStyle='LTR', name='number_9', opacity=1.0, ori=0, pos=array([-0.2,  0.3]), rgb=array([0., 0., 0.]), text='2', units='height', win=Window(...), wrapWidth=1)
10.7692 	EXP 	Created number_10 = TextStim(__class__=<class 'psychopy.visual.text.TextStim'>, alignHoriz=method-wrapper(...), alignText='center', alignVert=method-wrapper(...), anchorHoriz='center', anchorVert='center', antialias=True, autoLog=True, bold=False, color='black', colorSpace='named', contrast=1.0, depth=-10.0, flipHoriz=False, flipVert=False, font='Arial', fontFiles=[], height=0.1, italic=False, languageStyle='LTR', name='number_10', opacity=1.0, ori=0, pos=array([0.2, 0.3]), rgb=array([0., 0., 0.]), text='3', units='height', win=Window(...), wrapWidth=1)
10.7708 	EXP 	Created number_11 = TextStim(__class__=<class 'psychopy.visual.text.TextStim'>, alignHoriz=method-wrapper(...), alignText='center', alignVert=method-wrapper(...), anchorHoriz='center', anchorVert='center', antialias=True, autoLog=True, bold=False, color='black', colorSpace='named', contrast=1.0, depth=-11.0, flipHoriz=False, flipVert=False, font='Arial', fontFiles=[], height=0.1, italic=False, languageStyle='LTR', name='number_11', opacity=1.0, ori=0, pos=array([0.6, 0.3]), rgb=array([0., 0., 0.]), text='4', units='height', win=Window(...), wrapWidth=1)
10.7726 	EXP 	Created cuedChar_2 = ImageStim(__class__=<class 'psychopy.visual.image.ImageStim'>, autoLog=True, color=array([1., 1., 1.]), colorSpace='rgb', contrast=1.0, depth=-1.0, flipHoriz=False, flipVert=False, image='sin', interpolate=True, mask=None, maskParams=None, name='cuedChar_2', opacity=1.0, ori=0.0, pos=array([0., 0.]), size=array([0.3, 0.3]), texRes=128, units='height', win=Window(...))
10.7743 	EXP 	Created feedb_probe1_2 = ImageStim(__class__=<class 'psychopy.visual.image.ImageStim'>, autoLog=True, color=array([1., 1., 1.]), colorSpace='rgb', contrast=1.0, depth=-2.0, flipHoriz=False, flipVert=False, image='sin', interpolate=True, mask=None, maskParams=None, name='feedb_probe1_2', opacity=1.0, ori=0.0, pos=array([-0.6,  0. ]), size=array([0.3, 0.3]), texRes=128, units='height', win=Window(...))
10.7760 	EXP 	Created feedb_probe2_2 = ImageStim(__class__=<class 'psychopy.visual.image.ImageStim'>, autoLog=True, color=array([1., 1., 1.]), colorSpace='rgb', contrast=1.0, depth=-3.0, flipHoriz=False, flipVert=False, image='sin', interpolate=True, mask=None, maskParams=None, name='feedb_probe2_2', opacity=1.0, ori=0.0, pos=array([-0.2,  0. ]), size=array([0.3, 0.3]), texRes=128, units='height', win=Window(...))
10.7777 	EXP 	Created feedb_probe3_2 = ImageStim(__class__=<class 'psychopy.visual.image.ImageStim'>, autoLog=True, color=array([1., 1., 1.]), colorSpace='rgb', contrast=1.0, depth=-4.0, flipHoriz=False, flipVert=False, image='sin', interpolate=True, mask=None, maskParams=None, name='feedb_probe3_2', opacity=1.0, ori=0.0, pos=array([0.2, 0. ]), size=array([0.3, 0.3]), texRes=128, units='height', win=Window(...))
10.7795 	EXP 	Created feedb_probe4_2 = ImageStim(__class__=<class 'psychopy.visual.image.ImageStim'>, autoLog=True, color=array([1., 1., 1.]), colorSpace='rgb', contrast=1.0, depth=-5.0, flipHoriz=False, flipVert=False, image='sin', interpolate=True, mask=None, maskParams=None, name='feedb_probe4_2', opacity=1.0, ori=0.0, pos=array([0.6, 0. ]), size=array([0.3, 0.3]), texRes=128, units='height', win=Window(...))
10.7812 	EXP 	Created feedbImage_2 = ImageStim(__class__=<class 'psychopy.visual.image.ImageStim'>, autoLog=True, color=array([1., 1., 1.]), colorSpace='rgb', contrast=1.0, depth=0.0, flipHoriz=False, flipVert=False, image='sin', interpolate=True, mask=None, maskParams=None, name='feedbImage_2', opacity=1.0, ori=0.0, pos=array([ 0. , -0.1]), size=array([0.5, 0.5]), texRes=128, units='height', win=Window(...))
10.7823 	EXP 	Created iti_2 = ImageStim(__class__=<class 'psychopy.visual.image.ImageStim'>, autoLog=True, color=array([1., 1., 1.]), colorSpace='rgb', contrast=1.0, depth=-1.0, flipHoriz=False, flipVert=False, image=None, interpolate=True, mask=None, maskParams=None, name='iti_2', opacity=1.0, ori=0.0, pos=array([0.1, 0. ]), size=array([0.5, 0.5]), texRes=128, units='height', win=Window(...))
10.7924 	EXP 	Created final_message_ = TextStim(__class__=<class 'psychopy.visual.text.TextStim'>, alignHoriz=method-wrapper(...), alignText='center', alignVert=method-wrapper(...), anchorHoriz='center', anchorVert='center', antialias=True, autoLog=True, bold=False, color='black', colorSpace='named', contrast=1.0, depth=0.0, flipHoriz=False, flipVert=False, font='Arial', fontFiles=[], height=0.05, italic=False, languageStyle='LTR', name='final_message_', opacity=1.0, ori=0, pos=array([0., 0.]), rgb=array([0., 0., 0.]), text=str(...), units='height', win=Window(...), wrapWidth=1)
10.7928 	DATA 	Keypress: space
10.8216 	EXP 	Instruction: autoDraw = True
11.4335 	DATA 	Keypress: space
11.4384 	EXP 	Imported instructions.csv as conditions, 6 conditions, 1 params
11.4387 	EXP 	Created sequence: sequential, trialTypes=6, nReps=1, seed=None
11.4390 	EXP 	New trial (rep=0, index=0): OrderedDict([('slides', 'stimuli/slide1.png')])
11.4889 	EXP 	Instruction: autoDraw = False
11.4889 	EXP 	Inst_slides: image = 'stimuli/slide1.png'
11.4889 	EXP 	Inst_slides: autoDraw = True
11.6839 	DATA 	Keypress: space
11.6848 	EXP 	New trial (rep=0, index=1): OrderedDict([('slides', 'stimuli/slide2.png')])
11.7307 	EXP 	Inst_slides: autoDraw = False
11.7307 	EXP 	Inst_slides: image = 'stimuli/slide2.png'
11.7307 	EXP 	Inst_slides: autoDraw = True
12.1700 	DATA 	Keypress: space
12.1707 	EXP 	New trial (rep=0, index=2): OrderedDict([('slides', 'stimuli/slide3.png')])
12.2157 	EXP 	Inst_slides: autoDraw = False
12.2157 	EXP 	Inst_slides: image = 'stimuli/slide3.png'
12.2157 	EXP 	Inst_slides: autoDraw = True
12.3516 	DATA 	Keypress: space
12.3524 	EXP 	New trial (rep=0, index=3): OrderedDict([('slides', 'stimuli/slide4.png')])
12.4113 	EXP 	Inst_slides: autoDraw = False
12.4113 	EXP 	Inst_slides: image = 'stimuli/slide4.png'
12.4113 	EXP 	Inst_slides: autoDraw = True
12.5432 	DATA 	Keypress: space
12.5439 	EXP 	New trial (rep=0, index=4): OrderedDict([('slides', 'stimuli/slide5.png')])
12.5873 	EXP 	Inst_slides: autoDraw = False
12.5873 	EXP 	Inst_slides: image = 'stimuli/slide5.png'
12.5873 	EXP 	Inst_slides: autoDraw = True
12.7021 	DATA 	Keypress: space
12.7030 	EXP 	New trial (rep=0, index=5): OrderedDict([('slides', 'stimuli/slide6.png')])
12.7615 	EXP 	Inst_slides: autoDraw = False
12.7615 	EXP 	Inst_slides: image = 'stimuli/slide6.png'
12.7615 	EXP 	Inst_slides: autoDraw = True
12.8794 	DATA 	Keypress: space
12.8930 	EXP 	Inst_slides: autoDraw = False
12.8930 	EXP 	taskprep0: autoDraw = True
13.0723 	DATA 	Keypress: space
13.0839 	EXP 	taskprep0: autoDraw = False
13.0839 	EXP 	taskGo: autoDraw = True
14.4049 	DATA 	Keypress: space
14.4068 	EXP 	Created sequence: random, trialTypes=1, nReps=99, seed=None
14.4075 	EXP 	New trial (rep=0, index=0): None
14.4158 	EXP 	Imported practlist.csv as conditions, 2 conditions, 10 params
14.4161 	EXP 	Created sequence: sequential, trialTypes=2, nReps=1, seed=None
14.4165 	EXP 	New trial (rep=0, index=0): OrderedDict([('character', 'stimuli/m_red.jpg'), ('left_categ', 'stimuli/Food.png'), ('centleft_categ', 'stimuli/Gamestoy & entertainment.png'), ('centright_categ', 'stimuli/Vehicle.png'), ('right_categ', 'stimuli/Clothing.png'), ('trial_cond', 1), ('corr_ans', 'Food'), ('corr_ans_num', 1), ('type', 1), ('img', 'stimuli/objects/chocolatecroissant.jpg')])
14.4868 	EXP 	taskGo: autoDraw = False
14.4868 	EXP 	character1: image = 'stimuli/m_red.jpg'
14.4868 	EXP 	task_probe1: image = 'stimuli/Food.png'
14.4868 	EXP 	task_probe2: image = 'stimuli/Gamestoy & entertainment.png'
14.4868 	EXP 	task_probe3: image = 'stimuli/Vehicle.png'
14.4868 	EXP 	task_probe4: image = 'stimuli/Clothing.png'
14.4868 	EXP 	FixationCross: autoDraw = True
14.7022 	EXP 	character1: autoDraw = True
14.7516 	EXP 	FixationCross: autoDraw = False
15.2022 	EXP 	character1: autoDraw = False
15.2022 	EXP 	interval: autoDraw = True
15.7034 	EXP 	task_probe1: autoDraw = True
15.7034 	EXP 	task_probe2: autoDraw = True
15.7034 	EXP 	task_probe3: autoDraw = True
15.7034 	EXP 	task_probe4: autoDraw = True
15.7034 	EXP 	number_1: autoDraw = True
15.7034 	EXP 	number_2: autoDraw = True
15.7034 	EXP 	number_3: autoDraw = True
15.7034 	EXP 	number_4: autoDraw = True
16.4536 	EXP 	interval: autoDraw = False
17.4643 	DATA 	Mouse: Left button down, pos=(18,1016)
17.5964 	DATA 	Mouse:  Left button up, pos=(21,1015)
17.7957 	DATA 	Mouse: Left button down, pos=(15,1000)
17.7957 	DATA 	Mouse:  Left button up, pos=(15,1000)
19.7496 	EXP 	task_probe1: autoDraw = False
19.7496 	EXP 	task_probe2: autoDraw = False
19.7496 	EXP 	task_probe3: autoDraw = False
19.7496 	EXP 	task_probe4: autoDraw = False
19.7496 	EXP 	number_1: autoDraw = False
19.7496 	EXP 	number_2: autoDraw = False
19.7496 	EXP 	number_3: autoDraw = False
19.7496 	EXP 	number_4: autoDraw = False
19.7496 	EXP 	FixationCross: autoDraw = False
19.7496 	EXP 	character1: autoDraw = False
19.7496 	EXP 	interval: autoDraw = False
19.7496 	EXP 	task_probe1: autoDraw = False
19.7496 	EXP 	task_probe2: autoDraw = False
19.7496 	EXP 	task_probe3: autoDraw = False
19.7496 	EXP 	task_probe4: autoDraw = False
19.7496 	EXP 	number_1: autoDraw = False
19.7496 	EXP 	number_2: autoDraw = False
19.7496 	EXP 	number_3: autoDraw = False
19.7496 	EXP 	number_4: autoDraw = False
19.7496 	EXP 	cuedChar: pos = array([ 0. , -0.3])
19.7496 	EXP 	cuedChar: image = 'stimuli/m_red.jpg'
19.7496 	EXP 	feedb_probe1_1: image = 'stimuli/Food.png'
19.7496 	EXP 	feedb_probe2_1: image = 'stimuli/Gamestoy & entertainment.png'
19.7496 	EXP 	feedb_probe3_1: image = 'stimuli/Vehicle.png'
19.7496 	EXP 	feedb_probe4_1: image = 'stimuli/Clothing.png'
19.7496 	EXP 	cuedChar: autoDraw = True
19.7496 	EXP 	feedb_probe1_1: autoDraw = True
19.7496 	EXP 	feedb_probe2_1: autoDraw = True
19.7496 	EXP 	feedb_probe3_1: autoDraw = True
19.7496 	EXP 	feedb_probe4_1: autoDraw = True
20.9843 	EXP 	cuedChar: autoDraw = False
20.9843 	EXP 	feedb_probe1_1: autoDraw = False
20.9843 	EXP 	feedb_probe2_1: autoDraw = False
20.9843 	EXP 	feedb_probe3_1: autoDraw = False
20.9843 	EXP 	feedb_probe4_1: autoDraw = False
20.9843 	EXP 	task_feedb: text = 'incorrect'
20.9843 	EXP 	feedbImage: image = 'stimuli/objects/chocolatecroissant.jpg'
20.9843 	EXP 	task_feedb: autoDraw = True
20.9843 	EXP 	feedbImage: autoDraw = True
21.4691 	EXP 	iti: autoDraw = True
21.4831 	EXP 	task_feedb: autoDraw = False
21.4831 	EXP 	feedbImage: autoDraw = False
21.8845 	DATA 	Keypress: escape
21.9105 	EXP 	window1: mouseVisible = True
0.9547 	WARNING 	We strongly recommend you activate the PTB sound engine in PsychoPy prefs as the preferred audio engine. Its timing is vastly superior. Your prefs are currently set to use ['sounddevice', 'PTB', 'pyo', 'pygame'] (in that order).
1.5962 	WARNING 	Import Error: No module named 'psychtoolbox'. Using event module for keyboard component.
7.4424 	WARNING 	Couldn't measure a consistent frame rate.
  - Is your graphics card set to sync to vertical blank?
  - Are you running other processes on your computer?

7.4429 	EXP 	Created window1 = Window(allowGUI=False, allowStencil=False, args=UNKNOWN, autoLog=True, bitsMode=UNKNOWN, blendMode='avg', bpc=(8, 8, 8), color=array([0., 0., 0.]), colorSpace='rgb', depthBits=8, fullscr=<method-wrapper '__getattribute__' of attributeSetter object at 0x7f04416b4910>, gamma=None, gammaErrorPolicy='raise', kwargs=UNKNOWN, lms=UNKNOWN, monitor=<psychopy.monitors.calibTools.Monitor object at 0x7f043a5a6370>, multiSample=False, name='window1', numSamples=2, pos=[0.0, 0.0], screen=0, size=array([1680, 1050]), stencilBits=0, stereo=False, units='height', useFBO=True, useRetina=False, viewOri=0.0, viewPos=None, viewScale=None, waitBlanking=True, winType='pyglet')
7.4429 	EXP 	window1: recordFrameIntervals = False
7.6359 	EXP 	window1: recordFrameIntervals = True
7.6792 	WARNING 	t of last frame was 30.23ms (=1/33)
7.7345 	WARNING 	t of last frame was 30.21ms (=1/33)
7.7915 	WARNING 	t of last frame was 31.36ms (=1/31)
7.8431 	WARNING 	t of last frame was 27.72ms (=1/36)
7.8865 	WARNING 	Multiple dropped frames have occurred - I'll stop bothering you about them!
9.5331 	WARNING 	Couldn't measure a consistent frame rate.
  - Is your graphics card set to sync to vertical blank?
  - Are you running other processes on your computer?

9.6088 	EXP 	Created Instruction = TextStim(__class__=<class 'psychopy.visual.text.TextStim'>, alignHoriz=method-wrapper(...), alignText='center', alignVert=method-wrapper(...), anchorHoriz='center', anchorVert='center', antialias=True, autoLog=True, bold=False, color='black', colorSpace='named', contrast=1.0, depth=0.0, flipHoriz=False, flipVert=False, font='Arial', fontFiles=[], height=0.05, italic=False, languageStyle='LTR', name='Instruction', opacity=1.0, ori=0, pos=array([0., 0.]), rgb=array([0., 0., 0.]), text=str(...), units='height', win=Window(...), wrapWidth=1.5)
9.6112 	EXP 	Created Inst_slides = ImageStim(__class__=<class 'psychopy.visual.image.ImageStim'>, autoLog=True, color=array([1., 1., 1.]), colorSpace='rgb', contrast=1.0, depth=0.0, flipHoriz=False, flipVert=False, image='sin', interpolate=True, mask=None, maskParams=None, name='Inst_slides', opacity=1.0, ori=0.0, pos=array([0., 0.]), size=array([1.6, 1. ]), texRes=128, units='height', win=Window(...))
9.6159 	EXP 	Created taskprep0 = TextStim(__class__=<class 'psychopy.visual.text.TextStim'>, alignHoriz=method-wrapper(...), alignText='center', alignVert=method-wrapper(...), anchorHoriz='center', anchorVert='center', antialias=True, autoLog=True, bold=False, color='black', colorSpace='named', contrast=1.0, depth=0.0, flipHoriz=False, flipVert=False, font='Arial', fontFiles=[], height=0.05, italic=False, languageStyle='LTR', name='taskprep0', opacity=1.0, ori=0, pos=array([0., 0.]), rgb=array([0., 0., 0.]), text=str(...), units='height', win=Window(...), wrapWidth=1)
9.6313 	EXP 	Created taskGo = TextStim(__class__=<class 'psychopy.visual.text.TextStim'>, alignHoriz=method-wrapper(...), alignText='center', alignVert=method-wrapper(...), anchorHoriz='center', anchorVert='center', antialias=True, autoLog=True, bold=False, color='Black', colorSpace='named', contrast=1.0, depth=0.0, flipHoriz=False, flipVert=False, font='Arial', fontFiles=[], height=0.05, italic=False, languageStyle='LTR', name='taskGo', opacity=1.0, ori=0, pos=array([0., 0.]), rgb=array([0., 0., 0.]), text=str(...), units='height', win=Window(...), wrapWidth=1.5)
9.6389 	EXP 	Created FixationCross = TextStim(__class__=<class 'psychopy.visual.text.TextStim'>, alignHoriz=method-wrapper(...), alignText='center', alignVert=method-wrapper(...), anchorHoriz='center', anchorVert='center', antialias=True, autoLog=True, bold=False, color='white', colorSpace='named', contrast=1.0, depth=0.0, flipHoriz=False, flipVert=False, font='Arial', fontFiles=[], height=0.1, italic=False, languageStyle='LTR', name='FixationCross', opacity=1.0, ori=0, pos=array([0., 0.]), rgb=array([255., 255., 255.]), text='+', units='height', win=Window(...), wrapWidth=1)
9.6407 	EXP 	Created character1 = ImageStim(__class__=<class 'psychopy.visual.image.ImageStim'>, autoLog=True, color=array([1., 1., 1.]), colorSpace='rgb', contrast=1.0, depth=-1.0, flipHoriz=False, flipVert=False, image='sin', interpolate=True, mask=None, maskParams=None, name='character1', opacity=1.0, ori=0.0, pos=array([0., 0.]), size=array([0.5, 0.5]), texRes=128, units='height', win=Window(...))
9.6417 	EXP 	Created interval = ImageStim(__class__=<class 'psychopy.visual.image.ImageStim'>, autoLog=True, color=array([1., 1., 1.]), colorSpace='rgb', contrast=1.0, depth=-2.0, flipHoriz=False, flipVert=False, image=None, interpolate=True, mask=None, maskParams=None, name='interval', opacity=1.0, ori=0.0, pos=array([0., 0.]), size=array([0.5, 0.5]), texRes=128, units='height', win=Window(...))
9.6433 	EXP 	Created task_probe1 = ImageStim(__class__=<class 'psychopy.visual.image.ImageStim'>, autoLog=True, color=array([1., 1., 1.]), colorSpace='rgb', contrast=1.0, depth=-3.0, flipHoriz=False, flipVert=False, image='sin', interpolate=True, mask=None, maskParams=None, name='task_probe1', opacity=1.0, ori=0.0, pos=array([-0.6,  0. ]), size=array([0.3, 0.3]), texRes=128, units='height', win=Window(...))
9.6450 	EXP 	Created task_probe2 = ImageStim(__class__=<class 'psychopy.visual.image.ImageStim'>, autoLog=True, color=array([1., 1., 1.]), colorSpace='rgb', contrast=1.0, depth=-4.0, flipHoriz=False, flipVert=False, image='sin', interpolate=True, mask=None, maskParams=None, name='task_probe2', opacity=1.0, ori=0.0, pos=array([-0.2,  0. ]), size=array([0.3, 0.3]), texRes=128, units='height', win=Window(...))
9.6467 	EXP 	Created task_probe3 = ImageStim(__class__=<class 'psychopy.visual.image.ImageStim'>, autoLog=True, color=array([1., 1., 1.]), colorSpace='rgb', contrast=1.0, depth=-5.0, flipHoriz=False, flipVert=False, image='sin', interpolate=True, mask=None, maskParams=None, name='task_probe3', opacity=1.0, ori=0.0, pos=array([0.2, 0. ]), size=array([0.3, 0.3]), texRes=128, units='height', win=Window(...))
9.6483 	EXP 	Created task_probe4 = ImageStim(__class__=<class 'psychopy.visual.image.ImageStim'>, autoLog=True, color=array([1., 1., 1.]), colorSpace='rgb', contrast=1.0, depth=-6.0, flipHoriz=False, flipVert=False, image='sin', interpolate=True, mask=None, maskParams=None, name='task_probe4', opacity=1.0, ori=0.0, pos=array([0.6, 0. ]), size=array([0.3, 0.3]), texRes=128, units='height', win=Window(...))
9.6500 	EXP 	Created number_1 = TextStim(__class__=<class 'psychopy.visual.text.TextStim'>, alignHoriz=method-wrapper(...), alignText='center', alignVert=method-wrapper(...), anchorHoriz='center', anchorVert='center', antialias=True, autoLog=True, bold=False, color='black', colorSpace='named', contrast=1.0, depth=-8.0, flipHoriz=False, flipVert=False, font='Arial', fontFiles=[], height=0.1, italic=False, languageStyle='LTR', name='number_1', opacity=1.0, ori=0, pos=array([-0.6,  0.3]), rgb=array([0., 0., 0.]), text='1', units='height', win=Window(...), wrapWidth=1)
9.6521 	EXP 	Created number_2 = TextStim(__class__=<class 'psychopy.visual.text.TextStim'>, alignHoriz=method-wrapper(...), alignText='center', alignVert=method-wrapper(...), anchorHoriz='center', anchorVert='center', antialias=True, autoLog=True, bold=False, color='black', colorSpace='named', contrast=1.0, depth=-9.0, flipHoriz=False, flipVert=False, font='Arial', fontFiles=[], height=0.1, italic=False, languageStyle='LTR', name='number_2', opacity=1.0, ori=0, pos=array([-0.2,  0.3]), rgb=array([0., 0., 0.]), text='2', units='height', win=Window(...), wrapWidth=1)
9.6537 	EXP 	Created number_3 = TextStim(__class__=<class 'psychopy.visual.text.TextStim'>, alignHoriz=method-wrapper(...), alignText='center', alignVert=method-wrapper(...), anchorHoriz='center', anchorVert='center', antialias=True, autoLog=True, bold=False, color='black', colorSpace='named', contrast=1.0, depth=-10.0, flipHoriz=False, flipVert=False, font='Arial', fontFiles=[], height=0.1, italic=False, languageStyle='LTR', name='number_3', opacity=1.0, ori=0, pos=array([0.2, 0.3]), rgb=array([0., 0., 0.]), text='3', units='height', win=Window(...), wrapWidth=1)
9.6552 	EXP 	Created number_4 = TextStim(__class__=<class 'psychopy.visual.text.TextStim'>, alignHoriz=method-wrapper(...), alignText='center', alignVert=method-wrapper(...), anchorHoriz='center', anchorVert='center', antialias=True, autoLog=True, bold=False, color='black', colorSpace='named', contrast=1.0, depth=-11.0, flipHoriz=False, flipVert=False, font='Arial', fontFiles=[], height=0.1, italic=False, languageStyle='LTR', name='number_4', opacity=1.0, ori=0, pos=array([0.6, 0.3]), rgb=array([0., 0., 0.]), text='4', units='height', win=Window(...), wrapWidth=1)
9.6569 	EXP 	Created cuedChar = ImageStim(__class__=<class 'psychopy.visual.image.ImageStim'>, autoLog=True, color=array([1., 1., 1.]), colorSpace='rgb', contrast=1.0, depth=-1.0, flipHoriz=False, flipVert=False, image='sin', interpolate=True, mask=None, maskParams=None, name='cuedChar', opacity=1.0, ori=0.0, pos=array([0., 0.]), size=array([0.3, 0.3]), texRes=128, units='height', win=Window(...))
9.6585 	EXP 	Created feedb_probe1_1 = ImageStim(__class__=<class 'psychopy.visual.image.ImageStim'>, autoLog=True, color=array([1., 1., 1.]), colorSpace='rgb', contrast=1.0, depth=-2.0, flipHoriz=False, flipVert=False, image='sin', interpolate=True, mask=None, maskParams=None, name='feedb_probe1_1', opacity=1.0, ori=0.0, pos=array([-0.6,  0. ]), size=array([0.3, 0.3]), texRes=128, units='height', win=Window(...))
9.6601 	EXP 	Created feedb_probe2_1 = ImageStim(__class__=<class 'psychopy.visual.image.ImageStim'>, autoLog=True, color=array([1., 1., 1.]), colorSpace='rgb', contrast=1.0, depth=-3.0, flipHoriz=False, flipVert=False, image='sin', interpolate=True, mask=None, maskParams=None, name='feedb_probe2_1', opacity=1.0, ori=0.0, pos=array([-0.2,  0. ]), size=array([0.3, 0.3]), texRes=128, units='height', win=Window(...))
9.6617 	EXP 	Created feedb_probe3_1 = ImageStim(__class__=<class 'psychopy.visual.image.ImageStim'>, autoLog=True, color=array([1., 1., 1.]), colorSpace='rgb', contrast=1.0, depth=-4.0, flipHoriz=False, flipVert=False, image='sin', interpolate=True, mask=None, maskParams=None, name='feedb_probe3_1', opacity=1.0, ori=0.0, pos=array([0.2, 0. ]), size=array([0.3, 0.3]), texRes=128, units='height', win=Window(...))
9.6634 	EXP 	Created feedb_probe4_1 = ImageStim(__class__=<class 'psychopy.visual.image.ImageStim'>, autoLog=True, color=array([1., 1., 1.]), colorSpace='rgb', contrast=1.0, depth=-5.0, flipHoriz=False, flipVert=False, image='sin', interpolate=True, mask=None, maskParams=None, name='feedb_probe4_1', opacity=1.0, ori=0.0, pos=array([0.6, 0. ]), size=array([0.3, 0.3]), texRes=128, units='height', win=Window(...))
9.6771 	EXP 	Created task_feedb = TextStim(__class__=<class 'psychopy.visual.text.TextStim'>, alignHoriz=method-wrapper(...), alignText='center', alignVert=method-wrapper(...), anchorHoriz='center', anchorVert='center', antialias=True, autoLog=True, bold=False, color='white', colorSpace='named', contrast=1.0, depth=0.0, flipHoriz=False, flipVert=False, font='Arial', fontFiles=[], height=0.2, italic=False, languageStyle='LTR', name='task_feedb', opacity=1.0, ori=0, pos=array([0. , 0.3]), rgb=array([255., 255., 255.]), text='default text', units='height', win=Window(...), wrapWidth=1)
9.6790 	EXP 	Created feedbImage = ImageStim(__class__=<class 'psychopy.visual.image.ImageStim'>, autoLog=True, color=array([1., 1., 1.]), colorSpace='rgb', contrast=1.0, depth=-1.0, flipHoriz=False, flipVert=False, image='sin', interpolate=True, mask=None, maskParams=None, name='feedbImage', opacity=1.0, ori=0.0, pos=array([ 0. , -0.1]), size=array([0.5, 0.5]), texRes=128, units='height', win=Window(...))
9.6801 	EXP 	Created iti = ImageStim(__class__=<class 'psychopy.visual.image.ImageStim'>, autoLog=True, color=array([1., 1., 1.]), colorSpace='rgb', contrast=1.0, depth=-2.0, flipHoriz=False, flipVert=False, image=None, interpolate=True, mask=None, maskParams=None, name='iti', opacity=1.0, ori=0.0, pos=array([0.1, 0. ]), size=array([0.5, 0.5]), texRes=128, units='height', win=Window(...))
9.6844 	EXP 	Created pract_message = TextStim(__class__=<class 'psychopy.visual.text.TextStim'>, alignHoriz=method-wrapper(...), alignText='center', alignVert=method-wrapper(...), anchorHoriz='center', anchorVert='center', antialias=True, autoLog=True, bold=False, color='black', colorSpace='named', contrast=1.0, depth=0.0, flipHoriz=False, flipVert=False, font='Arial', fontFiles=[], height=0.05, italic=False, languageStyle='LTR', name='pract_message', opacity=1.0, ori=0, pos=array([0., 0.]), rgb=array([0., 0., 0.]), text='default text', units='height', win=Window(...), wrapWidth=1.5)
9.7043 	EXP 	Created final_mess = TextStim(__class__=<class 'psychopy.visual.text.TextStim'>, alignHoriz=method-wrapper(...), alignText='center', alignVert=method-wrapper(...), anchorHoriz='center', anchorVert='center', antialias=True, autoLog=True, bold=False, color='black', colorSpace='named', contrast=1.0, depth=0.0, flipHoriz=False, flipVert=False, font='Arial', fontFiles=[], height=0.08, italic=False, languageStyle='LTR', name='final_mess', opacity=1.0, ori=0, pos=array([0., 0.]), rgb=array([0., 0., 0.]), text=str(...), units='height', win=Window(...), wrapWidth=1)
9.7293 	EXP 	Created Instruction_2 = TextStim(__class__=<class 'psychopy.visual.text.TextStim'>, alignHoriz=method-wrapper(...), alignText='center', alignVert=method-wrapper(...), anchorHoriz='center', anchorVert='center', antialias=True, autoLog=True, bold=False, color='black', colorSpace='named', contrast=1.0, depth=0.0, flipHoriz=False, flipVert=False, font='Arial', fontFiles=[], height=0.05, italic=False, languageStyle='LTR', name='Instruction_2', opacity=1.0, ori=0, pos=array([0., 0.]), rgb=array([0., 0., 0.]), text=str(...), units='height', win=Window(...), wrapWidth=1.5)
9.7328 	EXP 	Created instruction_top = TextStim(__class__=<class 'psychopy.visual.text.TextStim'>, alignHoriz=method-wrapper(...), alignText='center', alignVert=method-wrapper(...), anchorHoriz='center', anchorVert='center', antialias=True, autoLog=True, bold=False, color='black', colorSpace='named', contrast=1.0, depth=0.0, flipHoriz=False, flipVert=False, font='Arial', fontFiles=[], height=0.05, italic=False, languageStyle='LTR', name='instruction_top', opacity=1.0, ori=0, pos=array([0. , 0.3]), rgb=array([0., 0., 0.]), text='For this character ', units='height', win=Window(...), wrapWidth=1)
9.7349 	EXP 	Created Instruction_middle = TextStim(__class__=<class 'psychopy.visual.text.TextStim'>, alignHoriz=method-wrapper(...), alignText='center', alignVert=method-wrapper(...), anchorHoriz='center', anchorVert='center', antialias=True, autoLog=True, bold=False, color='black', colorSpace='named', contrast=1.0, depth=-1.0, flipHoriz=False, flipVert=False, font='Arial', fontFiles=[], height=0.05, italic=False, languageStyle='LTR', name='Instruction_middle', opacity=1.0, ori=0, pos=array([ 0. , -0.1]), rgb=array([0., 0., 0.]), text='default text', units='height', win=Window(...), wrapWidth=1)
9.7368 	EXP 	Created instruction_bottom = TextStim(__class__=<class 'psychopy.visual.text.TextStim'>, alignHoriz=method-wrapper(...), alignText='center', alignVert=method-wrapper(...), anchorHoriz='center', anchorVert='center', antialias=True, autoLog=True, bold=False, color='black', colorSpace='named', contrast=1.0, depth=-2.0, flipHoriz=False, flipVert=False, font='Arial', fontFiles=[], height=0.05, italic=False, languageStyle='LTR', name='instruction_bottom', opacity=1.0, ori=0, pos=array([ 0. , -0.2]), rgb=array([0., 0., 0.]), text='default text', units='height', win=Window(...), wrapWidth=1)
9.7391 	EXP 	Created press_space = TextStim(__class__=<class 'psychopy.visual.text.TextStim'>, alignHoriz=method-wrapper(...), alignText='center', alignVert=method-wrapper(...), anchorHoriz='center', anchorVert='center', antialias=True, autoLog=True, bold=False, color='black', colorSpace='named', contrast=1.0, depth=-3.0, flipHoriz=False, flipVert=False, font='Arial', fontFiles=[], height=0.05, italic=False, languageStyle='LTR', name='press_space', opacity=1.0, ori=0, pos=array([ 0. , -0.4]), rgb=array([0., 0., 0.]), text='Press SPACE to continue', units='height', win=Window(...), wrapWidth=1)
9.7419 	EXP 	Created image = ImageStim(__class__=<class 'psychopy.visual.image.ImageStim'>, autoLog=True, color=array([1., 1., 1.]), colorSpace='rgb', contrast=1.0, depth=-4.0, flipHoriz=False, flipVert=False, image='sin', interpolate=True, mask=None, maskParams=None, name='image', opacity=1.0, ori=0.0, pos=array([0. , 0.1]), size=array([0.25, 0.25]), texRes=128, units='height', win=Window(...))
9.7469 	EXP 	Created instr_learned = TextStim(__class__=<class 'psychopy.visual.text.TextStim'>, alignHoriz=method-wrapper(...), alignText='center', alignVert=method-wrapper(...), anchorHoriz='center', anchorVert='center', antialias=True, autoLog=True, bold=False, color='black', colorSpace='named', contrast=1.0, depth=0.0, flipHoriz=False, flipVert=False, font='Arial', fontFiles=[], height=0.05, italic=False, languageStyle='LTR', name='instr_learned', opacity=1.0, ori=0, pos=array([0., 0.]), rgb=array([0., 0., 0.]), text=str(...), units='height', win=Window(...), wrapWidth=1)
9.7592 	EXP 	Created taskGo_2 = TextStim(__class__=<class 'psychopy.visual.text.TextStim'>, alignHoriz=method-wrapper(...), alignText='center', alignVert=method-wrapper(...), anchorHoriz='center', anchorVert='center', antialias=True, autoLog=True, bold=False, color='Black', colorSpace='named', contrast=1.0, depth=0.0, flipHoriz=False, flipVert=False, font='Arial', fontFiles=[], height=0.05, italic=False, languageStyle='LTR', name='taskGo_2', opacity=1.0, ori=0, pos=array([0., 0.]), rgb=array([0., 0., 0.]), text=str(...), units='height', win=Window(...), wrapWidth=1.5)
9.7616 	EXP 	Created FixationCross_3 = TextStim(__class__=<class 'psychopy.visual.text.TextStim'>, alignHoriz=method-wrapper(...), alignText='center', alignVert=method-wrapper(...), anchorHoriz='center', anchorVert='center', antialias=True, autoLog=True, bold=False, color='white', colorSpace='named', contrast=1.0, depth=0.0, flipHoriz=False, flipVert=False, font='Arial', fontFiles=[], height=0.1, italic=False, languageStyle='LTR', name='FixationCross_3', opacity=1.0, ori=0, pos=array([0., 0.]), rgb=array([255., 255., 255.]), text='+', units='height', win=Window(...), wrapWidth=1)
9.7634 	EXP 	Created character_2 = ImageStim(__class__=<class 'psychopy.visual.image.ImageStim'>, autoLog=True, color=array([1., 1., 1.]), colorSpace='rgb', contrast=1.0, depth=-1.0, flipHoriz=False, flipVert=False, image='sin', interpolate=True, mask=None, maskParams=None, name='character_2', opacity=1.0, ori=0.0, pos=array([0., 0.]), size=array([0.5, 0.5]), texRes=128, units='height', win=Window(...))
9.7643 	EXP 	Created interval_2 = ImageStim(__class__=<class 'psychopy.visual.image.ImageStim'>, autoLog=True, color=array([1., 1., 1.]), colorSpace='rgb', contrast=1.0, depth=-2.0, flipHoriz=False, flipVert=False, image=None, interpolate=True, mask=None, maskParams=None, name='interval_2', opacity=1.0, ori=0.0, pos=array([0., 0.]), size=array([0.5, 0.5]), texRes=128, units='height', win=Window(...))
9.7660 	EXP 	Created task_probe1_3 = ImageStim(__class__=<class 'psychopy.visual.image.ImageStim'>, autoLog=True, color=array([1., 1., 1.]), colorSpace='rgb', contrast=1.0, depth=-3.0, flipHoriz=False, flipVert=False, image='sin', interpolate=True, mask=None, maskParams=None, name='task_probe1_3', opacity=1.0, ori=0.0, pos=array([-0.6,  0. ]), size=array([0.3, 0.3]), texRes=128, units='height', win=Window(...))
9.7676 	EXP 	Created task_probe2_3 = ImageStim(__class__=<class 'psychopy.visual.image.ImageStim'>, autoLog=True, color=array([1., 1., 1.]), colorSpace='rgb', contrast=1.0, depth=-4.0, flipHoriz=False, flipVert=False, image='sin', interpolate=True, mask=None, maskParams=None, name='task_probe2_3', opacity=1.0, ori=0.0, pos=array([-0.2,  0. ]), size=array([0.3, 0.3]), texRes=128, units='height', win=Window(...))
9.7692 	EXP 	Created task_probe3_3 = ImageStim(__class__=<class 'psychopy.visual.image.ImageStim'>, autoLog=True, color=array([1., 1., 1.]), colorSpace='rgb', contrast=1.0, depth=-5.0, flipHoriz=False, flipVert=False, image='sin', interpolate=True, mask=None, maskParams=None, name='task_probe3_3', opacity=1.0, ori=0.0, pos=array([0.2, 0. ]), size=array([0.3, 0.3]), texRes=128, units='height', win=Window(...))
9.7709 	EXP 	Created task_probe4_3 = ImageStim(__class__=<class 'psychopy.visual.image.ImageStim'>, autoLog=True, color=array([1., 1., 1.]), colorSpace='rgb', contrast=1.0, depth=-6.0, flipHoriz=False, flipVert=False, image='sin', interpolate=True, mask=None, maskParams=None, name='task_probe4_3', opacity=1.0, ori=0.0, pos=array([0.6, 0. ]), size=array([0.3, 0.3]), texRes=128, units='height', win=Window(...))
9.7727 	EXP 	Created number_8 = TextStim(__class__=<class 'psychopy.visual.text.TextStim'>, alignHoriz=method-wrapper(...), alignText='center', alignVert=method-wrapper(...), anchorHoriz='center', anchorVert='center', antialias=True, autoLog=True, bold=False, color='black', colorSpace='named', contrast=1.0, depth=-8.0, flipHoriz=False, flipVert=False, font='Arial', fontFiles=[], height=0.1, italic=False, languageStyle='LTR', name='number_8', opacity=1.0, ori=0, pos=array([-0.6,  0.3]), rgb=array([0., 0., 0.]), text='1', units='height', win=Window(...), wrapWidth=1)
9.7749 	EXP 	Created number_9 = TextStim(__class__=<class 'psychopy.visual.text.TextStim'>, alignHoriz=method-wrapper(...), alignText='center', alignVert=method-wrapper(...), anchorHoriz='center', anchorVert='center', antialias=True, autoLog=True, bold=False, color='black', colorSpace='named', contrast=1.0, depth=-9.0, flipHoriz=False, flipVert=False, font='Arial', fontFiles=[], height=0.1, italic=False, languageStyle='LTR', name='number_9', opacity=1.0, ori=0, pos=array([-0.2,  0.3]), rgb=array([0., 0., 0.]), text='2', units='height', win=Window(...), wrapWidth=1)
9.7766 	EXP 	Created number_10 = TextStim(__class__=<class 'psychopy.visual.text.TextStim'>, alignHoriz=method-wrapper(...), alignText='center', alignVert=method-wrapper(...), anchorHoriz='center', anchorVert='center', antialias=True, autoLog=True, bold=False, color='black', colorSpace='named', contrast=1.0, depth=-10.0, flipHoriz=False, flipVert=False, font='Arial', fontFiles=[], height=0.1, italic=False, languageStyle='LTR', name='number_10', opacity=1.0, ori=0, pos=array([0.2, 0.3]), rgb=array([0., 0., 0.]), text='3', units='height', win=Window(...), wrapWidth=1)
9.7782 	EXP 	Created number_11 = TextStim(__class__=<class 'psychopy.visual.text.TextStim'>, alignHoriz=method-wrapper(...), alignText='center', alignVert=method-wrapper(...), anchorHoriz='center', anchorVert='center', antialias=True, autoLog=True, bold=False, color='black', colorSpace='named', contrast=1.0, depth=-11.0, flipHoriz=False, flipVert=False, font='Arial', fontFiles=[], height=0.1, italic=False, languageStyle='LTR', name='number_11', opacity=1.0, ori=0, pos=array([0.6, 0.3]), rgb=array([0., 0., 0.]), text='4', units='height', win=Window(...), wrapWidth=1)
9.7800 	EXP 	Created cuedChar_2 = ImageStim(__class__=<class 'psychopy.visual.image.ImageStim'>, autoLog=True, color=array([1., 1., 1.]), colorSpace='rgb', contrast=1.0, depth=-1.0, flipHoriz=False, flipVert=False, image='sin', interpolate=True, mask=None, maskParams=None, name='cuedChar_2', opacity=1.0, ori=0.0, pos=array([0., 0.]), size=array([0.3, 0.3]), texRes=128, units='height', win=Window(...))
9.7815 	EXP 	Created feedb_probe1_2 = ImageStim(__class__=<class 'psychopy.visual.image.ImageStim'>, autoLog=True, color=array([1., 1., 1.]), colorSpace='rgb', contrast=1.0, depth=-2.0, flipHoriz=False, flipVert=False, image='sin', interpolate=True, mask=None, maskParams=None, name='feedb_probe1_2', opacity=1.0, ori=0.0, pos=array([-0.6,  0. ]), size=array([0.3, 0.3]), texRes=128, units='height', win=Window(...))
9.7832 	EXP 	Created feedb_probe2_2 = ImageStim(__class__=<class 'psychopy.visual.image.ImageStim'>, autoLog=True, color=array([1., 1., 1.]), colorSpace='rgb', contrast=1.0, depth=-3.0, flipHoriz=False, flipVert=False, image='sin', interpolate=True, mask=None, maskParams=None, name='feedb_probe2_2', opacity=1.0, ori=0.0, pos=array([-0.2,  0. ]), size=array([0.3, 0.3]), texRes=128, units='height', win=Window(...))
9.7848 	EXP 	Created feedb_probe3_2 = ImageStim(__class__=<class 'psychopy.visual.image.ImageStim'>, autoLog=True, color=array([1., 1., 1.]), colorSpace='rgb', contrast=1.0, depth=-4.0, flipHoriz=False, flipVert=False, image='sin', interpolate=True, mask=None, maskParams=None, name='feedb_probe3_2', opacity=1.0, ori=0.0, pos=array([0.2, 0. ]), size=array([0.3, 0.3]), texRes=128, units='height', win=Window(...))
9.7864 	EXP 	Created feedb_probe4_2 = ImageStim(__class__=<class 'psychopy.visual.image.ImageStim'>, autoLog=True, color=array([1., 1., 1.]), colorSpace='rgb', contrast=1.0, depth=-5.0, flipHoriz=False, flipVert=False, image='sin', interpolate=True, mask=None, maskParams=None, name='feedb_probe4_2', opacity=1.0, ori=0.0, pos=array([0.6, 0. ]), size=array([0.3, 0.3]), texRes=128, units='height', win=Window(...))
9.7882 	EXP 	Created feedbImage_2 = ImageStim(__class__=<class 'psychopy.visual.image.ImageStim'>, autoLog=True, color=array([1., 1., 1.]), colorSpace='rgb', contrast=1.0, depth=0.0, flipHoriz=False, flipVert=False, image='sin', interpolate=True, mask=None, maskParams=None, name='feedbImage_2', opacity=1.0, ori=0.0, pos=array([ 0. , -0.1]), size=array([0.5, 0.5]), texRes=128, units='height', win=Window(...))
9.7892 	EXP 	Created iti_2 = ImageStim(__class__=<class 'psychopy.visual.image.ImageStim'>, autoLog=True, color=array([1., 1., 1.]), colorSpace='rgb', contrast=1.0, depth=-1.0, flipHoriz=False, flipVert=False, image=None, interpolate=True, mask=None, maskParams=None, name='iti_2', opacity=1.0, ori=0.0, pos=array([0.1, 0. ]), size=array([0.5, 0.5]), texRes=128, units='height', win=Window(...))
9.7993 	EXP 	Created final_message_ = TextStim(__class__=<class 'psychopy.visual.text.TextStim'>, alignHoriz=method-wrapper(...), alignText='center', alignVert=method-wrapper(...), anchorHoriz='center', anchorVert='center', antialias=True, autoLog=True, bold=False, color='black', colorSpace='named', contrast=1.0, depth=0.0, flipHoriz=False, flipVert=False, font='Arial', fontFiles=[], height=0.05, italic=False, languageStyle='LTR', name='final_message_', opacity=1.0, ori=0, pos=array([0., 0.]), rgb=array([0., 0., 0.]), text=str(...), units='height', win=Window(...), wrapWidth=1)
9.8090 	EXP 	Instruction: autoDraw = True
10.9644 	DATA 	Mouse: Left button down, pos=(1127,610)
11.0710 	DATA 	Mouse:  Left button up, pos=(1127,610)
11.3179 	DATA 	Keypress: space
11.3228 	EXP 	Imported instructions.csv as conditions, 6 conditions, 1 params
11.3231 	EXP 	Created sequence: sequential, trialTypes=6, nReps=1, seed=None
11.3234 	EXP 	New trial (rep=0, index=0): OrderedDict([('slides', 'stimuli/slide1.png')])
11.3722 	EXP 	Instruction: autoDraw = False
11.3722 	EXP 	Inst_slides: image = 'stimuli/slide1.png'
11.3722 	EXP 	Inst_slides: autoDraw = True
11.9102 	DATA 	Keypress: space
11.9111 	EXP 	New trial (rep=0, index=1): OrderedDict([('slides', 'stimuli/slide2.png')])
11.9558 	EXP 	Inst_slides: autoDraw = False
11.9558 	EXP 	Inst_slides: image = 'stimuli/slide2.png'
11.9558 	EXP 	Inst_slides: autoDraw = True
12.1123 	DATA 	Keypress: space
12.1130 	EXP 	New trial (rep=0, index=2): OrderedDict([('slides', 'stimuli/slide3.png')])
12.1636 	EXP 	Inst_slides: autoDraw = False
12.1636 	EXP 	Inst_slides: image = 'stimuli/slide3.png'
12.1636 	EXP 	Inst_slides: autoDraw = True
12.3222 	DATA 	Keypress: space
12.3230 	EXP 	New trial (rep=0, index=3): OrderedDict([('slides', 'stimuli/slide4.png')])
12.3664 	EXP 	Inst_slides: autoDraw = False
12.3664 	EXP 	Inst_slides: image = 'stimuli/slide4.png'
12.3664 	EXP 	Inst_slides: autoDraw = True
12.4819 	DATA 	Keypress: space
12.4828 	EXP 	New trial (rep=0, index=4): OrderedDict([('slides', 'stimuli/slide5.png')])
12.5310 	EXP 	Inst_slides: autoDraw = False
12.5310 	EXP 	Inst_slides: image = 'stimuli/slide5.png'
12.5310 	EXP 	Inst_slides: autoDraw = True
12.6108 	DATA 	Keypress: space
12.6115 	EXP 	New trial (rep=0, index=5): OrderedDict([('slides', 'stimuli/slide6.png')])
12.6525 	EXP 	Inst_slides: autoDraw = False
12.6525 	EXP 	Inst_slides: image = 'stimuli/slide6.png'
12.6525 	EXP 	Inst_slides: autoDraw = True
12.8239 	DATA 	Keypress: space
12.8375 	EXP 	Inst_slides: autoDraw = False
12.8375 	EXP 	taskprep0: autoDraw = True
12.9185 	DATA 	Keypress: space
12.9290 	EXP 	taskprep0: autoDraw = False
12.9290 	EXP 	taskGo: autoDraw = True
13.0886 	DATA 	Keypress: space
13.0905 	EXP 	Created sequence: random, trialTypes=1, nReps=99, seed=None
13.0911 	EXP 	New trial (rep=0, index=0): None
13.0958 	EXP 	Imported practlist.csv as conditions, 2 conditions, 10 params
13.0961 	EXP 	Created sequence: sequential, trialTypes=2, nReps=1, seed=None
13.0967 	EXP 	New trial (rep=0, index=0): OrderedDict([('character', 'stimuli/m_red.jpg'), ('left_categ', 'stimuli/Food.png'), ('centleft_categ', 'stimuli/Gamestoy & entertainment.png'), ('centright_categ', 'stimuli/Vehicle.png'), ('right_categ', 'stimuli/Clothing.png'), ('trial_cond', 1), ('corr_ans', 'Food'), ('corr_ans_num', 1), ('type', 1), ('img', 'stimuli/objects/chocolatecroissant.jpg')])
13.1384 	EXP 	taskGo: autoDraw = False
13.1384 	EXP 	character1: image = 'stimuli/m_red.jpg'
13.1384 	EXP 	task_probe1: image = 'stimuli/Food.png'
13.1384 	EXP 	task_probe2: image = 'stimuli/Gamestoy & entertainment.png'
13.1384 	EXP 	task_probe3: image = 'stimuli/Vehicle.png'
13.1384 	EXP 	task_probe4: image = 'stimuli/Clothing.png'
13.1384 	EXP 	FixationCross: autoDraw = True
13.2944 	DATA 	Keypress: space
13.3792 	EXP 	character1: autoDraw = True
13.3928 	EXP 	FixationCross: autoDraw = False
13.8629 	EXP 	interval: autoDraw = True
13.8931 	EXP 	character1: autoDraw = False
14.3711 	EXP 	task_probe1: autoDraw = True
14.3711 	EXP 	task_probe2: autoDraw = True
14.3711 	EXP 	task_probe3: autoDraw = True
14.3711 	EXP 	task_probe4: autoDraw = True
14.3711 	EXP 	number_1: autoDraw = True
14.3711 	EXP 	number_2: autoDraw = True
14.3711 	EXP 	number_3: autoDraw = True
14.3711 	EXP 	number_4: autoDraw = True
15.1137 	EXP 	interval: autoDraw = False
18.4085 	EXP 	task_probe1: autoDraw = False
18.4085 	EXP 	task_probe2: autoDraw = False
18.4085 	EXP 	task_probe3: autoDraw = False
18.4085 	EXP 	task_probe4: autoDraw = False
18.4085 	EXP 	number_1: autoDraw = False
18.4085 	EXP 	number_2: autoDraw = False
18.4085 	EXP 	number_3: autoDraw = False
18.4085 	EXP 	number_4: autoDraw = False
18.4085 	EXP 	FixationCross: autoDraw = False
18.4085 	EXP 	character1: autoDraw = False
18.4085 	EXP 	interval: autoDraw = False
18.4085 	EXP 	task_probe1: autoDraw = False
18.4085 	EXP 	task_probe2: autoDraw = False
18.4085 	EXP 	task_probe3: autoDraw = False
18.4085 	EXP 	task_probe4: autoDraw = False
18.4085 	EXP 	number_1: autoDraw = False
18.4085 	EXP 	number_2: autoDraw = False
18.4085 	EXP 	number_3: autoDraw = False
18.4085 	EXP 	number_4: autoDraw = False
18.4085 	EXP 	cuedChar: pos = array([ 0. , -0.3])
18.4085 	EXP 	cuedChar: image = 'stimuli/m_red.jpg'
18.4085 	EXP 	feedb_probe1_1: image = 'stimuli/Food.png'
18.4085 	EXP 	feedb_probe2_1: image = 'stimuli/Gamestoy & entertainment.png'
18.4085 	EXP 	feedb_probe3_1: image = 'stimuli/Vehicle.png'
18.4085 	EXP 	feedb_probe4_1: image = 'stimuli/Clothing.png'
18.4085 	EXP 	cuedChar: autoDraw = True
18.4085 	EXP 	feedb_probe1_1: autoDraw = True
18.4085 	EXP 	feedb_probe2_1: autoDraw = True
18.4085 	EXP 	feedb_probe3_1: autoDraw = True
18.4085 	EXP 	feedb_probe4_1: autoDraw = True
19.5057 	EXP 	cuedChar: autoDraw = False
19.5057 	EXP 	feedb_probe1_1: autoDraw = False
19.5057 	EXP 	feedb_probe2_1: autoDraw = False
19.5057 	EXP 	feedb_probe3_1: autoDraw = False
19.5057 	EXP 	feedb_probe4_1: autoDraw = False
19.5057 	EXP 	task_feedb: text = 'incorrect'
19.5057 	EXP 	feedbImage: image = 'stimuli/objects/chocolatecroissant.jpg'
19.5057 	EXP 	task_feedb: autoDraw = True
19.5057 	EXP 	feedbImage: autoDraw = True
19.9795 	EXP 	iti: autoDraw = True
20.0266 	EXP 	task_feedb: autoDraw = False
20.0266 	EXP 	feedbImage: autoDraw = False
20.7229 	EXP 	New trial (rep=0, index=1): OrderedDict([('character', 'stimuli/m_red.jpg'), ('left_categ', 'stimuli/Clothing.png'), ('centleft_categ', 'stimuli/Food.png'), ('centright_categ', 'stimuli/Gamestoy & entertainment.png'), ('right_categ', 'stimuli/Vehicle.png'), ('trial_cond', 0), ('corr_ans', 'Vehicle'), ('corr_ans_num', 4), ('type', 0), ('img', 'stimuli/objects/tricycle.jpg')])
20.7735 	EXP 	iti: autoDraw = False
20.7735 	EXP 	task_feedb: autoDraw = False
20.7735 	EXP 	feedbImage: autoDraw = False
20.7735 	EXP 	iti: autoDraw = False
20.7735 	EXP 	character1: image = 'stimuli/m_red.jpg'
20.7735 	EXP 	task_probe1: image = 'stimuli/Clothing.png'
20.7735 	EXP 	task_probe2: image = 'stimuli/Food.png'
20.7735 	EXP 	task_probe3: image = 'stimuli/Gamestoy & entertainment.png'
20.7735 	EXP 	task_probe4: image = 'stimuli/Vehicle.png'
20.7735 	EXP 	FixationCross: autoDraw = True
21.0070 	EXP 	character1: autoDraw = True
21.0203 	EXP 	FixationCross: autoDraw = False
21.4886 	EXP 	interval: autoDraw = True
21.5294 	EXP 	character1: autoDraw = False
21.9863 	EXP 	task_probe1: autoDraw = True
21.9863 	EXP 	task_probe2: autoDraw = True
21.9863 	EXP 	task_probe3: autoDraw = True
21.9863 	EXP 	task_probe4: autoDraw = True
21.9863 	EXP 	number_1: autoDraw = True
21.9863 	EXP 	number_2: autoDraw = True
21.9863 	EXP 	number_3: autoDraw = True
21.9863 	EXP 	number_4: autoDraw = True
22.7594 	EXP 	interval: autoDraw = False
26.0338 	EXP 	task_probe1: autoDraw = False
26.0338 	EXP 	task_probe2: autoDraw = False
26.0338 	EXP 	task_probe3: autoDraw = False
26.0338 	EXP 	task_probe4: autoDraw = False
26.0338 	EXP 	number_1: autoDraw = False
26.0338 	EXP 	number_2: autoDraw = False
26.0338 	EXP 	number_3: autoDraw = False
26.0338 	EXP 	number_4: autoDraw = False
26.0338 	EXP 	FixationCross: autoDraw = False
26.0338 	EXP 	character1: autoDraw = False
26.0338 	EXP 	interval: autoDraw = False
26.0338 	EXP 	task_probe1: autoDraw = False
26.0338 	EXP 	task_probe2: autoDraw = False
26.0338 	EXP 	task_probe3: autoDraw = False
26.0338 	EXP 	task_probe4: autoDraw = False
26.0338 	EXP 	number_1: autoDraw = False
26.0338 	EXP 	number_2: autoDraw = False
26.0338 	EXP 	number_3: autoDraw = False
26.0338 	EXP 	number_4: autoDraw = False
26.0338 	EXP 	cuedChar: pos = array([ 0. , -0.3])
26.0338 	EXP 	cuedChar: image = 'stimuli/m_red.jpg'
26.0338 	EXP 	feedb_probe1_1: image = 'stimuli/Clothing.png'
26.0338 	EXP 	feedb_probe2_1: image = 'stimuli/Food.png'
26.0338 	EXP 	feedb_probe3_1: image = 'stimuli/Gamestoy & entertainment.png'
26.0338 	EXP 	feedb_probe4_1: image = 'stimuli/Vehicle.png'
26.0338 	EXP 	cuedChar: autoDraw = True
26.0338 	EXP 	feedb_probe1_1: autoDraw = True
26.0338 	EXP 	feedb_probe2_1: autoDraw = True
26.0338 	EXP 	feedb_probe3_1: autoDraw = True
26.0338 	EXP 	feedb_probe4_1: autoDraw = True
27.0953 	EXP 	cuedChar: autoDraw = False
27.0953 	EXP 	feedb_probe1_1: autoDraw = False
27.0953 	EXP 	feedb_probe2_1: autoDraw = False
27.0953 	EXP 	feedb_probe3_1: autoDraw = False
27.0953 	EXP 	feedb_probe4_1: autoDraw = False
27.0953 	EXP 	task_feedb: text = 'incorrect'
27.0953 	EXP 	feedbImage: image = 'stimuli/objects/tricycle.jpg'
27.0953 	EXP 	task_feedb: autoDraw = True
27.0953 	EXP 	feedbImage: autoDraw = True
27.5649 	EXP 	iti: autoDraw = True
27.6089 	EXP 	task_feedb: autoDraw = False
27.6089 	EXP 	feedbImage: autoDraw = False
28.3363 	EXP 	iti: autoDraw = False
28.3363 	EXP 	task_feedb: autoDraw = False
28.3363 	EXP 	feedbImage: autoDraw = False
28.3363 	EXP 	iti: autoDraw = False
28.3363 	EXP 	pract_message: text = "You got [] % correct.\n\n Please approach the experimenter \nPress 'y' to do the task again and 'n' to continue with the experiment"
28.3363 	EXP 	pract_message: autoDraw = True
36.8924 	DATA 	Keypress: n
36.9057 	EXP 	pract_message: autoDraw = False
36.9057 	EXP 	final_mess: autoDraw = True
37.6392 	DATA 	Keypress: space
37.6532 	EXP 	final_mess: autoDraw = False
37.6532 	EXP 	Instruction_2: autoDraw = True
38.3252 	DATA 	Keypress: space
38.3292 	EXP 	Imported known_categ_4.csv as conditions, 1 conditions, 2 params
38.3294 	EXP 	Created sequence: sequential, trialTypes=1, nReps=1, seed=None
38.3296 	EXP 	New trial (rep=0, index=0): OrderedDict([('character', 'stimuli/m_orange.jpg'), ('category', 'electronic devices')])
38.3962 	EXP 	Instruction_2: autoDraw = False
38.3962 	EXP 	Instruction_middle: text = 'The preferred category will be'
38.3962 	EXP 	instruction_bottom: text = 'electronic devices'
38.3962 	EXP 	image: image = 'stimuli/m_orange.jpg'
38.3962 	EXP 	instruction_top: autoDraw = True
38.3962 	EXP 	Instruction_middle: autoDraw = True
38.3962 	EXP 	instruction_bottom: autoDraw = True
38.3962 	EXP 	press_space: autoDraw = True
38.3962 	EXP 	image: autoDraw = True
38.4970 	DATA 	Keypress: space
38.5084 	EXP 	instruction_top: autoDraw = False
38.5084 	EXP 	Instruction_middle: autoDraw = False
38.5084 	EXP 	instruction_bottom: autoDraw = False
38.5084 	EXP 	press_space: autoDraw = False
38.5084 	EXP 	image: autoDraw = False
38.5084 	EXP 	instr_learned: autoDraw = True
38.6551 	DATA 	Keypress: space
38.6690 	EXP 	instr_learned: autoDraw = False
38.6690 	EXP 	taskGo_2: autoDraw = True
38.8625 	DATA 	Keypress: space
38.8801 	EXP 	Imported task_list_4.csv as conditions, 120 conditions, 10 params
38.8810 	EXP 	Created sequence: sequential, trialTypes=120, nReps=1, seed=None
38.8814 	EXP 	New trial (rep=0, index=0): OrderedDict([('character', 'stimuli/m_orange.jpg'), ('left_categ', 'stimuli/Kitchen & utensil.png'), ('centleft_categ', 'stimuli/Outdoor activity & sport item.png'), ('centright_categ', 'stimuli/Hand labour tool & accessory.png'), ('right_categ', 'stimuli/Electronic device & accessory.png'), ('type', 1), ('corr_ans', 'Electronic device & accessory'), ('condition', 1), ('corr_ans_num', 4), ('img', 'stimuli/objects/spotlight.jpg')])
38.9467 	EXP 	taskGo_2: autoDraw = False
38.9467 	EXP 	character_2: image = 'stimuli/m_orange.jpg'
38.9467 	EXP 	task_probe1_3: image = 'stimuli/Kitchen & utensil.png'
38.9467 	EXP 	task_probe2_3: image = 'stimuli/Outdoor activity & sport item.png'
38.9467 	EXP 	task_probe3_3: image = 'stimuli/Hand labour tool & accessory.png'
38.9467 	EXP 	task_probe4_3: image = 'stimuli/Electronic device & accessory.png'
38.9467 	EXP 	FixationCross_3: autoDraw = True
39.1534 	EXP 	character_2: autoDraw = True
39.2122 	EXP 	FixationCross_3: autoDraw = False
39.6692 	EXP 	character_2: autoDraw = False
39.6692 	EXP 	interval_2: autoDraw = True
40.1635 	EXP 	task_probe1_3: autoDraw = True
40.1635 	EXP 	task_probe2_3: autoDraw = True
40.1635 	EXP 	task_probe3_3: autoDraw = True
40.1635 	EXP 	task_probe4_3: autoDraw = True
40.1635 	EXP 	number_8: autoDraw = True
40.1635 	EXP 	number_9: autoDraw = True
40.1635 	EXP 	number_10: autoDraw = True
40.1635 	EXP 	number_11: autoDraw = True
40.9297 	EXP 	interval_2: autoDraw = False
41.3698 	DATA 	Keypress: 3
41.4234 	EXP 	FixationCross_3: autoDraw = False
41.4234 	EXP 	character_2: autoDraw = False
41.4234 	EXP 	interval_2: autoDraw = False
41.4234 	EXP 	task_probe1_3: autoDraw = False
41.4234 	EXP 	task_probe2_3: autoDraw = False
41.4234 	EXP 	task_probe3_3: autoDraw = False
41.4234 	EXP 	task_probe4_3: autoDraw = False
41.4234 	EXP 	number_8: autoDraw = False
41.4234 	EXP 	number_9: autoDraw = False
41.4234 	EXP 	number_10: autoDraw = False
41.4234 	EXP 	number_11: autoDraw = False
41.4234 	EXP 	cuedChar_2: pos = array([ 0.2, -0.3])
41.4234 	EXP 	cuedChar_2: image = 'stimuli/m_orange.jpg'
41.4234 	EXP 	feedb_probe1_2: image = 'stimuli/Kitchen & utensil.png'
41.4234 	EXP 	feedb_probe2_2: image = 'stimuli/Outdoor activity & sport item.png'
41.4234 	EXP 	feedb_probe3_2: image = 'stimuli/Hand labour tool & accessory.png'
41.4234 	EXP 	feedb_probe4_2: image = 'stimuli/Electronic device & accessory.png'
41.4234 	EXP 	cuedChar_2: autoDraw = True
41.4234 	EXP 	feedb_probe1_2: autoDraw = True
41.4234 	EXP 	feedb_probe2_2: autoDraw = True
41.4234 	EXP 	feedb_probe3_2: autoDraw = True
41.4234 	EXP 	feedb_probe4_2: autoDraw = True
42.5996 	EXP 	cuedChar_2: autoDraw = False
42.5996 	EXP 	feedb_probe1_2: autoDraw = False
42.5996 	EXP 	feedb_probe2_2: autoDraw = False
42.5996 	EXP 	feedb_probe3_2: autoDraw = False
42.5996 	EXP 	feedb_probe4_2: autoDraw = False
42.5996 	EXP 	feedbImage_2: image = 'stimuli/objects/spotlight.jpg'
42.5996 	EXP 	feedbImage_2: autoDraw = True
43.0759 	EXP 	iti_2: autoDraw = True
43.1244 	EXP 	feedbImage_2: autoDraw = False
43.8143 	EXP 	New trial (rep=0, index=1): OrderedDict([('character', 'stimuli/m_black.jpg'), ('left_categ', 'stimuli/Kitchen & utensil.png'), ('centleft_categ', 'stimuli/Outdoor activity & sport item.png'), ('centright_categ', 'stimuli/Electronic device & accessory.png'), ('right_categ', 'stimuli/Hand labour tool & accessory.png'), ('type', 1), ('corr_ans', 'Kitchen & utensil'), ('condition', 0), ('corr_ans_num', 1), ('img', 'stimuli/objects/peppermill02b.jpg')])
43.8881 	EXP 	iti_2: autoDraw = False
43.8881 	EXP 	feedbImage_2: autoDraw = False
43.8881 	EXP 	iti_2: autoDraw = False
43.8881 	EXP 	character_2: image = 'stimuli/m_black.jpg'
43.8881 	EXP 	task_probe1_3: image = 'stimuli/Kitchen & utensil.png'
43.8881 	EXP 	task_probe2_3: image = 'stimuli/Outdoor activity & sport item.png'
43.8881 	EXP 	task_probe3_3: image = 'stimuli/Electronic device & accessory.png'
43.8881 	EXP 	task_probe4_3: image = 'stimuli/Hand labour tool & accessory.png'
43.8881 	EXP 	FixationCross_3: autoDraw = True
44.1038 	EXP 	character_2: autoDraw = True
44.1667 	EXP 	FixationCross_3: autoDraw = False
44.6022 	EXP 	character_2: autoDraw = False
44.6022 	EXP 	interval_2: autoDraw = True
45.0998 	EXP 	task_probe1_3: autoDraw = True
45.0998 	EXP 	task_probe2_3: autoDraw = True
45.0998 	EXP 	task_probe3_3: autoDraw = True
45.0998 	EXP 	task_probe4_3: autoDraw = True
45.0998 	EXP 	number_8: autoDraw = True
45.0998 	EXP 	number_9: autoDraw = True
45.0998 	EXP 	number_10: autoDraw = True
45.0998 	EXP 	number_11: autoDraw = True
45.8564 	EXP 	interval_2: autoDraw = False
49.1518 	EXP 	task_probe1_3: autoDraw = False
49.1518 	EXP 	task_probe2_3: autoDraw = False
49.1518 	EXP 	task_probe3_3: autoDraw = False
49.1518 	EXP 	task_probe4_3: autoDraw = False
49.1518 	EXP 	number_8: autoDraw = False
49.1518 	EXP 	number_9: autoDraw = False
49.1518 	EXP 	number_10: autoDraw = False
49.1518 	EXP 	number_11: autoDraw = False
49.1518 	EXP 	FixationCross_3: autoDraw = False
49.1518 	EXP 	character_2: autoDraw = False
49.1518 	EXP 	interval_2: autoDraw = False
49.1518 	EXP 	task_probe1_3: autoDraw = False
49.1518 	EXP 	task_probe2_3: autoDraw = False
49.1518 	EXP 	task_probe3_3: autoDraw = False
49.1518 	EXP 	task_probe4_3: autoDraw = False
49.1518 	EXP 	number_8: autoDraw = False
49.1518 	EXP 	number_9: autoDraw = False
49.1518 	EXP 	number_10: autoDraw = False
49.1518 	EXP 	number_11: autoDraw = False
49.1518 	EXP 	cuedChar_2: pos = array([ 0. , -0.3])
49.1518 	EXP 	cuedChar_2: image = 'stimuli/m_black.jpg'
49.1518 	EXP 	feedb_probe1_2: image = 'stimuli/Kitchen & utensil.png'
49.1518 	EXP 	feedb_probe2_2: image = 'stimuli/Outdoor activity & sport item.png'
49.1518 	EXP 	feedb_probe3_2: image = 'stimuli/Electronic device & accessory.png'
49.1518 	EXP 	feedb_probe4_2: image = 'stimuli/Hand labour tool & accessory.png'
49.1518 	EXP 	cuedChar_2: autoDraw = True
49.1518 	EXP 	feedb_probe1_2: autoDraw = True
49.1518 	EXP 	feedb_probe2_2: autoDraw = True
49.1518 	EXP 	feedb_probe3_2: autoDraw = True
49.1518 	EXP 	feedb_probe4_2: autoDraw = True
49.1521 	DATA 	Mouse: Left button down, pos=(459,878)
49.2542 	DATA 	Mouse:  Left button up, pos=(459,878)
49.9079 	DATA 	Keypress: escape
49.9193 	EXP 	window1: mouseVisible = True
