1.0216 	WARNING 	We strongly recommend you activate the PTB sound engine in PsychoPy prefs as the preferred audio engine. Its timing is vastly superior. Your prefs are currently set to use ['sounddevice', 'PTB', 'pyo', 'pygame'] (in that order).
1.6639 	WARNING 	Import Error: No module named 'psychtoolbox'. Using event module for keyboard component.
5.0149 	EXP 	Created window1 = Window(allowGUI=False, allowStencil=False, args=UNKNOWN, autoLog=True, bitsMode=UNKNOWN, blendMode='avg', bpc=(8, 8, 8), color=array([0., 0., 0.]), colorSpace='rgb', depthBits=8, fullscr=<method-wrapper '__getattribute__' of attributeSetter object at 0x7f58240fd940>, gamma=None, gammaErrorPolicy='raise', kwargs=UNKNOWN, lms=UNKNOWN, monitor=<psychopy.monitors.calibTools.Monitor object at 0x7f58150013a0>, multiSample=False, name='window1', numSamples=2, pos=[0.0, 0.0], screen=0, size=array([1680, 1050]), stencilBits=0, stereo=False, units='height', useFBO=True, useRetina=False, viewOri=0.0, viewPos=None, viewScale=None, waitBlanking=True, winType='pyglet')
5.0149 	EXP 	window1: recordFrameIntervals = False
5.1812 	EXP 	window1: recordFrameIntervals = True
5.3651 	EXP 	window1: recordFrameIntervals = False
5.4439 	EXP 	Created Instruction = TextStim(__class__=<class 'psychopy.visual.text.TextStim'>, alignHoriz=method-wrapper(...), alignText='center', alignVert=method-wrapper(...), anchorHoriz='center', anchorVert='center', antialias=True, autoLog=True, bold=False, color='black', colorSpace='named', contrast=1.0, depth=0.0, flipHoriz=False, flipVert=False, font='Arial', fontFiles=[], height=0.05, italic=False, languageStyle='LTR', name='Instruction', opacity=1.0, ori=0, pos=array([0., 0.]), rgb=array([0., 0., 0.]), text=str(...), units='height', win=Window(...), wrapWidth=1.5)
5.4463 	EXP 	Created Inst_slides = ImageStim(__class__=<class 'psychopy.visual.image.ImageStim'>, autoLog=True, color=array([1., 1., 1.]), colorSpace='rgb', contrast=1.0, depth=0.0, flipHoriz=False, flipVert=False, image='sin', interpolate=True, mask=None, maskParams=None, name='Inst_slides', opacity=1.0, ori=0.0, pos=array([0., 0.]), size=array([1.6, 1. ]), texRes=128, units='height', win=Window(...))
5.4509 	EXP 	Created taskprep0 = TextStim(__class__=<class 'psychopy.visual.text.TextStim'>, alignHoriz=method-wrapper(...), alignText='center', alignVert=method-wrapper(...), anchorHoriz='center', anchorVert='center', antialias=True, autoLog=True, bold=False, color='black', colorSpace='named', contrast=1.0, depth=0.0, flipHoriz=False, flipVert=False, font='Arial', fontFiles=[], height=0.05, italic=False, languageStyle='LTR', name='taskprep0', opacity=1.0, ori=0, pos=array([0., 0.]), rgb=array([0., 0., 0.]), text=str(...), units='height', win=Window(...), wrapWidth=1)
5.4660 	EXP 	Created taskGo = TextStim(__class__=<class 'psychopy.visual.text.TextStim'>, alignHoriz=method-wrapper(...), alignText='center', alignVert=method-wrapper(...), anchorHoriz='center', anchorVert='center', antialias=True, autoLog=True, bold=False, color='Black', colorSpace='named', contrast=1.0, depth=0.0, flipHoriz=False, flipVert=False, font='Arial', fontFiles=[], height=0.05, italic=False, languageStyle='LTR', name='taskGo', opacity=1.0, ori=0, pos=array([0., 0.]), rgb=array([0., 0., 0.]), text=str(...), units='height', win=Window(...), wrapWidth=1.5)
5.4728 	EXP 	Created FixationCross = TextStim(__class__=<class 'psychopy.visual.text.TextStim'>, alignHoriz=method-wrapper(...), alignText='center', alignVert=method-wrapper(...), anchorHoriz='center', anchorVert='center', antialias=True, autoLog=True, bold=False, color='white', colorSpace='named', contrast=1.0, depth=0.0, flipHoriz=False, flipVert=False, font='Arial', fontFiles=[], height=0.1, italic=False, languageStyle='LTR', name='FixationCross', opacity=1.0, ori=0, pos=array([0., 0.]), rgb=array([255., 255., 255.]), text='+', units='height', win=Window(...), wrapWidth=1)
5.4745 	EXP 	Created character1 = ImageStim(__class__=<class 'psychopy.visual.image.ImageStim'>, autoLog=True, color=array([1., 1., 1.]), colorSpace='rgb', contrast=1.0, depth=-1.0, flipHoriz=False, flipVert=False, image='sin', interpolate=True, mask=None, maskParams=None, name='character1', opacity=1.0, ori=0.0, pos=array([0., 0.]), size=array([0.5, 0.5]), texRes=128, units='height', win=Window(...))
5.4756 	EXP 	Created interval = ImageStim(__class__=<class 'psychopy.visual.image.ImageStim'>, autoLog=True, color=array([1., 1., 1.]), colorSpace='rgb', contrast=1.0, depth=-2.0, flipHoriz=False, flipVert=False, image=None, interpolate=True, mask=None, maskParams=None, name='interval', opacity=1.0, ori=0.0, pos=array([0., 0.]), size=array([0.5, 0.5]), texRes=128, units='height', win=Window(...))
5.4772 	EXP 	Created task_probe1 = ImageStim(__class__=<class 'psychopy.visual.image.ImageStim'>, autoLog=True, color=array([1., 1., 1.]), colorSpace='rgb', contrast=1.0, depth=-3.0, flipHoriz=False, flipVert=False, image='sin', interpolate=True, mask=None, maskParams=None, name='task_probe1', opacity=1.0, ori=0.0, pos=array([-0.6,  0. ]), size=array([0.3, 0.3]), texRes=128, units='height', win=Window(...))
5.4788 	EXP 	Created task_probe2 = ImageStim(__class__=<class 'psychopy.visual.image.ImageStim'>, autoLog=True, color=array([1., 1., 1.]), colorSpace='rgb', contrast=1.0, depth=-4.0, flipHoriz=False, flipVert=False, image='sin', interpolate=True, mask=None, maskParams=None, name='task_probe2', opacity=1.0, ori=0.0, pos=array([-0.2,  0. ]), size=array([0.3, 0.3]), texRes=128, units='height', win=Window(...))
5.4805 	EXP 	Created task_probe3 = ImageStim(__class__=<class 'psychopy.visual.image.ImageStim'>, autoLog=True, color=array([1., 1., 1.]), colorSpace='rgb', contrast=1.0, depth=-5.0, flipHoriz=False, flipVert=False, image='sin', interpolate=True, mask=None, maskParams=None, name='task_probe3', opacity=1.0, ori=0.0, pos=array([0.2, 0. ]), size=array([0.3, 0.3]), texRes=128, units='height', win=Window(...))
5.4821 	EXP 	Created task_probe4 = ImageStim(__class__=<class 'psychopy.visual.image.ImageStim'>, autoLog=True, color=array([1., 1., 1.]), colorSpace='rgb', contrast=1.0, depth=-6.0, flipHoriz=False, flipVert=False, image='sin', interpolate=True, mask=None, maskParams=None, name='task_probe4', opacity=1.0, ori=0.0, pos=array([0.6, 0. ]), size=array([0.3, 0.3]), texRes=128, units='height', win=Window(...))
5.4836 	EXP 	Created number_1 = TextStim(__class__=<class 'psychopy.visual.text.TextStim'>, alignHoriz=method-wrapper(...), alignText='center', alignVert=method-wrapper(...), anchorHoriz='center', anchorVert='center', antialias=True, autoLog=True, bold=False, color='black', colorSpace='named', contrast=1.0, depth=-8.0, flipHoriz=False, flipVert=False, font='Arial', fontFiles=[], height=0.1, italic=False, languageStyle='LTR', name='number_1', opacity=1.0, ori=0, pos=array([-0.6,  0.3]), rgb=array([0., 0., 0.]), text='1', units='height', win=Window(...), wrapWidth=1)
5.4857 	EXP 	Created number_2 = TextStim(__class__=<class 'psychopy.visual.text.TextStim'>, alignHoriz=method-wrapper(...), alignText='center', alignVert=method-wrapper(...), anchorHoriz='center', anchorVert='center', antialias=True, autoLog=True, bold=False, color='black', colorSpace='named', contrast=1.0, depth=-9.0, flipHoriz=False, flipVert=False, font='Arial', fontFiles=[], height=0.1, italic=False, languageStyle='LTR', name='number_2', opacity=1.0, ori=0, pos=array([-0.2,  0.3]), rgb=array([0., 0., 0.]), text='2', units='height', win=Window(...), wrapWidth=1)
5.4873 	EXP 	Created number_3 = TextStim(__class__=<class 'psychopy.visual.text.TextStim'>, alignHoriz=method-wrapper(...), alignText='center', alignVert=method-wrapper(...), anchorHoriz='center', anchorVert='center', antialias=True, autoLog=True, bold=False, color='black', colorSpace='named', contrast=1.0, depth=-10.0, flipHoriz=False, flipVert=False, font='Arial', fontFiles=[], height=0.1, italic=False, languageStyle='LTR', name='number_3', opacity=1.0, ori=0, pos=array([0.2, 0.3]), rgb=array([0., 0., 0.]), text='3', units='height', win=Window(...), wrapWidth=1)
5.4887 	EXP 	Created number_4 = TextStim(__class__=<class 'psychopy.visual.text.TextStim'>, alignHoriz=method-wrapper(...), alignText='center', alignVert=method-wrapper(...), anchorHoriz='center', anchorVert='center', antialias=True, autoLog=True, bold=False, color='black', colorSpace='named', contrast=1.0, depth=-11.0, flipHoriz=False, flipVert=False, font='Arial', fontFiles=[], height=0.1, italic=False, languageStyle='LTR', name='number_4', opacity=1.0, ori=0, pos=array([0.6, 0.3]), rgb=array([0., 0., 0.]), text='4', units='height', win=Window(...), wrapWidth=1)
5.4903 	EXP 	Created cuedChar = ImageStim(__class__=<class 'psychopy.visual.image.ImageStim'>, autoLog=True, color=array([1., 1., 1.]), colorSpace='rgb', contrast=1.0, depth=-1.0, flipHoriz=False, flipVert=False, image='sin', interpolate=True, mask=None, maskParams=None, name='cuedChar', opacity=1.0, ori=0.0, pos=array([0., 0.]), size=array([0.3, 0.3]), texRes=128, units='height', win=Window(...))
5.4920 	EXP 	Created feedb_probe1_1 = ImageStim(__class__=<class 'psychopy.visual.image.ImageStim'>, autoLog=True, color=array([1., 1., 1.]), colorSpace='rgb', contrast=1.0, depth=-2.0, flipHoriz=False, flipVert=False, image='sin', interpolate=True, mask=None, maskParams=None, name='feedb_probe1_1', opacity=1.0, ori=0.0, pos=array([-0.6,  0. ]), size=array([0.3, 0.3]), texRes=128, units='height', win=Window(...))
5.4936 	EXP 	Created feedb_probe2_1 = ImageStim(__class__=<class 'psychopy.visual.image.ImageStim'>, autoLog=True, color=array([1., 1., 1.]), colorSpace='rgb', contrast=1.0, depth=-3.0, flipHoriz=False, flipVert=False, image='sin', interpolate=True, mask=None, maskParams=None, name='feedb_probe2_1', opacity=1.0, ori=0.0, pos=array([-0.2,  0. ]), size=array([0.3, 0.3]), texRes=128, units='height', win=Window(...))
5.4952 	EXP 	Created feedb_probe3_1 = ImageStim(__class__=<class 'psychopy.visual.image.ImageStim'>, autoLog=True, color=array([1., 1., 1.]), colorSpace='rgb', contrast=1.0, depth=-4.0, flipHoriz=False, flipVert=False, image='sin', interpolate=True, mask=None, maskParams=None, name='feedb_probe3_1', opacity=1.0, ori=0.0, pos=array([0.2, 0. ]), size=array([0.3, 0.3]), texRes=128, units='height', win=Window(...))
5.4968 	EXP 	Created feedb_probe4_1 = ImageStim(__class__=<class 'psychopy.visual.image.ImageStim'>, autoLog=True, color=array([1., 1., 1.]), colorSpace='rgb', contrast=1.0, depth=-5.0, flipHoriz=False, flipVert=False, image='sin', interpolate=True, mask=None, maskParams=None, name='feedb_probe4_1', opacity=1.0, ori=0.0, pos=array([0.6, 0. ]), size=array([0.3, 0.3]), texRes=128, units='height', win=Window(...))
5.5112 	EXP 	Created task_feedb = TextStim(__class__=<class 'psychopy.visual.text.TextStim'>, alignHoriz=method-wrapper(...), alignText='center', alignVert=method-wrapper(...), anchorHoriz='center', anchorVert='center', antialias=True, autoLog=True, bold=False, color='white', colorSpace='named', contrast=1.0, depth=0.0, flipHoriz=False, flipVert=False, font='Arial', fontFiles=[], height=0.2, italic=False, languageStyle='LTR', name='task_feedb', opacity=1.0, ori=0, pos=array([0. , 0.3]), rgb=array([255., 255., 255.]), text='default text', units='height', win=Window(...), wrapWidth=1)
5.5131 	EXP 	Created feedbImage = ImageStim(__class__=<class 'psychopy.visual.image.ImageStim'>, autoLog=True, color=array([1., 1., 1.]), colorSpace='rgb', contrast=1.0, depth=-1.0, flipHoriz=False, flipVert=False, image='sin', interpolate=True, mask=None, maskParams=None, name='feedbImage', opacity=1.0, ori=0.0, pos=array([ 0. , -0.1]), size=array([0.5, 0.5]), texRes=128, units='height', win=Window(...))
5.5140 	EXP 	Created iti = ImageStim(__class__=<class 'psychopy.visual.image.ImageStim'>, autoLog=True, color=array([1., 1., 1.]), colorSpace='rgb', contrast=1.0, depth=-2.0, flipHoriz=False, flipVert=False, image=None, interpolate=True, mask=None, maskParams=None, name='iti', opacity=1.0, ori=0.0, pos=array([0.1, 0. ]), size=array([0.5, 0.5]), texRes=128, units='height', win=Window(...))
5.5182 	EXP 	Created pract_message = TextStim(__class__=<class 'psychopy.visual.text.TextStim'>, alignHoriz=method-wrapper(...), alignText='center', alignVert=method-wrapper(...), anchorHoriz='center', anchorVert='center', antialias=True, autoLog=True, bold=False, color='black', colorSpace='named', contrast=1.0, depth=0.0, flipHoriz=False, flipVert=False, font='Arial', fontFiles=[], height=0.05, italic=False, languageStyle='LTR', name='pract_message', opacity=1.0, ori=0, pos=array([0., 0.]), rgb=array([0., 0., 0.]), text='default text', units='height', win=Window(...), wrapWidth=1.5)
5.5377 	EXP 	Created final_mess = TextStim(__class__=<class 'psychopy.visual.text.TextStim'>, alignHoriz=method-wrapper(...), alignText='center', alignVert=method-wrapper(...), anchorHoriz='center', anchorVert='center', antialias=True, autoLog=True, bold=False, color='black', colorSpace='named', contrast=1.0, depth=0.0, flipHoriz=False, flipVert=False, font='Arial', fontFiles=[], height=0.08, italic=False, languageStyle='LTR', name='final_mess', opacity=1.0, ori=0, pos=array([0., 0.]), rgb=array([0., 0., 0.]), text=str(...), units='height', win=Window(...), wrapWidth=1)
5.5650 	EXP 	Created Instruction_2 = TextStim(__class__=<class 'psychopy.visual.text.TextStim'>, alignHoriz=method-wrapper(...), alignText='center', alignVert=method-wrapper(...), anchorHoriz='center', anchorVert='center', antialias=True, autoLog=True, bold=False, color='black', colorSpace='named', contrast=1.0, depth=0.0, flipHoriz=False, flipVert=False, font='Arial', fontFiles=[], height=0.05, italic=False, languageStyle='LTR', name='Instruction_2', opacity=1.0, ori=0, pos=array([0., 0.]), rgb=array([0., 0., 0.]), text=str(...), units='height', win=Window(...), wrapWidth=1.5)
5.5683 	EXP 	Created instruction_top = TextStim(__class__=<class 'psychopy.visual.text.TextStim'>, alignHoriz=method-wrapper(...), alignText='center', alignVert=method-wrapper(...), anchorHoriz='center', anchorVert='center', antialias=True, autoLog=True, bold=False, color='black', colorSpace='named', contrast=1.0, depth=0.0, flipHoriz=False, flipVert=False, font='Arial', fontFiles=[], height=0.05, italic=False, languageStyle='LTR', name='instruction_top', opacity=1.0, ori=0, pos=array([0. , 0.3]), rgb=array([0., 0., 0.]), text='For this character ', units='height', win=Window(...), wrapWidth=1)
5.5705 	EXP 	Created Instruction_middle = TextStim(__class__=<class 'psychopy.visual.text.TextStim'>, alignHoriz=method-wrapper(...), alignText='center', alignVert=method-wrapper(...), anchorHoriz='center', anchorVert='center', antialias=True, autoLog=True, bold=False, color='black', colorSpace='named', contrast=1.0, depth=-1.0, flipHoriz=False, flipVert=False, font='Arial', fontFiles=[], height=0.05, italic=False, languageStyle='LTR', name='Instruction_middle', opacity=1.0, ori=0, pos=array([ 0. , -0.1]), rgb=array([0., 0., 0.]), text='default text', units='height', win=Window(...), wrapWidth=1)
5.5723 	EXP 	Created instruction_bottom = TextStim(__class__=<class 'psychopy.visual.text.TextStim'>, alignHoriz=method-wrapper(...), alignText='center', alignVert=method-wrapper(...), anchorHoriz='center', anchorVert='center', antialias=True, autoLog=True, bold=False, color='black', colorSpace='named', contrast=1.0, depth=-2.0, flipHoriz=False, flipVert=False, font='Arial', fontFiles=[], height=0.05, italic=False, languageStyle='LTR', name='instruction_bottom', opacity=1.0, ori=0, pos=array([ 0. , -0.2]), rgb=array([0., 0., 0.]), text='default text', units='height', win=Window(...), wrapWidth=1)
5.5744 	EXP 	Created press_space = TextStim(__class__=<class 'psychopy.visual.text.TextStim'>, alignHoriz=method-wrapper(...), alignText='center', alignVert=method-wrapper(...), anchorHoriz='center', anchorVert='center', antialias=True, autoLog=True, bold=False, color='black', colorSpace='named', contrast=1.0, depth=-3.0, flipHoriz=False, flipVert=False, font='Arial', fontFiles=[], height=0.05, italic=False, languageStyle='LTR', name='press_space', opacity=1.0, ori=0, pos=array([ 0. , -0.4]), rgb=array([0., 0., 0.]), text='Press SPACE to continue', units='height', win=Window(...), wrapWidth=1)
5.5762 	EXP 	Created image = ImageStim(__class__=<class 'psychopy.visual.image.ImageStim'>, autoLog=True, color=array([1., 1., 1.]), colorSpace='rgb', contrast=1.0, depth=-4.0, flipHoriz=False, flipVert=False, image='sin', interpolate=True, mask=None, maskParams=None, name='image', opacity=1.0, ori=0.0, pos=array([0. , 0.1]), size=array([0.25, 0.25]), texRes=128, units='height', win=Window(...))
5.5806 	EXP 	Created instr_learned = TextStim(__class__=<class 'psychopy.visual.text.TextStim'>, alignHoriz=method-wrapper(...), alignText='center', alignVert=method-wrapper(...), anchorHoriz='center', anchorVert='center', antialias=True, autoLog=True, bold=False, color='black', colorSpace='named', contrast=1.0, depth=0.0, flipHoriz=False, flipVert=False, font='Arial', fontFiles=[], height=0.05, italic=False, languageStyle='LTR', name='instr_learned', opacity=1.0, ori=0, pos=array([0., 0.]), rgb=array([0., 0., 0.]), text=str(...), units='height', win=Window(...), wrapWidth=1)
5.5926 	EXP 	Created taskGo_2 = TextStim(__class__=<class 'psychopy.visual.text.TextStim'>, alignHoriz=method-wrapper(...), alignText='center', alignVert=method-wrapper(...), anchorHoriz='center', anchorVert='center', antialias=True, autoLog=True, bold=False, color='Black', colorSpace='named', contrast=1.0, depth=0.0, flipHoriz=False, flipVert=False, font='Arial', fontFiles=[], height=0.05, italic=False, languageStyle='LTR', name='taskGo_2', opacity=1.0, ori=0, pos=array([0., 0.]), rgb=array([0., 0., 0.]), text=str(...), units='height', win=Window(...), wrapWidth=1.5)
5.5949 	EXP 	Created FixationCross_3 = TextStim(__class__=<class 'psychopy.visual.text.TextStim'>, alignHoriz=method-wrapper(...), alignText='center', alignVert=method-wrapper(...), anchorHoriz='center', anchorVert='center', antialias=True, autoLog=True, bold=False, color='white', colorSpace='named', contrast=1.0, depth=0.0, flipHoriz=False, flipVert=False, font='Arial', fontFiles=[], height=0.1, italic=False, languageStyle='LTR', name='FixationCross_3', opacity=1.0, ori=0, pos=array([0., 0.]), rgb=array([255., 255., 255.]), text='+', units='height', win=Window(...), wrapWidth=1)
5.5967 	EXP 	Created character_2 = ImageStim(__class__=<class 'psychopy.visual.image.ImageStim'>, autoLog=True, color=array([1., 1., 1.]), colorSpace='rgb', contrast=1.0, depth=-1.0, flipHoriz=False, flipVert=False, image='sin', interpolate=True, mask=None, maskParams=None, name='character_2', opacity=1.0, ori=0.0, pos=array([0., 0.]), size=array([0.5, 0.5]), texRes=128, units='height', win=Window(...))
5.5976 	EXP 	Created interval_2 = ImageStim(__class__=<class 'psychopy.visual.image.ImageStim'>, autoLog=True, color=array([1., 1., 1.]), colorSpace='rgb', contrast=1.0, depth=-2.0, flipHoriz=False, flipVert=False, image=None, interpolate=True, mask=None, maskParams=None, name='interval_2', opacity=1.0, ori=0.0, pos=array([0., 0.]), size=array([0.5, 0.5]), texRes=128, units='height', win=Window(...))
5.5992 	EXP 	Created task_probe1_3 = ImageStim(__class__=<class 'psychopy.visual.image.ImageStim'>, autoLog=True, color=array([1., 1., 1.]), colorSpace='rgb', contrast=1.0, depth=-3.0, flipHoriz=False, flipVert=False, image='sin', interpolate=True, mask=None, maskParams=None, name='task_probe1_3', opacity=1.0, ori=0.0, pos=array([-0.6,  0. ]), size=array([0.3, 0.3]), texRes=128, units='height', win=Window(...))
5.6008 	EXP 	Created task_probe2_3 = ImageStim(__class__=<class 'psychopy.visual.image.ImageStim'>, autoLog=True, color=array([1., 1., 1.]), colorSpace='rgb', contrast=1.0, depth=-4.0, flipHoriz=False, flipVert=False, image='sin', interpolate=True, mask=None, maskParams=None, name='task_probe2_3', opacity=1.0, ori=0.0, pos=array([-0.2,  0. ]), size=array([0.3, 0.3]), texRes=128, units='height', win=Window(...))
5.6024 	EXP 	Created task_probe3_3 = ImageStim(__class__=<class 'psychopy.visual.image.ImageStim'>, autoLog=True, color=array([1., 1., 1.]), colorSpace='rgb', contrast=1.0, depth=-5.0, flipHoriz=False, flipVert=False, image='sin', interpolate=True, mask=None, maskParams=None, name='task_probe3_3', opacity=1.0, ori=0.0, pos=array([0.2, 0. ]), size=array([0.3, 0.3]), texRes=128, units='height', win=Window(...))
5.6041 	EXP 	Created task_probe4_3 = ImageStim(__class__=<class 'psychopy.visual.image.ImageStim'>, autoLog=True, color=array([1., 1., 1.]), colorSpace='rgb', contrast=1.0, depth=-6.0, flipHoriz=False, flipVert=False, image='sin', interpolate=True, mask=None, maskParams=None, name='task_probe4_3', opacity=1.0, ori=0.0, pos=array([0.6, 0. ]), size=array([0.3, 0.3]), texRes=128, units='height', win=Window(...))
5.6060 	EXP 	Created number_8 = TextStim(__class__=<class 'psychopy.visual.text.TextStim'>, alignHoriz=method-wrapper(...), alignText='center', alignVert=method-wrapper(...), anchorHoriz='center', anchorVert='center', antialias=True, autoLog=True, bold=False, color='black', colorSpace='named', contrast=1.0, depth=-8.0, flipHoriz=False, flipVert=False, font='Arial', fontFiles=[], height=0.1, italic=False, languageStyle='LTR', name='number_8', opacity=1.0, ori=0, pos=array([-0.6,  0.3]), rgb=array([0., 0., 0.]), text='1', units='height', win=Window(...), wrapWidth=1)
5.6081 	EXP 	Created number_9 = TextStim(__class__=<class 'psychopy.visual.text.TextStim'>, alignHoriz=method-wrapper(...), alignText='center', alignVert=method-wrapper(...), anchorHoriz='center', anchorVert='center', antialias=True, autoLog=True, bold=False, color='black', colorSpace='named', contrast=1.0, depth=-9.0, flipHoriz=False, flipVert=False, font='Arial', fontFiles=[], height=0.1, italic=False, languageStyle='LTR', name='number_9', opacity=1.0, ori=0, pos=array([-0.2,  0.3]), rgb=array([0., 0., 0.]), text='2', units='height', win=Window(...), wrapWidth=1)
5.6097 	EXP 	Created number_10 = TextStim(__class__=<class 'psychopy.visual.text.TextStim'>, alignHoriz=method-wrapper(...), alignText='center', alignVert=method-wrapper(...), anchorHoriz='center', anchorVert='center', antialias=True, autoLog=True, bold=False, color='black', colorSpace='named', contrast=1.0, depth=-10.0, flipHoriz=False, flipVert=False, font='Arial', fontFiles=[], height=0.1, italic=False, languageStyle='LTR', name='number_10', opacity=1.0, ori=0, pos=array([0.2, 0.3]), rgb=array([0., 0., 0.]), text='3', units='height', win=Window(...), wrapWidth=1)
5.6112 	EXP 	Created number_11 = TextStim(__class__=<class 'psychopy.visual.text.TextStim'>, alignHoriz=method-wrapper(...), alignText='center', alignVert=method-wrapper(...), anchorHoriz='center', anchorVert='center', antialias=True, autoLog=True, bold=False, color='black', colorSpace='named', contrast=1.0, depth=-11.0, flipHoriz=False, flipVert=False, font='Arial', fontFiles=[], height=0.1, italic=False, languageStyle='LTR', name='number_11', opacity=1.0, ori=0, pos=array([0.6, 0.3]), rgb=array([0., 0., 0.]), text='4', units='height', win=Window(...), wrapWidth=1)
5.6129 	EXP 	Created cuedChar_2 = ImageStim(__class__=<class 'psychopy.visual.image.ImageStim'>, autoLog=True, color=array([1., 1., 1.]), colorSpace='rgb', contrast=1.0, depth=-1.0, flipHoriz=False, flipVert=False, image='sin', interpolate=True, mask=None, maskParams=None, name='cuedChar_2', opacity=1.0, ori=0.0, pos=array([0., 0.]), size=array([0.3, 0.3]), texRes=128, units='height', win=Window(...))
5.6145 	EXP 	Created feedb_probe1_2 = ImageStim(__class__=<class 'psychopy.visual.image.ImageStim'>, autoLog=True, color=array([1., 1., 1.]), colorSpace='rgb', contrast=1.0, depth=-2.0, flipHoriz=False, flipVert=False, image='sin', interpolate=True, mask=None, maskParams=None, name='feedb_probe1_2', opacity=1.0, ori=0.0, pos=array([-0.6,  0. ]), size=array([0.3, 0.3]), texRes=128, units='height', win=Window(...))
5.6164 	EXP 	Created feedb_probe2_2 = ImageStim(__class__=<class 'psychopy.visual.image.ImageStim'>, autoLog=True, color=array([1., 1., 1.]), colorSpace='rgb', contrast=1.0, depth=-3.0, flipHoriz=False, flipVert=False, image='sin', interpolate=True, mask=None, maskParams=None, name='feedb_probe2_2', opacity=1.0, ori=0.0, pos=array([-0.2,  0. ]), size=array([0.3, 0.3]), texRes=128, units='height', win=Window(...))
5.6181 	EXP 	Created feedb_probe3_2 = ImageStim(__class__=<class 'psychopy.visual.image.ImageStim'>, autoLog=True, color=array([1., 1., 1.]), colorSpace='rgb', contrast=1.0, depth=-4.0, flipHoriz=False, flipVert=False, image='sin', interpolate=True, mask=None, maskParams=None, name='feedb_probe3_2', opacity=1.0, ori=0.0, pos=array([0.2, 0. ]), size=array([0.3, 0.3]), texRes=128, units='height', win=Window(...))
5.6197 	EXP 	Created feedb_probe4_2 = ImageStim(__class__=<class 'psychopy.visual.image.ImageStim'>, autoLog=True, color=array([1., 1., 1.]), colorSpace='rgb', contrast=1.0, depth=-5.0, flipHoriz=False, flipVert=False, image='sin', interpolate=True, mask=None, maskParams=None, name='feedb_probe4_2', opacity=1.0, ori=0.0, pos=array([0.6, 0. ]), size=array([0.3, 0.3]), texRes=128, units='height', win=Window(...))
5.6263 	EXP 	Created task_feedb_2 = TextStim(__class__=<class 'psychopy.visual.text.TextStim'>, alignHoriz=method-wrapper(...), alignText='center', alignVert=method-wrapper(...), anchorHoriz='center', anchorVert='center', antialias=True, autoLog=True, bold=False, color='white', colorSpace='named', contrast=1.0, depth=0.0, flipHoriz=False, flipVert=False, font='Arial', fontFiles=[], height=0.2, italic=False, languageStyle='LTR', name='task_feedb_2', opacity=1.0, ori=0, pos=array([0. , 0.3]), rgb=array([255., 255., 255.]), text='default text', units='height', win=Window(...), wrapWidth=1)
5.6281 	EXP 	Created feedbImage_2 = ImageStim(__class__=<class 'psychopy.visual.image.ImageStim'>, autoLog=True, color=array([1., 1., 1.]), colorSpace='rgb', contrast=1.0, depth=-1.0, flipHoriz=False, flipVert=False, image='sin', interpolate=True, mask=None, maskParams=None, name='feedbImage_2', opacity=1.0, ori=0.0, pos=array([ 0. , -0.1]), size=array([0.5, 0.5]), texRes=128, units='height', win=Window(...))
5.6290 	EXP 	Created iti_2 = ImageStim(__class__=<class 'psychopy.visual.image.ImageStim'>, autoLog=True, color=array([1., 1., 1.]), colorSpace='rgb', contrast=1.0, depth=-2.0, flipHoriz=False, flipVert=False, image=None, interpolate=True, mask=None, maskParams=None, name='iti_2', opacity=1.0, ori=0.0, pos=array([0.1, 0. ]), size=array([0.5, 0.5]), texRes=128, units='height', win=Window(...))
5.6381 	EXP 	Created final_message_ = TextStim(__class__=<class 'psychopy.visual.text.TextStim'>, alignHoriz=method-wrapper(...), alignText='center', alignVert=method-wrapper(...), anchorHoriz='center', anchorVert='center', antialias=True, autoLog=True, bold=False, color='black', colorSpace='named', contrast=1.0, depth=0.0, flipHoriz=False, flipVert=False, font='Arial', fontFiles=[], height=0.05, italic=False, languageStyle='LTR', name='final_message_', opacity=1.0, ori=0, pos=array([0., 0.]), rgb=array([0., 0., 0.]), text=str(...), units='height', win=Window(...), wrapWidth=1)
5.6478 	EXP 	Instruction: autoDraw = True
6.0066 	DATA 	Keypress: space
6.0215 	EXP 	Imported instructions.csv as conditions, 6 conditions, 1 params
6.0219 	EXP 	Created sequence: sequential, trialTypes=6, nReps=1, seed=None
6.0222 	EXP 	New trial (rep=0, index=0): OrderedDict([('slides', 'stimuli/slide1.png')])
6.0660 	EXP 	Instruction: autoDraw = False
6.0660 	EXP 	Inst_slides: image = 'stimuli/slide1.png'
6.0660 	EXP 	Inst_slides: autoDraw = True
6.2635 	DATA 	Keypress: space
6.2643 	EXP 	New trial (rep=0, index=1): OrderedDict([('slides', 'stimuli/slide2.png')])
6.3040 	EXP 	Inst_slides: autoDraw = False
6.3040 	EXP 	Inst_slides: image = 'stimuli/slide2.png'
6.3040 	EXP 	Inst_slides: autoDraw = True
6.5735 	DATA 	Keypress: space
6.5741 	EXP 	New trial (rep=0, index=2): OrderedDict([('slides', 'stimuli/slide3.png')])
6.6139 	EXP 	Inst_slides: autoDraw = False
6.6139 	EXP 	Inst_slides: image = 'stimuli/slide3.png'
6.6139 	EXP 	Inst_slides: autoDraw = True
6.7566 	DATA 	Keypress: space
6.7572 	EXP 	New trial (rep=0, index=3): OrderedDict([('slides', 'stimuli/slide4.png')])
6.7969 	EXP 	Inst_slides: autoDraw = False
6.7969 	EXP 	Inst_slides: image = 'stimuli/slide4.png'
6.7969 	EXP 	Inst_slides: autoDraw = True
6.8849 	DATA 	Keypress: space
6.8856 	EXP 	New trial (rep=0, index=4): OrderedDict([('slides', 'stimuli/slide5.png')])
6.9251 	EXP 	Inst_slides: autoDraw = False
6.9251 	EXP 	Inst_slides: image = 'stimuli/slide5.png'
6.9251 	EXP 	Inst_slides: autoDraw = True
7.0130 	DATA 	Keypress: space
7.0136 	EXP 	New trial (rep=0, index=5): OrderedDict([('slides', 'stimuli/slide6.png')])
7.0531 	EXP 	Inst_slides: autoDraw = False
7.0531 	EXP 	Inst_slides: image = 'stimuli/slide6.png'
7.0531 	EXP 	Inst_slides: autoDraw = True
7.1410 	DATA 	Keypress: space
7.1512 	EXP 	Inst_slides: autoDraw = False
7.1512 	EXP 	taskprep0: autoDraw = True
7.3022 	DATA 	Keypress: space
7.3191 	EXP 	taskprep0: autoDraw = False
7.3191 	EXP 	taskGo: autoDraw = True
7.4924 	DATA 	Keypress: space
7.5057 	EXP 	Created sequence: random, trialTypes=1, nReps=99, seed=None
7.5067 	EXP 	New trial (rep=0, index=0): None
7.5117 	EXP 	Imported practlist.csv as conditions, 2 conditions, 10 params
7.5119 	EXP 	Created sequence: sequential, trialTypes=2, nReps=1, seed=None
7.5123 	EXP 	New trial (rep=0, index=0): OrderedDict([('character', 'stimuli/m_red.jpg'), ('left_categ', 'stimuli/Food.png'), ('centleft_categ', 'stimuli/Gamestoy & entertainment.png'), ('centright_categ', 'stimuli/Vehicle.png'), ('right_categ', 'stimuli/Clothing.png'), ('trial_cond', 1), ('corr_ans', 'Food'), ('corr_ans_num', 1), ('type', 1), ('img', 'stimuli/objects/chocolatecroissant.jpg')])
7.5505 	EXP 	taskGo: autoDraw = False
7.5505 	EXP 	character1: image = 'stimuli/m_red.jpg'
7.5505 	EXP 	task_probe1: image = 'stimuli/Food.png'
7.5505 	EXP 	task_probe2: image = 'stimuli/Gamestoy & entertainment.png'
7.5505 	EXP 	task_probe3: image = 'stimuli/Vehicle.png'
7.5505 	EXP 	task_probe4: image = 'stimuli/Clothing.png'
7.5505 	EXP 	FixationCross: autoDraw = True
7.7877 	EXP 	character1: autoDraw = True
7.8044 	EXP 	FixationCross: autoDraw = False
8.2889 	EXP 	character1: autoDraw = False
8.2889 	EXP 	interval: autoDraw = True
8.7887 	EXP 	task_probe1: autoDraw = True
8.7887 	EXP 	task_probe2: autoDraw = True
8.7887 	EXP 	task_probe3: autoDraw = True
8.7887 	EXP 	task_probe4: autoDraw = True
8.7887 	EXP 	number_1: autoDraw = True
8.7887 	EXP 	number_2: autoDraw = True
8.7887 	EXP 	number_3: autoDraw = True
8.7887 	EXP 	number_4: autoDraw = True
9.1121 	DATA 	Keypress: 1
9.1670 	EXP 	FixationCross: autoDraw = False
9.1670 	EXP 	character1: autoDraw = False
9.1670 	EXP 	interval: autoDraw = False
9.1670 	EXP 	task_probe1: autoDraw = False
9.1670 	EXP 	task_probe2: autoDraw = False
9.1670 	EXP 	task_probe3: autoDraw = False
9.1670 	EXP 	task_probe4: autoDraw = False
9.1670 	EXP 	number_1: autoDraw = False
9.1670 	EXP 	number_2: autoDraw = False
9.1670 	EXP 	number_3: autoDraw = False
9.1670 	EXP 	number_4: autoDraw = False
9.1670 	EXP 	cuedChar: pos = array([-0.6, -0.3])
9.1670 	EXP 	cuedChar: image = 'stimuli/m_red.jpg'
9.1670 	EXP 	feedb_probe1_1: image = 'stimuli/Food.png'
9.1670 	EXP 	feedb_probe2_1: image = 'stimuli/Gamestoy & entertainment.png'
9.1670 	EXP 	feedb_probe3_1: image = 'stimuli/Vehicle.png'
9.1670 	EXP 	feedb_probe4_1: image = 'stimuli/Clothing.png'
9.1670 	EXP 	cuedChar: autoDraw = True
9.1670 	EXP 	feedb_probe1_1: autoDraw = True
9.1670 	EXP 	feedb_probe2_1: autoDraw = True
9.1670 	EXP 	feedb_probe3_1: autoDraw = True
9.1670 	EXP 	feedb_probe4_1: autoDraw = True
10.2626 	EXP 	cuedChar: autoDraw = False
10.2626 	EXP 	feedb_probe1_1: autoDraw = False
10.2626 	EXP 	feedb_probe2_1: autoDraw = False
10.2626 	EXP 	feedb_probe3_1: autoDraw = False
10.2626 	EXP 	feedb_probe4_1: autoDraw = False
10.2626 	EXP 	task_feedb: text = 'correct'
10.2626 	EXP 	feedbImage: image = 'stimuli/objects/chocolatecroissant.jpg'
10.2626 	EXP 	task_feedb: autoDraw = True
10.2626 	EXP 	feedbImage: autoDraw = True
10.7115 	EXP 	iti: autoDraw = True
10.7585 	EXP 	task_feedb: autoDraw = False
10.7585 	EXP 	feedbImage: autoDraw = False
11.4606 	EXP 	New trial (rep=0, index=1): OrderedDict([('character', 'stimuli/m_red.jpg'), ('left_categ', 'stimuli/Clothing.png'), ('centleft_categ', 'stimuli/Food.png'), ('centright_categ', 'stimuli/Gamestoy & entertainment.png'), ('right_categ', 'stimuli/Vehicle.png'), ('trial_cond', 0), ('corr_ans', 'Vehicle'), ('corr_ans_num', 4), ('type', 0), ('img', 'stimuli/objects/tricycle.jpg')])
11.5032 	EXP 	iti: autoDraw = False
11.5032 	EXP 	task_feedb: autoDraw = False
11.5032 	EXP 	feedbImage: autoDraw = False
11.5032 	EXP 	iti: autoDraw = False
11.5032 	EXP 	character1: image = 'stimuli/m_red.jpg'
11.5032 	EXP 	task_probe1: image = 'stimuli/Clothing.png'
11.5032 	EXP 	task_probe2: image = 'stimuli/Food.png'
11.5032 	EXP 	task_probe3: image = 'stimuli/Gamestoy & entertainment.png'
11.5032 	EXP 	task_probe4: image = 'stimuli/Vehicle.png'
11.5032 	EXP 	FixationCross: autoDraw = True
11.7304 	EXP 	character1: autoDraw = True
11.7620 	EXP 	FixationCross: autoDraw = False
12.2280 	EXP 	character1: autoDraw = False
12.2280 	EXP 	interval: autoDraw = True
12.7295 	EXP 	task_probe1: autoDraw = True
12.7295 	EXP 	task_probe2: autoDraw = True
12.7295 	EXP 	task_probe3: autoDraw = True
12.7295 	EXP 	task_probe4: autoDraw = True
12.7295 	EXP 	number_1: autoDraw = True
12.7295 	EXP 	number_2: autoDraw = True
12.7295 	EXP 	number_3: autoDraw = True
12.7295 	EXP 	number_4: autoDraw = True
13.1471 	DATA 	Keypress: 2
13.1872 	EXP 	FixationCross: autoDraw = False
13.1872 	EXP 	character1: autoDraw = False
13.1872 	EXP 	interval: autoDraw = False
13.1872 	EXP 	task_probe1: autoDraw = False
13.1872 	EXP 	task_probe2: autoDraw = False
13.1872 	EXP 	task_probe3: autoDraw = False
13.1872 	EXP 	task_probe4: autoDraw = False
13.1872 	EXP 	number_1: autoDraw = False
13.1872 	EXP 	number_2: autoDraw = False
13.1872 	EXP 	number_3: autoDraw = False
13.1872 	EXP 	number_4: autoDraw = False
13.1872 	EXP 	cuedChar: pos = array([-0.2, -0.3])
13.1872 	EXP 	cuedChar: image = 'stimuli/m_red.jpg'
13.1872 	EXP 	feedb_probe1_1: image = 'stimuli/Clothing.png'
13.1872 	EXP 	feedb_probe2_1: image = 'stimuli/Food.png'
13.1872 	EXP 	feedb_probe3_1: image = 'stimuli/Gamestoy & entertainment.png'
13.1872 	EXP 	feedb_probe4_1: image = 'stimuli/Vehicle.png'
13.1872 	EXP 	cuedChar: autoDraw = True
13.1872 	EXP 	feedb_probe1_1: autoDraw = True
13.1872 	EXP 	feedb_probe2_1: autoDraw = True
13.1872 	EXP 	feedb_probe3_1: autoDraw = True
13.1872 	EXP 	feedb_probe4_1: autoDraw = True
14.2579 	EXP 	cuedChar: autoDraw = False
14.2579 	EXP 	feedb_probe1_1: autoDraw = False
14.2579 	EXP 	feedb_probe2_1: autoDraw = False
14.2579 	EXP 	feedb_probe3_1: autoDraw = False
14.2579 	EXP 	feedb_probe4_1: autoDraw = False
14.2579 	EXP 	task_feedb: text = 'incorrect'
14.2579 	EXP 	feedbImage: image = 'stimuli/objects/tricycle.jpg'
14.2579 	EXP 	task_feedb: autoDraw = True
14.2579 	EXP 	feedbImage: autoDraw = True
14.7192 	EXP 	iti: autoDraw = True
14.7662 	EXP 	task_feedb: autoDraw = False
14.7662 	EXP 	feedbImage: autoDraw = False
15.4856 	EXP 	iti: autoDraw = False
15.4856 	EXP 	task_feedb: autoDraw = False
15.4856 	EXP 	feedbImage: autoDraw = False
15.4856 	EXP 	iti: autoDraw = False
15.4856 	EXP 	pract_message: text = "You got [] % correct.\n\n Please approach the experimenter \nPress 'y' to do the task again and 'n' to continue with the experiment"
15.4856 	EXP 	pract_message: autoDraw = True
16.7768 	DATA 	Keypress: n
16.8037 	EXP 	pract_message: autoDraw = False
16.8037 	EXP 	final_mess: autoDraw = True
17.5719 	DATA 	Keypress: space
17.5887 	EXP 	final_mess: autoDraw = False
17.5887 	EXP 	Instruction_2: autoDraw = True
18.0625 	DATA 	Keypress: space
18.0768 	EXP 	Imported known_categ_2.csv as conditions, 1 conditions, 2 params
18.0770 	EXP 	Created sequence: sequential, trialTypes=1, nReps=1, seed=None
18.0772 	EXP 	New trial (rep=0, index=0): OrderedDict([('character', 'stimuli/m_orange.jpg'), ('category', 'Hand labour')])
18.1135 	EXP 	Instruction_2: autoDraw = False
18.1135 	EXP 	Instruction_middle: text = 'The preferred category will be'
18.1135 	EXP 	instruction_bottom: text = 'Hand labour'
18.1135 	EXP 	image: image = 'stimuli/m_orange.jpg'
18.1135 	EXP 	instruction_top: autoDraw = True
18.1135 	EXP 	Instruction_middle: autoDraw = True
18.1135 	EXP 	instruction_bottom: autoDraw = True
18.1135 	EXP 	press_space: autoDraw = True
18.1135 	EXP 	image: autoDraw = True
19.3316 	DATA 	Keypress: space
19.3584 	EXP 	instruction_top: autoDraw = False
19.3584 	EXP 	Instruction_middle: autoDraw = False
19.3584 	EXP 	instruction_bottom: autoDraw = False
19.3584 	EXP 	press_space: autoDraw = False
19.3584 	EXP 	image: autoDraw = False
19.3584 	EXP 	instr_learned: autoDraw = True
19.6323 	DATA 	Keypress: space
19.6592 	EXP 	instr_learned: autoDraw = False
19.6592 	EXP 	taskGo_2: autoDraw = True
19.7993 	DATA 	Keypress: space
19.8245 	EXP 	Imported task_list_2.csv as conditions, 120 conditions, 10 params
19.8254 	EXP 	Created sequence: sequential, trialTypes=120, nReps=1, seed=None
19.8258 	EXP 	New trial (rep=0, index=0): OrderedDict([('character', 'stimuli/m_black.jpg'), ('left_categ', 'stimuli/Electronic device & accessory.png'), ('centleft_categ', 'stimuli/Hand labour tool & accessory.png'), ('centright_categ', 'stimuli/Kitchen & utensil.png'), ('right_categ', 'stimuli/Outdoor activity & sport item.png'), ('type', 0), ('corr_ans', 'Electronic device & accessory'), ('condition', 0), ('corr_ans_num', 1), ('img', 'stimuli/objects/scanner.jpg')])
19.8639 	EXP 	taskGo_2: autoDraw = False
19.8639 	EXP 	character_2: image = 'stimuli/m_black.jpg'
19.8639 	EXP 	task_probe1_3: image = 'stimuli/Electronic device & accessory.png'
19.8639 	EXP 	task_probe2_3: image = 'stimuli/Hand labour tool & accessory.png'
19.8639 	EXP 	task_probe3_3: image = 'stimuli/Kitchen & utensil.png'
19.8639 	EXP 	task_probe4_3: image = 'stimuli/Outdoor activity & sport item.png'
19.8639 	EXP 	FixationCross_3: autoDraw = True
20.0947 	EXP 	character_2: autoDraw = True
20.1280 	EXP 	FixationCross_3: autoDraw = False
20.5788 	EXP 	interval_2: autoDraw = True
20.5939 	EXP 	character_2: autoDraw = False
20.8111 	DATA 	Keypress: 1
21.0789 	EXP 	task_probe1_3: autoDraw = True
21.0789 	EXP 	task_probe2_3: autoDraw = True
21.0789 	EXP 	task_probe3_3: autoDraw = True
21.0789 	EXP 	task_probe4_3: autoDraw = True
21.0789 	EXP 	number_8: autoDraw = True
21.0789 	EXP 	number_9: autoDraw = True
21.0789 	EXP 	number_10: autoDraw = True
21.0789 	EXP 	number_11: autoDraw = True
21.1184 	DATA 	Keypress: 1
21.1714 	EXP 	FixationCross_3: autoDraw = False
21.1714 	EXP 	character_2: autoDraw = False
21.1714 	EXP 	interval_2: autoDraw = False
21.1714 	EXP 	task_probe1_3: autoDraw = False
21.1714 	EXP 	task_probe2_3: autoDraw = False
21.1714 	EXP 	task_probe3_3: autoDraw = False
21.1714 	EXP 	task_probe4_3: autoDraw = False
21.1714 	EXP 	number_8: autoDraw = False
21.1714 	EXP 	number_9: autoDraw = False
21.1714 	EXP 	number_10: autoDraw = False
21.1714 	EXP 	number_11: autoDraw = False
21.1714 	EXP 	cuedChar_2: pos = array([ 0. , -0.3])
21.1714 	EXP 	cuedChar_2: image = 'stimuli/m_black.jpg'
21.1714 	EXP 	feedb_probe1_2: image = 'stimuli/Electronic device & accessory.png'
21.1714 	EXP 	feedb_probe2_2: image = 'stimuli/Hand labour tool & accessory.png'
21.1714 	EXP 	feedb_probe3_2: image = 'stimuli/Kitchen & utensil.png'
21.1714 	EXP 	feedb_probe4_2: image = 'stimuli/Outdoor activity & sport item.png'
21.1714 	EXP 	cuedChar_2: autoDraw = True
21.1714 	EXP 	feedb_probe1_2: autoDraw = True
21.1714 	EXP 	feedb_probe2_2: autoDraw = True
21.1714 	EXP 	feedb_probe3_2: autoDraw = True
21.1714 	EXP 	feedb_probe4_2: autoDraw = True
22.2561 	EXP 	cuedChar_2: autoDraw = False
22.2561 	EXP 	feedb_probe1_2: autoDraw = False
22.2561 	EXP 	feedb_probe2_2: autoDraw = False
22.2561 	EXP 	feedb_probe3_2: autoDraw = False
22.2561 	EXP 	feedb_probe4_2: autoDraw = False
22.2561 	EXP 	task_feedb_2: text = 'incorrect'
22.2561 	EXP 	feedbImage_2: image = 'stimuli/objects/scanner.jpg'
22.2561 	EXP 	task_feedb_2: autoDraw = True
22.2561 	EXP 	feedbImage_2: autoDraw = True
22.7178 	EXP 	iti_2: autoDraw = True
22.7648 	EXP 	task_feedb_2: autoDraw = False
22.7648 	EXP 	feedbImage_2: autoDraw = False
23.4670 	EXP 	New trial (rep=0, index=1): OrderedDict([('character', 'stimuli/m_black.jpg'), ('left_categ', 'stimuli/Hand labour tool & accessory.png'), ('centleft_categ', 'stimuli/Kitchen & utensil.png'), ('centright_categ', 'stimuli/Electronic device & accessory.png'), ('right_categ', 'stimuli/Outdoor activity & sport item.png'), ('type', 1), ('corr_ans', 'Outdoor activity & sport item'), ('condition', 0), ('corr_ans_num', 4), ('img', 'stimuli/objects/sportbag.jpg')])
23.5071 	EXP 	iti_2: autoDraw = False
23.5071 	EXP 	task_feedb_2: autoDraw = False
23.5071 	EXP 	feedbImage_2: autoDraw = False
23.5071 	EXP 	iti_2: autoDraw = False
23.5071 	EXP 	character_2: image = 'stimuli/m_black.jpg'
23.5071 	EXP 	task_probe1_3: image = 'stimuli/Hand labour tool & accessory.png'
23.5071 	EXP 	task_probe2_3: image = 'stimuli/Kitchen & utensil.png'
23.5071 	EXP 	task_probe3_3: image = 'stimuli/Electronic device & accessory.png'
23.5071 	EXP 	task_probe4_3: image = 'stimuli/Outdoor activity & sport item.png'
23.5071 	EXP 	FixationCross_3: autoDraw = True
23.7351 	EXP 	character_2: autoDraw = True
23.7683 	EXP 	FixationCross_3: autoDraw = False
24.2342 	EXP 	character_2: autoDraw = False
24.2342 	EXP 	interval_2: autoDraw = True
24.4348 	DATA 	Keypress: 2
24.7358 	EXP 	task_probe1_3: autoDraw = True
24.7358 	EXP 	task_probe2_3: autoDraw = True
24.7358 	EXP 	task_probe3_3: autoDraw = True
24.7358 	EXP 	task_probe4_3: autoDraw = True
24.7358 	EXP 	number_8: autoDraw = True
24.7358 	EXP 	number_9: autoDraw = True
24.7358 	EXP 	number_10: autoDraw = True
24.7358 	EXP 	number_11: autoDraw = True
25.0592 	DATA 	Keypress: 2
25.1099 	EXP 	FixationCross_3: autoDraw = False
25.1099 	EXP 	character_2: autoDraw = False
25.1099 	EXP 	interval_2: autoDraw = False
25.1099 	EXP 	task_probe1_3: autoDraw = False
25.1099 	EXP 	task_probe2_3: autoDraw = False
25.1099 	EXP 	task_probe3_3: autoDraw = False
25.1099 	EXP 	task_probe4_3: autoDraw = False
25.1099 	EXP 	number_8: autoDraw = False
25.1099 	EXP 	number_9: autoDraw = False
25.1099 	EXP 	number_10: autoDraw = False
25.1099 	EXP 	number_11: autoDraw = False
25.1099 	EXP 	cuedChar_2: pos = array([ 0. , -0.3])
25.1099 	EXP 	cuedChar_2: image = 'stimuli/m_black.jpg'
25.1099 	EXP 	feedb_probe1_2: image = 'stimuli/Hand labour tool & accessory.png'
25.1099 	EXP 	feedb_probe2_2: image = 'stimuli/Kitchen & utensil.png'
25.1099 	EXP 	feedb_probe3_2: image = 'stimuli/Electronic device & accessory.png'
25.1099 	EXP 	feedb_probe4_2: image = 'stimuli/Outdoor activity & sport item.png'
25.1099 	EXP 	cuedChar_2: autoDraw = True
25.1099 	EXP 	feedb_probe1_2: autoDraw = True
25.1099 	EXP 	feedb_probe2_2: autoDraw = True
25.1099 	EXP 	feedb_probe3_2: autoDraw = True
25.1099 	EXP 	feedb_probe4_2: autoDraw = True
26.1932 	EXP 	cuedChar_2: autoDraw = False
26.1932 	EXP 	feedb_probe1_2: autoDraw = False
26.1932 	EXP 	feedb_probe2_2: autoDraw = False
26.1932 	EXP 	feedb_probe3_2: autoDraw = False
26.1932 	EXP 	feedb_probe4_2: autoDraw = False
26.1932 	EXP 	task_feedb_2: text = 'incorrect'
26.1932 	EXP 	feedbImage_2: image = 'stimuli/objects/sportbag.jpg'
26.1932 	EXP 	task_feedb_2: autoDraw = True
26.1932 	EXP 	feedbImage_2: autoDraw = True
26.6420 	EXP 	iti_2: autoDraw = True
26.7056 	EXP 	task_feedb_2: autoDraw = False
26.7056 	EXP 	feedbImage_2: autoDraw = False
27.3911 	EXP 	New trial (rep=0, index=2): OrderedDict([('character', 'stimuli/m_orange.jpg'), ('left_categ', 'stimuli/Outdoor activity & sport item.png'), ('centleft_categ', 'stimuli/Kitchen & utensil.png'), ('centright_categ', 'stimuli/Hand labour tool & accessory.png'), ('right_categ', 'stimuli/Electronic device & accessory.png'), ('type', 0), ('corr_ans', 'Outdoor activity & sport item'), ('condition', 1), ('corr_ans_num', 1), ('img', 'stimuli/objects/backpack01a.jpg')])
27.4348 	EXP 	iti_2: autoDraw = False
27.4348 	EXP 	task_feedb_2: autoDraw = False
27.4348 	EXP 	feedbImage_2: autoDraw = False
27.4348 	EXP 	iti_2: autoDraw = False
27.4348 	EXP 	character_2: image = 'stimuli/m_orange.jpg'
27.4348 	EXP 	task_probe1_3: image = 'stimuli/Outdoor activity & sport item.png'
27.4348 	EXP 	task_probe2_3: image = 'stimuli/Kitchen & utensil.png'
27.4348 	EXP 	task_probe3_3: image = 'stimuli/Hand labour tool & accessory.png'
27.4348 	EXP 	task_probe4_3: image = 'stimuli/Electronic device & accessory.png'
27.4348 	EXP 	FixationCross_3: autoDraw = True
27.6591 	EXP 	character_2: autoDraw = True
27.6925 	EXP 	FixationCross_3: autoDraw = False
28.1584 	EXP 	character_2: autoDraw = False
28.1584 	EXP 	interval_2: autoDraw = True
28.6600 	EXP 	task_probe1_3: autoDraw = True
28.6600 	EXP 	task_probe2_3: autoDraw = True
28.6600 	EXP 	task_probe3_3: autoDraw = True
28.6600 	EXP 	task_probe4_3: autoDraw = True
28.6600 	EXP 	number_8: autoDraw = True
28.6600 	EXP 	number_9: autoDraw = True
28.6600 	EXP 	number_10: autoDraw = True
28.6600 	EXP 	number_11: autoDraw = True
29.4113 	EXP 	interval_2: autoDraw = False
29.8123 	DATA 	Keypress: 3
29.8512 	EXP 	FixationCross_3: autoDraw = False
29.8512 	EXP 	character_2: autoDraw = False
29.8512 	EXP 	interval_2: autoDraw = False
29.8512 	EXP 	task_probe1_3: autoDraw = False
29.8512 	EXP 	task_probe2_3: autoDraw = False
29.8512 	EXP 	task_probe3_3: autoDraw = False
29.8512 	EXP 	task_probe4_3: autoDraw = False
29.8512 	EXP 	number_8: autoDraw = False
29.8512 	EXP 	number_9: autoDraw = False
29.8512 	EXP 	number_10: autoDraw = False
29.8512 	EXP 	number_11: autoDraw = False
29.8512 	EXP 	cuedChar_2: pos = array([ 0. , -0.3])
29.8512 	EXP 	cuedChar_2: image = 'stimuli/m_orange.jpg'
29.8512 	EXP 	feedb_probe1_2: image = 'stimuli/Outdoor activity & sport item.png'
29.8512 	EXP 	feedb_probe2_2: image = 'stimuli/Kitchen & utensil.png'
29.8512 	EXP 	feedb_probe3_2: image = 'stimuli/Hand labour tool & accessory.png'
29.8512 	EXP 	feedb_probe4_2: image = 'stimuli/Electronic device & accessory.png'
29.8512 	EXP 	cuedChar_2: autoDraw = True
29.8512 	EXP 	feedb_probe1_2: autoDraw = True
29.8512 	EXP 	feedb_probe2_2: autoDraw = True
29.8512 	EXP 	feedb_probe3_2: autoDraw = True
29.8512 	EXP 	feedb_probe4_2: autoDraw = True
30.9318 	EXP 	cuedChar_2: autoDraw = False
30.9318 	EXP 	feedb_probe1_2: autoDraw = False
30.9318 	EXP 	feedb_probe2_2: autoDraw = False
30.9318 	EXP 	feedb_probe3_2: autoDraw = False
30.9318 	EXP 	feedb_probe4_2: autoDraw = False
30.9318 	EXP 	task_feedb_2: text = 'incorrect'
30.9318 	EXP 	feedbImage_2: image = 'stimuli/objects/backpack01a.jpg'
30.9318 	EXP 	task_feedb_2: autoDraw = True
30.9318 	EXP 	feedbImage_2: autoDraw = True
31.4011 	EXP 	iti_2: autoDraw = True
31.4313 	EXP 	task_feedb_2: autoDraw = False
31.4313 	EXP 	feedbImage_2: autoDraw = False
32.1501 	EXP 	New trial (rep=0, index=3): OrderedDict([('character', 'stimuli/m_black.jpg'), ('left_categ', 'stimuli/Kitchen & utensil.png'), ('centleft_categ', 'stimuli/Outdoor activity & sport item.png'), ('centright_categ', 'stimuli/Electronic device & accessory.png'), ('right_categ', 'stimuli/Hand labour tool & accessory.png'), ('type', 1), ('corr_ans', 'Outdoor activity & sport item'), ('condition', 0), ('corr_ans_num', 2), ('img', 'stimuli/objects/golfball.jpg')])
32.1931 	EXP 	iti_2: autoDraw = False
32.1931 	EXP 	task_feedb_2: autoDraw = False
32.1931 	EXP 	feedbImage_2: autoDraw = False
32.1931 	EXP 	iti_2: autoDraw = False
32.1931 	EXP 	character_2: image = 'stimuli/m_black.jpg'
32.1931 	EXP 	task_probe1_3: image = 'stimuli/Kitchen & utensil.png'
32.1931 	EXP 	task_probe2_3: image = 'stimuli/Outdoor activity & sport item.png'
32.1931 	EXP 	task_probe3_3: image = 'stimuli/Electronic device & accessory.png'
32.1931 	EXP 	task_probe4_3: image = 'stimuli/Hand labour tool & accessory.png'
32.1931 	EXP 	FixationCross_3: autoDraw = True
32.4182 	EXP 	character_2: autoDraw = True
32.4515 	EXP 	FixationCross_3: autoDraw = False
32.9175 	EXP 	character_2: autoDraw = False
32.9175 	EXP 	interval_2: autoDraw = True
33.4191 	EXP 	task_probe1_3: autoDraw = True
33.4191 	EXP 	task_probe2_3: autoDraw = True
33.4191 	EXP 	task_probe3_3: autoDraw = True
33.4191 	EXP 	task_probe4_3: autoDraw = True
33.4191 	EXP 	number_8: autoDraw = True
33.4191 	EXP 	number_9: autoDraw = True
33.4191 	EXP 	number_10: autoDraw = True
33.4191 	EXP 	number_11: autoDraw = True
34.1704 	EXP 	interval_2: autoDraw = False
34.2875 	DATA 	Keypress: 4
34.3313 	EXP 	FixationCross_3: autoDraw = False
34.3313 	EXP 	character_2: autoDraw = False
34.3313 	EXP 	interval_2: autoDraw = False
34.3313 	EXP 	task_probe1_3: autoDraw = False
34.3313 	EXP 	task_probe2_3: autoDraw = False
34.3313 	EXP 	task_probe3_3: autoDraw = False
34.3313 	EXP 	task_probe4_3: autoDraw = False
34.3313 	EXP 	number_8: autoDraw = False
34.3313 	EXP 	number_9: autoDraw = False
34.3313 	EXP 	number_10: autoDraw = False
34.3313 	EXP 	number_11: autoDraw = False
34.3313 	EXP 	cuedChar_2: pos = array([ 0. , -0.3])
34.3313 	EXP 	cuedChar_2: image = 'stimuli/m_black.jpg'
34.3313 	EXP 	feedb_probe1_2: image = 'stimuli/Kitchen & utensil.png'
34.3313 	EXP 	feedb_probe2_2: image = 'stimuli/Outdoor activity & sport item.png'
34.3313 	EXP 	feedb_probe3_2: image = 'stimuli/Electronic device & accessory.png'
34.3313 	EXP 	feedb_probe4_2: image = 'stimuli/Hand labour tool & accessory.png'
34.3313 	EXP 	cuedChar_2: autoDraw = True
34.3313 	EXP 	feedb_probe1_2: autoDraw = True
34.3313 	EXP 	feedb_probe2_2: autoDraw = True
34.3313 	EXP 	feedb_probe3_2: autoDraw = True
34.3313 	EXP 	feedb_probe4_2: autoDraw = True
35.3977 	EXP 	cuedChar_2: autoDraw = False
35.3977 	EXP 	feedb_probe1_2: autoDraw = False
35.3977 	EXP 	feedb_probe2_2: autoDraw = False
35.3977 	EXP 	feedb_probe3_2: autoDraw = False
35.3977 	EXP 	feedb_probe4_2: autoDraw = False
35.3977 	EXP 	task_feedb_2: text = 'incorrect'
35.3977 	EXP 	feedbImage_2: image = 'stimuli/objects/golfball.jpg'
35.3977 	EXP 	task_feedb_2: autoDraw = True
35.3977 	EXP 	feedbImage_2: autoDraw = True
35.8596 	EXP 	iti_2: autoDraw = True
35.9065 	EXP 	task_feedb_2: autoDraw = False
35.9065 	EXP 	feedbImage_2: autoDraw = False
36.6087 	EXP 	New trial (rep=0, index=4): OrderedDict([('character', 'stimuli/m_orange.jpg'), ('left_categ', 'stimuli/Hand labour tool & accessory.png'), ('centleft_categ', 'stimuli/Electronic device & accessory.png'), ('centright_categ', 'stimuli/Outdoor activity & sport item.png'), ('right_categ', 'stimuli/Kitchen & utensil.png'), ('type', 1), ('corr_ans', 'Hand labour tool & accessory'), ('condition', 1), ('corr_ans_num', 1), ('img', 'stimuli/objects/lock03a.jpg')])
36.6524 	EXP 	iti_2: autoDraw = False
36.6524 	EXP 	task_feedb_2: autoDraw = False
36.6524 	EXP 	feedbImage_2: autoDraw = False
36.6524 	EXP 	iti_2: autoDraw = False
36.6524 	EXP 	character_2: image = 'stimuli/m_orange.jpg'
36.6524 	EXP 	task_probe1_3: image = 'stimuli/Hand labour tool & accessory.png'
36.6524 	EXP 	task_probe2_3: image = 'stimuli/Electronic device & accessory.png'
36.6524 	EXP 	task_probe3_3: image = 'stimuli/Outdoor activity & sport item.png'
36.6524 	EXP 	task_probe4_3: image = 'stimuli/Kitchen & utensil.png'
36.6524 	EXP 	FixationCross_3: autoDraw = True
36.8767 	EXP 	character_2: autoDraw = True
36.9101 	EXP 	FixationCross_3: autoDraw = False
37.3760 	EXP 	character_2: autoDraw = False
37.3760 	EXP 	interval_2: autoDraw = True
37.8775 	EXP 	task_probe1_3: autoDraw = True
37.8775 	EXP 	task_probe2_3: autoDraw = True
37.8775 	EXP 	task_probe3_3: autoDraw = True
37.8775 	EXP 	task_probe4_3: autoDraw = True
37.8775 	EXP 	number_8: autoDraw = True
37.8775 	EXP 	number_9: autoDraw = True
37.8775 	EXP 	number_10: autoDraw = True
37.8775 	EXP 	number_11: autoDraw = True
38.1008 	DATA 	Keypress: 1
38.1502 	EXP 	FixationCross_3: autoDraw = False
38.1502 	EXP 	character_2: autoDraw = False
38.1502 	EXP 	interval_2: autoDraw = False
38.1502 	EXP 	task_probe1_3: autoDraw = False
38.1502 	EXP 	task_probe2_3: autoDraw = False
38.1502 	EXP 	task_probe3_3: autoDraw = False
38.1502 	EXP 	task_probe4_3: autoDraw = False
38.1502 	EXP 	number_8: autoDraw = False
38.1502 	EXP 	number_9: autoDraw = False
38.1502 	EXP 	number_10: autoDraw = False
38.1502 	EXP 	number_11: autoDraw = False
38.1502 	EXP 	cuedChar_2: pos = array([ 0. , -0.3])
38.1502 	EXP 	cuedChar_2: image = 'stimuli/m_orange.jpg'
38.1502 	EXP 	feedb_probe1_2: image = 'stimuli/Hand labour tool & accessory.png'
38.1502 	EXP 	feedb_probe2_2: image = 'stimuli/Electronic device & accessory.png'
38.1502 	EXP 	feedb_probe3_2: image = 'stimuli/Outdoor activity & sport item.png'
38.1502 	EXP 	feedb_probe4_2: image = 'stimuli/Kitchen & utensil.png'
38.1502 	EXP 	cuedChar_2: autoDraw = True
38.1502 	EXP 	feedb_probe1_2: autoDraw = True
38.1502 	EXP 	feedb_probe2_2: autoDraw = True
38.1502 	EXP 	feedb_probe3_2: autoDraw = True
38.1502 	EXP 	feedb_probe4_2: autoDraw = True
39.2257 	EXP 	cuedChar_2: autoDraw = False
39.2257 	EXP 	feedb_probe1_2: autoDraw = False
39.2257 	EXP 	feedb_probe2_2: autoDraw = False
39.2257 	EXP 	feedb_probe3_2: autoDraw = False
39.2257 	EXP 	feedb_probe4_2: autoDraw = False
39.2257 	EXP 	task_feedb_2: text = 'incorrect'
39.2257 	EXP 	feedbImage_2: image = 'stimuli/objects/lock03a.jpg'
39.2257 	EXP 	task_feedb_2: autoDraw = True
39.2257 	EXP 	feedbImage_2: autoDraw = True
39.4666 	DATA 	Keypress: escape
39.4765 	EXP 	window1: mouseVisible = True
