1.0672 	WARNING 	We strongly recommend you activate the PTB sound engine in PsychoPy prefs as the preferred audio engine. Its timing is vastly superior. Your prefs are currently set to use ['sounddevice', 'PTB', 'pyo', 'pygame'] (in that order).
1.7454 	WARNING 	Import Error: No module named 'psychtoolbox'. Using event module for keyboard component.
5.7740 	EXP 	Created window1 = Window(allowGUI=False, allowStencil=False, args=UNKNOWN, autoLog=True, bitsMode=UNKNOWN, blendMode='avg', bpc=(8, 8, 8), color=array([0., 0., 0.]), colorSpace='rgb', depthBits=8, fullscr=<method-wrapper '__getattribute__' of attributeSetter object at 0x7fecb2facb20>, gamma=None, gammaErrorPolicy='raise', kwargs=UNKNOWN, lms=UNKNOWN, monitor=<psychopy.monitors.calibTools.Monitor object at 0x7fecb2f75580>, multiSample=False, name='window1', numSamples=2, pos=[0.0, 0.0], screen=0, size=array([1680, 1050]), stencilBits=0, stereo=False, units='height', useFBO=True, useRetina=False, viewOri=0.0, viewPos=None, viewScale=None, waitBlanking=True, winType='pyglet')
5.7741 	EXP 	window1: recordFrameIntervals = False
5.9432 	EXP 	window1: recordFrameIntervals = True
6.0435 	WARNING 	t of last frame was 19.57ms (=1/51)
6.0936 	WARNING 	t of last frame was 20.03ms (=1/49)
6.2579 	EXP 	window1: recordFrameIntervals = False
6.3428 	EXP 	Created text_2 = TextStim(__class__=<class 'psychopy.visual.text.TextStim'>, alignHoriz=method-wrapper(...), alignText='center', alignVert=method-wrapper(...), anchorHoriz='center', anchorVert='center', antialias=True, autoLog=True, bold=False, color='black', colorSpace='named', contrast=1.0, depth=0.0, flipHoriz=False, flipVert=False, font='Arial', fontFiles=[], height=0.05, italic=False, languageStyle='LTR', name='text_2', opacity=1.0, ori=0, pos=array([0., 0.]), rgb=array([0., 0., 0.]), text=str(...), units='height', win=Window(...), wrapWidth=1)
6.3452 	EXP 	Created image = ImageStim(__class__=<class 'psychopy.visual.image.ImageStim'>, autoLog=True, color=array([1., 1., 1.]), colorSpace='rgb', contrast=1.0, depth=0.0, flipHoriz=False, flipVert=False, image='sin', interpolate=True, mask=None, maskParams=None, name='image', opacity=1.0, ori=0.0, pos=array([0., 0.]), size=array([1.7, 1. ]), texRes=128, units='height', win=Window(...))
6.3487 	EXP 	Created text = TextStim(__class__=<class 'psychopy.visual.text.TextStim'>, alignHoriz=method-wrapper(...), alignText='center', alignVert=method-wrapper(...), anchorHoriz='center', anchorVert='center', antialias=True, autoLog=True, bold=False, color='black', colorSpace='named', contrast=1.0, depth=0.0, flipHoriz=False, flipVert=False, font='Arial', fontFiles=[], height=0.05, italic=False, languageStyle='LTR', name='text', opacity=1.0, ori=0, pos=array([0., 0.]), rgb=array([0., 0., 0.]), text=str(...), units='height', win=Window(...), wrapWidth=1)
6.3626 	EXP 	text_2: autoDraw = True
6.8764 	DATA 	Keypress: space
6.8842 	EXP 	Imported illustrations.xlsx as conditions, 7 conditions, 2 params
6.8846 	EXP 	Created sequence: sequential, trialTypes=7, nReps=1, seed=None
6.8849 	EXP 	New trial (rep=0, index=0): OrderedDict([('images', 'slide 1.jpg'), ('key', "'space’")])
6.9255 	EXP 	text_2: autoDraw = False
6.9255 	EXP 	image: image = 'slide 1.jpg'
6.9255 	EXP 	image: autoDraw = True
8.0222 	DATA 	Keypress: space
8.0229 	EXP 	New trial (rep=0, index=1): OrderedDict([('images', 'slide 2.jpg'), ('key', "'l’")])
8.0617 	EXP 	image: autoDraw = False
8.0617 	EXP 	image: image = 'slide 2.jpg'
8.0617 	EXP 	image: autoDraw = True
9.6315 	DATA 	Keypress: space
9.6320 	EXP 	New trial (rep=0, index=2): OrderedDict([('images', 'slide 3.jpg'), ('key', "'l’")])
9.6699 	EXP 	image: autoDraw = False
9.6699 	EXP 	image: image = 'slide 3.jpg'
9.6699 	EXP 	image: autoDraw = True
10.0244 	DATA 	Keypress: space
10.0250 	EXP 	New trial (rep=0, index=3): OrderedDict([('images', 'slide 4.jpg'), ('key', "'l’")])
10.0638 	EXP 	image: autoDraw = False
10.0638 	EXP 	image: image = 'slide 4.jpg'
10.0638 	EXP 	image: autoDraw = True
10.2040 	DATA 	Keypress: space
10.2046 	EXP 	New trial (rep=0, index=4): OrderedDict([('images', 'slide 5.jpg'), ('key', "'d’")])
10.2406 	EXP 	image: autoDraw = False
10.2406 	EXP 	image: image = 'slide 5.jpg'
10.2406 	EXP 	image: autoDraw = True
10.4386 	DATA 	Keypress: space
10.4392 	EXP 	New trial (rep=0, index=5): OrderedDict([('images', 'slide 6.jpg'), ('key', "'l’")])
10.4750 	EXP 	image: autoDraw = False
10.4750 	EXP 	image: image = 'slide 6.jpg'
10.4750 	EXP 	image: autoDraw = True
10.6190 	DATA 	Keypress: space
10.6196 	EXP 	New trial (rep=0, index=6): OrderedDict([('images', 'slide 7.jpg'), ('key', "'space’")])
10.6559 	EXP 	image: autoDraw = False
10.6559 	EXP 	image: image = 'slide 7.jpg'
10.6559 	EXP 	image: autoDraw = True
10.8650 	DATA 	Keypress: space
10.8808 	EXP 	image: autoDraw = False
10.8808 	EXP 	text: autoDraw = True
11.8851 	EXP 	text: autoDraw = False
11.8919 	EXP 	window1: mouseVisible = True
