2.0176 	WARNING 	We strongly recommend you activate the PTB sound engine in PsychoPy prefs as the preferred audio engine. Its timing is vastly superior. Your prefs are currently set to use ['sounddevice', 'PTB', 'pyo', 'pygame'] (in that order).
4.5661 	WARNING 	Import Error: No module named 'psychtoolbox'. Using event module for keyboard component.
8.1030 	WARNING 	User requested fullscreen with size [1024  768], but screen is actually [1680, 1050]. Using actual size
12.3199 	WARNING 	Couldn't measure a consistent frame rate.
  - Is your graphics card set to sync to vertical blank?
  - Are you running other processes on your computer?

12.3213 	EXP 	Created window1 = Window(allowGUI=False, allowStencil=False, args=UNKNOWN, autoLog=True, bitsMode=UNKNOWN, blendMode='avg', bpc=(8, 8, 8), color=array([0., 0., 0.]), colorSpace='rgb', depthBits=8, fullscr=<method-wrapper '__getattribute__' of attributeSetter object at 0x7f4457107b20>, gamma=None, gammaErrorPolicy='raise', kwargs=UNKNOWN, lms=UNKNOWN, monitor=<psychopy.monitors.calibTools.Monitor object at 0x7f44570cd580>, multiSample=False, name='window1', numSamples=2, pos=[0.0, 0.0], screen=0, size=array([1680, 1050]), stencilBits=0, stereo=False, units='height', useFBO=True, useRetina=False, viewOri=0.0, viewPos=None, viewScale=None, waitBlanking=True, winType='pyglet')
12.3213 	EXP 	window1: recordFrameIntervals = False
12.5165 	EXP 	window1: recordFrameIntervals = True
12.5683 	WARNING 	t of last frame was 22.04ms (=1/45)
12.6144 	WARNING 	t of last frame was 36.06ms (=1/27)
12.6808 	WARNING 	t of last frame was 33.28ms (=1/30)
12.7271 	WARNING 	t of last frame was 34.96ms (=1/28)
12.7588 	WARNING 	Multiple dropped frames have occurred - I'll stop bothering you about them!
14.4427 	WARNING 	Couldn't measure a consistent frame rate.
  - Is your graphics card set to sync to vertical blank?
  - Are you running other processes on your computer?

14.8871 	EXP 	Created Instruction = TextStim(__class__=<class 'psychopy.visual.text.TextStim'>, alignHoriz=method-wrapper(...), alignText='center', alignVert=method-wrapper(...), anchorHoriz='center', anchorVert='center', antialias=True, autoLog=True, bold=False, color='black', colorSpace='named', contrast=1.0, depth=0.0, flipHoriz=False, flipVert=False, font='Arial', fontFiles=[], height=0.05, italic=False, languageStyle='LTR', name='Instruction', opacity=1.0, ori=0, pos=array([0., 0.]), rgb=array([0., 0., 0.]), text=str(...), units='height', win=Window(...), wrapWidth=1.5)
14.9005 	EXP 	Created FixationCross = TextStim(__class__=<class 'psychopy.visual.text.TextStim'>, alignHoriz=method-wrapper(...), alignText='center', alignVert=method-wrapper(...), anchorHoriz='center', anchorVert='center', antialias=True, autoLog=True, bold=False, color='white', colorSpace='named', contrast=1.0, depth=0.0, flipHoriz=False, flipVert=False, font='Arial', fontFiles=[], height=0.1, italic=False, languageStyle='LTR', name='FixationCross', opacity=1.0, ori=0, pos=array([0., 0.]), rgb=array([255., 255., 255.]), text='+', units='height', win=Window(...), wrapWidth=1)
14.9697 	EXP 	Created character = ImageStim(__class__=<class 'psychopy.visual.image.ImageStim'>, autoLog=True, color=array([1., 1., 1.]), colorSpace='rgb', contrast=1.0, depth=-1.0, flipHoriz=False, flipVert=False, image='sin', interpolate=True, mask=None, maskParams=None, name='character', opacity=1.0, ori=0.0, pos=array([ 0. , -0.2]), size=array([0.5, 0.5]), texRes=128, units='height', win=Window(...))
14.9712 	EXP 	Created interval = ImageStim(__class__=<class 'psychopy.visual.image.ImageStim'>, autoLog=True, color=array([1., 1., 1.]), colorSpace='rgb', contrast=1.0, depth=-2.0, flipHoriz=False, flipVert=False, image=None, interpolate=True, mask=None, maskParams=None, name='interval', opacity=1.0, ori=0.0, pos=array([0., 0.]), size=array([0.5, 0.5]), texRes=128, units='height', win=Window(...))
14.9736 	EXP 	Created task_probe1 = ImageStim(__class__=<class 'psychopy.visual.image.ImageStim'>, autoLog=True, color=array([1., 1., 1.]), colorSpace='rgb', contrast=1.0, depth=-3.0, flipHoriz=False, flipVert=False, image='sin', interpolate=True, mask=None, maskParams=None, name='task_probe1', opacity=1.0, ori=0.0, pos=array([-0.6,  0. ]), size=array([0.3, 0.3]), texRes=128, units='height', win=Window(...))
14.9758 	EXP 	Created task_probe2 = ImageStim(__class__=<class 'psychopy.visual.image.ImageStim'>, autoLog=True, color=array([1., 1., 1.]), colorSpace='rgb', contrast=1.0, depth=-4.0, flipHoriz=False, flipVert=False, image='sin', interpolate=True, mask=None, maskParams=None, name='task_probe2', opacity=1.0, ori=0.0, pos=array([-0.2,  0. ]), size=array([0.3, 0.3]), texRes=128, units='height', win=Window(...))
14.9792 	EXP 	Created task_probe3 = ImageStim(__class__=<class 'psychopy.visual.image.ImageStim'>, autoLog=True, color=array([1., 1., 1.]), colorSpace='rgb', contrast=1.0, depth=-5.0, flipHoriz=False, flipVert=False, image='sin', interpolate=True, mask=None, maskParams=None, name='task_probe3', opacity=1.0, ori=0.0, pos=array([0.2, 0. ]), size=array([0.3, 0.3]), texRes=128, units='height', win=Window(...))
14.9821 	EXP 	Created task_probe4 = ImageStim(__class__=<class 'psychopy.visual.image.ImageStim'>, autoLog=True, color=array([1., 1., 1.]), colorSpace='rgb', contrast=1.0, depth=-6.0, flipHoriz=False, flipVert=False, image='sin', interpolate=True, mask=None, maskParams=None, name='task_probe4', opacity=1.0, ori=0.0, pos=array([0.6, 0. ]), size=array([0.3, 0.3]), texRes=128, units='height', win=Window(...))
14.9859 	EXP 	Created number_1 = TextStim(__class__=<class 'psychopy.visual.text.TextStim'>, alignHoriz=method-wrapper(...), alignText='center', alignVert=method-wrapper(...), anchorHoriz='center', anchorVert='center', antialias=True, autoLog=True, bold=False, color='black', colorSpace='named', contrast=1.0, depth=-8.0, flipHoriz=False, flipVert=False, font='Arial', fontFiles=[], height=0.1, italic=False, languageStyle='LTR', name='number_1', opacity=1.0, ori=0, pos=array([-0.6,  0.3]), rgb=array([0., 0., 0.]), text='1', units='height', win=Window(...), wrapWidth=1)
14.9886 	EXP 	Created number_2 = TextStim(__class__=<class 'psychopy.visual.text.TextStim'>, alignHoriz=method-wrapper(...), alignText='center', alignVert=method-wrapper(...), anchorHoriz='center', anchorVert='center', antialias=True, autoLog=True, bold=False, color='black', colorSpace='named', contrast=1.0, depth=-9.0, flipHoriz=False, flipVert=False, font='Arial', fontFiles=[], height=0.1, italic=False, languageStyle='LTR', name='number_2', opacity=1.0, ori=0, pos=array([-0.2,  0.3]), rgb=array([0., 0., 0.]), text='2', units='height', win=Window(...), wrapWidth=1)
14.9911 	EXP 	Created number_3 = TextStim(__class__=<class 'psychopy.visual.text.TextStim'>, alignHoriz=method-wrapper(...), alignText='center', alignVert=method-wrapper(...), anchorHoriz='center', anchorVert='center', antialias=True, autoLog=True, bold=False, color='black', colorSpace='named', contrast=1.0, depth=-10.0, flipHoriz=False, flipVert=False, font='Arial', fontFiles=[], height=0.1, italic=False, languageStyle='LTR', name='number_3', opacity=1.0, ori=0, pos=array([0.2, 0.3]), rgb=array([0., 0., 0.]), text='3', units='height', win=Window(...), wrapWidth=1)
14.9927 	EXP 	Created number_4 = TextStim(__class__=<class 'psychopy.visual.text.TextStim'>, alignHoriz=method-wrapper(...), alignText='center', alignVert=method-wrapper(...), anchorHoriz='center', anchorVert='center', antialias=True, autoLog=True, bold=False, color='black', colorSpace='named', contrast=1.0, depth=-11.0, flipHoriz=False, flipVert=False, font='Arial', fontFiles=[], height=0.1, italic=False, languageStyle='LTR', name='number_4', opacity=1.0, ori=0, pos=array([0.6, 0.3]), rgb=array([0., 0., 0.]), text='4', units='height', win=Window(...), wrapWidth=1)
14.9946 	EXP 	Created character_2 = ImageStim(__class__=<class 'psychopy.visual.image.ImageStim'>, autoLog=True, color=array([1., 1., 1.]), colorSpace='rgb', contrast=1.0, depth=-1.0, flipHoriz=False, flipVert=False, image='sin', interpolate=True, mask=None, maskParams=None, name='character_2', opacity=1.0, ori=0.0, pos=array([0., 0.]), size=array([0.3, 0.3]), texRes=128, units='height', win=Window(...))
14.9963 	EXP 	Created feedb_probe1 = ImageStim(__class__=<class 'psychopy.visual.image.ImageStim'>, autoLog=True, color=array([1., 1., 1.]), colorSpace='rgb', contrast=1.0, depth=-2.0, flipHoriz=False, flipVert=False, image='sin', interpolate=True, mask=None, maskParams=None, name='feedb_probe1', opacity=1.0, ori=0.0, pos=array([-0.6,  0. ]), size=array([0.3, 0.3]), texRes=128, units='height', win=Window(...))
14.9980 	EXP 	Created feedb_probe2 = ImageStim(__class__=<class 'psychopy.visual.image.ImageStim'>, autoLog=True, color=array([1., 1., 1.]), colorSpace='rgb', contrast=1.0, depth=-3.0, flipHoriz=False, flipVert=False, image='sin', interpolate=True, mask=None, maskParams=None, name='feedb_probe2', opacity=1.0, ori=0.0, pos=array([-0.2,  0. ]), size=array([0.3, 0.3]), texRes=128, units='height', win=Window(...))
14.9997 	EXP 	Created feedb_probe3 = ImageStim(__class__=<class 'psychopy.visual.image.ImageStim'>, autoLog=True, color=array([1., 1., 1.]), colorSpace='rgb', contrast=1.0, depth=-4.0, flipHoriz=False, flipVert=False, image='sin', interpolate=True, mask=None, maskParams=None, name='feedb_probe3', opacity=1.0, ori=0.0, pos=array([0.2, 0. ]), size=array([0.3, 0.3]), texRes=128, units='height', win=Window(...))
15.0015 	EXP 	Created feedb_probe4 = ImageStim(__class__=<class 'psychopy.visual.image.ImageStim'>, autoLog=True, color=array([1., 1., 1.]), colorSpace='rgb', contrast=1.0, depth=-5.0, flipHoriz=False, flipVert=False, image='sin', interpolate=True, mask=None, maskParams=None, name='feedb_probe4', opacity=1.0, ori=0.0, pos=array([0.6, 0. ]), size=array([0.3, 0.3]), texRes=128, units='height', win=Window(...))
15.0154 	EXP 	Created task_feedb = TextStim(__class__=<class 'psychopy.visual.text.TextStim'>, alignHoriz=method-wrapper(...), alignText='center', alignVert=method-wrapper(...), anchorHoriz='center', anchorVert='center', antialias=True, autoLog=True, bold=False, color='white', colorSpace='named', contrast=1.0, depth=0.0, flipHoriz=False, flipVert=False, font='Arial', fontFiles=[], height=0.2, italic=False, languageStyle='LTR', name='task_feedb', opacity=1.0, ori=0, pos=array([0. , 0.3]), rgb=array([255., 255., 255.]), text='default text', units='height', win=Window(...), wrapWidth=1)
15.0173 	EXP 	Created feedbImage = ImageStim(__class__=<class 'psychopy.visual.image.ImageStim'>, autoLog=True, color=array([1., 1., 1.]), colorSpace='rgb', contrast=1.0, depth=-1.0, flipHoriz=False, flipVert=False, image='sin', interpolate=True, mask=None, maskParams=None, name='feedbImage', opacity=1.0, ori=0.0, pos=array([ 0. , -0.1]), size=array([0.5, 0.5]), texRes=128, units='height', win=Window(...))
15.0183 	EXP 	Created iti = ImageStim(__class__=<class 'psychopy.visual.image.ImageStim'>, autoLog=True, color=array([1., 1., 1.]), colorSpace='rgb', contrast=1.0, depth=-2.0, flipHoriz=False, flipVert=False, image=None, interpolate=True, mask=None, maskParams=None, name='iti', opacity=1.0, ori=0.0, pos=array([0.1, 0. ]), size=array([0.5, 0.5]), texRes=128, units='height', win=Window(...))
15.0230 	EXP 	Created pract_message = TextStim(__class__=<class 'psychopy.visual.text.TextStim'>, alignHoriz=method-wrapper(...), alignText='center', alignVert=method-wrapper(...), anchorHoriz='center', anchorVert='center', antialias=True, autoLog=True, bold=False, color='black', colorSpace='named', contrast=1.0, depth=0.0, flipHoriz=False, flipVert=False, font='Arial', fontFiles=[], height=0.05, italic=False, languageStyle='LTR', name='pract_message', opacity=1.0, ori=0, pos=array([0., 0.]), rgb=array([0., 0., 0.]), text='default text', units='height', win=Window(...), wrapWidth=1.5)
15.0234 	DATA 	Mouse: Left button down, pos=(1107,565)
15.0347 	EXP 	Instruction: autoDraw = True
15.1474 	DATA 	Mouse:  Left button up, pos=(1107,565)
17.9918 	DATA 	Keypress: space
17.9924 	EXP 	Created sequence: sequential, trialTypes=1, nReps=99, seed=None
17.9931 	EXP 	New trial (rep=0, index=0): None
18.0693 	EXP 	Imported practlist.csv as conditions, 80 conditions, 9 params
18.0699 	EXP 	Created sequence: sequential, trialTypes=80, nReps=1, seed=None
18.0703 	EXP 	New trial (rep=0, index=0): OrderedDict([('char', 'stimuli/m_red.jpg'), ('left_categ', 'stimuli/Gamestoy & entertainment.png'), ('centleft_categ', 'stimuli/Clothing.png'), ('centright_categ', 'stimuli/Food.png'), ('right_categ', 'stimuli/Vehicle.png'), ('trial_cond', 1), ('corr_ans', 'Food'), ('corr_ans_num', 3), ('image', 'stimuli/objects/chocolatecroissant.jpg')])
18.1515 	EXP 	Instruction: autoDraw = False
18.1515 	EXP 	character: image = 'stimuli/m_red.jpg'
18.1515 	EXP 	task_probe1: image = 'stimuli/Gamestoy & entertainment.png'
18.1515 	EXP 	task_probe2: image = 'stimuli/Clothing.png'
18.1515 	EXP 	task_probe3: image = 'stimuli/Food.png'
18.1515 	EXP 	task_probe4: image = 'stimuli/Vehicle.png'
18.1515 	EXP 	FixationCross: autoDraw = True
18.4021 	EXP 	character: autoDraw = True
18.4182 	EXP 	FixationCross: autoDraw = False
18.9001 	EXP 	interval: autoDraw = True
19.1702 	EXP 	character: autoDraw = False
19.3894 	EXP 	task_probe1: autoDraw = True
19.3894 	EXP 	task_probe2: autoDraw = True
19.3894 	EXP 	task_probe3: autoDraw = True
19.3894 	EXP 	task_probe4: autoDraw = True
19.3894 	EXP 	number_1: autoDraw = True
19.3894 	EXP 	number_2: autoDraw = True
19.3894 	EXP 	number_3: autoDraw = True
19.3894 	EXP 	number_4: autoDraw = True
20.1717 	EXP 	interval: autoDraw = False
22.6027 	DATA 	Keypress: 3
22.6508 	EXP 	FixationCross: autoDraw = False
22.6508 	EXP 	character: autoDraw = False
22.6508 	EXP 	interval: autoDraw = False
22.6508 	EXP 	task_probe1: autoDraw = False
22.6508 	EXP 	task_probe2: autoDraw = False
22.6508 	EXP 	task_probe3: autoDraw = False
22.6508 	EXP 	task_probe4: autoDraw = False
22.6508 	EXP 	number_1: autoDraw = False
22.6508 	EXP 	number_2: autoDraw = False
22.6508 	EXP 	number_3: autoDraw = False
22.6508 	EXP 	number_4: autoDraw = False
22.6508 	EXP 	character_2: pos = array([ 0.2, -0.3])
22.6508 	EXP 	character_2: image = 'stimuli/m_red.jpg'
22.6508 	EXP 	feedb_probe1: image = 'stimuli/Gamestoy & entertainment.png'
22.6508 	EXP 	feedb_probe2: image = 'stimuli/Clothing.png'
22.6508 	EXP 	feedb_probe3: image = 'stimuli/Food.png'
22.6508 	EXP 	feedb_probe4: image = 'stimuli/Vehicle.png'
22.6508 	EXP 	feedb_probe1: autoDraw = True
22.6508 	EXP 	feedb_probe2: autoDraw = True
22.6508 	EXP 	feedb_probe3: autoDraw = True
22.6508 	EXP 	feedb_probe4: autoDraw = True
22.9023 	EXP 	character_2: autoDraw = True
23.8173 	EXP 	character_2: autoDraw = False
23.8173 	EXP 	feedb_probe1: autoDraw = False
23.8173 	EXP 	feedb_probe2: autoDraw = False
23.8173 	EXP 	feedb_probe3: autoDraw = False
23.8173 	EXP 	feedb_probe4: autoDraw = False
23.8173 	EXP 	character_2: autoDraw = False
23.8173 	EXP 	feedb_probe1: autoDraw = False
23.8173 	EXP 	feedb_probe2: autoDraw = False
23.8173 	EXP 	feedb_probe3: autoDraw = False
23.8173 	EXP 	feedb_probe4: autoDraw = False
23.8173 	EXP 	task_feedb: text = 'incorrect'
23.8173 	EXP 	feedbImage: image = 'stimuli/objects/chocolatecroissant.jpg'
23.8173 	EXP 	task_feedb: autoDraw = True
23.8173 	EXP 	feedbImage: autoDraw = True
24.3348 	EXP 	task_feedb: autoDraw = False
24.3348 	EXP 	feedbImage: autoDraw = False
25.7953 	EXP 	iti: autoDraw = True
26.0868 	EXP 	New trial (rep=0, index=1): OrderedDict([('char', 'stimuli/m_blue.jpg'), ('left_categ', 'stimuli/Food.png'), ('centleft_categ', 'stimuli/Gamestoy & entertainment.png'), ('centright_categ', 'stimuli/Clothing.png'), ('right_categ', 'stimuli/Vehicle.png'), ('trial_cond', 0), ('corr_ans', 'Clothing'), ('corr_ans_num', 3), ('image', 'stimuli/objects/beret01.jpg')])
26.2725 	EXP 	iti: autoDraw = False
26.2725 	EXP 	task_feedb: autoDraw = False
26.2725 	EXP 	feedbImage: autoDraw = False
26.2725 	EXP 	iti: autoDraw = False
26.2725 	EXP 	character: image = 'stimuli/m_blue.jpg'
26.2725 	EXP 	task_probe1: image = 'stimuli/Food.png'
26.2725 	EXP 	task_probe2: image = 'stimuli/Gamestoy & entertainment.png'
26.2725 	EXP 	task_probe3: image = 'stimuli/Clothing.png'
26.2725 	EXP 	task_probe4: image = 'stimuli/Vehicle.png'
26.2725 	EXP 	FixationCross: autoDraw = True
26.5168 	EXP 	character: autoDraw = True
26.5273 	EXP 	FixationCross: autoDraw = False
27.0315 	EXP 	interval: autoDraw = True
27.3279 	EXP 	character: autoDraw = False
27.6130 	EXP 	task_probe1: autoDraw = True
27.6130 	EXP 	task_probe2: autoDraw = True
27.6130 	EXP 	task_probe3: autoDraw = True
27.6130 	EXP 	task_probe4: autoDraw = True
27.6130 	EXP 	number_1: autoDraw = True
27.6130 	EXP 	number_2: autoDraw = True
27.6130 	EXP 	number_3: autoDraw = True
27.6130 	EXP 	number_4: autoDraw = True
28.3059 	EXP 	interval: autoDraw = False
29.2433 	DATA 	Keypress: 1
29.4245 	EXP 	FixationCross: autoDraw = False
29.4245 	EXP 	character: autoDraw = False
29.4245 	EXP 	interval: autoDraw = False
29.4245 	EXP 	task_probe1: autoDraw = False
29.4245 	EXP 	task_probe2: autoDraw = False
29.4245 	EXP 	task_probe3: autoDraw = False
29.4245 	EXP 	task_probe4: autoDraw = False
29.4245 	EXP 	number_1: autoDraw = False
29.4245 	EXP 	number_2: autoDraw = False
29.4245 	EXP 	number_3: autoDraw = False
29.4245 	EXP 	number_4: autoDraw = False
29.4245 	EXP 	character_2: pos = array([-0.6, -0.3])
29.4245 	EXP 	character_2: image = 'stimuli/m_blue.jpg'
29.4245 	EXP 	feedb_probe1: image = 'stimuli/Food.png'
29.4245 	EXP 	feedb_probe2: image = 'stimuli/Gamestoy & entertainment.png'
29.4245 	EXP 	feedb_probe3: image = 'stimuli/Clothing.png'
29.4245 	EXP 	feedb_probe4: image = 'stimuli/Vehicle.png'
29.4245 	EXP 	feedb_probe1: autoDraw = True
29.4245 	EXP 	feedb_probe2: autoDraw = True
29.4245 	EXP 	feedb_probe3: autoDraw = True
29.4245 	EXP 	feedb_probe4: autoDraw = True
29.6827 	EXP 	character_2: autoDraw = True
30.4495 	ERROR 	Couldn't find image stimuli/objects/beret01.jpg; check path? (tried: /home/francesco/PowerFolders/Frankfurt_University/Prediction_learning/2_Project_Documents/Data_acquisition/task/MemLear_ses-01_part-01_label-phase1/stimuli/objects/beret01.jpg)
32.0471 	EXP 	window1: mouseVisible = True
