0.4752 	WARNING 	We strongly recommend you activate the PTB sound engine in PsychoPy prefs as the preferred audio engine. Its timing is vastly superior. Your prefs are currently set to use ['sounddevice', 'PTB', 'pyo', 'pygame'] (in that order).
1.0856 	WARNING 	Import Error: No module named 'psychtoolbox'. Using event module for keyboard component.
2.8774 	WARNING 	User requested fullscreen with size [1024  768], but screen is actually [1680, 1050]. Using actual size
3.7647 	EXP 	Created window1 = Window(allowGUI=False, allowStencil=False, args=UNKNOWN, autoLog=True, bitsMode=UNKNOWN, blendMode='avg', bpc=(8, 8, 8), color=array([0., 0., 0.]), colorSpace='rgb', depthBits=8, fullscr=<method-wrapper '__getattribute__' of attributeSetter object at 0x7f334165da00>, gamma=None, gammaErrorPolicy='raise', kwargs=UNKNOWN, lms=UNKNOWN, monitor=<psychopy.monitors.calibTools.Monitor object at 0x7f3341622460>, multiSample=False, name='window1', numSamples=2, pos=[0.0, 0.0], screen=0, size=array([1680, 1050]), stencilBits=0, stereo=False, units='height', useFBO=True, useRetina=False, viewOri=0.0, viewPos=None, viewScale=None, waitBlanking=True, winType='pyglet')
3.7648 	EXP 	window1: recordFrameIntervals = False
3.9313 	EXP 	window1: recordFrameIntervals = True
4.1819 	EXP 	window1: recordFrameIntervals = False
4.2302 	EXP 	Created FixationCross = TextStim(__class__=<class 'psychopy.visual.text.TextStim'>, alignHoriz=method-wrapper(...), alignText='center', alignVert=method-wrapper(...), anchorHoriz='center', anchorVert='center', antialias=True, autoLog=True, bold=False, color='white', colorSpace='named', contrast=1.0, depth=0.0, flipHoriz=False, flipVert=False, font='Arial', fontFiles=[], height=0.1, italic=False, languageStyle='LTR', name='FixationCross', opacity=1.0, ori=0, pos=array([0., 0.]), rgb=array([255., 255., 255.]), text='+', units='height', win=Window(...), wrapWidth=1)
4.2325 	EXP 	Created character = ImageStim(__class__=<class 'psychopy.visual.image.ImageStim'>, autoLog=True, color=array([1., 1., 1.]), colorSpace='rgb', contrast=1.0, depth=-1.0, flipHoriz=False, flipVert=False, image='sin', interpolate=True, mask=None, maskParams=None, name='character', opacity=1.0, ori=0.0, pos=array([ 0. , -0.2]), size=array([0.5, 0.5]), texRes=128, units='height', win=Window(...))
4.2335 	EXP 	Created interval = ImageStim(__class__=<class 'psychopy.visual.image.ImageStim'>, autoLog=True, color=array([1., 1., 1.]), colorSpace='rgb', contrast=1.0, depth=-2.0, flipHoriz=False, flipVert=False, image=None, interpolate=True, mask=None, maskParams=None, name='interval', opacity=1.0, ori=0.0, pos=array([0., 0.]), size=array([0.5, 0.5]), texRes=128, units='height', win=Window(...))
4.2354 	EXP 	Created task_probe1 = ImageStim(__class__=<class 'psychopy.visual.image.ImageStim'>, autoLog=True, color=array([1., 1., 1.]), colorSpace='rgb', contrast=1.0, depth=-3.0, flipHoriz=False, flipVert=False, image='sin', interpolate=True, mask=None, maskParams=None, name='task_probe1', opacity=1.0, ori=0.0, pos=array([-0.6,  0. ]), size=array([0.3, 0.3]), texRes=128, units='height', win=Window(...))
4.2372 	EXP 	Created task_probe2 = ImageStim(__class__=<class 'psychopy.visual.image.ImageStim'>, autoLog=True, color=array([1., 1., 1.]), colorSpace='rgb', contrast=1.0, depth=-4.0, flipHoriz=False, flipVert=False, image='sin', interpolate=True, mask=None, maskParams=None, name='task_probe2', opacity=1.0, ori=0.0, pos=array([-0.2,  0. ]), size=array([0.3, 0.3]), texRes=128, units='height', win=Window(...))
4.2392 	EXP 	Created task_probe3 = ImageStim(__class__=<class 'psychopy.visual.image.ImageStim'>, autoLog=True, color=array([1., 1., 1.]), colorSpace='rgb', contrast=1.0, depth=-5.0, flipHoriz=False, flipVert=False, image='sin', interpolate=True, mask=None, maskParams=None, name='task_probe3', opacity=1.0, ori=0.0, pos=array([0.2, 0. ]), size=array([0.3, 0.3]), texRes=128, units='height', win=Window(...))
4.2410 	EXP 	Created task_probe4 = ImageStim(__class__=<class 'psychopy.visual.image.ImageStim'>, autoLog=True, color=array([1., 1., 1.]), colorSpace='rgb', contrast=1.0, depth=-6.0, flipHoriz=False, flipVert=False, image='sin', interpolate=True, mask=None, maskParams=None, name='task_probe4', opacity=1.0, ori=0.0, pos=array([0.6, 0. ]), size=array([0.3, 0.3]), texRes=128, units='height', win=Window(...))
4.2431 	EXP 	Created number_1 = TextStim(__class__=<class 'psychopy.visual.text.TextStim'>, alignHoriz=method-wrapper(...), alignText='center', alignVert=method-wrapper(...), anchorHoriz='center', anchorVert='center', antialias=True, autoLog=True, bold=False, color='black', colorSpace='named', contrast=1.0, depth=-8.0, flipHoriz=False, flipVert=False, font='Arial', fontFiles=[], height=0.1, italic=False, languageStyle='LTR', name='number_1', opacity=1.0, ori=0, pos=array([-0.6,  0.3]), rgb=array([0., 0., 0.]), text='1', units='height', win=Window(...), wrapWidth=1)
4.2454 	EXP 	Created number_2 = TextStim(__class__=<class 'psychopy.visual.text.TextStim'>, alignHoriz=method-wrapper(...), alignText='center', alignVert=method-wrapper(...), anchorHoriz='center', anchorVert='center', antialias=True, autoLog=True, bold=False, color='black', colorSpace='named', contrast=1.0, depth=-9.0, flipHoriz=False, flipVert=False, font='Arial', fontFiles=[], height=0.1, italic=False, languageStyle='LTR', name='number_2', opacity=1.0, ori=0, pos=array([-0.2,  0.3]), rgb=array([0., 0., 0.]), text='2', units='height', win=Window(...), wrapWidth=1)
4.2470 	EXP 	Created number_3 = TextStim(__class__=<class 'psychopy.visual.text.TextStim'>, alignHoriz=method-wrapper(...), alignText='center', alignVert=method-wrapper(...), anchorHoriz='center', anchorVert='center', antialias=True, autoLog=True, bold=False, color='black', colorSpace='named', contrast=1.0, depth=-10.0, flipHoriz=False, flipVert=False, font='Arial', fontFiles=[], height=0.1, italic=False, languageStyle='LTR', name='number_3', opacity=1.0, ori=0, pos=array([0.2, 0.3]), rgb=array([0., 0., 0.]), text='3', units='height', win=Window(...), wrapWidth=1)
4.2485 	EXP 	Created number_4 = TextStim(__class__=<class 'psychopy.visual.text.TextStim'>, alignHoriz=method-wrapper(...), alignText='center', alignVert=method-wrapper(...), anchorHoriz='center', anchorVert='center', antialias=True, autoLog=True, bold=False, color='black', colorSpace='named', contrast=1.0, depth=-11.0, flipHoriz=False, flipVert=False, font='Arial', fontFiles=[], height=0.1, italic=False, languageStyle='LTR', name='number_4', opacity=1.0, ori=0, pos=array([0.6, 0.3]), rgb=array([0., 0., 0.]), text='4', units='height', win=Window(...), wrapWidth=1)
4.2502 	EXP 	Created character_2 = ImageStim(__class__=<class 'psychopy.visual.image.ImageStim'>, autoLog=True, color=array([1., 1., 1.]), colorSpace='rgb', contrast=1.0, depth=-1.0, flipHoriz=False, flipVert=False, image='sin', interpolate=True, mask=None, maskParams=None, name='character_2', opacity=1.0, ori=0.0, pos=array([0., 0.]), size=array([0.3, 0.3]), texRes=128, units='height', win=Window(...))
4.2518 	EXP 	Created feedb_probe1 = ImageStim(__class__=<class 'psychopy.visual.image.ImageStim'>, autoLog=True, color=array([1., 1., 1.]), colorSpace='rgb', contrast=1.0, depth=-2.0, flipHoriz=False, flipVert=False, image='sin', interpolate=True, mask=None, maskParams=None, name='feedb_probe1', opacity=1.0, ori=0.0, pos=array([-0.6,  0. ]), size=array([0.3, 0.3]), texRes=128, units='height', win=Window(...))
4.2534 	EXP 	Created feedb_probe2 = ImageStim(__class__=<class 'psychopy.visual.image.ImageStim'>, autoLog=True, color=array([1., 1., 1.]), colorSpace='rgb', contrast=1.0, depth=-3.0, flipHoriz=False, flipVert=False, image='sin', interpolate=True, mask=None, maskParams=None, name='feedb_probe2', opacity=1.0, ori=0.0, pos=array([-0.2,  0. ]), size=array([0.3, 0.3]), texRes=128, units='height', win=Window(...))
4.2550 	EXP 	Created feedb_probe3 = ImageStim(__class__=<class 'psychopy.visual.image.ImageStim'>, autoLog=True, color=array([1., 1., 1.]), colorSpace='rgb', contrast=1.0, depth=-4.0, flipHoriz=False, flipVert=False, image='sin', interpolate=True, mask=None, maskParams=None, name='feedb_probe3', opacity=1.0, ori=0.0, pos=array([0.2, 0. ]), size=array([0.3, 0.3]), texRes=128, units='height', win=Window(...))
4.2566 	EXP 	Created feedb_probe4 = ImageStim(__class__=<class 'psychopy.visual.image.ImageStim'>, autoLog=True, color=array([1., 1., 1.]), colorSpace='rgb', contrast=1.0, depth=-5.0, flipHoriz=False, flipVert=False, image='sin', interpolate=True, mask=None, maskParams=None, name='feedb_probe4', opacity=1.0, ori=0.0, pos=array([0.6, 0. ]), size=array([0.3, 0.3]), texRes=128, units='height', win=Window(...))
4.2693 	EXP 	Created task_feedb = TextStim(__class__=<class 'psychopy.visual.text.TextStim'>, alignHoriz=method-wrapper(...), alignText='center', alignVert=method-wrapper(...), anchorHoriz='center', anchorVert='center', antialias=True, autoLog=True, bold=False, color='white', colorSpace='named', contrast=1.0, depth=0.0, flipHoriz=False, flipVert=False, font='Arial', fontFiles=[], height=0.2, italic=False, languageStyle='LTR', name='task_feedb', opacity=1.0, ori=0, pos=array([0. , 0.3]), rgb=array([255., 255., 255.]), text='default text', units='height', win=Window(...), wrapWidth=1)
4.2711 	EXP 	Created feedbImage = ImageStim(__class__=<class 'psychopy.visual.image.ImageStim'>, autoLog=True, color=array([1., 1., 1.]), colorSpace='rgb', contrast=1.0, depth=-1.0, flipHoriz=False, flipVert=False, image='sin', interpolate=True, mask=None, maskParams=None, name='feedbImage', opacity=1.0, ori=0.0, pos=array([ 0. , -0.1]), size=array([0.5, 0.5]), texRes=128, units='height', win=Window(...))
4.2721 	EXP 	Created iti = ImageStim(__class__=<class 'psychopy.visual.image.ImageStim'>, autoLog=True, color=array([1., 1., 1.]), colorSpace='rgb', contrast=1.0, depth=-2.0, flipHoriz=False, flipVert=False, image=None, interpolate=True, mask=None, maskParams=None, name='iti', opacity=1.0, ori=0.0, pos=array([0.1, 0. ]), size=array([0.5, 0.5]), texRes=128, units='height', win=Window(...))
4.2824 	EXP 	Created pract_message = TextStim(__class__=<class 'psychopy.visual.text.TextStim'>, alignHoriz=method-wrapper(...), alignText='center', alignVert=method-wrapper(...), anchorHoriz='center', anchorVert='center', antialias=True, autoLog=True, bold=False, color='black', colorSpace='named', contrast=1.0, depth=0.0, flipHoriz=False, flipVert=False, font='Arial', fontFiles=[], height=0.05, italic=False, languageStyle='LTR', name='pract_message', opacity=1.0, ori=0, pos=array([0., 0.]), rgb=array([0., 0., 0.]), text='default text', units='height', win=Window(...), wrapWidth=1.5)
4.2830 	EXP 	Created sequence: sequential, trialTypes=1, nReps=99, seed=None
4.2836 	EXP 	New trial (rep=0, index=0): None
4.2945 	EXP 	Imported practlist.csv as conditions, 80 conditions, 9 params
4.2951 	EXP 	Created sequence: sequential, trialTypes=80, nReps=1, seed=None
4.2955 	EXP 	New trial (rep=0, index=0): OrderedDict([('char', 'stimuli/m_red.jpg'), ('left_categ', 'stimuli/Food.png'), ('centleft_categ', 'stimuli/Gamestoy & entertainment.png'), ('centright_categ', 'stimuli/Vehicle.png'), ('right_categ', 'stimuli/Clothing.png'), ('type', 1), ('corr_ans', 'Food'), ('corr_ans_num', 1), ('image', 'stimuli/objects/chocolatecroissant.jpg')])
4.3394 	EXP 	character: image = 'stimuli/m_red.jpg'
4.3394 	EXP 	task_probe1: image = 'stimuli/Food.png'
4.3394 	EXP 	task_probe2: image = 'stimuli/Gamestoy & entertainment.png'
4.3394 	EXP 	task_probe3: image = 'stimuli/Vehicle.png'
4.3394 	EXP 	task_probe4: image = 'stimuli/Clothing.png'
4.3394 	EXP 	FixationCross: autoDraw = True
4.5674 	EXP 	character: autoDraw = True
4.6007 	EXP 	FixationCross: autoDraw = False
5.0704 	EXP 	interval: autoDraw = True
5.3172 	EXP 	character: autoDraw = False
5.5684 	EXP 	task_probe1: autoDraw = True
5.5684 	EXP 	task_probe2: autoDraw = True
5.5684 	EXP 	task_probe3: autoDraw = True
5.5684 	EXP 	task_probe4: autoDraw = True
5.5684 	EXP 	number_1: autoDraw = True
5.5684 	EXP 	number_2: autoDraw = True
5.5684 	EXP 	number_3: autoDraw = True
5.5684 	EXP 	number_4: autoDraw = True
6.3198 	EXP 	interval: autoDraw = False
9.5972 	EXP 	task_probe1: autoDraw = False
9.5972 	EXP 	task_probe2: autoDraw = False
9.5972 	EXP 	task_probe3: autoDraw = False
9.5972 	EXP 	task_probe4: autoDraw = False
9.5972 	EXP 	number_1: autoDraw = False
9.5972 	EXP 	number_2: autoDraw = False
9.5972 	EXP 	number_3: autoDraw = False
9.5972 	EXP 	number_4: autoDraw = False
9.5972 	EXP 	FixationCross: autoDraw = False
9.5972 	EXP 	character: autoDraw = False
9.5972 	EXP 	interval: autoDraw = False
9.5972 	EXP 	task_probe1: autoDraw = False
9.5972 	EXP 	task_probe2: autoDraw = False
9.5972 	EXP 	task_probe3: autoDraw = False
9.5972 	EXP 	task_probe4: autoDraw = False
9.5972 	EXP 	number_1: autoDraw = False
9.5972 	EXP 	number_2: autoDraw = False
9.5972 	EXP 	number_3: autoDraw = False
9.5972 	EXP 	number_4: autoDraw = False
9.5972 	EXP 	character_2: pos = array([ 0. , -0.3])
9.5972 	EXP 	character_2: image = 'stimuli/m_red.jpg'
9.5972 	EXP 	feedb_probe1: image = 'stimuli/Food.png'
9.5972 	EXP 	feedb_probe2: image = 'stimuli/Gamestoy & entertainment.png'
9.5972 	EXP 	feedb_probe3: image = 'stimuli/Vehicle.png'
9.5972 	EXP 	feedb_probe4: image = 'stimuli/Clothing.png'
9.5972 	EXP 	feedb_probe1: autoDraw = True
9.5972 	EXP 	feedb_probe2: autoDraw = True
9.5972 	EXP 	feedb_probe3: autoDraw = True
9.5972 	EXP 	feedb_probe4: autoDraw = True
9.8272 	EXP 	character_2: autoDraw = True
10.5778 	EXP 	character_2: autoDraw = False
10.6003 	ERROR 	Couldn't find image stimuli/objects/chocolatecroissant.jpg; check path? (tried: /home/francesco/PowerFolders/Frankfurt_University/Prediction_learning/2_Project_Documents/Data_acquisition/task/MemLear_ses-01_part-01_label-phase1/stimuli/objects/chocolatecroissant.jpg)
10.6672 	EXP 	window1: mouseVisible = True
