1.0602 	WARNING 	We strongly recommend you activate the PTB sound engine in PsychoPy prefs as the preferred audio engine. Its timing is vastly superior. Your prefs are currently set to use ['sounddevice', 'PTB', 'pyo', 'pygame'] (in that order).
1.7439 	WARNING 	Import Error: No module named 'psychtoolbox'. Using event module for keyboard component.
6.7330 	EXP 	Created window1 = Window(allowGUI=False, allowStencil=False, args=UNKNOWN, autoLog=True, bitsMode=UNKNOWN, blendMode='avg', bpc=(8, 8, 8), color=array([0., 0., 0.]), colorSpace='rgb', depthBits=8, fullscr=<method-wrapper '__getattribute__' of attributeSetter object at 0x7f550b962c40>, gamma=None, gammaErrorPolicy='raise', kwargs=UNKNOWN, lms=UNKNOWN, monitor=<psychopy.monitors.calibTools.Monitor object at 0x7f550b92e640>, multiSample=False, name='window1', numSamples=2, pos=[0.0, 0.0], screen=0, size=array([1680, 1050]), stencilBits=0, stereo=False, units='height', useFBO=True, useRetina=False, viewOri=0.0, viewPos=None, viewScale=None, waitBlanking=True, winType='pyglet')
6.7331 	EXP 	window1: recordFrameIntervals = False
6.8995 	EXP 	window1: recordFrameIntervals = True
7.0834 	EXP 	window1: recordFrameIntervals = False
7.1734 	EXP 	Created text_2 = TextStim(__class__=<class 'psychopy.visual.text.TextStim'>, alignHoriz=method-wrapper(...), alignText='center', alignVert=method-wrapper(...), anchorHoriz='center', anchorVert='center', antialias=True, autoLog=True, bold=False, color='black', colorSpace='named', contrast=1.0, depth=0.0, flipHoriz=False, flipVert=False, font='Arial', fontFiles=[], height=0.05, italic=False, languageStyle='LTR', name='text_2', opacity=1.0, ori=0, pos=array([0., 0.]), rgb=array([0., 0., 0.]), text=str(...), units='height', win=Window(...), wrapWidth=1)
7.1759 	EXP 	Created image = ImageStim(__class__=<class 'psychopy.visual.image.ImageStim'>, autoLog=True, color=array([1., 1., 1.]), colorSpace='rgb', contrast=1.0, depth=0.0, flipHoriz=False, flipVert=False, image='sin', interpolate=True, mask=None, maskParams=None, name='image', opacity=1.0, ori=0.0, pos=array([0., 0.]), size=array([1.7, 1. ]), texRes=128, units='height', win=Window(...))
7.1826 	EXP 	Created text_3 = TextStim(__class__=<class 'psychopy.visual.text.TextStim'>, alignHoriz=method-wrapper(...), alignText='center', alignVert=method-wrapper(...), anchorHoriz='center', anchorVert='center', antialias=True, autoLog=True, bold=False, color='black', colorSpace='named', contrast=1.0, depth=0.0, flipHoriz=False, flipVert=False, font='Arial', fontFiles=[], height=0.05, italic=False, languageStyle='LTR', name='text_3', opacity=1.0, ori=0, pos=array([0., 0.]), rgb=array([0., 0., 0.]), text=str(...), units='height', win=Window(...), wrapWidth=1)
7.1855 	EXP 	Created blank = TextStim(__class__=<class 'psychopy.visual.text.TextStim'>, alignHoriz=method-wrapper(...), alignText='center', alignVert=method-wrapper(...), anchorHoriz='center', anchorVert='center', antialias=True, autoLog=True, bold=False, color='white', colorSpace='named', contrast=1.0, depth=0.0, flipHoriz=False, flipVert=False, font='Arial', fontFiles=[], height=0.1, italic=False, languageStyle='LTR', name='blank', opacity=1.0, ori=0, pos=array([0., 0.]), rgb=array([255., 255., 255.]), text='', units='height', win=Window(...), wrapWidth=1)
7.1926 	EXP 	Created word_pres = TextStim(__class__=<class 'psychopy.visual.text.TextStim'>, alignHoriz=method-wrapper(...), alignText='center', alignVert=method-wrapper(...), anchorHoriz='center', anchorVert='center', antialias=True, autoLog=True, bold=False, color='white', colorSpace='named', contrast=1.0, depth=0.0, flipHoriz=False, flipVert=False, font='Arial', fontFiles=[], height=0.1, italic=False, languageStyle='LTR', name='word_pres', opacity=1.0, ori=0, pos=array([0., 0.]), rgb=array([255., 255., 255.]), text='default text', units='height', win=Window(...), wrapWidth=1)
7.1932 	EXP 	Created text_4 = TextStim(__class__=<class 'psychopy.visual.text.TextStim'>, alignHoriz=method-wrapper(...), alignText='center', alignVert=method-wrapper(...), anchorHoriz='center', anchorVert='center', antialias=True, autoLog=True, bold=False, color='white', colorSpace='named', contrast=1.0, depth=-1.0, flipHoriz=False, flipVert=False, font='Arial', fontFiles=[], height=0.1, italic=False, languageStyle='LTR', name='text_4', opacity=1.0, ori=0, pos=array([0., 0.]), rgb=array([255., 255., 255.]), text='', units='height', win=Window(...), wrapWidth=1)
7.2064 	EXP 	text_2: autoDraw = True
8.4032 	DATA 	Keypress: space
8.4106 	EXP 	Imported illustrations.xlsx as conditions, 7 conditions, 2 params
8.4109 	EXP 	Created sequence: sequential, trialTypes=7, nReps=1, seed=None
8.4112 	EXP 	New trial (rep=0, index=0): OrderedDict([('images', 'slide 1.jpg'), ('key', "'space’")])
8.4524 	EXP 	text_2: autoDraw = False
8.4524 	EXP 	image: image = 'slide 1.jpg'
8.4524 	EXP 	image: autoDraw = True
9.0074 	DATA 	Keypress: space
9.0082 	EXP 	New trial (rep=0, index=1): OrderedDict([('images', 'slide 2.jpg'), ('key', "'l’")])
9.0442 	EXP 	image: autoDraw = False
9.0442 	EXP 	image: image = 'slide 2.jpg'
9.0442 	EXP 	image: autoDraw = True
9.3267 	DATA 	Keypress: space
9.3273 	EXP 	New trial (rep=0, index=2): OrderedDict([('images', 'slide 3.jpg'), ('key', "'l’")])
9.3636 	EXP 	image: autoDraw = False
9.3636 	EXP 	image: image = 'slide 3.jpg'
9.3636 	EXP 	image: autoDraw = True
9.5544 	DATA 	Keypress: space
9.5549 	EXP 	New trial (rep=0, index=3): OrderedDict([('images', 'slide 4.jpg'), ('key', "'l’")])
9.5945 	EXP 	image: autoDraw = False
9.5945 	EXP 	image: image = 'slide 4.jpg'
9.5945 	EXP 	image: autoDraw = True
9.7584 	DATA 	Keypress: space
9.7590 	EXP 	New trial (rep=0, index=4): OrderedDict([('images', 'slide 5.jpg'), ('key', "'d’")])
9.7950 	EXP 	image: autoDraw = False
9.7950 	EXP 	image: image = 'slide 5.jpg'
9.7950 	EXP 	image: autoDraw = True
9.9807 	DATA 	Keypress: space
9.9814 	EXP 	New trial (rep=0, index=5): OrderedDict([('images', 'slide 6.jpg'), ('key', "'l’")])
10.0202 	EXP 	image: autoDraw = False
10.0202 	EXP 	image: image = 'slide 6.jpg'
10.0202 	EXP 	image: autoDraw = True
10.4633 	DATA 	Keypress: space
10.4639 	EXP 	New trial (rep=0, index=6): OrderedDict([('images', 'slide 7.jpg'), ('key', "'space’")])
10.5002 	EXP 	image: autoDraw = False
10.5002 	EXP 	image: image = 'slide 7.jpg'
10.5002 	EXP 	image: autoDraw = True
11.0119 	DATA 	Keypress: space
11.0261 	EXP 	image: autoDraw = False
11.0261 	EXP 	text_3: autoDraw = True
12.2768 	DATA 	Keypress: space
12.2960 	EXP 	text_3: autoDraw = False
12.2960 	EXP 	blank: autoDraw = True
13.2958 	EXP 	Imported nBack_list.xlsx as conditions, 100 conditions, 4 params
13.2966 	EXP 	Created sequence: sequential, trialTypes=100, nReps=1, seed=None
13.2968 	EXP 	New trial (rep=0, index=0): OrderedDict([('word', 'bless'), ('CORRanswer', 'l'), ('trialtype', 0), ('hit_NoHit', 'NoHit')])
13.3117 	EXP 	blank: autoDraw = False
13.3117 	EXP 	word_pres: text = 'bless'
13.3117 	EXP 	word_pres: autoDraw = True
14.7979 	EXP 	text_4: autoDraw = True
14.8146 	EXP 	word_pres: autoDraw = False
14.9827 	EXP 	New trial (rep=0, index=1): OrderedDict([('word', 'nature'), ('CORRanswer', 'l'), ('trialtype', 0), ('hit_NoHit', 'NoHit')])
14.9983 	EXP 	word_pres: autoDraw = False
14.9983 	EXP 	text_4: autoDraw = False
14.9983 	EXP 	word_pres: text = 'nature'
14.9983 	EXP 	word_pres: autoDraw = True
16.4844 	EXP 	text_4: autoDraw = True
16.5012 	EXP 	word_pres: autoDraw = False
16.6848 	EXP 	text_4: autoDraw = False
16.6857 	EXP 	New trial (rep=0, index=2): OrderedDict([('word', 'carefree'), ('CORRanswer', 'l'), ('trialtype', 0), ('hit_NoHit', 'NoHit')])
16.7016 	EXP 	word_pres: autoDraw = False
16.7016 	EXP 	text_4: autoDraw = False
16.7016 	EXP 	word_pres: text = 'carefree'
16.7016 	EXP 	word_pres: autoDraw = True
16.7520 	DATA 	Keypress: d
16.7531 	EXP 	New trial (rep=0, index=3): OrderedDict([('word', 'nature'), ('CORRanswer', 'd'), ('trialtype', 1), ('hit_NoHit', 'Hit')])
16.7713 	EXP 	word_pres: autoDraw = False
16.7713 	EXP 	text_4: autoDraw = False
16.7713 	EXP 	word_pres: text = 'nature'
16.7713 	EXP 	word_pres: autoDraw = True
17.0051 	DATA 	Keypress: d
17.0061 	EXP 	New trial (rep=0, index=4): OrderedDict([('word', 'easygoing'), ('CORRanswer', 'l'), ('trialtype', 0), ('hit_NoHit', 'NoHit')])
17.0190 	EXP 	word_pres: autoDraw = False
17.0190 	EXP 	text_4: autoDraw = False
17.0190 	EXP 	word_pres: text = 'easygoing'
17.0190 	EXP 	word_pres: autoDraw = True
17.2194 	DATA 	Keypress: d
17.2206 	EXP 	New trial (rep=0, index=5): OrderedDict([('word', 'pillow'), ('CORRanswer', 'l'), ('trialtype', 0), ('hit_NoHit', 'NoHit')])
17.2387 	EXP 	word_pres: autoDraw = False
17.2387 	EXP 	text_4: autoDraw = False
17.2387 	EXP 	word_pres: text = 'pillow'
17.2387 	EXP 	word_pres: autoDraw = True
17.3893 	DATA 	Keypress: d
17.3903 	EXP 	New trial (rep=0, index=6): OrderedDict([('word', 'easygoing'), ('CORRanswer', 'd'), ('trialtype', 1), ('hit_NoHit', 'Hit')])
17.4057 	EXP 	word_pres: autoDraw = False
17.4057 	EXP 	text_4: autoDraw = False
17.4057 	EXP 	word_pres: text = 'easygoing'
17.4057 	EXP 	word_pres: autoDraw = True
17.5730 	DATA 	Keypress: d
17.5741 	EXP 	New trial (rep=0, index=7): OrderedDict([('word', 'gentle'), ('CORRanswer', 'l'), ('trialtype', 0), ('hit_NoHit', 'NoHit')])
17.5865 	EXP 	word_pres: autoDraw = False
17.5865 	EXP 	text_4: autoDraw = False
17.5865 	EXP 	word_pres: text = 'gentle'
17.5865 	EXP 	word_pres: autoDraw = True
17.7371 	DATA 	Keypress: d
17.7382 	EXP 	New trial (rep=0, index=8): OrderedDict([('word', 'square'), ('CORRanswer', 'l'), ('trialtype', 0), ('hit_NoHit', 'NoHit')])
17.7536 	EXP 	word_pres: autoDraw = False
17.7536 	EXP 	text_4: autoDraw = False
17.7536 	EXP 	word_pres: text = 'square'
17.7536 	EXP 	word_pres: autoDraw = True
17.9375 	DATA 	Keypress: d
17.9384 	EXP 	New trial (rep=0, index=9): OrderedDict([('word', 'gentle'), ('CORRanswer', 'd'), ('trialtype', 1), ('hit_NoHit', 'Hit')])
17.9569 	EXP 	word_pres: autoDraw = False
17.9569 	EXP 	text_4: autoDraw = False
17.9569 	EXP 	word_pres: text = 'gentle'
17.9569 	EXP 	word_pres: autoDraw = True
18.1241 	DATA 	Keypress: d
18.1251 	EXP 	New trial (rep=0, index=10): OrderedDict([('word', 'carefree'), ('CORRanswer', 'l'), ('trialtype', 0), ('hit_NoHit', 'NoHit')])
18.1405 	EXP 	word_pres: autoDraw = False
18.1405 	EXP 	text_4: autoDraw = False
18.1405 	EXP 	word_pres: text = 'carefree'
18.1405 	EXP 	word_pres: autoDraw = True
18.2757 	DATA 	Keypress: d
18.2919 	EXP 	New trial (rep=0, index=11): OrderedDict([('word', 'tool'), ('CORRanswer', 'l'), ('trialtype', 0), ('hit_NoHit', 'NoHit')])
18.3046 	EXP 	word_pres: autoDraw = False
18.3046 	EXP 	text_4: autoDraw = False
18.3046 	EXP 	word_pres: text = 'tool'
18.3046 	EXP 	word_pres: autoDraw = True
18.4550 	DATA 	Keypress: d
18.4559 	EXP 	New trial (rep=0, index=12): OrderedDict([('word', 'bored'), ('CORRanswer', 'l'), ('trialtype', 0), ('hit_NoHit', 'NoHit')])
18.4716 	EXP 	word_pres: autoDraw = False
18.4716 	EXP 	text_4: autoDraw = False
18.4716 	EXP 	word_pres: text = 'bored'
18.4716 	EXP 	word_pres: autoDraw = True
18.6221 	DATA 	Keypress: d
18.6231 	EXP 	New trial (rep=0, index=13): OrderedDict([('word', 'tool'), ('CORRanswer', 'd'), ('trialtype', 1), ('hit_NoHit', 'Hit')])
18.6415 	EXP 	word_pres: autoDraw = False
18.6415 	EXP 	text_4: autoDraw = False
18.6415 	EXP 	word_pres: text = 'tool'
18.6415 	EXP 	word_pres: autoDraw = True
18.8101 	DATA 	Keypress: d
18.8233 	EXP 	New trial (rep=0, index=14): OrderedDict([('word', 'home'), ('CORRanswer', 'l'), ('trialtype', 0), ('hit_NoHit', 'NoHit')])
18.8390 	EXP 	word_pres: autoDraw = False
18.8390 	EXP 	text_4: autoDraw = False
18.8390 	EXP 	word_pres: text = 'home'
18.8390 	EXP 	word_pres: autoDraw = True
19.0062 	DATA 	Keypress: d
19.0073 	EXP 	New trial (rep=0, index=15): OrderedDict([('word', 'immature'), ('CORRanswer', 'l'), ('trialtype', 0), ('hit_NoHit', 'NoHit')])
19.0256 	EXP 	word_pres: autoDraw = False
19.0256 	EXP 	text_4: autoDraw = False
19.0256 	EXP 	word_pres: text = 'immature'
19.0256 	EXP 	word_pres: autoDraw = True
19.1899 	DATA 	Keypress: d
19.1909 	EXP 	New trial (rep=0, index=16): OrderedDict([('word', 'home'), ('CORRanswer', 'd'), ('trialtype', 1), ('hit_NoHit', 'Hit')])
19.2064 	EXP 	word_pres: autoDraw = False
19.2064 	EXP 	text_4: autoDraw = False
19.2064 	EXP 	word_pres: text = 'home'
19.2064 	EXP 	word_pres: autoDraw = True
19.3735 	DATA 	Keypress: d
19.3746 	EXP 	New trial (rep=0, index=17): OrderedDict([('word', 'fault'), ('CORRanswer', 'l'), ('trialtype', 0), ('hit_NoHit', 'NoHit')])
19.3900 	EXP 	word_pres: autoDraw = False
19.3900 	EXP 	text_4: autoDraw = False
19.3900 	EXP 	word_pres: text = 'fault'
19.3900 	EXP 	word_pres: autoDraw = True
19.5615 	DATA 	Keypress: d
19.5748 	EXP 	New trial (rep=0, index=18): OrderedDict([('word', 'pillow'), ('CORRanswer', 'l'), ('trialtype', 0), ('hit_NoHit', 'NoHit')])
19.5905 	EXP 	word_pres: autoDraw = False
19.5905 	EXP 	text_4: autoDraw = False
19.5905 	EXP 	word_pres: text = 'pillow'
19.5905 	EXP 	word_pres: autoDraw = True
19.7619 	DATA 	Keypress: d
19.7752 	EXP 	New trial (rep=0, index=19): OrderedDict([('word', 'violin'), ('CORRanswer', 'l'), ('trialtype', 0), ('hit_NoHit', 'NoHit')])
19.7938 	EXP 	word_pres: autoDraw = False
19.7938 	EXP 	text_4: autoDraw = False
19.7938 	EXP 	word_pres: text = 'violin'
19.7938 	EXP 	word_pres: autoDraw = True
19.9442 	DATA 	Keypress: d
19.9453 	EXP 	New trial (rep=0, index=20): OrderedDict([('word', 'violin'), ('CORRanswer', 'd'), ('trialtype', 1), ('hit_NoHit', 'Hit')])
19.9606 	EXP 	word_pres: autoDraw = False
19.9606 	EXP 	text_4: autoDraw = False
19.9606 	EXP 	word_pres: text = 'violin'
19.9606 	EXP 	word_pres: autoDraw = True
20.1250 	DATA 	Keypress: d
20.1261 	EXP 	New trial (rep=0, index=21): OrderedDict([('word', 'tense'), ('CORRanswer', 'l'), ('trialtype', 0), ('hit_NoHit', 'NoHit')])
20.1415 	EXP 	word_pres: autoDraw = False
20.1415 	EXP 	text_4: autoDraw = False
20.1415 	EXP 	word_pres: text = 'tense'
20.1415 	EXP 	word_pres: autoDraw = True
21.0769 	DATA 	Keypress: d
21.0780 	EXP 	New trial (rep=0, index=22): OrderedDict([('word', 'confident'), ('CORRanswer', 'l'), ('trialtype', 0), ('hit_NoHit', 'NoHit')])
21.0933 	EXP 	word_pres: autoDraw = False
21.0933 	EXP 	text_4: autoDraw = False
21.0933 	EXP 	word_pres: text = 'confident'
21.0933 	EXP 	word_pres: autoDraw = True
21.2272 	DATA 	Keypress: d
21.2282 	EXP 	New trial (rep=0, index=23): OrderedDict([('word', 'bomb'), ('CORRanswer', 'l'), ('trialtype', 0), ('hit_NoHit', 'NoHit')])
21.2437 	EXP 	word_pres: autoDraw = False
21.2437 	EXP 	text_4: autoDraw = False
21.2437 	EXP 	word_pres: text = 'bomb'
21.2437 	EXP 	word_pres: autoDraw = True
21.3941 	DATA 	Keypress: d
21.3951 	EXP 	New trial (rep=0, index=24): OrderedDict([('word', 'confident'), ('CORRanswer', 'd'), ('trialtype', 1), ('hit_NoHit', 'Hit')])
21.4106 	EXP 	word_pres: autoDraw = False
21.4106 	EXP 	text_4: autoDraw = False
21.4106 	EXP 	word_pres: text = 'confident'
21.4106 	EXP 	word_pres: autoDraw = True
21.5806 	DATA 	Keypress: d
21.5816 	EXP 	New trial (rep=0, index=25): OrderedDict([('word', 'butterfly'), ('CORRanswer', 'l'), ('trialtype', 0), ('hit_NoHit', 'NoHit')])
21.5942 	EXP 	word_pres: autoDraw = False
21.5942 	EXP 	text_4: autoDraw = False
21.5942 	EXP 	word_pres: text = 'butterfly'
21.5942 	EXP 	word_pres: autoDraw = True
21.7614 	DATA 	Keypress: d
21.7624 	EXP 	New trial (rep=0, index=26): OrderedDict([('word', 'cheer'), ('CORRanswer', 'l'), ('trialtype', 0), ('hit_NoHit', 'NoHit')])
21.7808 	EXP 	word_pres: autoDraw = False
21.7808 	EXP 	text_4: autoDraw = False
21.7808 	EXP 	word_pres: text = 'cheer'
21.7808 	EXP 	word_pres: autoDraw = True
21.9318 	DATA 	Keypress: d
21.9329 	EXP 	New trial (rep=0, index=27): OrderedDict([('word', 'street'), ('CORRanswer', 'l'), ('trialtype', 0), ('hit_NoHit', 'NoHit')])
21.9449 	EXP 	word_pres: autoDraw = False
21.9449 	EXP 	text_4: autoDraw = False
21.9449 	EXP 	word_pres: text = 'street'
21.9449 	EXP 	word_pres: autoDraw = True
22.0787 	DATA 	Keypress: d
22.0799 	EXP 	New trial (rep=0, index=28): OrderedDict([('word', 'cheer'), ('CORRanswer', 'd'), ('trialtype', 1), ('hit_NoHit', 'Hit')])
22.0952 	EXP 	word_pres: autoDraw = False
22.0952 	EXP 	text_4: autoDraw = False
22.0952 	EXP 	word_pres: text = 'cheer'
22.0952 	EXP 	word_pres: autoDraw = True
22.4795 	DATA 	Keypress: escape
22.4875 	EXP 	window1: mouseVisible = True
