1.0438 	WARNING 	We strongly recommend you activate the PTB sound engine in PsychoPy prefs as the preferred audio engine. Its timing is vastly superior. Your prefs are currently set to use ['sounddevice', 'PTB', 'pyo', 'pygame'] (in that order).
1.7126 	WARNING 	Import Error: No module named 'psychtoolbox'. Using event module for keyboard component.
5.6084 	EXP 	Created window1 = Window(allowGUI=False, allowStencil=False, args=UNKNOWN, autoLog=True, bitsMode=UNKNOWN, blendMode='avg', bpc=(8, 8, 8), color=array([0., 0., 0.]), colorSpace='rgb', depthBits=8, fullscr=<method-wrapper '__getattribute__' of attributeSetter object at 0x7f96959e8b20>, gamma=None, gammaErrorPolicy='raise', kwargs=UNKNOWN, lms=UNKNOWN, monitor=<psychopy.monitors.calibTools.Monitor object at 0x7f96959b2580>, multiSample=False, name='window1', numSamples=2, pos=[0.0, 0.0], screen=0, size=array([1680, 1050]), stencilBits=0, stereo=False, units='height', useFBO=True, useRetina=False, viewOri=0.0, viewPos=None, viewScale=None, waitBlanking=True, winType='pyglet')
5.6085 	EXP 	window1: recordFrameIntervals = False
5.7745 	EXP 	window1: recordFrameIntervals = True
5.9589 	EXP 	window1: recordFrameIntervals = False
6.0442 	EXP 	Created text_2 = TextStim(__class__=<class 'psychopy.visual.text.TextStim'>, alignHoriz=method-wrapper(...), alignText='center', alignVert=method-wrapper(...), anchorHoriz='center', anchorVert='center', antialias=True, autoLog=True, bold=False, color='black', colorSpace='named', contrast=1.0, depth=0.0, flipHoriz=False, flipVert=False, font='Arial', fontFiles=[], height=0.05, italic=False, languageStyle='LTR', name='text_2', opacity=1.0, ori=0, pos=array([0., 0.]), rgb=array([0., 0., 0.]), text=str(...), units='height', win=Window(...), wrapWidth=1)
6.0467 	EXP 	Created image = ImageStim(__class__=<class 'psychopy.visual.image.ImageStim'>, autoLog=True, color=array([1., 1., 1.]), colorSpace='rgb', contrast=1.0, depth=0.0, flipHoriz=False, flipVert=False, image='sin', interpolate=True, mask=None, maskParams=None, name='image', opacity=1.0, ori=0.0, pos=array([0., 0.]), size=array([1.7, 1.3]), texRes=128, units='height', win=Window(...))
6.0502 	EXP 	Created text = TextStim(__class__=<class 'psychopy.visual.text.TextStim'>, alignHoriz=method-wrapper(...), alignText='center', alignVert=method-wrapper(...), anchorHoriz='center', anchorVert='center', antialias=True, autoLog=True, bold=False, color='black', colorSpace='named', contrast=1.0, depth=0.0, flipHoriz=False, flipVert=False, font='Arial', fontFiles=[], height=0.05, italic=False, languageStyle='LTR', name='text', opacity=1.0, ori=0, pos=array([0., 0.]), rgb=array([0., 0., 0.]), text=str(...), units='height', win=Window(...), wrapWidth=1)
6.0602 	EXP 	text_2: autoDraw = True
7.8986 	DATA 	Keypress: space
7.9214 	EXP 	Imported illustrations.xlsx as conditions, 7 conditions, 2 params
7.9217 	EXP 	Created sequence: sequential, trialTypes=7, nReps=1, seed=None
7.9220 	EXP 	New trial (rep=0, index=0): OrderedDict([('images', 'slide 1.jpg'), ('key', "'space’")])
7.9600 	EXP 	text_2: autoDraw = False
7.9600 	EXP 	image: image = 'slide 1.jpg'
7.9600 	EXP 	image: autoDraw = True
11.0897 	DATA 	Keypress: space
11.0904 	EXP 	New trial (rep=0, index=1): OrderedDict([('images', 'slide 2.jpg'), ('key', "'l’")])
11.1296 	EXP 	image: autoDraw = False
11.1296 	EXP 	image: image = 'slide 2.jpg'
11.1296 	EXP 	image: autoDraw = True
13.8062 	DATA 	Keypress: right
14.4947 	DATA 	Keypress: space
14.4952 	EXP 	New trial (rep=0, index=2): OrderedDict([('images', 'slide 3.jpg'), ('key', "'l’")])
14.5343 	EXP 	image: autoDraw = False
14.5343 	EXP 	image: image = 'slide 3.jpg'
14.5343 	EXP 	image: autoDraw = True
14.9146 	DATA 	Keypress: space
14.9151 	EXP 	New trial (rep=0, index=3): OrderedDict([('images', 'slide 4.jpg'), ('key', "'l’")])
14.9576 	EXP 	image: autoDraw = False
14.9576 	EXP 	image: image = 'slide 4.jpg'
14.9576 	EXP 	image: autoDraw = True
16.2590 	DATA 	Keypress: l
16.2595 	EXP 	New trial (rep=0, index=4): OrderedDict([('images', 'slide 5.jpg'), ('key', "'d’")])
16.2969 	EXP 	image: autoDraw = False
16.2969 	EXP 	image: image = 'slide 5.jpg'
16.2969 	EXP 	image: autoDraw = True
17.2539 	DATA 	Keypress: l
17.2545 	EXP 	New trial (rep=0, index=5): OrderedDict([('images', 'slide 6.jpg'), ('key', "'l’")])
17.2933 	EXP 	image: autoDraw = False
17.2933 	EXP 	image: image = 'slide 6.jpg'
17.2933 	EXP 	image: autoDraw = True
18.9963 	DATA 	Keypress: l
18.9968 	EXP 	New trial (rep=0, index=6): OrderedDict([('images', 'slide 7.jpg'), ('key', "'space’")])
19.0356 	EXP 	image: autoDraw = False
19.0356 	EXP 	image: image = 'slide 7.jpg'
19.0356 	EXP 	image: autoDraw = True
20.2095 	DATA 	Keypress: space
20.2252 	EXP 	image: autoDraw = False
20.2252 	EXP 	text: autoDraw = True
20.9719 	DATA 	Keypress: escape
20.9783 	EXP 	window1: mouseVisible = True
