0.9996 	WARNING 	We strongly recommend you activate the PTB sound engine in PsychoPy prefs as the preferred audio engine. Its timing is vastly superior. Your prefs are currently set to use ['sounddevice', 'PTB', 'pyo', 'pygame'] (in that order).
1.6803 	WARNING 	Import Error: No module named 'psychtoolbox'. Using event module for keyboard component.
4.9802 	EXP 	Created window1 = Window(allowGUI=False, allowStencil=False, args=UNKNOWN, autoLog=True, bitsMode=UNKNOWN, blendMode='avg', bpc=(8, 8, 8), color=array([0., 0., 0.]), colorSpace='rgb', depthBits=8, fullscr=<method-wrapper '__getattribute__' of attributeSetter object at 0x7f3927006b20>, gamma=None, gammaErrorPolicy='raise', kwargs=UNKNOWN, lms=UNKNOWN, monitor=<psychopy.monitors.calibTools.Monitor object at 0x7f3926fcd580>, multiSample=False, name='window1', numSamples=2, pos=[0.0, 0.0], screen=0, size=array([1680, 1050]), stencilBits=0, stereo=False, units='height', useFBO=True, useRetina=False, viewOri=0.0, viewPos=None, viewScale=None, waitBlanking=True, winType='pyglet')
4.9802 	EXP 	window1: recordFrameIntervals = False
5.1467 	EXP 	window1: recordFrameIntervals = True
5.3306 	EXP 	window1: recordFrameIntervals = False
5.3815 	EXP 	Created InstTop = TextStim(__class__=<class 'psychopy.visual.text.TextStim'>, alignHoriz=method-wrapper(...), alignText='center', alignVert=method-wrapper(...), anchorHoriz='center', anchorVert='center', antialias=True, autoLog=True, bold=False, color='black', colorSpace='named', contrast=1.0, depth=0.0, flipHoriz=False, flipVert=False, font='bold', fontFiles=[], height=0.05, italic=False, languageStyle='LTR', name='InstTop', opacity=1.0, ori=0, pos=array([0. , 0.2]), rgb=array([0., 0., 0.]), text='default text', units='height', win=Window(...), wrapWidth=1.5)
5.3903 	EXP 	Created InstMiddle = TextStim(__class__=<class 'psychopy.visual.text.TextStim'>, alignHoriz=method-wrapper(...), alignText='center', alignVert=method-wrapper(...), anchorHoriz='center', anchorVert='center', antialias=True, autoLog=True, bold=False, color='black', colorSpace='named', contrast=1.0, depth=-1.0, flipHoriz=False, flipVert=False, font='Arial', fontFiles=[], height=0.05, italic=False, languageStyle='LTR', name='InstMiddle', opacity=1.0, ori=0, pos=array([0. , 0.1]), rgb=array([0., 0., 0.]), text='default text', units='height', win=Window(...), wrapWidth=1.5)
5.3923 	EXP 	Created InstrBottom = TextStim(__class__=<class 'psychopy.visual.text.TextStim'>, alignHoriz=method-wrapper(...), alignText='center', alignVert=method-wrapper(...), anchorHoriz='center', anchorVert='center', antialias=True, autoLog=True, bold=False, color='black', colorSpace='named', contrast=1.0, depth=-2.0, flipHoriz=False, flipVert=False, font='Arial', fontFiles=[], height=0.05, italic=False, languageStyle='LTR', name='InstrBottom', opacity=1.0, ori=0, pos=array([ 0. , -0.4]), rgb=array([0., 0., 0.]), text='default text', units='height', win=Window(...), wrapWidth=1.5)
5.3999 	EXP 	Created fix = TextStim(__class__=<class 'psychopy.visual.text.TextStim'>, alignHoriz=method-wrapper(...), alignText='center', alignVert=method-wrapper(...), anchorHoriz='center', anchorVert='center', antialias=True, autoLog=True, bold=False, color='black', colorSpace='named', contrast=1.0, depth=0.0, flipHoriz=False, flipVert=False, font='Arial', fontFiles=[], height=0.1, italic=False, languageStyle='LTR', name='fix', opacity=1.0, ori=0, pos=array([0., 0.]), rgb=array([0., 0., 0.]), text='+', units='height', win=Window(...), wrapWidth=1)
5.4022 	EXP 	Created object_id = ImageStim(__class__=<class 'psychopy.visual.image.ImageStim'>, autoLog=True, color=array([1., 1., 1.]), colorSpace='rgb', contrast=1.0, depth=0.0, flipHoriz=False, flipVert=False, image='sin', interpolate=True, mask=None, maskParams=None, name='object_id', opacity=1.0, ori=0.0, pos=array([0. , 0.2]), size=array([0.5, 0.5]), texRes=128, units='height', win=Window(...))
5.4109 	EXP 	Created prompt_id = TextStim(__class__=<class 'psychopy.visual.text.TextStim'>, alignHoriz=method-wrapper(...), alignText='center', alignVert=method-wrapper(...), anchorHoriz='center', anchorVert='center', antialias=True, autoLog=True, bold=False, color='black', colorSpace='named', contrast=1.0, depth=-1.0, flipHoriz=False, flipVert=False, font='Arial', fontFiles=[], height=0.05, italic=False, languageStyle='LTR', name='prompt_id', opacity=1.0, ori=0, pos=array([ 0.  , -0.12]), rgb=array([0., 0., 0.]), text='Have you seen this object before?', units='height', win=Window(...), wrapWidth=1)
5.4157 	EXP 	Created prompt_id2 = TextStim(__class__=<class 'psychopy.visual.text.TextStim'>, alignHoriz=method-wrapper(...), alignText='center', alignVert=method-wrapper(...), anchorHoriz='center', anchorVert='center', antialias=True, autoLog=True, bold=False, color='black', colorSpace='named', contrast=1.0, depth=-2.0, flipHoriz=False, flipVert=False, font='Arial', fontFiles=[], height=0.1, italic=False, languageStyle='LTR', name='prompt_id2', opacity=1.0, ori=0, pos=array([ 0. , -0.3]), rgb=array([0., 0., 0.]), text='YES               NO', units='height', win=Window(...), wrapWidth=1.5)
5.4175 	EXP 	Created feedb_objectID = ImageStim(__class__=<class 'psychopy.visual.image.ImageStim'>, autoLog=True, color=array([1., 1., 1.]), colorSpace='rgb', contrast=1.0, depth=-1.0, flipHoriz=False, flipVert=False, image='sin', interpolate=True, mask=None, maskParams=None, name='feedb_objectID', opacity=1.0, ori=0.0, pos=array([0. , 0.2]), size=array([0.5, 0.5]), texRes=128, units='height', win=Window(...))
5.4191 	EXP 	Created identity_fedb = Rect(__class__=<class 'psychopy.visual.rect.Rect'>, autoDraw=False, autoLog=True, closeShape=True, color=method-wrapper(...), colorSpace=None, contrast=1.0, depth=-2.0, fillColor=array([0., 0., 0.]), fillColorSpace='rgb', fillRGB=array([0., 0., 0.]), interpolate=True, lineColor=array([1., 1., 1.]), lineColorSpace='rgb', lineRGB=array([1., 1., 1.]), lineWidth=5, name='identity_fedb', opacity=1.0, ori=array(0.), pos=array([0., 0.]), size=array([0.25, 0.25]), units='height', vertices=ndarray(...), win=Window(...))
5.4212 	EXP 	Created feedb_id = TextStim(__class__=<class 'psychopy.visual.text.TextStim'>, alignHoriz=method-wrapper(...), alignText='center', alignVert=method-wrapper(...), anchorHoriz='center', anchorVert='center', antialias=True, autoLog=True, bold=False, color='black', colorSpace='named', contrast=1.0, depth=-3.0, flipHoriz=False, flipVert=False, font='Arial', fontFiles=[], height=0.1, italic=False, languageStyle='LTR', name='feedb_id', opacity=1.0, ori=0, pos=array([ 0. , -0.3]), rgb=array([0., 0., 0.]), text='YES               NO', units='height', win=Window(...), wrapWidth=1.5)
5.4314 	EXP 	Created feedb_idPrompt = TextStim(__class__=<class 'psychopy.visual.text.TextStim'>, alignHoriz=method-wrapper(...), alignText='center', alignVert=method-wrapper(...), anchorHoriz='center', anchorVert='center', antialias=True, autoLog=True, bold=False, color='black', colorSpace='named', contrast=1.0, depth=-4.0, flipHoriz=False, flipVert=False, font='arial', fontFiles=[], height=0.05, italic=False, languageStyle='LTR', name='feedb_idPrompt', opacity=1.0, ori=0, pos=array([ 0.  , -0.12]), rgb=array([0., 0., 0.]), text='Have you seen this object before?', units='height', win=Window(...), wrapWidth=1)
5.4332 	EXP 	Created object_id2 = ImageStim(__class__=<class 'psychopy.visual.image.ImageStim'>, autoLog=True, color=array([1., 1., 1.]), colorSpace='rgb', contrast=1.0, depth=-1.0, flipHoriz=False, flipVert=False, image='sin', interpolate=True, mask=None, maskParams=None, name='object_id2', opacity=1.0, ori=0.0, pos=array([0. , 0.2]), size=array([0.5, 0.5]), texRes=128, units='height', win=Window(...))
5.4398 	EXP 	Created conf_choiceprompt = TextStim(__class__=<class 'psychopy.visual.text.TextStim'>, alignHoriz=method-wrapper(...), alignText='center', alignVert=method-wrapper(...), anchorHoriz='center', anchorVert='center', antialias=True, autoLog=True, bold=False, color='black', colorSpace='named', contrast=1.0, depth=-2.0, flipHoriz=False, flipVert=False, font='Arial', fontFiles=[], height=0.05, italic=False, languageStyle='LTR', name='conf_choiceprompt', opacity=1.0, ori=0, pos=array([ 0.  , -0.12]), rgb=array([0., 0., 0.]), text='How sure are you of your response?', units='height', win=Window(...), wrapWidth=1)
5.4560 	EXP 	Created image = ImageStim(__class__=<class 'psychopy.visual.image.ImageStim'>, autoLog=True, color=array([1., 1., 1.]), colorSpace='rgb', contrast=1.0, depth=-3.0, flipHoriz=False, flipVert=False, image='mem_optionsENG.png', interpolate=True, mask=None, maskParams=None, name='image', opacity=1.0, ori=0.0, pos=array([ 0.  , -0.35]), size=array([1.3, 0.4]), texRes=128, units='height', win=Window(...))
5.4577 	EXP 	Created object_id3 = ImageStim(__class__=<class 'psychopy.visual.image.ImageStim'>, autoLog=True, color=array([1., 1., 1.]), colorSpace='rgb', contrast=1.0, depth=-1.0, flipHoriz=False, flipVert=False, image='sin', interpolate=True, mask=None, maskParams=None, name='object_id3', opacity=1.0, ori=0.0, pos=array([0. , 0.2]), size=array([0.5, 0.5]), texRes=128, units='height', win=Window(...))
5.4593 	EXP 	Created image_2 = ImageStim(__class__=<class 'psychopy.visual.image.ImageStim'>, autoLog=True, color=array([1., 1., 1.]), colorSpace='rgb', contrast=1.0, depth=-2.0, flipHoriz=False, flipVert=False, image='sin', interpolate=True, mask=None, maskParams=None, name='image_2', opacity=1.0, ori=0.0, pos=array([ 0.  , -0.35]), size=array([1.3, 0.4]), texRes=128, units='height', win=Window(...))
5.4651 	EXP 	Created conf_choicefeedbprompt = TextStim(__class__=<class 'psychopy.visual.text.TextStim'>, alignHoriz=method-wrapper(...), alignText='center', alignVert=method-wrapper(...), anchorHoriz='center', anchorVert='center', antialias=True, autoLog=True, bold=False, color='black', colorSpace='named', contrast=1.0, depth=-3.0, flipHoriz=False, flipVert=False, font='arial', fontFiles=[], height=0.05, italic=False, languageStyle='LTR', name='conf_choicefeedbprompt', opacity=1.0, ori=0, pos=array([ 0.  , -0.12]), rgb=array([0., 0., 0.]), text='How sure are you of your response?', units='height', win=Window(...), wrapWidth=1)
5.4703 	EXP 	Created text = TextStim(__class__=<class 'psychopy.visual.text.TextStim'>, alignHoriz=method-wrapper(...), alignText='center', alignVert=method-wrapper(...), anchorHoriz='center', anchorVert='center', antialias=True, autoLog=True, bold=False, color='black', colorSpace='named', contrast=1.0, depth=0.0, flipHoriz=False, flipVert=False, font='Arial', fontFiles=[], height=0.05, italic=False, languageStyle='LTR', name='text', opacity=1.0, ori=0, pos=array([0., 0.]), rgb=array([0., 0., 0.]), text='default text', units='height', win=Window(...), wrapWidth=1)
5.4751 	EXP 	Imported InstructionsPhase3.csv as conditions, 3 conditions, 3 params
5.4754 	EXP 	Created sequence: sequential, trialTypes=3, nReps=1, seed=None
5.4757 	EXP 	New trial (rep=0, index=0): OrderedDict([('text1', 'Welcome to the last phase of this experiment!'), ('text2', '.'), ('text3', 'Please press the space bar to continue')])
5.4989 	EXP 	InstTop: text = 'Welcome to the last phase of this experiment!'
5.4989 	EXP 	InstMiddle: text = '.'
5.4989 	EXP 	InstrBottom: text = 'Please press the space bar to continue'
5.4989 	EXP 	InstTop: autoDraw = True
5.4989 	EXP 	InstMiddle: autoDraw = True
5.4989 	EXP 	InstrBottom: autoDraw = True
6.0553 	DATA 	Keypress: space
6.0661 	EXP 	New trial (rep=0, index=1): OrderedDict([('text1', '.'), ('text2', 'In this phase, you will see some objects. \n\nFor each object, you should indicate whether you have seen it before during the experiment.\n\nPress LEFT ARROW for YES\nPress RIGHT ARROW for NO\n\n'), ('text3', 'Please press the space bar to continue ')])
6.0965 	EXP 	InstTop: autoDraw = False
6.0965 	EXP 	InstMiddle: autoDraw = False
6.0965 	EXP 	InstrBottom: autoDraw = False
6.0965 	EXP 	InstTop: text = '.'
6.0965 	EXP 	InstMiddle: text = 'In this phase, you will see some objects. \n\nFor each object, you should indicate whether you have seen it before during the experiment.\n\nPress LEFT ARROW for YES\nPress RIGHT ARROW for NO\n\n'
6.0965 	EXP 	InstrBottom: text = 'Please press the space bar to continue '
6.0965 	EXP 	InstTop: autoDraw = True
6.0965 	EXP 	InstMiddle: autoDraw = True
6.0965 	EXP 	InstrBottom: autoDraw = True
6.4830 	DATA 	Keypress: space
6.4836 	EXP 	New trial (rep=0, index=2): OrderedDict([('text1', '.'), ('text2', 'After that, you will be asked how confident you are of your choice.\n\nPlease rate the confidence in your choice with the numbers from 1 to 4 of your keyboard. \n\nThe numbers correspond to:\n\n1 = Very unsure\n2 = Unsure\n3 = Sure\n4 = Very Sure'), ('text3', 'Please press the space bar to continue')])
6.5081 	EXP 	InstTop: autoDraw = False
6.5081 	EXP 	InstMiddle: autoDraw = False
6.5081 	EXP 	InstrBottom: autoDraw = False
6.5081 	EXP 	InstTop: text = '.'
6.5081 	EXP 	InstMiddle: text = 'After that, you will be asked how confident you are of your choice.\n\nPlease rate the confidence in your choice with the numbers from 1 to 4 of your keyboard. \n\nThe numbers correspond to:\n\n1 = Very unsure\n2 = Unsure\n3 = Sure\n4 = Very Sure'
6.5081 	EXP 	InstrBottom: text = 'Please press the space bar to continue'
6.5081 	EXP 	InstTop: autoDraw = True
6.5081 	EXP 	InstMiddle: autoDraw = True
6.5081 	EXP 	InstrBottom: autoDraw = True
6.7001 	DATA 	Keypress: space
6.7639 	EXP 	window1: mouseVisible = True
1.0783 	WARNING 	We strongly recommend you activate the PTB sound engine in PsychoPy prefs as the preferred audio engine. Its timing is vastly superior. Your prefs are currently set to use ['sounddevice', 'PTB', 'pyo', 'pygame'] (in that order).
1.7094 	WARNING 	Import Error: No module named 'psychtoolbox'. Using event module for keyboard component.
6.1308 	EXP 	Created window1 = Window(allowGUI=False, allowStencil=False, args=UNKNOWN, autoLog=True, bitsMode=UNKNOWN, blendMode='avg', bpc=(8, 8, 8), color=array([0., 0., 0.]), colorSpace='rgb', depthBits=8, fullscr=<method-wrapper '__getattribute__' of attributeSetter object at 0x7f5e48ebfb20>, gamma=None, gammaErrorPolicy='raise', kwargs=UNKNOWN, lms=UNKNOWN, monitor=<psychopy.monitors.calibTools.Monitor object at 0x7f5e48e87580>, multiSample=False, name='window1', numSamples=2, pos=[0.0, 0.0], screen=0, size=array([1680, 1050]), stencilBits=0, stereo=False, units='height', useFBO=True, useRetina=False, viewOri=0.0, viewPos=None, viewScale=None, waitBlanking=True, winType='pyglet')
6.1308 	EXP 	window1: recordFrameIntervals = False
6.2974 	EXP 	window1: recordFrameIntervals = True
6.4790 	EXP 	window1: recordFrameIntervals = False
6.5307 	EXP 	Created InstTop = TextStim(__class__=<class 'psychopy.visual.text.TextStim'>, alignHoriz=method-wrapper(...), alignText='center', alignVert=method-wrapper(...), anchorHoriz='center', anchorVert='center', antialias=True, autoLog=True, bold=False, color='black', colorSpace='named', contrast=1.0, depth=0.0, flipHoriz=False, flipVert=False, font='bold', fontFiles=[], height=0.05, italic=False, languageStyle='LTR', name='InstTop', opacity=1.0, ori=0, pos=array([0. , 0.2]), rgb=array([0., 0., 0.]), text='default text', units='height', win=Window(...), wrapWidth=1.5)
6.5400 	EXP 	Created InstMiddle = TextStim(__class__=<class 'psychopy.visual.text.TextStim'>, alignHoriz=method-wrapper(...), alignText='center', alignVert=method-wrapper(...), anchorHoriz='center', anchorVert='center', antialias=True, autoLog=True, bold=False, color='black', colorSpace='named', contrast=1.0, depth=-1.0, flipHoriz=False, flipVert=False, font='Arial', fontFiles=[], height=0.05, italic=False, languageStyle='LTR', name='InstMiddle', opacity=1.0, ori=0, pos=array([0. , 0.1]), rgb=array([0., 0., 0.]), text='default text', units='height', win=Window(...), wrapWidth=1.5)
6.5418 	EXP 	Created InstrBottom = TextStim(__class__=<class 'psychopy.visual.text.TextStim'>, alignHoriz=method-wrapper(...), alignText='center', alignVert=method-wrapper(...), anchorHoriz='center', anchorVert='center', antialias=True, autoLog=True, bold=False, color='black', colorSpace='named', contrast=1.0, depth=-2.0, flipHoriz=False, flipVert=False, font='Arial', fontFiles=[], height=0.05, italic=False, languageStyle='LTR', name='InstrBottom', opacity=1.0, ori=0, pos=array([ 0. , -0.4]), rgb=array([0., 0., 0.]), text='default text', units='height', win=Window(...), wrapWidth=1.5)
6.5491 	EXP 	Created fix = TextStim(__class__=<class 'psychopy.visual.text.TextStim'>, alignHoriz=method-wrapper(...), alignText='center', alignVert=method-wrapper(...), anchorHoriz='center', anchorVert='center', antialias=True, autoLog=True, bold=False, color='black', colorSpace='named', contrast=1.0, depth=0.0, flipHoriz=False, flipVert=False, font='Arial', fontFiles=[], height=0.1, italic=False, languageStyle='LTR', name='fix', opacity=1.0, ori=0, pos=array([0., 0.]), rgb=array([0., 0., 0.]), text='+', units='height', win=Window(...), wrapWidth=1)
6.5512 	EXP 	Created object_id = ImageStim(__class__=<class 'psychopy.visual.image.ImageStim'>, autoLog=True, color=array([1., 1., 1.]), colorSpace='rgb', contrast=1.0, depth=0.0, flipHoriz=False, flipVert=False, image='sin', interpolate=True, mask=None, maskParams=None, name='object_id', opacity=1.0, ori=0.0, pos=array([0. , 0.2]), size=array([0.5, 0.5]), texRes=128, units='height', win=Window(...))
6.5599 	EXP 	Created prompt_id = TextStim(__class__=<class 'psychopy.visual.text.TextStim'>, alignHoriz=method-wrapper(...), alignText='center', alignVert=method-wrapper(...), anchorHoriz='center', anchorVert='center', antialias=True, autoLog=True, bold=False, color='black', colorSpace='named', contrast=1.0, depth=-1.0, flipHoriz=False, flipVert=False, font='Arial', fontFiles=[], height=0.05, italic=False, languageStyle='LTR', name='prompt_id', opacity=1.0, ori=0, pos=array([ 0.  , -0.12]), rgb=array([0., 0., 0.]), text='Have you seen this object before?', units='height', win=Window(...), wrapWidth=1)
6.5646 	EXP 	Created prompt_id2 = TextStim(__class__=<class 'psychopy.visual.text.TextStim'>, alignHoriz=method-wrapper(...), alignText='center', alignVert=method-wrapper(...), anchorHoriz='center', anchorVert='center', antialias=True, autoLog=True, bold=False, color='black', colorSpace='named', contrast=1.0, depth=-2.0, flipHoriz=False, flipVert=False, font='Arial', fontFiles=[], height=0.1, italic=False, languageStyle='LTR', name='prompt_id2', opacity=1.0, ori=0, pos=array([ 0. , -0.3]), rgb=array([0., 0., 0.]), text='YES               NO', units='height', win=Window(...), wrapWidth=1.5)
6.5663 	EXP 	Created feedb_objectID = ImageStim(__class__=<class 'psychopy.visual.image.ImageStim'>, autoLog=True, color=array([1., 1., 1.]), colorSpace='rgb', contrast=1.0, depth=-1.0, flipHoriz=False, flipVert=False, image='sin', interpolate=True, mask=None, maskParams=None, name='feedb_objectID', opacity=1.0, ori=0.0, pos=array([0. , 0.2]), size=array([0.5, 0.5]), texRes=128, units='height', win=Window(...))
6.5680 	EXP 	Created identity_fedb = Rect(__class__=<class 'psychopy.visual.rect.Rect'>, autoDraw=False, autoLog=True, closeShape=True, color=method-wrapper(...), colorSpace=None, contrast=1.0, depth=-2.0, fillColor=array([0., 0., 0.]), fillColorSpace='rgb', fillRGB=array([0., 0., 0.]), interpolate=True, lineColor=array([1., 1., 1.]), lineColorSpace='rgb', lineRGB=array([1., 1., 1.]), lineWidth=5, name='identity_fedb', opacity=1.0, ori=array(0.), pos=array([0., 0.]), size=array([0.25, 0.25]), units='height', vertices=ndarray(...), win=Window(...))
6.5699 	EXP 	Created feedb_id = TextStim(__class__=<class 'psychopy.visual.text.TextStim'>, alignHoriz=method-wrapper(...), alignText='center', alignVert=method-wrapper(...), anchorHoriz='center', anchorVert='center', antialias=True, autoLog=True, bold=False, color='black', colorSpace='named', contrast=1.0, depth=-3.0, flipHoriz=False, flipVert=False, font='Arial', fontFiles=[], height=0.1, italic=False, languageStyle='LTR', name='feedb_id', opacity=1.0, ori=0, pos=array([ 0. , -0.3]), rgb=array([0., 0., 0.]), text='YES               NO', units='height', win=Window(...), wrapWidth=1.5)
6.5807 	EXP 	Created feedb_idPrompt = TextStim(__class__=<class 'psychopy.visual.text.TextStim'>, alignHoriz=method-wrapper(...), alignText='center', alignVert=method-wrapper(...), anchorHoriz='center', anchorVert='center', antialias=True, autoLog=True, bold=False, color='black', colorSpace='named', contrast=1.0, depth=-4.0, flipHoriz=False, flipVert=False, font='arial', fontFiles=[], height=0.05, italic=False, languageStyle='LTR', name='feedb_idPrompt', opacity=1.0, ori=0, pos=array([ 0.  , -0.12]), rgb=array([0., 0., 0.]), text='Have you seen this object before?', units='height', win=Window(...), wrapWidth=1)
6.5826 	EXP 	Created object_id2 = ImageStim(__class__=<class 'psychopy.visual.image.ImageStim'>, autoLog=True, color=array([1., 1., 1.]), colorSpace='rgb', contrast=1.0, depth=-1.0, flipHoriz=False, flipVert=False, image='sin', interpolate=True, mask=None, maskParams=None, name='object_id2', opacity=1.0, ori=0.0, pos=array([0. , 0.2]), size=array([0.5, 0.5]), texRes=128, units='height', win=Window(...))
6.5890 	EXP 	Created conf_choiceprompt = TextStim(__class__=<class 'psychopy.visual.text.TextStim'>, alignHoriz=method-wrapper(...), alignText='center', alignVert=method-wrapper(...), anchorHoriz='center', anchorVert='center', antialias=True, autoLog=True, bold=False, color='black', colorSpace='named', contrast=1.0, depth=-2.0, flipHoriz=False, flipVert=False, font='Arial', fontFiles=[], height=0.05, italic=False, languageStyle='LTR', name='conf_choiceprompt', opacity=1.0, ori=0, pos=array([ 0.  , -0.12]), rgb=array([0., 0., 0.]), text='How sure are you of your response?', units='height', win=Window(...), wrapWidth=1)
6.6053 	EXP 	Created image = ImageStim(__class__=<class 'psychopy.visual.image.ImageStim'>, autoLog=True, color=array([1., 1., 1.]), colorSpace='rgb', contrast=1.0, depth=-3.0, flipHoriz=False, flipVert=False, image='mem_optionsENG.png', interpolate=True, mask=None, maskParams=None, name='image', opacity=1.0, ori=0.0, pos=array([ 0.  , -0.35]), size=array([1.3, 0.4]), texRes=128, units='height', win=Window(...))
6.6071 	EXP 	Created object_id3 = ImageStim(__class__=<class 'psychopy.visual.image.ImageStim'>, autoLog=True, color=array([1., 1., 1.]), colorSpace='rgb', contrast=1.0, depth=-1.0, flipHoriz=False, flipVert=False, image='sin', interpolate=True, mask=None, maskParams=None, name='object_id3', opacity=1.0, ori=0.0, pos=array([0. , 0.2]), size=array([0.5, 0.5]), texRes=128, units='height', win=Window(...))
6.6087 	EXP 	Created image_2 = ImageStim(__class__=<class 'psychopy.visual.image.ImageStim'>, autoLog=True, color=array([1., 1., 1.]), colorSpace='rgb', contrast=1.0, depth=-2.0, flipHoriz=False, flipVert=False, image='sin', interpolate=True, mask=None, maskParams=None, name='image_2', opacity=1.0, ori=0.0, pos=array([ 0.  , -0.35]), size=array([1.3, 0.4]), texRes=128, units='height', win=Window(...))
6.6144 	EXP 	Created conf_choicefeedbprompt = TextStim(__class__=<class 'psychopy.visual.text.TextStim'>, alignHoriz=method-wrapper(...), alignText='center', alignVert=method-wrapper(...), anchorHoriz='center', anchorVert='center', antialias=True, autoLog=True, bold=False, color='black', colorSpace='named', contrast=1.0, depth=-3.0, flipHoriz=False, flipVert=False, font='arial', fontFiles=[], height=0.05, italic=False, languageStyle='LTR', name='conf_choicefeedbprompt', opacity=1.0, ori=0, pos=array([ 0.  , -0.12]), rgb=array([0., 0., 0.]), text='How sure are you of your response?', units='height', win=Window(...), wrapWidth=1)
6.6196 	EXP 	Created text = TextStim(__class__=<class 'psychopy.visual.text.TextStim'>, alignHoriz=method-wrapper(...), alignText='center', alignVert=method-wrapper(...), anchorHoriz='center', anchorVert='center', antialias=True, autoLog=True, bold=False, color='black', colorSpace='named', contrast=1.0, depth=0.0, flipHoriz=False, flipVert=False, font='Arial', fontFiles=[], height=0.05, italic=False, languageStyle='LTR', name='text', opacity=1.0, ori=0, pos=array([0., 0.]), rgb=array([0., 0., 0.]), text='default text', units='height', win=Window(...), wrapWidth=1)
6.6245 	EXP 	Imported InstructionsPhase3.csv as conditions, 3 conditions, 3 params
6.6249 	EXP 	Created sequence: sequential, trialTypes=3, nReps=1, seed=None
6.6252 	EXP 	New trial (rep=0, index=0): OrderedDict([('text1', 'Welcome to the last phase of this experiment!'), ('text2', '.'), ('text3', 'Please press the space bar to continue')])
6.6483 	EXP 	InstTop: text = 'Welcome to the last phase of this experiment!'
6.6483 	EXP 	InstMiddle: text = '.'
6.6483 	EXP 	InstrBottom: text = 'Please press the space bar to continue'
6.6483 	EXP 	InstTop: autoDraw = True
6.6483 	EXP 	InstMiddle: autoDraw = True
6.6483 	EXP 	InstrBottom: autoDraw = True
10.0696 	DATA 	Keypress: space
10.0706 	EXP 	New trial (rep=0, index=1): OrderedDict([('text1', '.'), ('text2', 'In this phase, you will see some objects. \n\nFor each object, you should indicate whether you have seen it before during the experiment.\n\nPress LEFT ARROW for YES\nPress RIGHT ARROW for NO\n\n'), ('text3', 'Please press the space bar to continue ')])
10.1009 	EXP 	InstTop: autoDraw = False
10.1009 	EXP 	InstMiddle: autoDraw = False
10.1009 	EXP 	InstrBottom: autoDraw = False
10.1009 	EXP 	InstTop: text = '.'
10.1009 	EXP 	InstMiddle: text = 'In this phase, you will see some objects. \n\nFor each object, you should indicate whether you have seen it before during the experiment.\n\nPress LEFT ARROW for YES\nPress RIGHT ARROW for NO\n\n'
10.1009 	EXP 	InstrBottom: text = 'Please press the space bar to continue '
10.1009 	EXP 	InstTop: autoDraw = True
10.1009 	EXP 	InstMiddle: autoDraw = True
10.1009 	EXP 	InstrBottom: autoDraw = True
10.5600 	DATA 	Keypress: space
10.5710 	EXP 	New trial (rep=0, index=2): OrderedDict([('text1', '.'), ('text2', 'After that, you will be asked how confident you are of your choice.\n\nPlease rate the confidence in your choice with the numbers from 1 to 4 of your keyboard. \n\nThe numbers correspond to:\n\n1 = Very unsure\n2 = Unsure\n3 = Sure\n4 = Very Sure'), ('text3', 'Please press the space bar to continue')])
10.5958 	EXP 	InstTop: autoDraw = False
10.5958 	EXP 	InstMiddle: autoDraw = False
10.5958 	EXP 	InstrBottom: autoDraw = False
10.5958 	EXP 	InstTop: text = '.'
10.5958 	EXP 	InstMiddle: text = 'After that, you will be asked how confident you are of your choice.\n\nPlease rate the confidence in your choice with the numbers from 1 to 4 of your keyboard. \n\nThe numbers correspond to:\n\n1 = Very unsure\n2 = Unsure\n3 = Sure\n4 = Very Sure'
10.5958 	EXP 	InstrBottom: text = 'Please press the space bar to continue'
10.5958 	EXP 	InstTop: autoDraw = True
10.5958 	EXP 	InstMiddle: autoDraw = True
10.5958 	EXP 	InstrBottom: autoDraw = True
11.0882 	DATA 	Keypress: space
11.0912 	EXP 	Imported select_list2.csv as conditions, 2 conditions, 1 params
11.0915 	EXP 	Created sequence: sequential, trialTypes=2, nReps=1, seed=None
11.0917 	EXP 	New trial (rep=0, index=0): OrderedDict([('recog_list', 'condition_files/ImagesforRecog2_1.csv')])
11.0982 	EXP 	Imported condition_files/ImagesforRecog2_1.csv as conditions, 90 conditions, 4 params
11.0989 	EXP 	Created sequence: sequential, trialTypes=90, nReps=1, seed=None
11.0991 	EXP 	New trial (rep=0, index=0): OrderedDict([('images', 'stimuli/objects/ramekin01'), ('type', 'old'), ('corr_ans', 'left'), ('order', 1)])
11.1082 	EXP 	InstTop: autoDraw = False
11.1082 	EXP 	InstMiddle: autoDraw = False
11.1082 	EXP 	InstrBottom: autoDraw = False
11.1082 	EXP 	fix: autoDraw = True
11.6059 	WARNING 	Requested image 'stimuli/objects/ramekin01' not found but similar filename 'stimuli/objects/ramekin01.jpg' exists. This will be used instead but changing the filename is advised.
11.7437 	EXP 	fix: autoDraw = False
11.7437 	EXP 	object_id: image = 'stimuli/objects/ramekin01'
11.7437 	EXP 	object_id: autoDraw = True
11.7437 	EXP 	prompt_id: autoDraw = True
11.7437 	EXP 	prompt_id2: autoDraw = True
13.3953 	DATA 	Keypress: 2
14.7312 	DATA 	Keypress: right
14.7323 	WARNING 	Requested image 'stimuli/objects/ramekin01' not found but similar filename 'stimuli/objects/ramekin01.jpg' exists. This will be used instead but changing the filename is advised.
14.8508 	EXP 	object_id: autoDraw = False
14.8508 	EXP 	prompt_id: autoDraw = False
14.8508 	EXP 	prompt_id2: autoDraw = False
14.8508 	EXP 	feedb_objectID: image = 'stimuli/objects/ramekin01'
14.8508 	EXP 	identity_fedb: pos = array([ 0.3, -0.3])
14.8508 	EXP 	feedb_objectID: autoDraw = True
14.8508 	EXP 	identity_fedb: autoDraw = True
14.8508 	EXP 	feedb_id: autoDraw = True
14.8508 	EXP 	feedb_idPrompt: autoDraw = True
15.2330 	WARNING 	Requested image 'stimuli/objects/ramekin01' not found but similar filename 'stimuli/objects/ramekin01.jpg' exists. This will be used instead but changing the filename is advised.
16.0521 	EXP 	feedb_objectID: autoDraw = False
16.0521 	EXP 	identity_fedb: autoDraw = False
16.0521 	EXP 	feedb_id: autoDraw = False
16.0521 	EXP 	feedb_idPrompt: autoDraw = False
16.0521 	EXP 	object_id2: image = 'stimuli/objects/ramekin01'
16.0521 	EXP 	object_id2: autoDraw = True
16.0521 	EXP 	conf_choiceprompt: autoDraw = True
16.0521 	EXP 	image: autoDraw = True
17.1214 	DATA 	Keypress: 2
17.1220 	WARNING 	Requested image 'stimuli/objects/ramekin01' not found but similar filename 'stimuli/objects/ramekin01.jpg' exists. This will be used instead but changing the filename is advised.
17.5103 	EXP 	object_id2: autoDraw = False
17.5103 	EXP 	conf_choiceprompt: autoDraw = False
17.5103 	EXP 	image: autoDraw = False
17.5103 	EXP 	object_id3: image = 'stimuli/objects/ramekin01'
17.5103 	EXP 	image_2: image = 'mem_optionsENG2.png'
17.5103 	EXP 	object_id3: autoDraw = True
17.5103 	EXP 	image_2: autoDraw = True
17.5103 	EXP 	conf_choicefeedbprompt: autoDraw = True
17.6372 	EXP 	New trial (rep=0, index=1): OrderedDict([('images', 'stimuli/objects/backpack01a'), ('type', 'old'), ('corr_ans', 'left'), ('order', 2)])
17.6479 	EXP 	object_id3: autoDraw = False
17.6479 	EXP 	image_2: autoDraw = False
17.6479 	EXP 	conf_choicefeedbprompt: autoDraw = False
17.6479 	EXP 	fix: autoDraw = True
18.1349 	WARNING 	Requested image 'stimuli/objects/backpack01a' not found but similar filename 'stimuli/objects/backpack01a.jpg' exists. This will be used instead but changing the filename is advised.
18.2515 	EXP 	fix: autoDraw = False
18.2515 	EXP 	object_id: image = 'stimuli/objects/backpack01a'
18.2515 	EXP 	object_id: autoDraw = True
18.2515 	EXP 	prompt_id: autoDraw = True
18.2515 	EXP 	prompt_id2: autoDraw = True
20.7962 	DATA 	Keypress: left
20.8101 	WARNING 	Requested image 'stimuli/objects/backpack01a' not found but similar filename 'stimuli/objects/backpack01a.jpg' exists. This will be used instead but changing the filename is advised.
20.9292 	EXP 	object_id: autoDraw = False
20.9292 	EXP 	prompt_id: autoDraw = False
20.9292 	EXP 	prompt_id2: autoDraw = False
20.9292 	EXP 	feedb_objectID: image = 'stimuli/objects/backpack01a'
20.9292 	EXP 	identity_fedb: pos = array([-0.3, -0.3])
20.9292 	EXP 	feedb_objectID: autoDraw = True
20.9292 	EXP 	identity_fedb: autoDraw = True
20.9292 	EXP 	feedb_id: autoDraw = True
20.9292 	EXP 	feedb_idPrompt: autoDraw = True
21.3112 	WARNING 	Requested image 'stimuli/objects/backpack01a' not found but similar filename 'stimuli/objects/backpack01a.jpg' exists. This will be used instead but changing the filename is advised.
21.4338 	EXP 	feedb_objectID: autoDraw = False
21.4338 	EXP 	identity_fedb: autoDraw = False
21.4338 	EXP 	feedb_id: autoDraw = False
21.4338 	EXP 	feedb_idPrompt: autoDraw = False
21.4338 	EXP 	object_id2: image = 'stimuli/objects/backpack01a'
21.4338 	EXP 	object_id2: autoDraw = True
21.4338 	EXP 	conf_choiceprompt: autoDraw = True
21.4338 	EXP 	image: autoDraw = True
23.2844 	DATA 	Keypress: 2
23.3003 	WARNING 	Requested image 'stimuli/objects/backpack01a' not found but similar filename 'stimuli/objects/backpack01a.jpg' exists. This will be used instead but changing the filename is advised.
23.4427 	EXP 	object_id2: autoDraw = False
23.4427 	EXP 	conf_choiceprompt: autoDraw = False
23.4427 	EXP 	image: autoDraw = False
23.4427 	EXP 	object_id3: image = 'stimuli/objects/backpack01a'
23.4427 	EXP 	image_2: image = 'mem_optionsENG2.png'
23.4427 	EXP 	object_id3: autoDraw = True
23.4427 	EXP 	image_2: autoDraw = True
23.4427 	EXP 	conf_choicefeedbprompt: autoDraw = True
23.8119 	EXP 	New trial (rep=0, index=2): OrderedDict([('images', 'stimuli/objects/cakeplatter'), ('type', 'old'), ('corr_ans', 'left'), ('order', 3)])
23.8211 	EXP 	object_id3: autoDraw = False
23.8211 	EXP 	image_2: autoDraw = False
23.8211 	EXP 	conf_choicefeedbprompt: autoDraw = False
23.8211 	EXP 	fix: autoDraw = True
24.3135 	WARNING 	Requested image 'stimuli/objects/cakeplatter' not found but similar filename 'stimuli/objects/cakeplatter.jpg' exists. This will be used instead but changing the filename is advised.
24.4190 	EXP 	fix: autoDraw = False
24.4190 	EXP 	object_id: image = 'stimuli/objects/cakeplatter'
24.4190 	EXP 	object_id: autoDraw = True
24.4190 	EXP 	prompt_id: autoDraw = True
24.4190 	EXP 	prompt_id2: autoDraw = True
25.9027 	DATA 	Keypress: escape
25.9095 	EXP 	window1: mouseVisible = True
