1.0454 	WARNING 	We strongly recommend you activate the PTB sound engine in PsychoPy prefs as the preferred audio engine. Its timing is vastly superior. Your prefs are currently set to use ['sounddevice', 'PTB', 'pyo', 'pygame'] (in that order).
1.7375 	WARNING 	Import Error: No module named 'psychtoolbox'. Using event module for keyboard component.
5.8702 	EXP 	Created window1 = Window(allowGUI=False, allowStencil=False, args=UNKNOWN, autoLog=True, bitsMode=UNKNOWN, blendMode='avg', bpc=(8, 8, 8), color=array([0., 0., 0.]), colorSpace='rgb', depthBits=8, fullscr=<method-wrapper '__getattribute__' of attributeSetter object at 0x7f62a89abb80>, gamma=None, gammaErrorPolicy='raise', kwargs=UNKNOWN, lms=UNKNOWN, monitor=<psychopy.monitors.calibTools.Monitor object at 0x7f62a8975580>, multiSample=False, name='window1', numSamples=2, pos=[0.0, 0.0], screen=0, size=array([1680, 1050]), stencilBits=0, stereo=False, units='height', useFBO=True, useRetina=False, viewOri=0.0, viewPos=None, viewScale=None, waitBlanking=True, winType='pyglet')
5.8703 	EXP 	window1: recordFrameIntervals = False
6.0365 	EXP 	window1: recordFrameIntervals = True
6.2204 	EXP 	window1: recordFrameIntervals = False
6.3088 	EXP 	Created text_2 = TextStim(__class__=<class 'psychopy.visual.text.TextStim'>, alignHoriz=method-wrapper(...), alignText='center', alignVert=method-wrapper(...), anchorHoriz='center', anchorVert='center', antialias=True, autoLog=True, bold=False, color='black', colorSpace='named', contrast=1.0, depth=0.0, flipHoriz=False, flipVert=False, font='Arial', fontFiles=[], height=0.05, italic=False, languageStyle='LTR', name='text_2', opacity=1.0, ori=0, pos=array([0., 0.]), rgb=array([0., 0., 0.]), text=str(...), units='height', win=Window(...), wrapWidth=1)
6.3112 	EXP 	Created image = ImageStim(__class__=<class 'psychopy.visual.image.ImageStim'>, autoLog=True, color=array([1., 1., 1.]), colorSpace='rgb', contrast=1.0, depth=0.0, flipHoriz=False, flipVert=False, image='sin', interpolate=True, mask=None, maskParams=None, name='image', opacity=1.0, ori=0.0, pos=array([0., 0.]), size=array([1.7, 1. ]), texRes=128, units='height', win=Window(...))
6.3174 	EXP 	Created text_3 = TextStim(__class__=<class 'psychopy.visual.text.TextStim'>, alignHoriz=method-wrapper(...), alignText='center', alignVert=method-wrapper(...), anchorHoriz='center', anchorVert='center', antialias=True, autoLog=True, bold=False, color='black', colorSpace='named', contrast=1.0, depth=0.0, flipHoriz=False, flipVert=False, font='Arial', fontFiles=[], height=0.05, italic=False, languageStyle='LTR', name='text_3', opacity=1.0, ori=0, pos=array([0., 0.]), rgb=array([0., 0., 0.]), text=str(...), units='height', win=Window(...), wrapWidth=1)
6.3206 	EXP 	Created blank = TextStim(__class__=<class 'psychopy.visual.text.TextStim'>, alignHoriz=method-wrapper(...), alignText='center', alignVert=method-wrapper(...), anchorHoriz='center', anchorVert='center', antialias=True, autoLog=True, bold=False, color='white', colorSpace='named', contrast=1.0, depth=0.0, flipHoriz=False, flipVert=False, font='Arial', fontFiles=[], height=0.1, italic=False, languageStyle='LTR', name='blank', opacity=1.0, ori=0, pos=array([0., 0.]), rgb=array([255., 255., 255.]), text='', units='height', win=Window(...), wrapWidth=1)
6.3325 	EXP 	text_2: autoDraw = True
7.0560 	DATA 	Keypress: space
7.0635 	EXP 	Imported illustrations.xlsx as conditions, 7 conditions, 2 params
7.0638 	EXP 	Created sequence: sequential, trialTypes=7, nReps=1, seed=None
7.0641 	EXP 	New trial (rep=0, index=0): OrderedDict([('images', 'slide 1.jpg'), ('key', "'space’")])
7.1014 	EXP 	text_2: autoDraw = False
7.1014 	EXP 	image: image = 'slide 1.jpg'
7.1014 	EXP 	image: autoDraw = True
7.6906 	DATA 	Keypress: space
7.6913 	EXP 	New trial (rep=0, index=1): OrderedDict([('images', 'slide 2.jpg'), ('key', "'l’")])
7.7286 	EXP 	image: autoDraw = False
7.7286 	EXP 	image: image = 'slide 2.jpg'
7.7286 	EXP 	image: autoDraw = True
7.9757 	DATA 	Keypress: space
7.9762 	EXP 	New trial (rep=0, index=2): OrderedDict([('images', 'slide 3.jpg'), ('key', "'l’")])
8.0126 	EXP 	image: autoDraw = False
8.0126 	EXP 	image: image = 'slide 3.jpg'
8.0126 	EXP 	image: autoDraw = True
8.1286 	DATA 	Keypress: space
8.1292 	EXP 	New trial (rep=0, index=3): OrderedDict([('images', 'slide 4.jpg'), ('key', "'l’")])
8.1683 	EXP 	image: autoDraw = False
8.1683 	EXP 	image: image = 'slide 4.jpg'
8.1683 	EXP 	image: autoDraw = True
8.3089 	DATA 	Keypress: space
8.3095 	EXP 	New trial (rep=0, index=4): OrderedDict([('images', 'slide 5.jpg'), ('key', "'d’")])
8.3484 	EXP 	image: autoDraw = False
8.3484 	EXP 	image: image = 'slide 5.jpg'
8.3484 	EXP 	image: autoDraw = True
8.4261 	DATA 	Keypress: space
8.4266 	EXP 	New trial (rep=0, index=5): OrderedDict([('images', 'slide 6.jpg'), ('key', "'l’")])
8.4642 	EXP 	image: autoDraw = False
8.4642 	EXP 	image: image = 'slide 6.jpg'
8.4642 	EXP 	image: autoDraw = True
8.5829 	DATA 	Keypress: space
8.5835 	EXP 	New trial (rep=0, index=6): OrderedDict([('images', 'slide 7.jpg'), ('key', "'space’")])
8.6225 	EXP 	image: autoDraw = False
8.6225 	EXP 	image: image = 'slide 7.jpg'
8.6225 	EXP 	image: autoDraw = True
9.0398 	DATA 	Keypress: space
9.0556 	EXP 	image: autoDraw = False
9.0556 	EXP 	text_3: autoDraw = True
10.3486 	DATA 	Keypress: space
10.3620 	EXP 	text_3: autoDraw = False
10.3620 	EXP 	blank: autoDraw = True
11.3673 	EXP 	blank: autoDraw = False
11.3742 	EXP 	window1: mouseVisible = True
