1.0238 	WARNING 	We strongly recommend you activate the PTB sound engine in PsychoPy prefs as the preferred audio engine. Its timing is vastly superior. Your prefs are currently set to use ['sounddevice', 'PTB', 'pyo', 'pygame'] (in that order).
1.6679 	WARNING 	Import Error: No module named 'psychtoolbox'. Using event module for keyboard component.
6.0731 	EXP 	Created window1 = Window(allowGUI=False, allowStencil=False, args=UNKNOWN, autoLog=True, bitsMode=UNKNOWN, blendMode='avg', bpc=(8, 8, 8), color=array([0., 0., 0.]), colorSpace='rgb', depthBits=8, fullscr=<method-wrapper '__getattribute__' of attributeSetter object at 0x7f149f2e4940>, gamma=None, gammaErrorPolicy='raise', kwargs=UNKNOWN, lms=UNKNOWN, monitor=<psychopy.monitors.calibTools.Monitor object at 0x7f149c1ef3a0>, multiSample=False, name='window1', numSamples=2, pos=[0.0, 0.0], screen=0, size=array([1680, 1050]), stencilBits=0, stereo=False, units='height', useFBO=True, useRetina=False, viewOri=0.0, viewPos=None, viewScale=None, waitBlanking=True, winType='pyglet')
6.0731 	EXP 	window1: recordFrameIntervals = False
6.2394 	EXP 	window1: recordFrameIntervals = True
6.4232 	EXP 	window1: recordFrameIntervals = False
6.5014 	EXP 	Created Instruction = TextStim(__class__=<class 'psychopy.visual.text.TextStim'>, alignHoriz=method-wrapper(...), alignText='center', alignVert=method-wrapper(...), anchorHoriz='center', anchorVert='center', antialias=True, autoLog=True, bold=False, color='black', colorSpace='named', contrast=1.0, depth=0.0, flipHoriz=False, flipVert=False, font='Arial', fontFiles=[], height=0.05, italic=False, languageStyle='LTR', name='Instruction', opacity=1.0, ori=0, pos=array([0., 0.]), rgb=array([0., 0., 0.]), text=str(...), units='height', win=Window(...), wrapWidth=1.5)
6.5038 	EXP 	Created Inst_slides = ImageStim(__class__=<class 'psychopy.visual.image.ImageStim'>, autoLog=True, color=array([1., 1., 1.]), colorSpace='rgb', contrast=1.0, depth=0.0, flipHoriz=False, flipVert=False, image='sin', interpolate=True, mask=None, maskParams=None, name='Inst_slides', opacity=1.0, ori=0.0, pos=array([0., 0.]), size=array([1.6, 1. ]), texRes=128, units='height', win=Window(...))
6.5082 	EXP 	Created taskprep0 = TextStim(__class__=<class 'psychopy.visual.text.TextStim'>, alignHoriz=method-wrapper(...), alignText='center', alignVert=method-wrapper(...), anchorHoriz='center', anchorVert='center', antialias=True, autoLog=True, bold=False, color='black', colorSpace='named', contrast=1.0, depth=0.0, flipHoriz=False, flipVert=False, font='Arial', fontFiles=[], height=0.05, italic=False, languageStyle='LTR', name='taskprep0', opacity=1.0, ori=0, pos=array([0., 0.]), rgb=array([0., 0., 0.]), text=str(...), units='height', win=Window(...), wrapWidth=1)
6.5233 	EXP 	Created taskGo = TextStim(__class__=<class 'psychopy.visual.text.TextStim'>, alignHoriz=method-wrapper(...), alignText='center', alignVert=method-wrapper(...), anchorHoriz='center', anchorVert='center', antialias=True, autoLog=True, bold=False, color='Black', colorSpace='named', contrast=1.0, depth=0.0, flipHoriz=False, flipVert=False, font='Arial', fontFiles=[], height=0.05, italic=False, languageStyle='LTR', name='taskGo', opacity=1.0, ori=0, pos=array([0., 0.]), rgb=array([0., 0., 0.]), text=str(...), units='height', win=Window(...), wrapWidth=1.5)
6.5301 	EXP 	Created FixationCross = TextStim(__class__=<class 'psychopy.visual.text.TextStim'>, alignHoriz=method-wrapper(...), alignText='center', alignVert=method-wrapper(...), anchorHoriz='center', anchorVert='center', antialias=True, autoLog=True, bold=False, color='white', colorSpace='named', contrast=1.0, depth=0.0, flipHoriz=False, flipVert=False, font='Arial', fontFiles=[], height=0.1, italic=False, languageStyle='LTR', name='FixationCross', opacity=1.0, ori=0, pos=array([0., 0.]), rgb=array([255., 255., 255.]), text='+', units='height', win=Window(...), wrapWidth=1)
6.5319 	EXP 	Created character1 = ImageStim(__class__=<class 'psychopy.visual.image.ImageStim'>, autoLog=True, color=array([1., 1., 1.]), colorSpace='rgb', contrast=1.0, depth=-1.0, flipHoriz=False, flipVert=False, image='sin', interpolate=True, mask=None, maskParams=None, name='character1', opacity=1.0, ori=0.0, pos=array([0., 0.]), size=array([0.5, 0.5]), texRes=128, units='height', win=Window(...))
6.5328 	EXP 	Created interval = ImageStim(__class__=<class 'psychopy.visual.image.ImageStim'>, autoLog=True, color=array([1., 1., 1.]), colorSpace='rgb', contrast=1.0, depth=-2.0, flipHoriz=False, flipVert=False, image=None, interpolate=True, mask=None, maskParams=None, name='interval', opacity=1.0, ori=0.0, pos=array([0., 0.]), size=array([0.5, 0.5]), texRes=128, units='height', win=Window(...))
6.5345 	EXP 	Created task_probe1 = ImageStim(__class__=<class 'psychopy.visual.image.ImageStim'>, autoLog=True, color=array([1., 1., 1.]), colorSpace='rgb', contrast=1.0, depth=-3.0, flipHoriz=False, flipVert=False, image='sin', interpolate=True, mask=None, maskParams=None, name='task_probe1', opacity=1.0, ori=0.0, pos=array([-0.6,  0. ]), size=array([0.3, 0.3]), texRes=128, units='height', win=Window(...))
6.5362 	EXP 	Created task_probe2 = ImageStim(__class__=<class 'psychopy.visual.image.ImageStim'>, autoLog=True, color=array([1., 1., 1.]), colorSpace='rgb', contrast=1.0, depth=-4.0, flipHoriz=False, flipVert=False, image='sin', interpolate=True, mask=None, maskParams=None, name='task_probe2', opacity=1.0, ori=0.0, pos=array([-0.2,  0. ]), size=array([0.3, 0.3]), texRes=128, units='height', win=Window(...))
6.5379 	EXP 	Created task_probe3 = ImageStim(__class__=<class 'psychopy.visual.image.ImageStim'>, autoLog=True, color=array([1., 1., 1.]), colorSpace='rgb', contrast=1.0, depth=-5.0, flipHoriz=False, flipVert=False, image='sin', interpolate=True, mask=None, maskParams=None, name='task_probe3', opacity=1.0, ori=0.0, pos=array([0.2, 0. ]), size=array([0.3, 0.3]), texRes=128, units='height', win=Window(...))
6.5397 	EXP 	Created task_probe4 = ImageStim(__class__=<class 'psychopy.visual.image.ImageStim'>, autoLog=True, color=array([1., 1., 1.]), colorSpace='rgb', contrast=1.0, depth=-6.0, flipHoriz=False, flipVert=False, image='sin', interpolate=True, mask=None, maskParams=None, name='task_probe4', opacity=1.0, ori=0.0, pos=array([0.6, 0. ]), size=array([0.3, 0.3]), texRes=128, units='height', win=Window(...))
6.5413 	EXP 	Created number_1 = TextStim(__class__=<class 'psychopy.visual.text.TextStim'>, alignHoriz=method-wrapper(...), alignText='center', alignVert=method-wrapper(...), anchorHoriz='center', anchorVert='center', antialias=True, autoLog=True, bold=False, color='black', colorSpace='named', contrast=1.0, depth=-8.0, flipHoriz=False, flipVert=False, font='Arial', fontFiles=[], height=0.1, italic=False, languageStyle='LTR', name='number_1', opacity=1.0, ori=0, pos=array([-0.6,  0.3]), rgb=array([0., 0., 0.]), text='1', units='height', win=Window(...), wrapWidth=1)
6.5436 	EXP 	Created number_2 = TextStim(__class__=<class 'psychopy.visual.text.TextStim'>, alignHoriz=method-wrapper(...), alignText='center', alignVert=method-wrapper(...), anchorHoriz='center', anchorVert='center', antialias=True, autoLog=True, bold=False, color='black', colorSpace='named', contrast=1.0, depth=-9.0, flipHoriz=False, flipVert=False, font='Arial', fontFiles=[], height=0.1, italic=False, languageStyle='LTR', name='number_2', opacity=1.0, ori=0, pos=array([-0.2,  0.3]), rgb=array([0., 0., 0.]), text='2', units='height', win=Window(...), wrapWidth=1)
6.5452 	EXP 	Created number_3 = TextStim(__class__=<class 'psychopy.visual.text.TextStim'>, alignHoriz=method-wrapper(...), alignText='center', alignVert=method-wrapper(...), anchorHoriz='center', anchorVert='center', antialias=True, autoLog=True, bold=False, color='black', colorSpace='named', contrast=1.0, depth=-10.0, flipHoriz=False, flipVert=False, font='Arial', fontFiles=[], height=0.1, italic=False, languageStyle='LTR', name='number_3', opacity=1.0, ori=0, pos=array([0.2, 0.3]), rgb=array([0., 0., 0.]), text='3', units='height', win=Window(...), wrapWidth=1)
6.5467 	EXP 	Created number_4 = TextStim(__class__=<class 'psychopy.visual.text.TextStim'>, alignHoriz=method-wrapper(...), alignText='center', alignVert=method-wrapper(...), anchorHoriz='center', anchorVert='center', antialias=True, autoLog=True, bold=False, color='black', colorSpace='named', contrast=1.0, depth=-11.0, flipHoriz=False, flipVert=False, font='Arial', fontFiles=[], height=0.1, italic=False, languageStyle='LTR', name='number_4', opacity=1.0, ori=0, pos=array([0.6, 0.3]), rgb=array([0., 0., 0.]), text='4', units='height', win=Window(...), wrapWidth=1)
6.5484 	EXP 	Created cuedChar = ImageStim(__class__=<class 'psychopy.visual.image.ImageStim'>, autoLog=True, color=array([1., 1., 1.]), colorSpace='rgb', contrast=1.0, depth=-1.0, flipHoriz=False, flipVert=False, image='sin', interpolate=True, mask=None, maskParams=None, name='cuedChar', opacity=1.0, ori=0.0, pos=array([0., 0.]), size=array([0.3, 0.3]), texRes=128, units='height', win=Window(...))
6.5500 	EXP 	Created feedb_probe1_1 = ImageStim(__class__=<class 'psychopy.visual.image.ImageStim'>, autoLog=True, color=array([1., 1., 1.]), colorSpace='rgb', contrast=1.0, depth=-2.0, flipHoriz=False, flipVert=False, image='sin', interpolate=True, mask=None, maskParams=None, name='feedb_probe1_1', opacity=1.0, ori=0.0, pos=array([-0.6,  0. ]), size=array([0.3, 0.3]), texRes=128, units='height', win=Window(...))
6.5517 	EXP 	Created feedb_probe2_1 = ImageStim(__class__=<class 'psychopy.visual.image.ImageStim'>, autoLog=True, color=array([1., 1., 1.]), colorSpace='rgb', contrast=1.0, depth=-3.0, flipHoriz=False, flipVert=False, image='sin', interpolate=True, mask=None, maskParams=None, name='feedb_probe2_1', opacity=1.0, ori=0.0, pos=array([-0.2,  0. ]), size=array([0.3, 0.3]), texRes=128, units='height', win=Window(...))
6.5533 	EXP 	Created feedb_probe3_1 = ImageStim(__class__=<class 'psychopy.visual.image.ImageStim'>, autoLog=True, color=array([1., 1., 1.]), colorSpace='rgb', contrast=1.0, depth=-4.0, flipHoriz=False, flipVert=False, image='sin', interpolate=True, mask=None, maskParams=None, name='feedb_probe3_1', opacity=1.0, ori=0.0, pos=array([0.2, 0. ]), size=array([0.3, 0.3]), texRes=128, units='height', win=Window(...))
6.5551 	EXP 	Created feedb_probe4_1 = ImageStim(__class__=<class 'psychopy.visual.image.ImageStim'>, autoLog=True, color=array([1., 1., 1.]), colorSpace='rgb', contrast=1.0, depth=-5.0, flipHoriz=False, flipVert=False, image='sin', interpolate=True, mask=None, maskParams=None, name='feedb_probe4_1', opacity=1.0, ori=0.0, pos=array([0.6, 0. ]), size=array([0.3, 0.3]), texRes=128, units='height', win=Window(...))
6.5686 	EXP 	Created task_feedb = TextStim(__class__=<class 'psychopy.visual.text.TextStim'>, alignHoriz=method-wrapper(...), alignText='center', alignVert=method-wrapper(...), anchorHoriz='center', anchorVert='center', antialias=True, autoLog=True, bold=False, color='white', colorSpace='named', contrast=1.0, depth=0.0, flipHoriz=False, flipVert=False, font='Arial', fontFiles=[], height=0.2, italic=False, languageStyle='LTR', name='task_feedb', opacity=1.0, ori=0, pos=array([0. , 0.3]), rgb=array([255., 255., 255.]), text='default text', units='height', win=Window(...), wrapWidth=1)
6.5704 	EXP 	Created feedbImage = ImageStim(__class__=<class 'psychopy.visual.image.ImageStim'>, autoLog=True, color=array([1., 1., 1.]), colorSpace='rgb', contrast=1.0, depth=-1.0, flipHoriz=False, flipVert=False, image='sin', interpolate=True, mask=None, maskParams=None, name='feedbImage', opacity=1.0, ori=0.0, pos=array([ 0. , -0.1]), size=array([0.5, 0.5]), texRes=128, units='height', win=Window(...))
6.5714 	EXP 	Created iti = ImageStim(__class__=<class 'psychopy.visual.image.ImageStim'>, autoLog=True, color=array([1., 1., 1.]), colorSpace='rgb', contrast=1.0, depth=-2.0, flipHoriz=False, flipVert=False, image=None, interpolate=True, mask=None, maskParams=None, name='iti', opacity=1.0, ori=0.0, pos=array([0.1, 0. ]), size=array([0.5, 0.5]), texRes=128, units='height', win=Window(...))
6.5754 	EXP 	Created pract_message = TextStim(__class__=<class 'psychopy.visual.text.TextStim'>, alignHoriz=method-wrapper(...), alignText='center', alignVert=method-wrapper(...), anchorHoriz='center', anchorVert='center', antialias=True, autoLog=True, bold=False, color='black', colorSpace='named', contrast=1.0, depth=0.0, flipHoriz=False, flipVert=False, font='Arial', fontFiles=[], height=0.05, italic=False, languageStyle='LTR', name='pract_message', opacity=1.0, ori=0, pos=array([0., 0.]), rgb=array([0., 0., 0.]), text='default text', units='height', win=Window(...), wrapWidth=1.5)
6.5953 	EXP 	Created final_mess = TextStim(__class__=<class 'psychopy.visual.text.TextStim'>, alignHoriz=method-wrapper(...), alignText='center', alignVert=method-wrapper(...), anchorHoriz='center', anchorVert='center', antialias=True, autoLog=True, bold=False, color='black', colorSpace='named', contrast=1.0, depth=0.0, flipHoriz=False, flipVert=False, font='Arial', fontFiles=[], height=0.08, italic=False, languageStyle='LTR', name='final_mess', opacity=1.0, ori=0, pos=array([0., 0.]), rgb=array([0., 0., 0.]), text=str(...), units='height', win=Window(...), wrapWidth=1)
6.6191 	EXP 	Created Instruction_2 = TextStim(__class__=<class 'psychopy.visual.text.TextStim'>, alignHoriz=method-wrapper(...), alignText='center', alignVert=method-wrapper(...), anchorHoriz='center', anchorVert='center', antialias=True, autoLog=True, bold=False, color='black', colorSpace='named', contrast=1.0, depth=0.0, flipHoriz=False, flipVert=False, font='Arial', fontFiles=[], height=0.05, italic=False, languageStyle='LTR', name='Instruction_2', opacity=1.0, ori=0, pos=array([0., 0.]), rgb=array([0., 0., 0.]), text=str(...), units='height', win=Window(...), wrapWidth=1.5)
6.6224 	EXP 	Created instruction_top = TextStim(__class__=<class 'psychopy.visual.text.TextStim'>, alignHoriz=method-wrapper(...), alignText='center', alignVert=method-wrapper(...), anchorHoriz='center', anchorVert='center', antialias=True, autoLog=True, bold=False, color='black', colorSpace='named', contrast=1.0, depth=0.0, flipHoriz=False, flipVert=False, font='Arial', fontFiles=[], height=0.05, italic=False, languageStyle='LTR', name='instruction_top', opacity=1.0, ori=0, pos=array([0. , 0.3]), rgb=array([0., 0., 0.]), text='For this character ', units='height', win=Window(...), wrapWidth=1)
6.6245 	EXP 	Created Instruction_middle = TextStim(__class__=<class 'psychopy.visual.text.TextStim'>, alignHoriz=method-wrapper(...), alignText='center', alignVert=method-wrapper(...), anchorHoriz='center', anchorVert='center', antialias=True, autoLog=True, bold=False, color='black', colorSpace='named', contrast=1.0, depth=-1.0, flipHoriz=False, flipVert=False, font='Arial', fontFiles=[], height=0.05, italic=False, languageStyle='LTR', name='Instruction_middle', opacity=1.0, ori=0, pos=array([ 0. , -0.1]), rgb=array([0., 0., 0.]), text='default text', units='height', win=Window(...), wrapWidth=1)
6.6263 	EXP 	Created instruction_bottom = TextStim(__class__=<class 'psychopy.visual.text.TextStim'>, alignHoriz=method-wrapper(...), alignText='center', alignVert=method-wrapper(...), anchorHoriz='center', anchorVert='center', antialias=True, autoLog=True, bold=False, color='black', colorSpace='named', contrast=1.0, depth=-2.0, flipHoriz=False, flipVert=False, font='Arial', fontFiles=[], height=0.05, italic=False, languageStyle='LTR', name='instruction_bottom', opacity=1.0, ori=0, pos=array([ 0. , -0.2]), rgb=array([0., 0., 0.]), text='default text', units='height', win=Window(...), wrapWidth=1)
6.6284 	EXP 	Created press_space = TextStim(__class__=<class 'psychopy.visual.text.TextStim'>, alignHoriz=method-wrapper(...), alignText='center', alignVert=method-wrapper(...), anchorHoriz='center', anchorVert='center', antialias=True, autoLog=True, bold=False, color='black', colorSpace='named', contrast=1.0, depth=-3.0, flipHoriz=False, flipVert=False, font='Arial', fontFiles=[], height=0.05, italic=False, languageStyle='LTR', name='press_space', opacity=1.0, ori=0, pos=array([ 0. , -0.4]), rgb=array([0., 0., 0.]), text='Press SPACE to continue', units='height', win=Window(...), wrapWidth=1)
6.6302 	EXP 	Created image = ImageStim(__class__=<class 'psychopy.visual.image.ImageStim'>, autoLog=True, color=array([1., 1., 1.]), colorSpace='rgb', contrast=1.0, depth=-4.0, flipHoriz=False, flipVert=False, image='sin', interpolate=True, mask=None, maskParams=None, name='image', opacity=1.0, ori=0.0, pos=array([0. , 0.1]), size=array([0.25, 0.25]), texRes=128, units='height', win=Window(...))
6.6347 	EXP 	Created instr_learned = TextStim(__class__=<class 'psychopy.visual.text.TextStim'>, alignHoriz=method-wrapper(...), alignText='center', alignVert=method-wrapper(...), anchorHoriz='center', anchorVert='center', antialias=True, autoLog=True, bold=False, color='black', colorSpace='named', contrast=1.0, depth=0.0, flipHoriz=False, flipVert=False, font='Arial', fontFiles=[], height=0.05, italic=False, languageStyle='LTR', name='instr_learned', opacity=1.0, ori=0, pos=array([0., 0.]), rgb=array([0., 0., 0.]), text=str(...), units='height', win=Window(...), wrapWidth=1)
6.6470 	EXP 	Created taskGo_2 = TextStim(__class__=<class 'psychopy.visual.text.TextStim'>, alignHoriz=method-wrapper(...), alignText='center', alignVert=method-wrapper(...), anchorHoriz='center', anchorVert='center', antialias=True, autoLog=True, bold=False, color='Black', colorSpace='named', contrast=1.0, depth=0.0, flipHoriz=False, flipVert=False, font='Arial', fontFiles=[], height=0.05, italic=False, languageStyle='LTR', name='taskGo_2', opacity=1.0, ori=0, pos=array([0., 0.]), rgb=array([0., 0., 0.]), text=str(...), units='height', win=Window(...), wrapWidth=1.5)
6.6496 	EXP 	Created FixationCross_3 = TextStim(__class__=<class 'psychopy.visual.text.TextStim'>, alignHoriz=method-wrapper(...), alignText='center', alignVert=method-wrapper(...), anchorHoriz='center', anchorVert='center', antialias=True, autoLog=True, bold=False, color='white', colorSpace='named', contrast=1.0, depth=0.0, flipHoriz=False, flipVert=False, font='Arial', fontFiles=[], height=0.1, italic=False, languageStyle='LTR', name='FixationCross_3', opacity=1.0, ori=0, pos=array([0., 0.]), rgb=array([255., 255., 255.]), text='+', units='height', win=Window(...), wrapWidth=1)
6.6515 	EXP 	Created character_2 = ImageStim(__class__=<class 'psychopy.visual.image.ImageStim'>, autoLog=True, color=array([1., 1., 1.]), colorSpace='rgb', contrast=1.0, depth=-1.0, flipHoriz=False, flipVert=False, image='sin', interpolate=True, mask=None, maskParams=None, name='character_2', opacity=1.0, ori=0.0, pos=array([0., 0.]), size=array([0.5, 0.5]), texRes=128, units='height', win=Window(...))
6.6525 	EXP 	Created interval_2 = ImageStim(__class__=<class 'psychopy.visual.image.ImageStim'>, autoLog=True, color=array([1., 1., 1.]), colorSpace='rgb', contrast=1.0, depth=-2.0, flipHoriz=False, flipVert=False, image=None, interpolate=True, mask=None, maskParams=None, name='interval_2', opacity=1.0, ori=0.0, pos=array([0., 0.]), size=array([0.5, 0.5]), texRes=128, units='height', win=Window(...))
6.6541 	EXP 	Created task_probe1_3 = ImageStim(__class__=<class 'psychopy.visual.image.ImageStim'>, autoLog=True, color=array([1., 1., 1.]), colorSpace='rgb', contrast=1.0, depth=-3.0, flipHoriz=False, flipVert=False, image='sin', interpolate=True, mask=None, maskParams=None, name='task_probe1_3', opacity=1.0, ori=0.0, pos=array([-0.6,  0. ]), size=array([0.3, 0.3]), texRes=128, units='height', win=Window(...))
6.6558 	EXP 	Created task_probe2_3 = ImageStim(__class__=<class 'psychopy.visual.image.ImageStim'>, autoLog=True, color=array([1., 1., 1.]), colorSpace='rgb', contrast=1.0, depth=-4.0, flipHoriz=False, flipVert=False, image='sin', interpolate=True, mask=None, maskParams=None, name='task_probe2_3', opacity=1.0, ori=0.0, pos=array([-0.2,  0. ]), size=array([0.3, 0.3]), texRes=128, units='height', win=Window(...))
6.6574 	EXP 	Created task_probe3_3 = ImageStim(__class__=<class 'psychopy.visual.image.ImageStim'>, autoLog=True, color=array([1., 1., 1.]), colorSpace='rgb', contrast=1.0, depth=-5.0, flipHoriz=False, flipVert=False, image='sin', interpolate=True, mask=None, maskParams=None, name='task_probe3_3', opacity=1.0, ori=0.0, pos=array([0.2, 0. ]), size=array([0.3, 0.3]), texRes=128, units='height', win=Window(...))
6.6591 	EXP 	Created task_probe4_3 = ImageStim(__class__=<class 'psychopy.visual.image.ImageStim'>, autoLog=True, color=array([1., 1., 1.]), colorSpace='rgb', contrast=1.0, depth=-6.0, flipHoriz=False, flipVert=False, image='sin', interpolate=True, mask=None, maskParams=None, name='task_probe4_3', opacity=1.0, ori=0.0, pos=array([0.6, 0. ]), size=array([0.3, 0.3]), texRes=128, units='height', win=Window(...))
6.6609 	EXP 	Created number_8 = TextStim(__class__=<class 'psychopy.visual.text.TextStim'>, alignHoriz=method-wrapper(...), alignText='center', alignVert=method-wrapper(...), anchorHoriz='center', anchorVert='center', antialias=True, autoLog=True, bold=False, color='black', colorSpace='named', contrast=1.0, depth=-8.0, flipHoriz=False, flipVert=False, font='Arial', fontFiles=[], height=0.1, italic=False, languageStyle='LTR', name='number_8', opacity=1.0, ori=0, pos=array([-0.6,  0.3]), rgb=array([0., 0., 0.]), text='1', units='height', win=Window(...), wrapWidth=1)
6.6631 	EXP 	Created number_9 = TextStim(__class__=<class 'psychopy.visual.text.TextStim'>, alignHoriz=method-wrapper(...), alignText='center', alignVert=method-wrapper(...), anchorHoriz='center', anchorVert='center', antialias=True, autoLog=True, bold=False, color='black', colorSpace='named', contrast=1.0, depth=-9.0, flipHoriz=False, flipVert=False, font='Arial', fontFiles=[], height=0.1, italic=False, languageStyle='LTR', name='number_9', opacity=1.0, ori=0, pos=array([-0.2,  0.3]), rgb=array([0., 0., 0.]), text='2', units='height', win=Window(...), wrapWidth=1)
6.6646 	EXP 	Created number_10 = TextStim(__class__=<class 'psychopy.visual.text.TextStim'>, alignHoriz=method-wrapper(...), alignText='center', alignVert=method-wrapper(...), anchorHoriz='center', anchorVert='center', antialias=True, autoLog=True, bold=False, color='black', colorSpace='named', contrast=1.0, depth=-10.0, flipHoriz=False, flipVert=False, font='Arial', fontFiles=[], height=0.1, italic=False, languageStyle='LTR', name='number_10', opacity=1.0, ori=0, pos=array([0.2, 0.3]), rgb=array([0., 0., 0.]), text='3', units='height', win=Window(...), wrapWidth=1)
6.6661 	EXP 	Created number_11 = TextStim(__class__=<class 'psychopy.visual.text.TextStim'>, alignHoriz=method-wrapper(...), alignText='center', alignVert=method-wrapper(...), anchorHoriz='center', anchorVert='center', antialias=True, autoLog=True, bold=False, color='black', colorSpace='named', contrast=1.0, depth=-11.0, flipHoriz=False, flipVert=False, font='Arial', fontFiles=[], height=0.1, italic=False, languageStyle='LTR', name='number_11', opacity=1.0, ori=0, pos=array([0.6, 0.3]), rgb=array([0., 0., 0.]), text='4', units='height', win=Window(...), wrapWidth=1)
6.6678 	EXP 	Created cuedChar_2 = ImageStim(__class__=<class 'psychopy.visual.image.ImageStim'>, autoLog=True, color=array([1., 1., 1.]), colorSpace='rgb', contrast=1.0, depth=-1.0, flipHoriz=False, flipVert=False, image='sin', interpolate=True, mask=None, maskParams=None, name='cuedChar_2', opacity=1.0, ori=0.0, pos=array([0., 0.]), size=array([0.3, 0.3]), texRes=128, units='height', win=Window(...))
6.6694 	EXP 	Created feedb_probe1_2 = ImageStim(__class__=<class 'psychopy.visual.image.ImageStim'>, autoLog=True, color=array([1., 1., 1.]), colorSpace='rgb', contrast=1.0, depth=-2.0, flipHoriz=False, flipVert=False, image='sin', interpolate=True, mask=None, maskParams=None, name='feedb_probe1_2', opacity=1.0, ori=0.0, pos=array([-0.6,  0. ]), size=array([0.3, 0.3]), texRes=128, units='height', win=Window(...))
6.6710 	EXP 	Created feedb_probe2_2 = ImageStim(__class__=<class 'psychopy.visual.image.ImageStim'>, autoLog=True, color=array([1., 1., 1.]), colorSpace='rgb', contrast=1.0, depth=-3.0, flipHoriz=False, flipVert=False, image='sin', interpolate=True, mask=None, maskParams=None, name='feedb_probe2_2', opacity=1.0, ori=0.0, pos=array([-0.2,  0. ]), size=array([0.3, 0.3]), texRes=128, units='height', win=Window(...))
6.6727 	EXP 	Created feedb_probe3_2 = ImageStim(__class__=<class 'psychopy.visual.image.ImageStim'>, autoLog=True, color=array([1., 1., 1.]), colorSpace='rgb', contrast=1.0, depth=-4.0, flipHoriz=False, flipVert=False, image='sin', interpolate=True, mask=None, maskParams=None, name='feedb_probe3_2', opacity=1.0, ori=0.0, pos=array([0.2, 0. ]), size=array([0.3, 0.3]), texRes=128, units='height', win=Window(...))
6.6744 	EXP 	Created feedb_probe4_2 = ImageStim(__class__=<class 'psychopy.visual.image.ImageStim'>, autoLog=True, color=array([1., 1., 1.]), colorSpace='rgb', contrast=1.0, depth=-5.0, flipHoriz=False, flipVert=False, image='sin', interpolate=True, mask=None, maskParams=None, name='feedb_probe4_2', opacity=1.0, ori=0.0, pos=array([0.6, 0. ]), size=array([0.3, 0.3]), texRes=128, units='height', win=Window(...))
6.6809 	EXP 	Created task_feedb_2 = TextStim(__class__=<class 'psychopy.visual.text.TextStim'>, alignHoriz=method-wrapper(...), alignText='center', alignVert=method-wrapper(...), anchorHoriz='center', anchorVert='center', antialias=True, autoLog=True, bold=False, color='white', colorSpace='named', contrast=1.0, depth=0.0, flipHoriz=False, flipVert=False, font='Arial', fontFiles=[], height=0.2, italic=False, languageStyle='LTR', name='task_feedb_2', opacity=1.0, ori=0, pos=array([0. , 0.3]), rgb=array([255., 255., 255.]), text='default text', units='height', win=Window(...), wrapWidth=1)
6.6827 	EXP 	Created feedbImage_2 = ImageStim(__class__=<class 'psychopy.visual.image.ImageStim'>, autoLog=True, color=array([1., 1., 1.]), colorSpace='rgb', contrast=1.0, depth=-1.0, flipHoriz=False, flipVert=False, image='sin', interpolate=True, mask=None, maskParams=None, name='feedbImage_2', opacity=1.0, ori=0.0, pos=array([ 0. , -0.1]), size=array([0.5, 0.5]), texRes=128, units='height', win=Window(...))
6.6837 	EXP 	Created iti_2 = ImageStim(__class__=<class 'psychopy.visual.image.ImageStim'>, autoLog=True, color=array([1., 1., 1.]), colorSpace='rgb', contrast=1.0, depth=-2.0, flipHoriz=False, flipVert=False, image=None, interpolate=True, mask=None, maskParams=None, name='iti_2', opacity=1.0, ori=0.0, pos=array([0.1, 0. ]), size=array([0.5, 0.5]), texRes=128, units='height', win=Window(...))
6.6926 	EXP 	Created final_message_ = TextStim(__class__=<class 'psychopy.visual.text.TextStim'>, alignHoriz=method-wrapper(...), alignText='center', alignVert=method-wrapper(...), anchorHoriz='center', anchorVert='center', antialias=True, autoLog=True, bold=False, color='black', colorSpace='named', contrast=1.0, depth=0.0, flipHoriz=False, flipVert=False, font='Arial', fontFiles=[], height=0.05, italic=False, languageStyle='LTR', name='final_message_', opacity=1.0, ori=0, pos=array([0., 0.]), rgb=array([0., 0., 0.]), text=str(...), units='height', win=Window(...), wrapWidth=1)
6.7022 	EXP 	Instruction: autoDraw = True
8.1438 	DATA 	Keypress: space
8.1488 	EXP 	Imported instructions.csv as conditions, 6 conditions, 1 params
8.1491 	EXP 	Created sequence: sequential, trialTypes=6, nReps=1, seed=None
8.1494 	EXP 	New trial (rep=0, index=0): OrderedDict([('slides', 'stimuli/slide1.png')])
8.1931 	EXP 	Instruction: autoDraw = False
8.1931 	EXP 	Inst_slides: image = 'stimuli/slide1.png'
8.1931 	EXP 	Inst_slides: autoDraw = True
8.6675 	DATA 	Keypress: space
8.6683 	EXP 	New trial (rep=0, index=1): OrderedDict([('slides', 'stimuli/slide2.png')])
8.7079 	EXP 	Inst_slides: autoDraw = False
8.7079 	EXP 	Inst_slides: image = 'stimuli/slide2.png'
8.7079 	EXP 	Inst_slides: autoDraw = True
8.8879 	DATA 	Keypress: space
8.8885 	EXP 	New trial (rep=0, index=2): OrderedDict([('slides', 'stimuli/slide3.png')])
8.9281 	EXP 	Inst_slides: autoDraw = False
8.9281 	EXP 	Inst_slides: image = 'stimuli/slide3.png'
8.9281 	EXP 	Inst_slides: autoDraw = True
9.0709 	DATA 	Keypress: space
9.0716 	EXP 	New trial (rep=0, index=3): OrderedDict([('slides', 'stimuli/slide4.png')])
9.1117 	EXP 	Inst_slides: autoDraw = False
9.1117 	EXP 	Inst_slides: image = 'stimuli/slide4.png'
9.1117 	EXP 	Inst_slides: autoDraw = True
9.2719 	DATA 	Keypress: space
9.2726 	EXP 	New trial (rep=0, index=4): OrderedDict([('slides', 'stimuli/slide5.png')])
9.3142 	EXP 	Inst_slides: autoDraw = False
9.3142 	EXP 	Inst_slides: image = 'stimuli/slide5.png'
9.3142 	EXP 	Inst_slides: autoDraw = True
9.4571 	DATA 	Keypress: space
9.4577 	EXP 	New trial (rep=0, index=5): OrderedDict([('slides', 'stimuli/slide6.png')])
9.4970 	EXP 	Inst_slides: autoDraw = False
9.4970 	EXP 	Inst_slides: image = 'stimuli/slide6.png'
9.4970 	EXP 	Inst_slides: autoDraw = True
9.6592 	DATA 	Keypress: space
9.6694 	EXP 	Inst_slides: autoDraw = False
9.6694 	EXP 	taskprep0: autoDraw = True
9.8632 	DATA 	Keypress: space
9.8801 	EXP 	taskprep0: autoDraw = False
9.8801 	EXP 	taskGo: autoDraw = True
10.3874 	DATA 	Keypress: space
10.3997 	EXP 	Created sequence: random, trialTypes=1, nReps=99, seed=None
10.4003 	EXP 	New trial (rep=0, index=0): None
10.4046 	EXP 	Imported practlist.csv as conditions, 2 conditions, 10 params
10.4048 	EXP 	Created sequence: sequential, trialTypes=2, nReps=1, seed=None
10.4052 	EXP 	New trial (rep=0, index=0): OrderedDict([('character', 'stimuli/m_red.jpg'), ('left_categ', 'stimuli/Food.png'), ('centleft_categ', 'stimuli/Gamestoy & entertainment.png'), ('centright_categ', 'stimuli/Vehicle.png'), ('right_categ', 'stimuli/Clothing.png'), ('trial_cond', 1), ('corr_ans', 'Food'), ('corr_ans_num', 1), ('type', 1), ('img', 'stimuli/objects/chocolatecroissant.jpg')])
10.4435 	EXP 	taskGo: autoDraw = False
10.4435 	EXP 	character1: image = 'stimuli/m_red.jpg'
10.4435 	EXP 	task_probe1: image = 'stimuli/Food.png'
10.4435 	EXP 	task_probe2: image = 'stimuli/Gamestoy & entertainment.png'
10.4435 	EXP 	task_probe3: image = 'stimuli/Vehicle.png'
10.4435 	EXP 	task_probe4: image = 'stimuli/Clothing.png'
10.4435 	EXP 	FixationCross: autoDraw = True
10.6828 	EXP 	character1: autoDraw = True
10.6994 	EXP 	FixationCross: autoDraw = False
11.1670 	EXP 	interval: autoDraw = True
11.1821 	EXP 	character1: autoDraw = False
11.6838 	EXP 	task_probe1: autoDraw = True
11.6838 	EXP 	task_probe2: autoDraw = True
11.6838 	EXP 	task_probe3: autoDraw = True
11.6838 	EXP 	task_probe4: autoDraw = True
11.6838 	EXP 	number_1: autoDraw = True
11.6838 	EXP 	number_2: autoDraw = True
11.6838 	EXP 	number_3: autoDraw = True
11.6838 	EXP 	number_4: autoDraw = True
12.4183 	EXP 	interval: autoDraw = False
13.4038 	DATA 	Keypress: 2
13.4480 	EXP 	FixationCross: autoDraw = False
13.4480 	EXP 	character1: autoDraw = False
13.4480 	EXP 	interval: autoDraw = False
13.4480 	EXP 	task_probe1: autoDraw = False
13.4480 	EXP 	task_probe2: autoDraw = False
13.4480 	EXP 	task_probe3: autoDraw = False
13.4480 	EXP 	task_probe4: autoDraw = False
13.4480 	EXP 	number_1: autoDraw = False
13.4480 	EXP 	number_2: autoDraw = False
13.4480 	EXP 	number_3: autoDraw = False
13.4480 	EXP 	number_4: autoDraw = False
13.4480 	EXP 	cuedChar: pos = array([-0.2, -0.3])
13.4480 	EXP 	cuedChar: image = 'stimuli/m_red.jpg'
13.4480 	EXP 	feedb_probe1_1: image = 'stimuli/Food.png'
13.4480 	EXP 	feedb_probe2_1: image = 'stimuli/Gamestoy & entertainment.png'
13.4480 	EXP 	feedb_probe3_1: image = 'stimuli/Vehicle.png'
13.4480 	EXP 	feedb_probe4_1: image = 'stimuli/Clothing.png'
13.4480 	EXP 	cuedChar: autoDraw = True
13.4480 	EXP 	feedb_probe1_1: autoDraw = True
13.4480 	EXP 	feedb_probe2_1: autoDraw = True
13.4480 	EXP 	feedb_probe3_1: autoDraw = True
13.4480 	EXP 	feedb_probe4_1: autoDraw = True
14.5387 	EXP 	cuedChar: autoDraw = False
14.5387 	EXP 	feedb_probe1_1: autoDraw = False
14.5387 	EXP 	feedb_probe2_1: autoDraw = False
14.5387 	EXP 	feedb_probe3_1: autoDraw = False
14.5387 	EXP 	feedb_probe4_1: autoDraw = False
14.5387 	EXP 	task_feedb: text = 'incorrect'
14.5387 	EXP 	feedbImage: image = 'stimuli/objects/chocolatecroissant.jpg'
14.5387 	EXP 	task_feedb: autoDraw = True
14.5387 	EXP 	feedbImage: autoDraw = True
15.0092 	EXP 	iti: autoDraw = True
15.0394 	EXP 	task_feedb: autoDraw = False
15.0394 	EXP 	feedbImage: autoDraw = False
15.7586 	EXP 	New trial (rep=0, index=1): OrderedDict([('character', 'stimuli/m_red.jpg'), ('left_categ', 'stimuli/Clothing.png'), ('centleft_categ', 'stimuli/Food.png'), ('centright_categ', 'stimuli/Gamestoy & entertainment.png'), ('right_categ', 'stimuli/Vehicle.png'), ('trial_cond', 0), ('corr_ans', 'Vehicle'), ('corr_ans_num', 4), ('type', 0), ('img', 'stimuli/objects/tricycle.jpg')])
15.8007 	EXP 	iti: autoDraw = False
15.8007 	EXP 	task_feedb: autoDraw = False
15.8007 	EXP 	feedbImage: autoDraw = False
15.8007 	EXP 	iti: autoDraw = False
15.8007 	EXP 	character1: image = 'stimuli/m_red.jpg'
15.8007 	EXP 	task_probe1: image = 'stimuli/Clothing.png'
15.8007 	EXP 	task_probe2: image = 'stimuli/Food.png'
15.8007 	EXP 	task_probe3: image = 'stimuli/Gamestoy & entertainment.png'
15.8007 	EXP 	task_probe4: image = 'stimuli/Vehicle.png'
15.8007 	EXP 	FixationCross: autoDraw = True
16.0282 	EXP 	character1: autoDraw = True
16.0597 	EXP 	FixationCross: autoDraw = False
16.5256 	EXP 	character1: autoDraw = False
16.5256 	EXP 	interval: autoDraw = True
17.0272 	EXP 	task_probe1: autoDraw = True
17.0272 	EXP 	task_probe2: autoDraw = True
17.0272 	EXP 	task_probe3: autoDraw = True
17.0272 	EXP 	task_probe4: autoDraw = True
17.0272 	EXP 	number_1: autoDraw = True
17.0272 	EXP 	number_2: autoDraw = True
17.0272 	EXP 	number_3: autoDraw = True
17.0272 	EXP 	number_4: autoDraw = True
17.7786 	EXP 	interval: autoDraw = False
18.0626 	DATA 	Keypress: 2
18.1022 	EXP 	FixationCross: autoDraw = False
18.1022 	EXP 	character1: autoDraw = False
18.1022 	EXP 	interval: autoDraw = False
18.1022 	EXP 	task_probe1: autoDraw = False
18.1022 	EXP 	task_probe2: autoDraw = False
18.1022 	EXP 	task_probe3: autoDraw = False
18.1022 	EXP 	task_probe4: autoDraw = False
18.1022 	EXP 	number_1: autoDraw = False
18.1022 	EXP 	number_2: autoDraw = False
18.1022 	EXP 	number_3: autoDraw = False
18.1022 	EXP 	number_4: autoDraw = False
18.1022 	EXP 	cuedChar: pos = array([-0.2, -0.3])
18.1022 	EXP 	cuedChar: image = 'stimuli/m_red.jpg'
18.1022 	EXP 	feedb_probe1_1: image = 'stimuli/Clothing.png'
18.1022 	EXP 	feedb_probe2_1: image = 'stimuli/Food.png'
18.1022 	EXP 	feedb_probe3_1: image = 'stimuli/Gamestoy & entertainment.png'
18.1022 	EXP 	feedb_probe4_1: image = 'stimuli/Vehicle.png'
18.1022 	EXP 	cuedChar: autoDraw = True
18.1022 	EXP 	feedb_probe1_1: autoDraw = True
18.1022 	EXP 	feedb_probe2_1: autoDraw = True
18.1022 	EXP 	feedb_probe3_1: autoDraw = True
18.1022 	EXP 	feedb_probe4_1: autoDraw = True
19.1696 	EXP 	cuedChar: autoDraw = False
19.1696 	EXP 	feedb_probe1_1: autoDraw = False
19.1696 	EXP 	feedb_probe2_1: autoDraw = False
19.1696 	EXP 	feedb_probe3_1: autoDraw = False
19.1696 	EXP 	feedb_probe4_1: autoDraw = False
19.1696 	EXP 	task_feedb: text = 'incorrect'
19.1696 	EXP 	feedbImage: image = 'stimuli/objects/tricycle.jpg'
19.1696 	EXP 	task_feedb: autoDraw = True
19.1696 	EXP 	feedbImage: autoDraw = True
19.6181 	EXP 	iti: autoDraw = True
19.6817 	EXP 	task_feedb: autoDraw = False
19.6817 	EXP 	feedbImage: autoDraw = False
20.3840 	EXP 	iti: autoDraw = False
20.3840 	EXP 	task_feedb: autoDraw = False
20.3840 	EXP 	feedbImage: autoDraw = False
20.3840 	EXP 	iti: autoDraw = False
20.3840 	EXP 	pract_message: text = "You got [] % correct.\n\n Please approach the experimenter \nPress 'y' to do the task again and 'n' to continue with the experiment"
20.3840 	EXP 	pract_message: autoDraw = True
22.2266 	DATA 	Keypress: n
22.2536 	EXP 	pract_message: autoDraw = False
22.2536 	EXP 	final_mess: autoDraw = True
22.6776 	DATA 	Keypress: space
22.7046 	EXP 	final_mess: autoDraw = False
22.7046 	EXP 	Instruction_2: autoDraw = True
22.8946 	DATA 	Keypress: space
22.9083 	EXP 	Imported known_categ_4.csv as conditions, 1 conditions, 2 params
22.9085 	EXP 	Created sequence: sequential, trialTypes=1, nReps=1, seed=None
22.9088 	EXP 	New trial (rep=0, index=0): OrderedDict([('character', 'stimuli/m_orange.jpg'), ('category', 'electronic devices')])
22.9454 	EXP 	Instruction_2: autoDraw = False
22.9454 	EXP 	Instruction_middle: text = 'The preferred category will be'
22.9454 	EXP 	instruction_bottom: text = 'electronic devices'
22.9454 	EXP 	image: image = 'stimuli/m_orange.jpg'
22.9454 	EXP 	instruction_top: autoDraw = True
22.9454 	EXP 	Instruction_middle: autoDraw = True
22.9454 	EXP 	instruction_bottom: autoDraw = True
22.9454 	EXP 	press_space: autoDraw = True
22.9454 	EXP 	image: autoDraw = True
23.0745 	DATA 	Keypress: space
23.0884 	EXP 	instruction_top: autoDraw = False
23.0884 	EXP 	Instruction_middle: autoDraw = False
23.0884 	EXP 	instruction_bottom: autoDraw = False
23.0884 	EXP 	press_space: autoDraw = False
23.0884 	EXP 	image: autoDraw = False
23.0884 	EXP 	instr_learned: autoDraw = True
23.2456 	DATA 	Keypress: space
23.2725 	EXP 	instr_learned: autoDraw = False
23.2725 	EXP 	taskGo_2: autoDraw = True
23.4060 	DATA 	Keypress: space
23.4196 	EXP 	Imported task_list_4.csv as conditions, 120 conditions, 10 params
23.4203 	EXP 	Created sequence: sequential, trialTypes=120, nReps=1, seed=None
23.4207 	EXP 	New trial (rep=0, index=0): OrderedDict([('character', 'stimuli/m_orange.jpg'), ('left_categ', 'stimuli/Kitchen & utensil.png'), ('centleft_categ', 'stimuli/Outdoor activity & sport item.png'), ('centright_categ', 'stimuli/Hand labour tool & accessory.png'), ('right_categ', 'stimuli/Electronic device & accessory.png'), ('type', 1), ('corr_ans', 'Electronic device & accessory'), ('condition', 1), ('corr_ans_num', 4), ('img', 'stimuli/objects/spotlight.jpg')])
23.4597 	EXP 	taskGo_2: autoDraw = False
23.4597 	EXP 	character_2: image = 'stimuli/m_orange.jpg'
23.4597 	EXP 	task_probe1_3: image = 'stimuli/Kitchen & utensil.png'
23.4597 	EXP 	task_probe2_3: image = 'stimuli/Outdoor activity & sport item.png'
23.4597 	EXP 	task_probe3_3: image = 'stimuli/Hand labour tool & accessory.png'
23.4597 	EXP 	task_probe4_3: image = 'stimuli/Electronic device & accessory.png'
23.4597 	EXP 	FixationCross_3: autoDraw = True
23.6080 	DATA 	Keypress: space
23.6744 	EXP 	character_2: autoDraw = True
23.7262 	EXP 	FixationCross_3: autoDraw = False
24.1736 	EXP 	character_2: autoDraw = False
24.1736 	EXP 	interval_2: autoDraw = True
24.6752 	EXP 	task_probe1_3: autoDraw = True
24.6752 	EXP 	task_probe2_3: autoDraw = True
24.6752 	EXP 	task_probe3_3: autoDraw = True
24.6752 	EXP 	task_probe4_3: autoDraw = True
24.6752 	EXP 	number_8: autoDraw = True
24.6752 	EXP 	number_9: autoDraw = True
24.6752 	EXP 	number_10: autoDraw = True
24.6752 	EXP 	number_11: autoDraw = True
25.3827 	DATA 	Keypress: 1
25.4361 	EXP 	FixationCross_3: autoDraw = False
25.4361 	EXP 	character_2: autoDraw = False
25.4361 	EXP 	interval_2: autoDraw = False
25.4361 	EXP 	task_probe1_3: autoDraw = False
25.4361 	EXP 	task_probe2_3: autoDraw = False
25.4361 	EXP 	task_probe3_3: autoDraw = False
25.4361 	EXP 	task_probe4_3: autoDraw = False
25.4361 	EXP 	number_8: autoDraw = False
25.4361 	EXP 	number_9: autoDraw = False
25.4361 	EXP 	number_10: autoDraw = False
25.4361 	EXP 	number_11: autoDraw = False
25.4361 	EXP 	cuedChar_2: pos = array([-0.6, -0.3])
25.4361 	EXP 	cuedChar_2: image = 'stimuli/m_orange.jpg'
25.4361 	EXP 	feedb_probe1_2: image = 'stimuli/Kitchen & utensil.png'
25.4361 	EXP 	feedb_probe2_2: image = 'stimuli/Outdoor activity & sport item.png'
25.4361 	EXP 	feedb_probe3_2: image = 'stimuli/Hand labour tool & accessory.png'
25.4361 	EXP 	feedb_probe4_2: image = 'stimuli/Electronic device & accessory.png'
25.4361 	EXP 	cuedChar_2: autoDraw = True
25.4361 	EXP 	feedb_probe1_2: autoDraw = True
25.4361 	EXP 	feedb_probe2_2: autoDraw = True
25.4361 	EXP 	feedb_probe3_2: autoDraw = True
25.4361 	EXP 	feedb_probe4_2: autoDraw = True
26.5033 	EXP 	cuedChar_2: autoDraw = False
26.5033 	EXP 	feedb_probe1_2: autoDraw = False
26.5033 	EXP 	feedb_probe2_2: autoDraw = False
26.5033 	EXP 	feedb_probe3_2: autoDraw = False
26.5033 	EXP 	feedb_probe4_2: autoDraw = False
26.5033 	EXP 	task_feedb_2: text = 'incorrect'
26.5033 	EXP 	feedbImage_2: image = 'stimuli/objects/spotlight.jpg'
26.5033 	EXP 	task_feedb_2: autoDraw = True
26.5033 	EXP 	feedbImage_2: autoDraw = True
26.9655 	EXP 	iti_2: autoDraw = True
27.0123 	EXP 	task_feedb_2: autoDraw = False
27.0123 	EXP 	feedbImage_2: autoDraw = False
27.7146 	EXP 	New trial (rep=0, index=1): OrderedDict([('character', 'stimuli/m_black.jpg'), ('left_categ', 'stimuli/Kitchen & utensil.png'), ('centleft_categ', 'stimuli/Outdoor activity & sport item.png'), ('centright_categ', 'stimuli/Electronic device & accessory.png'), ('right_categ', 'stimuli/Hand labour tool & accessory.png'), ('type', 1), ('corr_ans', 'Kitchen & utensil'), ('condition', 0), ('corr_ans_num', 1), ('img', 'stimuli/objects/peppermill02b.jpg')])
27.7535 	EXP 	iti_2: autoDraw = False
27.7535 	EXP 	task_feedb_2: autoDraw = False
27.7535 	EXP 	feedbImage_2: autoDraw = False
27.7535 	EXP 	iti_2: autoDraw = False
27.7535 	EXP 	character_2: image = 'stimuli/m_black.jpg'
27.7535 	EXP 	task_probe1_3: image = 'stimuli/Kitchen & utensil.png'
27.7535 	EXP 	task_probe2_3: image = 'stimuli/Outdoor activity & sport item.png'
27.7535 	EXP 	task_probe3_3: image = 'stimuli/Electronic device & accessory.png'
27.7535 	EXP 	task_probe4_3: image = 'stimuli/Hand labour tool & accessory.png'
27.7535 	EXP 	FixationCross_3: autoDraw = True
27.9825 	EXP 	character_2: autoDraw = True
28.0159 	EXP 	FixationCross_3: autoDraw = False
28.4819 	EXP 	character_2: autoDraw = False
28.4819 	EXP 	interval_2: autoDraw = True
28.9834 	EXP 	task_probe1_3: autoDraw = True
28.9834 	EXP 	task_probe2_3: autoDraw = True
28.9834 	EXP 	task_probe3_3: autoDraw = True
28.9834 	EXP 	task_probe4_3: autoDraw = True
28.9834 	EXP 	number_8: autoDraw = True
28.9834 	EXP 	number_9: autoDraw = True
28.9834 	EXP 	number_10: autoDraw = True
28.9834 	EXP 	number_11: autoDraw = True
29.4677 	DATA 	Keypress: 2
29.5080 	EXP 	FixationCross_3: autoDraw = False
29.5080 	EXP 	character_2: autoDraw = False
29.5080 	EXP 	interval_2: autoDraw = False
29.5080 	EXP 	task_probe1_3: autoDraw = False
29.5080 	EXP 	task_probe2_3: autoDraw = False
29.5080 	EXP 	task_probe3_3: autoDraw = False
29.5080 	EXP 	task_probe4_3: autoDraw = False
29.5080 	EXP 	number_8: autoDraw = False
29.5080 	EXP 	number_9: autoDraw = False
29.5080 	EXP 	number_10: autoDraw = False
29.5080 	EXP 	number_11: autoDraw = False
29.5080 	EXP 	cuedChar_2: pos = array([-0.2, -0.3])
29.5080 	EXP 	cuedChar_2: image = 'stimuli/m_black.jpg'
29.5080 	EXP 	feedb_probe1_2: image = 'stimuli/Kitchen & utensil.png'
29.5080 	EXP 	feedb_probe2_2: image = 'stimuli/Outdoor activity & sport item.png'
29.5080 	EXP 	feedb_probe3_2: image = 'stimuli/Electronic device & accessory.png'
29.5080 	EXP 	feedb_probe4_2: image = 'stimuli/Hand labour tool & accessory.png'
29.5080 	EXP 	cuedChar_2: autoDraw = True
29.5080 	EXP 	feedb_probe1_2: autoDraw = True
29.5080 	EXP 	feedb_probe2_2: autoDraw = True
29.5080 	EXP 	feedb_probe3_2: autoDraw = True
29.5080 	EXP 	feedb_probe4_2: autoDraw = True
30.5761 	EXP 	cuedChar_2: autoDraw = False
30.5761 	EXP 	feedb_probe1_2: autoDraw = False
30.5761 	EXP 	feedb_probe2_2: autoDraw = False
30.5761 	EXP 	feedb_probe3_2: autoDraw = False
30.5761 	EXP 	feedb_probe4_2: autoDraw = False
30.5761 	EXP 	task_feedb_2: text = 'incorrect'
30.5761 	EXP 	feedbImage_2: image = 'stimuli/objects/peppermill02b.jpg'
30.5761 	EXP 	task_feedb_2: autoDraw = True
30.5761 	EXP 	feedbImage_2: autoDraw = True
31.0399 	EXP 	iti_2: autoDraw = True
31.0868 	EXP 	task_feedb_2: autoDraw = False
31.0868 	EXP 	feedbImage_2: autoDraw = False
31.7891 	EXP 	New trial (rep=0, index=2): OrderedDict([('character', 'stimuli/m_black.jpg'), ('left_categ', 'stimuli/Hand labour tool & accessory.png'), ('centleft_categ', 'stimuli/Electronic device & accessory.png'), ('centright_categ', 'stimuli/Outdoor activity & sport item.png'), ('right_categ', 'stimuli/Kitchen & utensil.png'), ('type', 1), ('corr_ans', 'Kitchen & utensil'), ('condition', 0), ('corr_ans_num', 4), ('img', 'stimuli/objects/canister.jpg')])
31.8318 	EXP 	iti_2: autoDraw = False
31.8318 	EXP 	task_feedb_2: autoDraw = False
31.8318 	EXP 	feedbImage_2: autoDraw = False
31.8318 	EXP 	iti_2: autoDraw = False
31.8318 	EXP 	character_2: image = 'stimuli/m_black.jpg'
31.8318 	EXP 	task_probe1_3: image = 'stimuli/Hand labour tool & accessory.png'
31.8318 	EXP 	task_probe2_3: image = 'stimuli/Electronic device & accessory.png'
31.8318 	EXP 	task_probe3_3: image = 'stimuli/Outdoor activity & sport item.png'
31.8318 	EXP 	task_probe4_3: image = 'stimuli/Kitchen & utensil.png'
31.8318 	EXP 	FixationCross_3: autoDraw = True
32.0570 	EXP 	character_2: autoDraw = True
32.0922 	EXP 	FixationCross_3: autoDraw = False
32.5563 	EXP 	character_2: autoDraw = False
32.5563 	EXP 	interval_2: autoDraw = True
33.0578 	EXP 	task_probe1_3: autoDraw = True
33.0578 	EXP 	task_probe2_3: autoDraw = True
33.0578 	EXP 	task_probe3_3: autoDraw = True
33.0578 	EXP 	task_probe4_3: autoDraw = True
33.0578 	EXP 	number_8: autoDraw = True
33.0578 	EXP 	number_9: autoDraw = True
33.0578 	EXP 	number_10: autoDraw = True
33.0578 	EXP 	number_11: autoDraw = True
33.8093 	EXP 	interval_2: autoDraw = False
33.8655 	DATA 	Keypress: 4
33.9164 	EXP 	FixationCross_3: autoDraw = False
33.9164 	EXP 	character_2: autoDraw = False
33.9164 	EXP 	interval_2: autoDraw = False
33.9164 	EXP 	task_probe1_3: autoDraw = False
33.9164 	EXP 	task_probe2_3: autoDraw = False
33.9164 	EXP 	task_probe3_3: autoDraw = False
33.9164 	EXP 	task_probe4_3: autoDraw = False
33.9164 	EXP 	number_8: autoDraw = False
33.9164 	EXP 	number_9: autoDraw = False
33.9164 	EXP 	number_10: autoDraw = False
33.9164 	EXP 	number_11: autoDraw = False
33.9164 	EXP 	cuedChar_2: pos = array([ 0.6, -0.3])
33.9164 	EXP 	cuedChar_2: image = 'stimuli/m_black.jpg'
33.9164 	EXP 	feedb_probe1_2: image = 'stimuli/Hand labour tool & accessory.png'
33.9164 	EXP 	feedb_probe2_2: image = 'stimuli/Electronic device & accessory.png'
33.9164 	EXP 	feedb_probe3_2: image = 'stimuli/Outdoor activity & sport item.png'
33.9164 	EXP 	feedb_probe4_2: image = 'stimuli/Kitchen & utensil.png'
33.9164 	EXP 	cuedChar_2: autoDraw = True
33.9164 	EXP 	feedb_probe1_2: autoDraw = True
33.9164 	EXP 	feedb_probe2_2: autoDraw = True
33.9164 	EXP 	feedb_probe3_2: autoDraw = True
33.9164 	EXP 	feedb_probe4_2: autoDraw = True
34.9964 	EXP 	cuedChar_2: autoDraw = False
34.9964 	EXP 	feedb_probe1_2: autoDraw = False
34.9964 	EXP 	feedb_probe2_2: autoDraw = False
34.9964 	EXP 	feedb_probe3_2: autoDraw = False
34.9964 	EXP 	feedb_probe4_2: autoDraw = False
34.9964 	EXP 	task_feedb_2: text = 'correct'
34.9964 	EXP 	feedbImage_2: image = 'stimuli/objects/canister.jpg'
34.9964 	EXP 	task_feedb_2: autoDraw = True
34.9964 	EXP 	feedbImage_2: autoDraw = True
35.4650 	EXP 	iti_2: autoDraw = True
35.4952 	EXP 	task_feedb_2: autoDraw = False
35.4952 	EXP 	feedbImage_2: autoDraw = False
36.2140 	EXP 	New trial (rep=0, index=3): OrderedDict([('character', 'stimuli/m_orange.jpg'), ('left_categ', 'stimuli/Electronic device & accessory.png'), ('centleft_categ', 'stimuli/Outdoor activity & sport item.png'), ('centright_categ', 'stimuli/Kitchen & utensil.png'), ('right_categ', 'stimuli/Hand labour tool & accessory.png'), ('type', 0), ('corr_ans', 'Kitchen & utensil'), ('condition', 1), ('corr_ans_num', 3), ('img', 'stimuli/objects/fryingpan02a.jpg')])
36.2579 	EXP 	iti_2: autoDraw = False
36.2579 	EXP 	task_feedb_2: autoDraw = False
36.2579 	EXP 	feedbImage_2: autoDraw = False
36.2579 	EXP 	iti_2: autoDraw = False
36.2579 	EXP 	character_2: image = 'stimuli/m_orange.jpg'
36.2579 	EXP 	task_probe1_3: image = 'stimuli/Electronic device & accessory.png'
36.2579 	EXP 	task_probe2_3: image = 'stimuli/Outdoor activity & sport item.png'
36.2579 	EXP 	task_probe3_3: image = 'stimuli/Kitchen & utensil.png'
36.2579 	EXP 	task_probe4_3: image = 'stimuli/Hand labour tool & accessory.png'
36.2579 	EXP 	FixationCross_3: autoDraw = True
36.4157 	DATA 	Keypress: escape
36.4250 	EXP 	window1: mouseVisible = True
