1.0336 	WARNING 	We strongly recommend you activate the PTB sound engine in PsychoPy prefs as the preferred audio engine. Its timing is vastly superior. Your prefs are currently set to use ['sounddevice', 'PTB', 'pyo', 'pygame'] (in that order).
1.7850 	WARNING 	Import Error: No module named 'psychtoolbox'. Using event module for keyboard component.
6.2231 	EXP 	Created window1 = Window(allowGUI=False, allowStencil=False, args=UNKNOWN, autoLog=True, bitsMode=UNKNOWN, blendMode='avg', bpc=(8, 8, 8), color=array([0., 0., 0.]), colorSpace='rgb', depthBits=8, fullscr=<method-wrapper '__getattribute__' of attributeSetter object at 0x7f9943b0e940>, gamma=None, gammaErrorPolicy='raise', kwargs=UNKNOWN, lms=UNKNOWN, monitor=<psychopy.monitors.calibTools.Monitor object at 0x7f9940a193a0>, multiSample=False, name='window1', numSamples=2, pos=[0.0, 0.0], screen=0, size=array([1680, 1050]), stencilBits=0, stereo=False, units='height', useFBO=True, useRetina=False, viewOri=0.0, viewPos=None, viewScale=None, waitBlanking=True, winType='pyglet')
6.2232 	EXP 	window1: recordFrameIntervals = False
6.3895 	EXP 	window1: recordFrameIntervals = True
6.5734 	EXP 	window1: recordFrameIntervals = False
6.6631 	EXP 	Created Instruction = TextStim(__class__=<class 'psychopy.visual.text.TextStim'>, alignHoriz=method-wrapper(...), alignText='center', alignVert=method-wrapper(...), anchorHoriz='center', anchorVert='center', antialias=True, autoLog=True, bold=False, color='black', colorSpace='named', contrast=1.0, depth=0.0, flipHoriz=False, flipVert=False, font='Arial', fontFiles=[], height=0.05, italic=False, languageStyle='LTR', name='Instruction', opacity=1.0, ori=0, pos=array([0., 0.]), rgb=array([0., 0., 0.]), text=str(...), units='height', win=Window(...), wrapWidth=1.5)
6.6690 	EXP 	Created Inst_slides = ImageStim(__class__=<class 'psychopy.visual.image.ImageStim'>, autoLog=True, color=array([1., 1., 1.]), colorSpace='rgb', contrast=1.0, depth=0.0, flipHoriz=False, flipVert=False, image='sin', interpolate=True, mask=None, maskParams=None, name='Inst_slides', opacity=1.0, ori=0.0, pos=array([0., 0.]), size=array([1.6, 1. ]), texRes=128, units='height', win=Window(...))
6.6735 	EXP 	Created taskprep0 = TextStim(__class__=<class 'psychopy.visual.text.TextStim'>, alignHoriz=method-wrapper(...), alignText='center', alignVert=method-wrapper(...), anchorHoriz='center', anchorVert='center', antialias=True, autoLog=True, bold=False, color='black', colorSpace='named', contrast=1.0, depth=0.0, flipHoriz=False, flipVert=False, font='Arial', fontFiles=[], height=0.05, italic=False, languageStyle='LTR', name='taskprep0', opacity=1.0, ori=0, pos=array([0., 0.]), rgb=array([0., 0., 0.]), text=str(...), units='height', win=Window(...), wrapWidth=1)
6.6888 	EXP 	Created taskGo = TextStim(__class__=<class 'psychopy.visual.text.TextStim'>, alignHoriz=method-wrapper(...), alignText='center', alignVert=method-wrapper(...), anchorHoriz='center', anchorVert='center', antialias=True, autoLog=True, bold=False, color='Black', colorSpace='named', contrast=1.0, depth=0.0, flipHoriz=False, flipVert=False, font='Arial', fontFiles=[], height=0.05, italic=False, languageStyle='LTR', name='taskGo', opacity=1.0, ori=0, pos=array([0., 0.]), rgb=array([0., 0., 0.]), text=str(...), units='height', win=Window(...), wrapWidth=1.5)
6.6955 	EXP 	Created FixationCross = TextStim(__class__=<class 'psychopy.visual.text.TextStim'>, alignHoriz=method-wrapper(...), alignText='center', alignVert=method-wrapper(...), anchorHoriz='center', anchorVert='center', antialias=True, autoLog=True, bold=False, color='white', colorSpace='named', contrast=1.0, depth=0.0, flipHoriz=False, flipVert=False, font='Arial', fontFiles=[], height=0.1, italic=False, languageStyle='LTR', name='FixationCross', opacity=1.0, ori=0, pos=array([0., 0.]), rgb=array([255., 255., 255.]), text='+', units='height', win=Window(...), wrapWidth=1)
6.6973 	EXP 	Created character1 = ImageStim(__class__=<class 'psychopy.visual.image.ImageStim'>, autoLog=True, color=array([1., 1., 1.]), colorSpace='rgb', contrast=1.0, depth=-1.0, flipHoriz=False, flipVert=False, image='sin', interpolate=True, mask=None, maskParams=None, name='character1', opacity=1.0, ori=0.0, pos=array([0., 0.]), size=array([0.5, 0.5]), texRes=128, units='height', win=Window(...))
6.6982 	EXP 	Created interval = ImageStim(__class__=<class 'psychopy.visual.image.ImageStim'>, autoLog=True, color=array([1., 1., 1.]), colorSpace='rgb', contrast=1.0, depth=-2.0, flipHoriz=False, flipVert=False, image=None, interpolate=True, mask=None, maskParams=None, name='interval', opacity=1.0, ori=0.0, pos=array([0., 0.]), size=array([0.5, 0.5]), texRes=128, units='height', win=Window(...))
6.6998 	EXP 	Created task_probe1 = ImageStim(__class__=<class 'psychopy.visual.image.ImageStim'>, autoLog=True, color=array([1., 1., 1.]), colorSpace='rgb', contrast=1.0, depth=-3.0, flipHoriz=False, flipVert=False, image='sin', interpolate=True, mask=None, maskParams=None, name='task_probe1', opacity=1.0, ori=0.0, pos=array([-0.6,  0. ]), size=array([0.3, 0.3]), texRes=128, units='height', win=Window(...))
6.7014 	EXP 	Created task_probe2 = ImageStim(__class__=<class 'psychopy.visual.image.ImageStim'>, autoLog=True, color=array([1., 1., 1.]), colorSpace='rgb', contrast=1.0, depth=-4.0, flipHoriz=False, flipVert=False, image='sin', interpolate=True, mask=None, maskParams=None, name='task_probe2', opacity=1.0, ori=0.0, pos=array([-0.2,  0. ]), size=array([0.3, 0.3]), texRes=128, units='height', win=Window(...))
6.7031 	EXP 	Created task_probe3 = ImageStim(__class__=<class 'psychopy.visual.image.ImageStim'>, autoLog=True, color=array([1., 1., 1.]), colorSpace='rgb', contrast=1.0, depth=-5.0, flipHoriz=False, flipVert=False, image='sin', interpolate=True, mask=None, maskParams=None, name='task_probe3', opacity=1.0, ori=0.0, pos=array([0.2, 0. ]), size=array([0.3, 0.3]), texRes=128, units='height', win=Window(...))
6.7048 	EXP 	Created task_probe4 = ImageStim(__class__=<class 'psychopy.visual.image.ImageStim'>, autoLog=True, color=array([1., 1., 1.]), colorSpace='rgb', contrast=1.0, depth=-6.0, flipHoriz=False, flipVert=False, image='sin', interpolate=True, mask=None, maskParams=None, name='task_probe4', opacity=1.0, ori=0.0, pos=array([0.6, 0. ]), size=array([0.3, 0.3]), texRes=128, units='height', win=Window(...))
6.7062 	EXP 	Created number_1 = TextStim(__class__=<class 'psychopy.visual.text.TextStim'>, alignHoriz=method-wrapper(...), alignText='center', alignVert=method-wrapper(...), anchorHoriz='center', anchorVert='center', antialias=True, autoLog=True, bold=False, color='black', colorSpace='named', contrast=1.0, depth=-8.0, flipHoriz=False, flipVert=False, font='Arial', fontFiles=[], height=0.1, italic=False, languageStyle='LTR', name='number_1', opacity=1.0, ori=0, pos=array([-0.6,  0.3]), rgb=array([0., 0., 0.]), text='1', units='height', win=Window(...), wrapWidth=1)
6.7083 	EXP 	Created number_2 = TextStim(__class__=<class 'psychopy.visual.text.TextStim'>, alignHoriz=method-wrapper(...), alignText='center', alignVert=method-wrapper(...), anchorHoriz='center', anchorVert='center', antialias=True, autoLog=True, bold=False, color='black', colorSpace='named', contrast=1.0, depth=-9.0, flipHoriz=False, flipVert=False, font='Arial', fontFiles=[], height=0.1, italic=False, languageStyle='LTR', name='number_2', opacity=1.0, ori=0, pos=array([-0.2,  0.3]), rgb=array([0., 0., 0.]), text='2', units='height', win=Window(...), wrapWidth=1)
6.7098 	EXP 	Created number_3 = TextStim(__class__=<class 'psychopy.visual.text.TextStim'>, alignHoriz=method-wrapper(...), alignText='center', alignVert=method-wrapper(...), anchorHoriz='center', anchorVert='center', antialias=True, autoLog=True, bold=False, color='black', colorSpace='named', contrast=1.0, depth=-10.0, flipHoriz=False, flipVert=False, font='Arial', fontFiles=[], height=0.1, italic=False, languageStyle='LTR', name='number_3', opacity=1.0, ori=0, pos=array([0.2, 0.3]), rgb=array([0., 0., 0.]), text='3', units='height', win=Window(...), wrapWidth=1)
6.7112 	EXP 	Created number_4 = TextStim(__class__=<class 'psychopy.visual.text.TextStim'>, alignHoriz=method-wrapper(...), alignText='center', alignVert=method-wrapper(...), anchorHoriz='center', anchorVert='center', antialias=True, autoLog=True, bold=False, color='black', colorSpace='named', contrast=1.0, depth=-11.0, flipHoriz=False, flipVert=False, font='Arial', fontFiles=[], height=0.1, italic=False, languageStyle='LTR', name='number_4', opacity=1.0, ori=0, pos=array([0.6, 0.3]), rgb=array([0., 0., 0.]), text='4', units='height', win=Window(...), wrapWidth=1)
6.7129 	EXP 	Created cuedChar = ImageStim(__class__=<class 'psychopy.visual.image.ImageStim'>, autoLog=True, color=array([1., 1., 1.]), colorSpace='rgb', contrast=1.0, depth=-1.0, flipHoriz=False, flipVert=False, image='sin', interpolate=True, mask=None, maskParams=None, name='cuedChar', opacity=1.0, ori=0.0, pos=array([0., 0.]), size=array([0.3, 0.3]), texRes=128, units='height', win=Window(...))
6.7145 	EXP 	Created feedb_probe1_1 = ImageStim(__class__=<class 'psychopy.visual.image.ImageStim'>, autoLog=True, color=array([1., 1., 1.]), colorSpace='rgb', contrast=1.0, depth=-2.0, flipHoriz=False, flipVert=False, image='sin', interpolate=True, mask=None, maskParams=None, name='feedb_probe1_1', opacity=1.0, ori=0.0, pos=array([-0.6,  0. ]), size=array([0.3, 0.3]), texRes=128, units='height', win=Window(...))
6.7160 	EXP 	Created feedb_probe2_1 = ImageStim(__class__=<class 'psychopy.visual.image.ImageStim'>, autoLog=True, color=array([1., 1., 1.]), colorSpace='rgb', contrast=1.0, depth=-3.0, flipHoriz=False, flipVert=False, image='sin', interpolate=True, mask=None, maskParams=None, name='feedb_probe2_1', opacity=1.0, ori=0.0, pos=array([-0.2,  0. ]), size=array([0.3, 0.3]), texRes=128, units='height', win=Window(...))
6.7176 	EXP 	Created feedb_probe3_1 = ImageStim(__class__=<class 'psychopy.visual.image.ImageStim'>, autoLog=True, color=array([1., 1., 1.]), colorSpace='rgb', contrast=1.0, depth=-4.0, flipHoriz=False, flipVert=False, image='sin', interpolate=True, mask=None, maskParams=None, name='feedb_probe3_1', opacity=1.0, ori=0.0, pos=array([0.2, 0. ]), size=array([0.3, 0.3]), texRes=128, units='height', win=Window(...))
6.7192 	EXP 	Created feedb_probe4_1 = ImageStim(__class__=<class 'psychopy.visual.image.ImageStim'>, autoLog=True, color=array([1., 1., 1.]), colorSpace='rgb', contrast=1.0, depth=-5.0, flipHoriz=False, flipVert=False, image='sin', interpolate=True, mask=None, maskParams=None, name='feedb_probe4_1', opacity=1.0, ori=0.0, pos=array([0.6, 0. ]), size=array([0.3, 0.3]), texRes=128, units='height', win=Window(...))
6.7325 	EXP 	Created task_feedb = TextStim(__class__=<class 'psychopy.visual.text.TextStim'>, alignHoriz=method-wrapper(...), alignText='center', alignVert=method-wrapper(...), anchorHoriz='center', anchorVert='center', antialias=True, autoLog=True, bold=False, color='white', colorSpace='named', contrast=1.0, depth=0.0, flipHoriz=False, flipVert=False, font='Arial', fontFiles=[], height=0.2, italic=False, languageStyle='LTR', name='task_feedb', opacity=1.0, ori=0, pos=array([0. , 0.3]), rgb=array([255., 255., 255.]), text='default text', units='height', win=Window(...), wrapWidth=1)
6.7345 	EXP 	Created feedbImage = ImageStim(__class__=<class 'psychopy.visual.image.ImageStim'>, autoLog=True, color=array([1., 1., 1.]), colorSpace='rgb', contrast=1.0, depth=-1.0, flipHoriz=False, flipVert=False, image='sin', interpolate=True, mask=None, maskParams=None, name='feedbImage', opacity=1.0, ori=0.0, pos=array([ 0. , -0.1]), size=array([0.5, 0.5]), texRes=128, units='height', win=Window(...))
6.7355 	EXP 	Created iti = ImageStim(__class__=<class 'psychopy.visual.image.ImageStim'>, autoLog=True, color=array([1., 1., 1.]), colorSpace='rgb', contrast=1.0, depth=-2.0, flipHoriz=False, flipVert=False, image=None, interpolate=True, mask=None, maskParams=None, name='iti', opacity=1.0, ori=0.0, pos=array([0.1, 0. ]), size=array([0.5, 0.5]), texRes=128, units='height', win=Window(...))
6.7400 	EXP 	Created pract_message = TextStim(__class__=<class 'psychopy.visual.text.TextStim'>, alignHoriz=method-wrapper(...), alignText='center', alignVert=method-wrapper(...), anchorHoriz='center', anchorVert='center', antialias=True, autoLog=True, bold=False, color='black', colorSpace='named', contrast=1.0, depth=0.0, flipHoriz=False, flipVert=False, font='Arial', fontFiles=[], height=0.05, italic=False, languageStyle='LTR', name='pract_message', opacity=1.0, ori=0, pos=array([0., 0.]), rgb=array([0., 0., 0.]), text='default text', units='height', win=Window(...), wrapWidth=1.5)
6.7607 	EXP 	Created final_mess = TextStim(__class__=<class 'psychopy.visual.text.TextStim'>, alignHoriz=method-wrapper(...), alignText='center', alignVert=method-wrapper(...), anchorHoriz='center', anchorVert='center', antialias=True, autoLog=True, bold=False, color='black', colorSpace='named', contrast=1.0, depth=0.0, flipHoriz=False, flipVert=False, font='Arial', fontFiles=[], height=0.08, italic=False, languageStyle='LTR', name='final_mess', opacity=1.0, ori=0, pos=array([0., 0.]), rgb=array([0., 0., 0.]), text=str(...), units='height', win=Window(...), wrapWidth=1)
6.7846 	EXP 	Created Instruction_2 = TextStim(__class__=<class 'psychopy.visual.text.TextStim'>, alignHoriz=method-wrapper(...), alignText='center', alignVert=method-wrapper(...), anchorHoriz='center', anchorVert='center', antialias=True, autoLog=True, bold=False, color='black', colorSpace='named', contrast=1.0, depth=0.0, flipHoriz=False, flipVert=False, font='Arial', fontFiles=[], height=0.05, italic=False, languageStyle='LTR', name='Instruction_2', opacity=1.0, ori=0, pos=array([0., 0.]), rgb=array([0., 0., 0.]), text=str(...), units='height', win=Window(...), wrapWidth=1.5)
6.7879 	EXP 	Created instruction_top = TextStim(__class__=<class 'psychopy.visual.text.TextStim'>, alignHoriz=method-wrapper(...), alignText='center', alignVert=method-wrapper(...), anchorHoriz='center', anchorVert='center', antialias=True, autoLog=True, bold=False, color='black', colorSpace='named', contrast=1.0, depth=0.0, flipHoriz=False, flipVert=False, font='Arial', fontFiles=[], height=0.05, italic=False, languageStyle='LTR', name='instruction_top', opacity=1.0, ori=0, pos=array([0. , 0.3]), rgb=array([0., 0., 0.]), text='For this character ', units='height', win=Window(...), wrapWidth=1)
6.7900 	EXP 	Created Instruction_middle = TextStim(__class__=<class 'psychopy.visual.text.TextStim'>, alignHoriz=method-wrapper(...), alignText='center', alignVert=method-wrapper(...), anchorHoriz='center', anchorVert='center', antialias=True, autoLog=True, bold=False, color='black', colorSpace='named', contrast=1.0, depth=-1.0, flipHoriz=False, flipVert=False, font='Arial', fontFiles=[], height=0.05, italic=False, languageStyle='LTR', name='Instruction_middle', opacity=1.0, ori=0, pos=array([ 0. , -0.1]), rgb=array([0., 0., 0.]), text='default text', units='height', win=Window(...), wrapWidth=1)
6.7918 	EXP 	Created instruction_bottom = TextStim(__class__=<class 'psychopy.visual.text.TextStim'>, alignHoriz=method-wrapper(...), alignText='center', alignVert=method-wrapper(...), anchorHoriz='center', anchorVert='center', antialias=True, autoLog=True, bold=False, color='black', colorSpace='named', contrast=1.0, depth=-2.0, flipHoriz=False, flipVert=False, font='Arial', fontFiles=[], height=0.05, italic=False, languageStyle='LTR', name='instruction_bottom', opacity=1.0, ori=0, pos=array([ 0. , -0.2]), rgb=array([0., 0., 0.]), text='default text', units='height', win=Window(...), wrapWidth=1)
6.7939 	EXP 	Created press_space = TextStim(__class__=<class 'psychopy.visual.text.TextStim'>, alignHoriz=method-wrapper(...), alignText='center', alignVert=method-wrapper(...), anchorHoriz='center', anchorVert='center', antialias=True, autoLog=True, bold=False, color='black', colorSpace='named', contrast=1.0, depth=-3.0, flipHoriz=False, flipVert=False, font='Arial', fontFiles=[], height=0.05, italic=False, languageStyle='LTR', name='press_space', opacity=1.0, ori=0, pos=array([ 0. , -0.4]), rgb=array([0., 0., 0.]), text='Press SPACE to continue', units='height', win=Window(...), wrapWidth=1)
6.7957 	EXP 	Created image = ImageStim(__class__=<class 'psychopy.visual.image.ImageStim'>, autoLog=True, color=array([1., 1., 1.]), colorSpace='rgb', contrast=1.0, depth=-4.0, flipHoriz=False, flipVert=False, image='sin', interpolate=True, mask=None, maskParams=None, name='image', opacity=1.0, ori=0.0, pos=array([0. , 0.1]), size=array([0.25, 0.25]), texRes=128, units='height', win=Window(...))
6.8000 	EXP 	Created instr_learned = TextStim(__class__=<class 'psychopy.visual.text.TextStim'>, alignHoriz=method-wrapper(...), alignText='center', alignVert=method-wrapper(...), anchorHoriz='center', anchorVert='center', antialias=True, autoLog=True, bold=False, color='black', colorSpace='named', contrast=1.0, depth=0.0, flipHoriz=False, flipVert=False, font='Arial', fontFiles=[], height=0.05, italic=False, languageStyle='LTR', name='instr_learned', opacity=1.0, ori=0, pos=array([0., 0.]), rgb=array([0., 0., 0.]), text=str(...), units='height', win=Window(...), wrapWidth=1)
6.8117 	EXP 	Created taskGo_2 = TextStim(__class__=<class 'psychopy.visual.text.TextStim'>, alignHoriz=method-wrapper(...), alignText='center', alignVert=method-wrapper(...), anchorHoriz='center', anchorVert='center', antialias=True, autoLog=True, bold=False, color='Black', colorSpace='named', contrast=1.0, depth=0.0, flipHoriz=False, flipVert=False, font='Arial', fontFiles=[], height=0.05, italic=False, languageStyle='LTR', name='taskGo_2', opacity=1.0, ori=0, pos=array([0., 0.]), rgb=array([0., 0., 0.]), text=str(...), units='height', win=Window(...), wrapWidth=1.5)
6.8139 	EXP 	Created FixationCross_3 = TextStim(__class__=<class 'psychopy.visual.text.TextStim'>, alignHoriz=method-wrapper(...), alignText='center', alignVert=method-wrapper(...), anchorHoriz='center', anchorVert='center', antialias=True, autoLog=True, bold=False, color='white', colorSpace='named', contrast=1.0, depth=0.0, flipHoriz=False, flipVert=False, font='Arial', fontFiles=[], height=0.1, italic=False, languageStyle='LTR', name='FixationCross_3', opacity=1.0, ori=0, pos=array([0., 0.]), rgb=array([255., 255., 255.]), text='+', units='height', win=Window(...), wrapWidth=1)
6.8157 	EXP 	Created character_2 = ImageStim(__class__=<class 'psychopy.visual.image.ImageStim'>, autoLog=True, color=array([1., 1., 1.]), colorSpace='rgb', contrast=1.0, depth=-1.0, flipHoriz=False, flipVert=False, image='sin', interpolate=True, mask=None, maskParams=None, name='character_2', opacity=1.0, ori=0.0, pos=array([0., 0.]), size=array([0.5, 0.5]), texRes=128, units='height', win=Window(...))
6.8167 	EXP 	Created interval_2 = ImageStim(__class__=<class 'psychopy.visual.image.ImageStim'>, autoLog=True, color=array([1., 1., 1.]), colorSpace='rgb', contrast=1.0, depth=-2.0, flipHoriz=False, flipVert=False, image=None, interpolate=True, mask=None, maskParams=None, name='interval_2', opacity=1.0, ori=0.0, pos=array([0., 0.]), size=array([0.5, 0.5]), texRes=128, units='height', win=Window(...))
6.8183 	EXP 	Created task_probe1_3 = ImageStim(__class__=<class 'psychopy.visual.image.ImageStim'>, autoLog=True, color=array([1., 1., 1.]), colorSpace='rgb', contrast=1.0, depth=-3.0, flipHoriz=False, flipVert=False, image='sin', interpolate=True, mask=None, maskParams=None, name='task_probe1_3', opacity=1.0, ori=0.0, pos=array([-0.6,  0. ]), size=array([0.3, 0.3]), texRes=128, units='height', win=Window(...))
6.8198 	EXP 	Created task_probe2_3 = ImageStim(__class__=<class 'psychopy.visual.image.ImageStim'>, autoLog=True, color=array([1., 1., 1.]), colorSpace='rgb', contrast=1.0, depth=-4.0, flipHoriz=False, flipVert=False, image='sin', interpolate=True, mask=None, maskParams=None, name='task_probe2_3', opacity=1.0, ori=0.0, pos=array([-0.2,  0. ]), size=array([0.3, 0.3]), texRes=128, units='height', win=Window(...))
6.8216 	EXP 	Created task_probe3_3 = ImageStim(__class__=<class 'psychopy.visual.image.ImageStim'>, autoLog=True, color=array([1., 1., 1.]), colorSpace='rgb', contrast=1.0, depth=-5.0, flipHoriz=False, flipVert=False, image='sin', interpolate=True, mask=None, maskParams=None, name='task_probe3_3', opacity=1.0, ori=0.0, pos=array([0.2, 0. ]), size=array([0.3, 0.3]), texRes=128, units='height', win=Window(...))
6.8231 	EXP 	Created task_probe4_3 = ImageStim(__class__=<class 'psychopy.visual.image.ImageStim'>, autoLog=True, color=array([1., 1., 1.]), colorSpace='rgb', contrast=1.0, depth=-6.0, flipHoriz=False, flipVert=False, image='sin', interpolate=True, mask=None, maskParams=None, name='task_probe4_3', opacity=1.0, ori=0.0, pos=array([0.6, 0. ]), size=array([0.3, 0.3]), texRes=128, units='height', win=Window(...))
6.8251 	EXP 	Created number_8 = TextStim(__class__=<class 'psychopy.visual.text.TextStim'>, alignHoriz=method-wrapper(...), alignText='center', alignVert=method-wrapper(...), anchorHoriz='center', anchorVert='center', antialias=True, autoLog=True, bold=False, color='black', colorSpace='named', contrast=1.0, depth=-8.0, flipHoriz=False, flipVert=False, font='Arial', fontFiles=[], height=0.1, italic=False, languageStyle='LTR', name='number_8', opacity=1.0, ori=0, pos=array([-0.6,  0.3]), rgb=array([0., 0., 0.]), text='1', units='height', win=Window(...), wrapWidth=1)
6.8272 	EXP 	Created number_9 = TextStim(__class__=<class 'psychopy.visual.text.TextStim'>, alignHoriz=method-wrapper(...), alignText='center', alignVert=method-wrapper(...), anchorHoriz='center', anchorVert='center', antialias=True, autoLog=True, bold=False, color='black', colorSpace='named', contrast=1.0, depth=-9.0, flipHoriz=False, flipVert=False, font='Arial', fontFiles=[], height=0.1, italic=False, languageStyle='LTR', name='number_9', opacity=1.0, ori=0, pos=array([-0.2,  0.3]), rgb=array([0., 0., 0.]), text='2', units='height', win=Window(...), wrapWidth=1)
6.8288 	EXP 	Created number_10 = TextStim(__class__=<class 'psychopy.visual.text.TextStim'>, alignHoriz=method-wrapper(...), alignText='center', alignVert=method-wrapper(...), anchorHoriz='center', anchorVert='center', antialias=True, autoLog=True, bold=False, color='black', colorSpace='named', contrast=1.0, depth=-10.0, flipHoriz=False, flipVert=False, font='Arial', fontFiles=[], height=0.1, italic=False, languageStyle='LTR', name='number_10', opacity=1.0, ori=0, pos=array([0.2, 0.3]), rgb=array([0., 0., 0.]), text='3', units='height', win=Window(...), wrapWidth=1)
6.8304 	EXP 	Created number_11 = TextStim(__class__=<class 'psychopy.visual.text.TextStim'>, alignHoriz=method-wrapper(...), alignText='center', alignVert=method-wrapper(...), anchorHoriz='center', anchorVert='center', antialias=True, autoLog=True, bold=False, color='black', colorSpace='named', contrast=1.0, depth=-11.0, flipHoriz=False, flipVert=False, font='Arial', fontFiles=[], height=0.1, italic=False, languageStyle='LTR', name='number_11', opacity=1.0, ori=0, pos=array([0.6, 0.3]), rgb=array([0., 0., 0.]), text='4', units='height', win=Window(...), wrapWidth=1)
6.8321 	EXP 	Created cuedChar_2 = ImageStim(__class__=<class 'psychopy.visual.image.ImageStim'>, autoLog=True, color=array([1., 1., 1.]), colorSpace='rgb', contrast=1.0, depth=-1.0, flipHoriz=False, flipVert=False, image='sin', interpolate=True, mask=None, maskParams=None, name='cuedChar_2', opacity=1.0, ori=0.0, pos=array([0., 0.]), size=array([0.3, 0.3]), texRes=128, units='height', win=Window(...))
6.8338 	EXP 	Created feedb_probe1_2 = ImageStim(__class__=<class 'psychopy.visual.image.ImageStim'>, autoLog=True, color=array([1., 1., 1.]), colorSpace='rgb', contrast=1.0, depth=-2.0, flipHoriz=False, flipVert=False, image='sin', interpolate=True, mask=None, maskParams=None, name='feedb_probe1_2', opacity=1.0, ori=0.0, pos=array([-0.6,  0. ]), size=array([0.3, 0.3]), texRes=128, units='height', win=Window(...))
6.8354 	EXP 	Created feedb_probe2_2 = ImageStim(__class__=<class 'psychopy.visual.image.ImageStim'>, autoLog=True, color=array([1., 1., 1.]), colorSpace='rgb', contrast=1.0, depth=-3.0, flipHoriz=False, flipVert=False, image='sin', interpolate=True, mask=None, maskParams=None, name='feedb_probe2_2', opacity=1.0, ori=0.0, pos=array([-0.2,  0. ]), size=array([0.3, 0.3]), texRes=128, units='height', win=Window(...))
6.8370 	EXP 	Created feedb_probe3_2 = ImageStim(__class__=<class 'psychopy.visual.image.ImageStim'>, autoLog=True, color=array([1., 1., 1.]), colorSpace='rgb', contrast=1.0, depth=-4.0, flipHoriz=False, flipVert=False, image='sin', interpolate=True, mask=None, maskParams=None, name='feedb_probe3_2', opacity=1.0, ori=0.0, pos=array([0.2, 0. ]), size=array([0.3, 0.3]), texRes=128, units='height', win=Window(...))
6.8386 	EXP 	Created feedb_probe4_2 = ImageStim(__class__=<class 'psychopy.visual.image.ImageStim'>, autoLog=True, color=array([1., 1., 1.]), colorSpace='rgb', contrast=1.0, depth=-5.0, flipHoriz=False, flipVert=False, image='sin', interpolate=True, mask=None, maskParams=None, name='feedb_probe4_2', opacity=1.0, ori=0.0, pos=array([0.6, 0. ]), size=array([0.3, 0.3]), texRes=128, units='height', win=Window(...))
6.8454 	EXP 	Created task_feedb_2 = TextStim(__class__=<class 'psychopy.visual.text.TextStim'>, alignHoriz=method-wrapper(...), alignText='center', alignVert=method-wrapper(...), anchorHoriz='center', anchorVert='center', antialias=True, autoLog=True, bold=False, color='white', colorSpace='named', contrast=1.0, depth=0.0, flipHoriz=False, flipVert=False, font='Arial', fontFiles=[], height=0.2, italic=False, languageStyle='LTR', name='task_feedb_2', opacity=1.0, ori=0, pos=array([0. , 0.3]), rgb=array([255., 255., 255.]), text='default text', units='height', win=Window(...), wrapWidth=1)
6.8472 	EXP 	Created feedbImage_2 = ImageStim(__class__=<class 'psychopy.visual.image.ImageStim'>, autoLog=True, color=array([1., 1., 1.]), colorSpace='rgb', contrast=1.0, depth=-1.0, flipHoriz=False, flipVert=False, image='sin', interpolate=True, mask=None, maskParams=None, name='feedbImage_2', opacity=1.0, ori=0.0, pos=array([ 0. , -0.1]), size=array([0.5, 0.5]), texRes=128, units='height', win=Window(...))
6.8483 	EXP 	Created iti_2 = ImageStim(__class__=<class 'psychopy.visual.image.ImageStim'>, autoLog=True, color=array([1., 1., 1.]), colorSpace='rgb', contrast=1.0, depth=-2.0, flipHoriz=False, flipVert=False, image=None, interpolate=True, mask=None, maskParams=None, name='iti_2', opacity=1.0, ori=0.0, pos=array([0.1, 0. ]), size=array([0.5, 0.5]), texRes=128, units='height', win=Window(...))
6.8575 	EXP 	Created final_message_ = TextStim(__class__=<class 'psychopy.visual.text.TextStim'>, alignHoriz=method-wrapper(...), alignText='center', alignVert=method-wrapper(...), anchorHoriz='center', anchorVert='center', antialias=True, autoLog=True, bold=False, color='black', colorSpace='named', contrast=1.0, depth=0.0, flipHoriz=False, flipVert=False, font='Arial', fontFiles=[], height=0.05, italic=False, languageStyle='LTR', name='final_message_', opacity=1.0, ori=0, pos=array([0., 0.]), rgb=array([0., 0., 0.]), text=str(...), units='height', win=Window(...), wrapWidth=1)
6.8671 	EXP 	Instruction: autoDraw = True
7.2085 	DATA 	Keypress: space
7.2130 	EXP 	Imported instructions.csv as conditions, 6 conditions, 1 params
7.2133 	EXP 	Created sequence: sequential, trialTypes=6, nReps=1, seed=None
7.2136 	EXP 	New trial (rep=0, index=0): OrderedDict([('slides', 'stimuli/slide1.png')])
7.2584 	EXP 	Instruction: autoDraw = False
7.2584 	EXP 	Inst_slides: image = 'stimuli/slide1.png'
7.2584 	EXP 	Inst_slides: autoDraw = True
7.3993 	DATA 	Keypress: space
7.4002 	EXP 	New trial (rep=0, index=1): OrderedDict([('slides', 'stimuli/slide2.png')])
7.4395 	EXP 	Inst_slides: autoDraw = False
7.4395 	EXP 	Inst_slides: image = 'stimuli/slide2.png'
7.4395 	EXP 	Inst_slides: autoDraw = True
7.5451 	DATA 	Keypress: space
7.5458 	EXP 	New trial (rep=0, index=2): OrderedDict([('slides', 'stimuli/slide3.png')])
7.5852 	EXP 	Inst_slides: autoDraw = False
7.5852 	EXP 	Inst_slides: image = 'stimuli/slide3.png'
7.5852 	EXP 	Inst_slides: autoDraw = True
7.7087 	DATA 	Keypress: space
7.7093 	EXP 	New trial (rep=0, index=3): OrderedDict([('slides', 'stimuli/slide4.png')])
7.7489 	EXP 	Inst_slides: autoDraw = False
7.7489 	EXP 	Inst_slides: image = 'stimuli/slide4.png'
7.7489 	EXP 	Inst_slides: autoDraw = True
7.8898 	DATA 	Keypress: space
7.8904 	EXP 	New trial (rep=0, index=4): OrderedDict([('slides', 'stimuli/slide5.png')])
7.9297 	EXP 	Inst_slides: autoDraw = False
7.9297 	EXP 	Inst_slides: image = 'stimuli/slide5.png'
7.9297 	EXP 	Inst_slides: autoDraw = True
8.0703 	DATA 	Keypress: space
8.0709 	EXP 	New trial (rep=0, index=5): OrderedDict([('slides', 'stimuli/slide6.png')])
8.1105 	EXP 	Inst_slides: autoDraw = False
8.1105 	EXP 	Inst_slides: image = 'stimuli/slide6.png'
8.1105 	EXP 	Inst_slides: autoDraw = True
8.2161 	DATA 	Keypress: space
8.2263 	EXP 	Inst_slides: autoDraw = False
8.2263 	EXP 	taskprep0: autoDraw = True
8.3602 	DATA 	Keypress: space
8.3770 	EXP 	taskprep0: autoDraw = False
8.3770 	EXP 	taskGo: autoDraw = True
8.5002 	DATA 	Keypress: space
8.5127 	EXP 	Created sequence: random, trialTypes=1, nReps=99, seed=None
8.5134 	EXP 	New trial (rep=0, index=0): None
8.5194 	EXP 	Imported practlist.csv as conditions, 2 conditions, 10 params
8.5196 	EXP 	Created sequence: sequential, trialTypes=2, nReps=1, seed=None
8.5200 	EXP 	New trial (rep=0, index=0): OrderedDict([('character', 'stimuli/m_red.jpg'), ('left_categ', 'stimuli/Food.png'), ('centleft_categ', 'stimuli/Gamestoy & entertainment.png'), ('centright_categ', 'stimuli/Vehicle.png'), ('right_categ', 'stimuli/Clothing.png'), ('trial_cond', 1), ('corr_ans', 'Food'), ('corr_ans_num', 1), ('type', 1), ('img', 'stimuli/objects/chocolatecroissant.jpg')])
8.5701 	EXP 	taskGo: autoDraw = False
8.5701 	EXP 	character1: image = 'stimuli/m_red.jpg'
8.5701 	EXP 	task_probe1: image = 'stimuli/Food.png'
8.5701 	EXP 	task_probe2: image = 'stimuli/Gamestoy & entertainment.png'
8.5701 	EXP 	task_probe3: image = 'stimuli/Vehicle.png'
8.5701 	EXP 	task_probe4: image = 'stimuli/Clothing.png'
8.5701 	EXP 	FixationCross: autoDraw = True
8.7956 	EXP 	character1: autoDraw = True
8.8290 	EXP 	FixationCross: autoDraw = False
9.2950 	EXP 	character1: autoDraw = False
9.2950 	EXP 	interval: autoDraw = True
9.7967 	EXP 	task_probe1: autoDraw = True
9.7967 	EXP 	task_probe2: autoDraw = True
9.7967 	EXP 	task_probe3: autoDraw = True
9.7967 	EXP 	task_probe4: autoDraw = True
9.7967 	EXP 	number_1: autoDraw = True
9.7967 	EXP 	number_2: autoDraw = True
9.7967 	EXP 	number_3: autoDraw = True
9.7967 	EXP 	number_4: autoDraw = True
10.0640 	DATA 	Keypress: 2
10.1083 	EXP 	FixationCross: autoDraw = False
10.1083 	EXP 	character1: autoDraw = False
10.1083 	EXP 	interval: autoDraw = False
10.1083 	EXP 	task_probe1: autoDraw = False
10.1083 	EXP 	task_probe2: autoDraw = False
10.1083 	EXP 	task_probe3: autoDraw = False
10.1083 	EXP 	task_probe4: autoDraw = False
10.1083 	EXP 	number_1: autoDraw = False
10.1083 	EXP 	number_2: autoDraw = False
10.1083 	EXP 	number_3: autoDraw = False
10.1083 	EXP 	number_4: autoDraw = False
10.1083 	EXP 	cuedChar: pos = array([-0.2, -0.3])
10.1083 	EXP 	cuedChar: image = 'stimuli/m_red.jpg'
10.1083 	EXP 	feedb_probe1_1: image = 'stimuli/Food.png'
10.1083 	EXP 	feedb_probe2_1: image = 'stimuli/Gamestoy & entertainment.png'
10.1083 	EXP 	feedb_probe3_1: image = 'stimuli/Vehicle.png'
10.1083 	EXP 	feedb_probe4_1: image = 'stimuli/Clothing.png'
10.1083 	EXP 	cuedChar: autoDraw = True
10.1083 	EXP 	feedb_probe1_1: autoDraw = True
10.1083 	EXP 	feedb_probe2_1: autoDraw = True
10.1083 	EXP 	feedb_probe3_1: autoDraw = True
10.1083 	EXP 	feedb_probe4_1: autoDraw = True
11.2033 	EXP 	cuedChar: autoDraw = False
11.2033 	EXP 	feedb_probe1_1: autoDraw = False
11.2033 	EXP 	feedb_probe2_1: autoDraw = False
11.2033 	EXP 	feedb_probe3_1: autoDraw = False
11.2033 	EXP 	feedb_probe4_1: autoDraw = False
11.2033 	EXP 	task_feedb: text = 'incorrect'
11.2033 	EXP 	feedbImage: image = 'stimuli/objects/chocolatecroissant.jpg'
11.2033 	EXP 	task_feedb: autoDraw = True
11.2033 	EXP 	feedbImage: autoDraw = True
11.6526 	EXP 	iti: autoDraw = True
11.6996 	EXP 	task_feedb: autoDraw = False
11.6996 	EXP 	feedbImage: autoDraw = False
12.4016 	EXP 	New trial (rep=0, index=1): OrderedDict([('character', 'stimuli/m_red.jpg'), ('left_categ', 'stimuli/Clothing.png'), ('centleft_categ', 'stimuli/Food.png'), ('centright_categ', 'stimuli/Gamestoy & entertainment.png'), ('right_categ', 'stimuli/Vehicle.png'), ('trial_cond', 0), ('corr_ans', 'Vehicle'), ('corr_ans_num', 4), ('type', 0), ('img', 'stimuli/objects/tricycle.jpg')])
12.4424 	EXP 	iti: autoDraw = False
12.4424 	EXP 	task_feedb: autoDraw = False
12.4424 	EXP 	feedbImage: autoDraw = False
12.4424 	EXP 	iti: autoDraw = False
12.4424 	EXP 	character1: image = 'stimuli/m_red.jpg'
12.4424 	EXP 	task_probe1: image = 'stimuli/Clothing.png'
12.4424 	EXP 	task_probe2: image = 'stimuli/Food.png'
12.4424 	EXP 	task_probe3: image = 'stimuli/Gamestoy & entertainment.png'
12.4424 	EXP 	task_probe4: image = 'stimuli/Vehicle.png'
12.4424 	EXP 	FixationCross: autoDraw = True
12.6696 	EXP 	character1: autoDraw = True
12.7031 	EXP 	FixationCross: autoDraw = False
13.1691 	EXP 	character1: autoDraw = False
13.1691 	EXP 	interval: autoDraw = True
13.6706 	EXP 	task_probe1: autoDraw = True
13.6706 	EXP 	task_probe2: autoDraw = True
13.6706 	EXP 	task_probe3: autoDraw = True
13.6706 	EXP 	task_probe4: autoDraw = True
13.6706 	EXP 	number_1: autoDraw = True
13.6706 	EXP 	number_2: autoDraw = True
13.6706 	EXP 	number_3: autoDraw = True
13.6706 	EXP 	number_4: autoDraw = True
14.0715 	DATA 	Keypress: 1
14.1112 	EXP 	FixationCross: autoDraw = False
14.1112 	EXP 	character1: autoDraw = False
14.1112 	EXP 	interval: autoDraw = False
14.1112 	EXP 	task_probe1: autoDraw = False
14.1112 	EXP 	task_probe2: autoDraw = False
14.1112 	EXP 	task_probe3: autoDraw = False
14.1112 	EXP 	task_probe4: autoDraw = False
14.1112 	EXP 	number_1: autoDraw = False
14.1112 	EXP 	number_2: autoDraw = False
14.1112 	EXP 	number_3: autoDraw = False
14.1112 	EXP 	number_4: autoDraw = False
14.1112 	EXP 	cuedChar: pos = array([-0.6, -0.3])
14.1112 	EXP 	cuedChar: image = 'stimuli/m_red.jpg'
14.1112 	EXP 	feedb_probe1_1: image = 'stimuli/Clothing.png'
14.1112 	EXP 	feedb_probe2_1: image = 'stimuli/Food.png'
14.1112 	EXP 	feedb_probe3_1: image = 'stimuli/Gamestoy & entertainment.png'
14.1112 	EXP 	feedb_probe4_1: image = 'stimuli/Vehicle.png'
14.1112 	EXP 	cuedChar: autoDraw = True
14.1112 	EXP 	feedb_probe1_1: autoDraw = True
14.1112 	EXP 	feedb_probe2_1: autoDraw = True
14.1112 	EXP 	feedb_probe3_1: autoDraw = True
14.1112 	EXP 	feedb_probe4_1: autoDraw = True
15.1811 	EXP 	cuedChar: autoDraw = False
15.1811 	EXP 	feedb_probe1_1: autoDraw = False
15.1811 	EXP 	feedb_probe2_1: autoDraw = False
15.1811 	EXP 	feedb_probe3_1: autoDraw = False
15.1811 	EXP 	feedb_probe4_1: autoDraw = False
15.1811 	EXP 	task_feedb: text = 'incorrect'
15.1811 	EXP 	feedbImage: image = 'stimuli/objects/tricycle.jpg'
15.1811 	EXP 	task_feedb: autoDraw = True
15.1811 	EXP 	feedbImage: autoDraw = True
15.6436 	EXP 	iti: autoDraw = True
15.6905 	EXP 	task_feedb: autoDraw = False
15.6905 	EXP 	feedbImage: autoDraw = False
16.4097 	EXP 	iti: autoDraw = False
16.4097 	EXP 	task_feedb: autoDraw = False
16.4097 	EXP 	feedbImage: autoDraw = False
16.4097 	EXP 	iti: autoDraw = False
16.4097 	EXP 	pract_message: text = "You got [] % correct.\n\n Please approach the experimenter \nPress 'y' to do the task again and 'n' to continue with the experiment"
16.4097 	EXP 	pract_message: autoDraw = True
18.5296 	DATA 	Keypress: n
18.5463 	EXP 	pract_message: autoDraw = False
18.5463 	EXP 	final_mess: autoDraw = True
19.1706 	DATA 	Keypress: space
19.1978 	EXP 	final_mess: autoDraw = False
19.1978 	EXP 	Instruction_2: autoDraw = True
19.5987 	DATA 	Keypress: space
19.6024 	EXP 	Imported known_categ_4.csv as conditions, 1 conditions, 2 params
19.6026 	EXP 	Created sequence: sequential, trialTypes=1, nReps=1, seed=None
19.6029 	EXP 	New trial (rep=0, index=0): OrderedDict([('character', 'stimuli/m_orange.jpg'), ('category', 'electronic devices')])
19.6459 	EXP 	Instruction_2: autoDraw = False
19.6459 	EXP 	Instruction_middle: text = 'The preferred category will be'
19.6459 	EXP 	instruction_bottom: text = 'electronic devices'
19.6459 	EXP 	image: image = 'stimuli/m_orange.jpg'
19.6459 	EXP 	instruction_top: autoDraw = True
19.6459 	EXP 	Instruction_middle: autoDraw = True
19.6459 	EXP 	instruction_bottom: autoDraw = True
19.6459 	EXP 	press_space: autoDraw = True
19.6459 	EXP 	image: autoDraw = True
20.0334 	DATA 	Keypress: space
20.0491 	EXP 	instruction_top: autoDraw = False
20.0491 	EXP 	Instruction_middle: autoDraw = False
20.0491 	EXP 	instruction_bottom: autoDraw = False
20.0491 	EXP 	press_space: autoDraw = False
20.0491 	EXP 	image: autoDraw = False
20.0491 	EXP 	instr_learned: autoDraw = True
20.6670 	DATA 	Keypress: space
20.6838 	EXP 	instr_learned: autoDraw = False
20.6838 	EXP 	taskGo_2: autoDraw = True
21.8528 	DATA 	Keypress: space
21.8683 	EXP 	Imported task_list_4.csv as conditions, 120 conditions, 10 params
21.8691 	EXP 	Created sequence: sequential, trialTypes=120, nReps=1, seed=None
21.8694 	EXP 	New trial (rep=0, index=0): OrderedDict([('character', 'stimuli/m_orange.jpg'), ('left_categ', 'stimuli/Kitchen & utensil.png'), ('centleft_categ', 'stimuli/Outdoor activity & sport item.png'), ('centright_categ', 'stimuli/Hand labour tool & accessory.png'), ('right_categ', 'stimuli/Electronic device & accessory.png'), ('type', 1), ('corr_ans', 'Electronic device & accessory'), ('condition', 1), ('corr_ans_num', 4), ('img', 'stimuli/objects/spotlight.jpg')])
21.9104 	EXP 	taskGo_2: autoDraw = False
21.9104 	EXP 	character_2: image = 'stimuli/m_orange.jpg'
21.9104 	EXP 	task_probe1_3: image = 'stimuli/Kitchen & utensil.png'
21.9104 	EXP 	task_probe2_3: image = 'stimuli/Outdoor activity & sport item.png'
21.9104 	EXP 	task_probe3_3: image = 'stimuli/Hand labour tool & accessory.png'
21.9104 	EXP 	task_probe4_3: image = 'stimuli/Electronic device & accessory.png'
21.9104 	EXP 	FixationCross_3: autoDraw = True
22.1378 	EXP 	character_2: autoDraw = True
22.1712 	EXP 	FixationCross_3: autoDraw = False
22.6371 	EXP 	character_2: autoDraw = False
22.6371 	EXP 	interval_2: autoDraw = True
23.1388 	EXP 	task_probe1_3: autoDraw = True
23.1388 	EXP 	task_probe2_3: autoDraw = True
23.1388 	EXP 	task_probe3_3: autoDraw = True
23.1388 	EXP 	task_probe4_3: autoDraw = True
23.1388 	EXP 	number_8: autoDraw = True
23.1388 	EXP 	number_9: autoDraw = True
23.1388 	EXP 	number_10: autoDraw = True
23.1388 	EXP 	number_11: autoDraw = True
23.5229 	DATA 	Keypress: 1
23.5667 	EXP 	FixationCross_3: autoDraw = False
23.5667 	EXP 	character_2: autoDraw = False
23.5667 	EXP 	interval_2: autoDraw = False
23.5667 	EXP 	task_probe1_3: autoDraw = False
23.5667 	EXP 	task_probe2_3: autoDraw = False
23.5667 	EXP 	task_probe3_3: autoDraw = False
23.5667 	EXP 	task_probe4_3: autoDraw = False
23.5667 	EXP 	number_8: autoDraw = False
23.5667 	EXP 	number_9: autoDraw = False
23.5667 	EXP 	number_10: autoDraw = False
23.5667 	EXP 	number_11: autoDraw = False
23.5667 	EXP 	cuedChar_2: pos = array([ 0. , -0.3])
23.5667 	EXP 	cuedChar_2: image = 'stimuli/m_orange.jpg'
23.5667 	EXP 	feedb_probe1_2: image = 'stimuli/Kitchen & utensil.png'
23.5667 	EXP 	feedb_probe2_2: image = 'stimuli/Outdoor activity & sport item.png'
23.5667 	EXP 	feedb_probe3_2: image = 'stimuli/Hand labour tool & accessory.png'
23.5667 	EXP 	feedb_probe4_2: image = 'stimuli/Electronic device & accessory.png'
23.5667 	EXP 	cuedChar_2: autoDraw = True
23.5667 	EXP 	feedb_probe1_2: autoDraw = True
23.5667 	EXP 	feedb_probe2_2: autoDraw = True
23.5667 	EXP 	feedb_probe3_2: autoDraw = True
23.5667 	EXP 	feedb_probe4_2: autoDraw = True
24.6370 	EXP 	cuedChar_2: autoDraw = False
24.6370 	EXP 	feedb_probe1_2: autoDraw = False
24.6370 	EXP 	feedb_probe2_2: autoDraw = False
24.6370 	EXP 	feedb_probe3_2: autoDraw = False
24.6370 	EXP 	feedb_probe4_2: autoDraw = False
24.6370 	EXP 	task_feedb_2: text = 'incorrect'
24.6370 	EXP 	feedbImage_2: image = 'stimuli/objects/spotlight.jpg'
24.6370 	EXP 	task_feedb_2: autoDraw = True
24.6370 	EXP 	feedbImage_2: autoDraw = True
25.0950 	EXP 	iti_2: autoDraw = True
25.1419 	EXP 	task_feedb_2: autoDraw = False
25.1419 	EXP 	feedbImage_2: autoDraw = False
25.8444 	EXP 	New trial (rep=0, index=1): OrderedDict([('character', 'stimuli/m_black.jpg'), ('left_categ', 'stimuli/Kitchen & utensil.png'), ('centleft_categ', 'stimuli/Outdoor activity & sport item.png'), ('centright_categ', 'stimuli/Electronic device & accessory.png'), ('right_categ', 'stimuli/Hand labour tool & accessory.png'), ('type', 1), ('corr_ans', 'Kitchen & utensil'), ('condition', 0), ('corr_ans_num', 1), ('img', 'stimuli/objects/peppermill02b.jpg')])
25.8929 	EXP 	iti_2: autoDraw = False
25.8929 	EXP 	task_feedb_2: autoDraw = False
25.8929 	EXP 	feedbImage_2: autoDraw = False
25.8929 	EXP 	iti_2: autoDraw = False
25.8929 	EXP 	character_2: image = 'stimuli/m_black.jpg'
25.8929 	EXP 	task_probe1_3: image = 'stimuli/Kitchen & utensil.png'
25.8929 	EXP 	task_probe2_3: image = 'stimuli/Outdoor activity & sport item.png'
25.8929 	EXP 	task_probe3_3: image = 'stimuli/Electronic device & accessory.png'
25.8929 	EXP 	task_probe4_3: image = 'stimuli/Hand labour tool & accessory.png'
25.8929 	EXP 	FixationCross_3: autoDraw = True
26.1288 	EXP 	character_2: autoDraw = True
26.1455 	EXP 	FixationCross_3: autoDraw = False
26.6015 	DATA 	Keypress: escape
26.6218 	EXP 	window1: mouseVisible = True
