1.0457 	WARNING 	We strongly recommend you activate the PTB sound engine in PsychoPy prefs as the preferred audio engine. Its timing is vastly superior. Your prefs are currently set to use ['sounddevice', 'PTB', 'pyo', 'pygame'] (in that order).
1.7721 	WARNING 	Import Error: No module named 'psychtoolbox'. Using event module for keyboard component.
6.2332 	EXP 	Created window1 = Window(allowGUI=False, allowStencil=False, args=UNKNOWN, autoLog=True, bitsMode=UNKNOWN, blendMode='avg', bpc=(8, 8, 8), color=array([0., 0., 0.]), colorSpace='rgb', depthBits=8, fullscr=<method-wrapper '__getattribute__' of attributeSetter object at 0x7f7c92710a30>, gamma=None, gammaErrorPolicy='raise', kwargs=UNKNOWN, lms=UNKNOWN, monitor=<psychopy.monitors.calibTools.Monitor object at 0x7f7c926de460>, multiSample=False, name='window1', numSamples=2, pos=[0.0, 0.0], screen=0, size=array([1680, 1050]), stencilBits=0, stereo=False, units='height', useFBO=True, useRetina=False, viewOri=0.0, viewPos=None, viewScale=None, waitBlanking=True, winType='pyglet')
6.2332 	EXP 	window1: recordFrameIntervals = False
6.3996 	EXP 	window1: recordFrameIntervals = True
6.5834 	EXP 	window1: recordFrameIntervals = False
6.6680 	EXP 	Created text_2 = TextStim(__class__=<class 'psychopy.visual.text.TextStim'>, alignHoriz=method-wrapper(...), alignText='center', alignVert=method-wrapper(...), anchorHoriz='center', anchorVert='center', antialias=True, autoLog=True, bold=False, color='black', colorSpace='named', contrast=1.0, depth=0.0, flipHoriz=False, flipVert=False, font='Arial', fontFiles=[], height=0.05, italic=False, languageStyle='LTR', name='text_2', opacity=1.0, ori=0, pos=array([0., 0.]), rgb=array([0., 0., 0.]), text=str(...), units='height', win=Window(...), wrapWidth=1)
6.6704 	EXP 	Created image = ImageStim(__class__=<class 'psychopy.visual.image.ImageStim'>, autoLog=True, color=array([1., 1., 1.]), colorSpace='rgb', contrast=1.0, depth=0.0, flipHoriz=False, flipVert=False, image='sin', interpolate=True, mask=None, maskParams=None, name='image', opacity=1.0, ori=0.0, pos=array([0., 0.]), size=array([1.7, 1. ]), texRes=128, units='height', win=Window(...))
6.6766 	EXP 	Created text_3 = TextStim(__class__=<class 'psychopy.visual.text.TextStim'>, alignHoriz=method-wrapper(...), alignText='center', alignVert=method-wrapper(...), anchorHoriz='center', anchorVert='center', antialias=True, autoLog=True, bold=False, color='black', colorSpace='named', contrast=1.0, depth=0.0, flipHoriz=False, flipVert=False, font='Arial', fontFiles=[], height=0.05, italic=False, languageStyle='LTR', name='text_3', opacity=1.0, ori=0, pos=array([0., 0.]), rgb=array([0., 0., 0.]), text=str(...), units='height', win=Window(...), wrapWidth=1)
6.6795 	EXP 	Created blank = TextStim(__class__=<class 'psychopy.visual.text.TextStim'>, alignHoriz=method-wrapper(...), alignText='center', alignVert=method-wrapper(...), anchorHoriz='center', anchorVert='center', antialias=True, autoLog=True, bold=False, color='white', colorSpace='named', contrast=1.0, depth=0.0, flipHoriz=False, flipVert=False, font='Arial', fontFiles=[], height=0.1, italic=False, languageStyle='LTR', name='blank', opacity=1.0, ori=0, pos=array([0., 0.]), rgb=array([255., 255., 255.]), text='', units='height', win=Window(...), wrapWidth=1)
6.6865 	EXP 	Created word_pres = TextStim(__class__=<class 'psychopy.visual.text.TextStim'>, alignHoriz=method-wrapper(...), alignText='center', alignVert=method-wrapper(...), anchorHoriz='center', anchorVert='center', antialias=True, autoLog=True, bold=False, color='white', colorSpace='named', contrast=1.0, depth=0.0, flipHoriz=False, flipVert=False, font='Arial', fontFiles=[], height=0.1, italic=False, languageStyle='LTR', name='word_pres', opacity=1.0, ori=0, pos=array([0., 0.]), rgb=array([255., 255., 255.]), text='default text', units='height', win=Window(...), wrapWidth=1)
6.6871 	EXP 	Created text_4 = TextStim(__class__=<class 'psychopy.visual.text.TextStim'>, alignHoriz=method-wrapper(...), alignText='center', alignVert=method-wrapper(...), anchorHoriz='center', anchorVert='center', antialias=True, autoLog=True, bold=False, color='white', colorSpace='named', contrast=1.0, depth=-1.0, flipHoriz=False, flipVert=False, font='Arial', fontFiles=[], height=0.1, italic=False, languageStyle='LTR', name='text_4', opacity=1.0, ori=0, pos=array([0., 0.]), rgb=array([255., 255., 255.]), text='', units='height', win=Window(...), wrapWidth=1)
6.6927 	EXP 	Created text_5 = TextStim(__class__=<class 'psychopy.visual.text.TextStim'>, alignHoriz=method-wrapper(...), alignText='center', alignVert=method-wrapper(...), anchorHoriz='center', anchorVert='center', antialias=True, autoLog=True, bold=False, color='white', colorSpace='named', contrast=1.0, depth=0.0, flipHoriz=False, flipVert=False, font='Arial', fontFiles=[], height=0.05, italic=False, languageStyle='LTR', name='text_5', opacity=1.0, ori=0, pos=array([0., 0.]), rgb=array([255., 255., 255.]), text=str(...), units='height', win=Window(...), wrapWidth=1)
6.7023 	EXP 	text_2: autoDraw = True
7.4524 	DATA 	Keypress: space
7.4610 	EXP 	Imported illustrations.xlsx as conditions, 7 conditions, 2 params
7.4613 	EXP 	Created sequence: sequential, trialTypes=7, nReps=1, seed=None
7.4617 	EXP 	New trial (rep=0, index=0): OrderedDict([('images', 'slide 1.jpg'), ('key', "'space’")])
7.5017 	EXP 	text_2: autoDraw = False
7.5017 	EXP 	image: image = 'slide 1.jpg'
7.5017 	EXP 	image: autoDraw = True
7.5990 	DATA 	Keypress: space
7.5998 	EXP 	New trial (rep=0, index=1): OrderedDict([('images', 'slide 2.jpg'), ('key', "'l’")])
7.6336 	EXP 	image: autoDraw = False
7.6336 	EXP 	image: image = 'slide 2.jpg'
7.6336 	EXP 	image: autoDraw = True
7.7506 	DATA 	Keypress: space
7.7511 	EXP 	New trial (rep=0, index=2): OrderedDict([('images', 'slide 3.jpg'), ('key', "'l’")])
7.7849 	EXP 	image: autoDraw = False
7.7849 	EXP 	image: image = 'slide 3.jpg'
7.7849 	EXP 	image: autoDraw = True
7.9018 	DATA 	Keypress: space
7.9023 	EXP 	New trial (rep=0, index=3): OrderedDict([('images', 'slide 4.jpg'), ('key', "'l’")])
7.9358 	EXP 	image: autoDraw = False
7.9358 	EXP 	image: image = 'slide 4.jpg'
7.9358 	EXP 	image: autoDraw = True
8.0525 	DATA 	Keypress: space
8.0531 	EXP 	New trial (rep=0, index=4): OrderedDict([('images', 'slide 5.jpg'), ('key', "'d’")])
8.0871 	EXP 	image: autoDraw = False
8.0871 	EXP 	image: image = 'slide 5.jpg'
8.0871 	EXP 	image: autoDraw = True
8.2251 	DATA 	Keypress: space
8.2257 	EXP 	New trial (rep=0, index=5): OrderedDict([('images', 'slide 6.jpg'), ('key', "'l’")])
8.2608 	EXP 	image: autoDraw = False
8.2608 	EXP 	image: image = 'slide 6.jpg'
8.2608 	EXP 	image: autoDraw = True
8.3968 	DATA 	Keypress: space
8.3975 	EXP 	New trial (rep=0, index=6): OrderedDict([('images', 'slide 7.jpg'), ('key', "'space’")])
8.4367 	EXP 	image: autoDraw = False
8.4367 	EXP 	image: image = 'slide 7.jpg'
8.4367 	EXP 	image: autoDraw = True
8.5324 	DATA 	Keypress: space
8.5437 	EXP 	image: autoDraw = False
8.5437 	EXP 	text_3: autoDraw = True
8.9882 	DATA 	Keypress: space
9.0045 	EXP 	text_3: autoDraw = False
9.0045 	EXP 	blank: autoDraw = True
10.0058 	EXP 	Imported nBack_list.xlsx as conditions, 100 conditions, 4 params
10.0065 	EXP 	Created sequence: sequential, trialTypes=100, nReps=1, seed=None
10.0068 	EXP 	New trial (rep=0, index=0): OrderedDict([('word', 'bless'), ('CORRanswer', 'l'), ('trialtype', 0), ('hit_NoHit', 'NoHit')])
10.0199 	EXP 	blank: autoDraw = False
10.0199 	EXP 	word_pres: text = 'bless'
10.0199 	EXP 	text_4: autoDraw = True
10.2069 	EXP 	word_pres: autoDraw = True
10.2236 	EXP 	text_4: autoDraw = False
12.5017 	DATA 	Keypress: n
13.9308 	DATA 	Keypress: l
13.9324 	EXP 	New trial (rep=0, index=1): OrderedDict([('word', 'nature'), ('CORRanswer', 'l'), ('trialtype', 0), ('hit_NoHit', 'NoHit')])
13.9473 	EXP 	word_pres: autoDraw = False
13.9473 	EXP 	text_4: autoDraw = False
13.9473 	EXP 	word_pres: text = 'nature'
13.9473 	EXP 	text_4: autoDraw = True
14.1310 	EXP 	word_pres: autoDraw = True
14.1478 	EXP 	text_4: autoDraw = False
16.1016 	DATA 	Keypress: d
16.1026 	EXP 	New trial (rep=0, index=2): OrderedDict([('word', 'carefree'), ('CORRanswer', 'l'), ('trialtype', 0), ('hit_NoHit', 'NoHit')])
16.1181 	EXP 	word_pres: autoDraw = False
16.1181 	EXP 	text_4: autoDraw = False
16.1181 	EXP 	word_pres: text = 'carefree'
16.1181 	EXP 	text_4: autoDraw = True
16.3018 	EXP 	word_pres: autoDraw = True
16.3185 	EXP 	text_4: autoDraw = False
17.7548 	DATA 	Keypress: l
17.7561 	EXP 	New trial (rep=0, index=3): OrderedDict([('word', 'nature'), ('CORRanswer', 'd'), ('trialtype', 1), ('hit_NoHit', 'Hit')])
17.7713 	EXP 	word_pres: autoDraw = False
17.7713 	EXP 	text_4: autoDraw = False
17.7713 	EXP 	word_pres: text = 'nature'
17.7713 	EXP 	text_4: autoDraw = True
17.9550 	EXP 	word_pres: autoDraw = True
17.9717 	EXP 	text_4: autoDraw = False
19.4312 	DATA 	Keypress: l
19.4421 	EXP 	New trial (rep=0, index=4): OrderedDict([('word', 'easygoing'), ('CORRanswer', 'l'), ('trialtype', 0), ('hit_NoHit', 'NoHit')])
19.4578 	EXP 	word_pres: autoDraw = False
19.4578 	EXP 	text_4: autoDraw = False
19.4578 	EXP 	word_pres: text = 'easygoing'
19.4578 	EXP 	text_4: autoDraw = True
19.6416 	EXP 	word_pres: autoDraw = True
19.6587 	EXP 	text_4: autoDraw = False
21.0176 	DATA 	Keypress: d
21.0287 	EXP 	New trial (rep=0, index=5): OrderedDict([('word', 'pillow'), ('CORRanswer', 'l'), ('trialtype', 0), ('hit_NoHit', 'NoHit')])
21.0442 	EXP 	word_pres: autoDraw = False
21.0442 	EXP 	text_4: autoDraw = False
21.0442 	EXP 	word_pres: text = 'pillow'
21.0442 	EXP 	text_4: autoDraw = True
21.2279 	EXP 	word_pres: autoDraw = True
21.2457 	EXP 	text_4: autoDraw = False
22.5036 	DATA 	Keypress: l
22.5147 	EXP 	New trial (rep=0, index=6): OrderedDict([('word', 'easygoing'), ('CORRanswer', 'd'), ('trialtype', 1), ('hit_NoHit', 'Hit')])
22.5304 	EXP 	word_pres: autoDraw = False
22.5304 	EXP 	text_4: autoDraw = False
22.5304 	EXP 	word_pres: text = 'easygoing'
22.5304 	EXP 	text_4: autoDraw = True
22.7141 	EXP 	word_pres: autoDraw = True
22.7308 	EXP 	text_4: autoDraw = False
23.6661 	DATA 	Keypress: escape
23.6742 	EXP 	window1: mouseVisible = True
