0.4999 	WARNING 	We strongly recommend you activate the PTB sound engine in PsychoPy prefs as the preferred audio engine. Its timing is vastly superior. Your prefs are currently set to use ['sounddevice', 'PTB', 'pyo', 'pygame'] (in that order).
1.1000 	WARNING 	Import Error: No module named 'psychtoolbox'. Using event module for keyboard component.
4.6301 	WARNING 	User requested fullscreen with size [1024  768], but screen is actually [1680, 1050]. Using actual size
5.4120 	EXP 	Created window1 = Window(allowGUI=False, allowStencil=False, args=UNKNOWN, autoLog=True, bitsMode=UNKNOWN, blendMode='avg', bpc=(8, 8, 8), color=array([0., 0., 0.]), colorSpace='rgb', depthBits=8, fullscr=<method-wrapper '__getattribute__' of attributeSetter object at 0x7f98135e8bb0>, gamma=None, gammaErrorPolicy='raise', kwargs=UNKNOWN, lms=UNKNOWN, monitor=<psychopy.monitors.calibTools.Monitor object at 0x7f98135b05b0>, multiSample=False, name='window1', numSamples=2, pos=[0.0, 0.0], screen=0, size=array([1680, 1050]), stencilBits=0, stereo=False, units='height', useFBO=True, useRetina=False, viewOri=0.0, viewPos=None, viewScale=None, waitBlanking=True, winType='pyglet')
5.4121 	EXP 	window1: recordFrameIntervals = False
5.5786 	EXP 	window1: recordFrameIntervals = True
5.7624 	EXP 	window1: recordFrameIntervals = False
5.8430 	EXP 	Created Instruction = TextStim(__class__=<class 'psychopy.visual.text.TextStim'>, alignHoriz=method-wrapper(...), alignText='center', alignVert=method-wrapper(...), anchorHoriz='center', anchorVert='center', antialias=True, autoLog=True, bold=False, color='black', colorSpace='named', contrast=1.0, depth=0.0, flipHoriz=False, flipVert=False, font='Arial', fontFiles=[], height=0.05, italic=False, languageStyle='LTR', name='Instruction', opacity=1.0, ori=0, pos=array([0., 0.]), rgb=array([0., 0., 0.]), text=str(...), units='height', win=Window(...), wrapWidth=1.5)
5.8508 	EXP 	Created FixationCross = TextStim(__class__=<class 'psychopy.visual.text.TextStim'>, alignHoriz=method-wrapper(...), alignText='center', alignVert=method-wrapper(...), anchorHoriz='center', anchorVert='center', antialias=True, autoLog=True, bold=False, color='white', colorSpace='named', contrast=1.0, depth=0.0, flipHoriz=False, flipVert=False, font='Arial', fontFiles=[], height=0.1, italic=False, languageStyle='LTR', name='FixationCross', opacity=1.0, ori=0, pos=array([0., 0.]), rgb=array([255., 255., 255.]), text='+', units='height', win=Window(...), wrapWidth=1)
5.8553 	EXP 	Created character = ImageStim(__class__=<class 'psychopy.visual.image.ImageStim'>, autoLog=True, color=array([1., 1., 1.]), colorSpace='rgb', contrast=1.0, depth=-1.0, flipHoriz=False, flipVert=False, image='sin', interpolate=True, mask=None, maskParams=None, name='character', opacity=1.0, ori=0.0, pos=array([ 0. , -0.2]), size=array([0.5, 0.5]), texRes=128, units='height', win=Window(...))
5.8563 	EXP 	Created interval = ImageStim(__class__=<class 'psychopy.visual.image.ImageStim'>, autoLog=True, color=array([1., 1., 1.]), colorSpace='rgb', contrast=1.0, depth=-2.0, flipHoriz=False, flipVert=False, image=None, interpolate=True, mask=None, maskParams=None, name='interval', opacity=1.0, ori=0.0, pos=array([0., 0.]), size=array([0.5, 0.5]), texRes=128, units='height', win=Window(...))
5.8579 	EXP 	Created task_probe1 = ImageStim(__class__=<class 'psychopy.visual.image.ImageStim'>, autoLog=True, color=array([1., 1., 1.]), colorSpace='rgb', contrast=1.0, depth=-3.0, flipHoriz=False, flipVert=False, image='sin', interpolate=True, mask=None, maskParams=None, name='task_probe1', opacity=1.0, ori=0.0, pos=array([-0.6,  0. ]), size=array([0.3, 0.3]), texRes=128, units='height', win=Window(...))
5.8595 	EXP 	Created task_probe2 = ImageStim(__class__=<class 'psychopy.visual.image.ImageStim'>, autoLog=True, color=array([1., 1., 1.]), colorSpace='rgb', contrast=1.0, depth=-4.0, flipHoriz=False, flipVert=False, image='sin', interpolate=True, mask=None, maskParams=None, name='task_probe2', opacity=1.0, ori=0.0, pos=array([-0.2,  0. ]), size=array([0.3, 0.3]), texRes=128, units='height', win=Window(...))
5.8612 	EXP 	Created task_probe3 = ImageStim(__class__=<class 'psychopy.visual.image.ImageStim'>, autoLog=True, color=array([1., 1., 1.]), colorSpace='rgb', contrast=1.0, depth=-5.0, flipHoriz=False, flipVert=False, image='sin', interpolate=True, mask=None, maskParams=None, name='task_probe3', opacity=1.0, ori=0.0, pos=array([0.2, 0. ]), size=array([0.3, 0.3]), texRes=128, units='height', win=Window(...))
5.8627 	EXP 	Created task_probe4 = ImageStim(__class__=<class 'psychopy.visual.image.ImageStim'>, autoLog=True, color=array([1., 1., 1.]), colorSpace='rgb', contrast=1.0, depth=-6.0, flipHoriz=False, flipVert=False, image='sin', interpolate=True, mask=None, maskParams=None, name='task_probe4', opacity=1.0, ori=0.0, pos=array([0.6, 0. ]), size=array([0.3, 0.3]), texRes=128, units='height', win=Window(...))
5.8644 	EXP 	Created number_1 = TextStim(__class__=<class 'psychopy.visual.text.TextStim'>, alignHoriz=method-wrapper(...), alignText='center', alignVert=method-wrapper(...), anchorHoriz='center', anchorVert='center', antialias=True, autoLog=True, bold=False, color='black', colorSpace='named', contrast=1.0, depth=-8.0, flipHoriz=False, flipVert=False, font='Arial', fontFiles=[], height=0.1, italic=False, languageStyle='LTR', name='number_1', opacity=1.0, ori=0, pos=array([-0.6,  0.3]), rgb=array([0., 0., 0.]), text='1', units='height', win=Window(...), wrapWidth=1)
5.8666 	EXP 	Created number_2 = TextStim(__class__=<class 'psychopy.visual.text.TextStim'>, alignHoriz=method-wrapper(...), alignText='center', alignVert=method-wrapper(...), anchorHoriz='center', anchorVert='center', antialias=True, autoLog=True, bold=False, color='black', colorSpace='named', contrast=1.0, depth=-9.0, flipHoriz=False, flipVert=False, font='Arial', fontFiles=[], height=0.1, italic=False, languageStyle='LTR', name='number_2', opacity=1.0, ori=0, pos=array([-0.2,  0.3]), rgb=array([0., 0., 0.]), text='2', units='height', win=Window(...), wrapWidth=1)
5.8681 	EXP 	Created number_3 = TextStim(__class__=<class 'psychopy.visual.text.TextStim'>, alignHoriz=method-wrapper(...), alignText='center', alignVert=method-wrapper(...), anchorHoriz='center', anchorVert='center', antialias=True, autoLog=True, bold=False, color='black', colorSpace='named', contrast=1.0, depth=-10.0, flipHoriz=False, flipVert=False, font='Arial', fontFiles=[], height=0.1, italic=False, languageStyle='LTR', name='number_3', opacity=1.0, ori=0, pos=array([0.2, 0.3]), rgb=array([0., 0., 0.]), text='3', units='height', win=Window(...), wrapWidth=1)
5.8696 	EXP 	Created number_4 = TextStim(__class__=<class 'psychopy.visual.text.TextStim'>, alignHoriz=method-wrapper(...), alignText='center', alignVert=method-wrapper(...), anchorHoriz='center', anchorVert='center', antialias=True, autoLog=True, bold=False, color='black', colorSpace='named', contrast=1.0, depth=-11.0, flipHoriz=False, flipVert=False, font='Arial', fontFiles=[], height=0.1, italic=False, languageStyle='LTR', name='number_4', opacity=1.0, ori=0, pos=array([0.6, 0.3]), rgb=array([0., 0., 0.]), text='4', units='height', win=Window(...), wrapWidth=1)
5.8713 	EXP 	Created character_2 = ImageStim(__class__=<class 'psychopy.visual.image.ImageStim'>, autoLog=True, color=array([1., 1., 1.]), colorSpace='rgb', contrast=1.0, depth=-1.0, flipHoriz=False, flipVert=False, image='sin', interpolate=True, mask=None, maskParams=None, name='character_2', opacity=1.0, ori=0.0, pos=array([0., 0.]), size=array([0.3, 0.3]), texRes=128, units='height', win=Window(...))
5.8729 	EXP 	Created feedb_probe1 = ImageStim(__class__=<class 'psychopy.visual.image.ImageStim'>, autoLog=True, color=array([1., 1., 1.]), colorSpace='rgb', contrast=1.0, depth=-2.0, flipHoriz=False, flipVert=False, image='sin', interpolate=True, mask=None, maskParams=None, name='feedb_probe1', opacity=1.0, ori=0.0, pos=array([-0.6,  0. ]), size=array([0.3, 0.3]), texRes=128, units='height', win=Window(...))
5.8745 	EXP 	Created feedb_probe2 = ImageStim(__class__=<class 'psychopy.visual.image.ImageStim'>, autoLog=True, color=array([1., 1., 1.]), colorSpace='rgb', contrast=1.0, depth=-3.0, flipHoriz=False, flipVert=False, image='sin', interpolate=True, mask=None, maskParams=None, name='feedb_probe2', opacity=1.0, ori=0.0, pos=array([-0.2,  0. ]), size=array([0.3, 0.3]), texRes=128, units='height', win=Window(...))
5.8761 	EXP 	Created feedb_probe3 = ImageStim(__class__=<class 'psychopy.visual.image.ImageStim'>, autoLog=True, color=array([1., 1., 1.]), colorSpace='rgb', contrast=1.0, depth=-4.0, flipHoriz=False, flipVert=False, image='sin', interpolate=True, mask=None, maskParams=None, name='feedb_probe3', opacity=1.0, ori=0.0, pos=array([0.2, 0. ]), size=array([0.3, 0.3]), texRes=128, units='height', win=Window(...))
5.8776 	EXP 	Created feedb_probe4 = ImageStim(__class__=<class 'psychopy.visual.image.ImageStim'>, autoLog=True, color=array([1., 1., 1.]), colorSpace='rgb', contrast=1.0, depth=-5.0, flipHoriz=False, flipVert=False, image='sin', interpolate=True, mask=None, maskParams=None, name='feedb_probe4', opacity=1.0, ori=0.0, pos=array([0.6, 0. ]), size=array([0.3, 0.3]), texRes=128, units='height', win=Window(...))
5.8803 	EXP 	Created task_feedb = TextStim(__class__=<class 'psychopy.visual.text.TextStim'>, alignHoriz=method-wrapper(...), alignText='center', alignVert=method-wrapper(...), anchorHoriz='center', anchorVert='center', antialias=True, autoLog=True, bold=False, color='white', colorSpace='named', contrast=1.0, depth=0.0, flipHoriz=False, flipVert=False, font='Arial', fontFiles=[], height=0.2, italic=False, languageStyle='LTR', name='task_feedb', opacity=1.0, ori=0, pos=array([0. , 0.3]), rgb=array([255., 255., 255.]), text='', units='height', win=Window(...), wrapWidth=1)
5.8819 	EXP 	Created feedbImage = ImageStim(__class__=<class 'psychopy.visual.image.ImageStim'>, autoLog=True, color=array([1., 1., 1.]), colorSpace='rgb', contrast=1.0, depth=-1.0, flipHoriz=False, flipVert=False, image='sin', interpolate=True, mask=None, maskParams=None, name='feedbImage', opacity=1.0, ori=0.0, pos=array([ 0. , -0.1]), size=array([0.5, 0.5]), texRes=128, units='height', win=Window(...))
5.8828 	EXP 	Created iti = ImageStim(__class__=<class 'psychopy.visual.image.ImageStim'>, autoLog=True, color=array([1., 1., 1.]), colorSpace='rgb', contrast=1.0, depth=-2.0, flipHoriz=False, flipVert=False, image=None, interpolate=True, mask=None, maskParams=None, name='iti', opacity=1.0, ori=0.0, pos=array([0.1, 0. ]), size=array([0.5, 0.5]), texRes=128, units='height', win=Window(...))
5.8832 	EXP 	Created pract_message = TextStim(__class__=<class 'psychopy.visual.text.TextStim'>, alignHoriz=method-wrapper(...), alignText='center', alignVert=method-wrapper(...), anchorHoriz='center', anchorVert='center', antialias=True, autoLog=True, bold=False, color='black', colorSpace='named', contrast=1.0, depth=0.0, flipHoriz=False, flipVert=False, font='Arial', fontFiles=[], height=0.05, italic=False, languageStyle='LTR', name='pract_message', opacity=1.0, ori=0, pos=array([0., 0.]), rgb=array([0., 0., 0.]), text='', units='height', win=Window(...), wrapWidth=1.5)
5.8941 	EXP 	Instruction: autoDraw = True
7.7564 	DATA 	Keypress: space
7.7670 	EXP 	Created sequence: sequential, trialTypes=1, nReps=99, seed=None
7.7676 	EXP 	New trial (rep=0, index=0): None
7.7876 	EXP 	Imported practlist.csv as conditions, 80 conditions, 9 params
7.7882 	EXP 	Created sequence: sequential, trialTypes=80, nReps=1, seed=None
7.7885 	EXP 	New trial (rep=0, index=0): OrderedDict([('char', 'stimuli/m_red.jpg'), ('left_categ', 'stimuli/Gamestoy & entertainment.png'), ('centleft_categ', 'stimuli/Clothing.png'), ('centright_categ', 'stimuli/Food.png'), ('right_categ', 'stimuli/Vehicle.png'), ('trial_cond', 1), ('corr_ans', 'Food'), ('corr_ans_num', 3), ('image', 'stimuli/objects/chocolatecroissant.jpg')])
7.8388 	EXP 	Instruction: autoDraw = False
7.8388 	EXP 	character: image = 'stimuli/m_red.jpg'
7.8388 	EXP 	task_probe1: image = 'stimuli/Gamestoy & entertainment.png'
7.8388 	EXP 	task_probe2: image = 'stimuli/Clothing.png'
7.8388 	EXP 	task_probe3: image = 'stimuli/Food.png'
7.8388 	EXP 	task_probe4: image = 'stimuli/Vehicle.png'
7.8388 	EXP 	FixationCross: autoDraw = True
8.0683 	EXP 	character: autoDraw = True
8.1017 	EXP 	FixationCross: autoDraw = False
8.5692 	EXP 	interval: autoDraw = True
8.8181 	EXP 	character: autoDraw = False
9.0693 	EXP 	task_probe1: autoDraw = True
9.0693 	EXP 	task_probe2: autoDraw = True
9.0693 	EXP 	task_probe3: autoDraw = True
9.0693 	EXP 	task_probe4: autoDraw = True
9.0693 	EXP 	number_1: autoDraw = True
9.0693 	EXP 	number_2: autoDraw = True
9.0693 	EXP 	number_3: autoDraw = True
9.0693 	EXP 	number_4: autoDraw = True
9.8207 	EXP 	interval: autoDraw = False
11.2129 	DATA 	Keypress: 1
11.2647 	EXP 	FixationCross: autoDraw = False
11.2647 	EXP 	character: autoDraw = False
11.2647 	EXP 	interval: autoDraw = False
11.2647 	EXP 	task_probe1: autoDraw = False
11.2647 	EXP 	task_probe2: autoDraw = False
11.2647 	EXP 	task_probe3: autoDraw = False
11.2647 	EXP 	task_probe4: autoDraw = False
11.2647 	EXP 	number_1: autoDraw = False
11.2647 	EXP 	number_2: autoDraw = False
11.2647 	EXP 	number_3: autoDraw = False
11.2647 	EXP 	number_4: autoDraw = False
11.2647 	EXP 	character_2: pos = array([-0.6, -0.3])
11.2647 	EXP 	character_2: image = 'stimuli/m_red.jpg'
11.2647 	EXP 	feedb_probe1: image = 'stimuli/Gamestoy & entertainment.png'
11.2647 	EXP 	feedb_probe2: image = 'stimuli/Clothing.png'
11.2647 	EXP 	feedb_probe3: image = 'stimuli/Food.png'
11.2647 	EXP 	feedb_probe4: image = 'stimuli/Vehicle.png'
11.2647 	EXP 	feedb_probe1: autoDraw = True
11.2647 	EXP 	feedb_probe2: autoDraw = True
11.2647 	EXP 	feedb_probe3: autoDraw = True
11.2647 	EXP 	feedb_probe4: autoDraw = True
11.4914 	EXP 	character_2: autoDraw = True
12.2420 	EXP 	character_2: autoDraw = False
12.3978 	EXP 	feedb_probe1: autoDraw = False
12.3978 	EXP 	feedb_probe2: autoDraw = False
12.3978 	EXP 	feedb_probe3: autoDraw = False
12.3978 	EXP 	feedb_probe4: autoDraw = False
12.3978 	EXP 	character_2: autoDraw = False
12.3978 	EXP 	feedb_probe1: autoDraw = False
12.3978 	EXP 	feedb_probe2: autoDraw = False
12.3978 	EXP 	feedb_probe3: autoDraw = False
12.3978 	EXP 	feedb_probe4: autoDraw = False
12.3978 	EXP 	task_feedb: text = 'incorrect'
12.3978 	EXP 	feedbImage: image = 'stimuli/objects/chocolatecroissant.jpg'
12.3978 	EXP 	task_feedb: autoDraw = True
12.3978 	EXP 	feedbImage: autoDraw = True
12.9095 	EXP 	task_feedb: autoDraw = False
12.9095 	EXP 	feedbImage: autoDraw = False
14.3622 	EXP 	iti: autoDraw = True
14.5969 	EXP 	New trial (rep=0, index=1): OrderedDict([('char', 'stimuli/m_blue.jpg'), ('left_categ', 'stimuli/Food.png'), ('centleft_categ', 'stimuli/Gamestoy & entertainment.png'), ('centright_categ', 'stimuli/Clothing.png'), ('right_categ', 'stimuli/Vehicle.png'), ('trial_cond', 0), ('corr_ans', 'Clothing'), ('corr_ans_num', 3), ('image', 'stimuli/objects/beret01.jpg')])
14.6508 	EXP 	iti: autoDraw = False
14.6508 	EXP 	task_feedb: autoDraw = False
14.6508 	EXP 	feedbImage: autoDraw = False
14.6508 	EXP 	iti: autoDraw = False
14.6508 	EXP 	character: image = 'stimuli/m_blue.jpg'
14.6508 	EXP 	task_probe1: image = 'stimuli/Food.png'
14.6508 	EXP 	task_probe2: image = 'stimuli/Gamestoy & entertainment.png'
14.6508 	EXP 	task_probe3: image = 'stimuli/Clothing.png'
14.6508 	EXP 	task_probe4: image = 'stimuli/Vehicle.png'
14.6508 	EXP 	FixationCross: autoDraw = True
14.8816 	EXP 	character: autoDraw = True
14.9151 	EXP 	FixationCross: autoDraw = False
15.3658 	EXP 	interval: autoDraw = True
15.6315 	EXP 	character: autoDraw = False
15.8658 	EXP 	task_probe1: autoDraw = True
15.8658 	EXP 	task_probe2: autoDraw = True
15.8658 	EXP 	task_probe3: autoDraw = True
15.8658 	EXP 	task_probe4: autoDraw = True
15.8658 	EXP 	number_1: autoDraw = True
15.8658 	EXP 	number_2: autoDraw = True
15.8658 	EXP 	number_3: autoDraw = True
15.8658 	EXP 	number_4: autoDraw = True
16.5231 	DATA 	Keypress: 2
16.5744 	EXP 	FixationCross: autoDraw = False
16.5744 	EXP 	character: autoDraw = False
16.5744 	EXP 	interval: autoDraw = False
16.5744 	EXP 	task_probe1: autoDraw = False
16.5744 	EXP 	task_probe2: autoDraw = False
16.5744 	EXP 	task_probe3: autoDraw = False
16.5744 	EXP 	task_probe4: autoDraw = False
16.5744 	EXP 	number_1: autoDraw = False
16.5744 	EXP 	number_2: autoDraw = False
16.5744 	EXP 	number_3: autoDraw = False
16.5744 	EXP 	number_4: autoDraw = False
16.5744 	EXP 	character_2: pos = array([-0.2, -0.3])
16.5744 	EXP 	character_2: image = 'stimuli/m_blue.jpg'
16.5744 	EXP 	feedb_probe1: image = 'stimuli/Food.png'
16.5744 	EXP 	feedb_probe2: image = 'stimuli/Gamestoy & entertainment.png'
16.5744 	EXP 	feedb_probe3: image = 'stimuli/Clothing.png'
16.5744 	EXP 	feedb_probe4: image = 'stimuli/Vehicle.png'
16.5744 	EXP 	feedb_probe1: autoDraw = True
16.5744 	EXP 	feedb_probe2: autoDraw = True
16.5744 	EXP 	feedb_probe3: autoDraw = True
16.5744 	EXP 	feedb_probe4: autoDraw = True
16.8018 	EXP 	character_2: autoDraw = True
17.5524 	EXP 	character_2: autoDraw = False
17.5701 	ERROR 	Couldn't find image stimuli/objects/beret01.jpg; check path? (tried: /home/francesco/PowerFolders/Frankfurt_University/Prediction_learning/2_Project_Documents/Data_acquisition/task/MemLear_ses-01_part-01_label-phase1/stimuli/objects/beret01.jpg)
17.6357 	EXP 	window1: mouseVisible = True
