0.4523 	WARNING 	We strongly recommend you activate the PTB sound engine in PsychoPy prefs as the preferred audio engine. Its timing is vastly superior. Your prefs are currently set to use ['sounddevice', 'PTB', 'pyo', 'pygame'] (in that order).
1.0239 	WARNING 	Import Error: No module named 'psychtoolbox'. Using event module for keyboard component.
4.4474 	WARNING 	User requested fullscreen with size [1024  768], but screen is actually [1680, 1050]. Using actual size
5.0874 	EXP 	Created window1 = Window(allowGUI=False, allowStencil=False, args=UNKNOWN, autoLog=True, bitsMode=UNKNOWN, blendMode='avg', bpc=(8, 8, 8), color=array([0., 0., 0.]), colorSpace='rgb', depthBits=8, fullscr=<method-wrapper '__getattribute__' of attributeSetter object at 0x7f69a007cbb0>, gamma=None, gammaErrorPolicy='raise', kwargs=UNKNOWN, lms=UNKNOWN, monitor=<psychopy.monitors.calibTools.Monitor object at 0x7f69a00445b0>, multiSample=False, name='window1', numSamples=2, pos=[0.0, 0.0], screen=0, size=array([1680, 1050]), stencilBits=0, stereo=False, units='height', useFBO=True, useRetina=False, viewOri=0.0, viewPos=None, viewScale=None, waitBlanking=True, winType='pyglet')
5.0874 	EXP 	window1: recordFrameIntervals = False
5.2537 	EXP 	window1: recordFrameIntervals = True
5.4376 	EXP 	window1: recordFrameIntervals = False
5.5034 	EXP 	Created Instruction = TextStim(__class__=<class 'psychopy.visual.text.TextStim'>, alignHoriz=method-wrapper(...), alignText='center', alignVert=method-wrapper(...), anchorHoriz='center', anchorVert='center', antialias=True, autoLog=True, bold=False, color='black', colorSpace='named', contrast=1.0, depth=0.0, flipHoriz=False, flipVert=False, font='Arial', fontFiles=[], height=0.05, italic=False, languageStyle='LTR', name='Instruction', opacity=1.0, ori=0, pos=array([0., 0.]), rgb=array([0., 0., 0.]), text=str(...), units='height', win=Window(...), wrapWidth=1.5)
5.5111 	EXP 	Created FixationCross = TextStim(__class__=<class 'psychopy.visual.text.TextStim'>, alignHoriz=method-wrapper(...), alignText='center', alignVert=method-wrapper(...), anchorHoriz='center', anchorVert='center', antialias=True, autoLog=True, bold=False, color='white', colorSpace='named', contrast=1.0, depth=0.0, flipHoriz=False, flipVert=False, font='Arial', fontFiles=[], height=0.1, italic=False, languageStyle='LTR', name='FixationCross', opacity=1.0, ori=0, pos=array([0., 0.]), rgb=array([255., 255., 255.]), text='+', units='height', win=Window(...), wrapWidth=1)
5.5133 	EXP 	Created character = ImageStim(__class__=<class 'psychopy.visual.image.ImageStim'>, autoLog=True, color=array([1., 1., 1.]), colorSpace='rgb', contrast=1.0, depth=-1.0, flipHoriz=False, flipVert=False, image='sin', interpolate=True, mask=None, maskParams=None, name='character', opacity=1.0, ori=0.0, pos=array([ 0. , -0.2]), size=array([0.5, 0.5]), texRes=128, units='height', win=Window(...))
5.5142 	EXP 	Created interval = ImageStim(__class__=<class 'psychopy.visual.image.ImageStim'>, autoLog=True, color=array([1., 1., 1.]), colorSpace='rgb', contrast=1.0, depth=-2.0, flipHoriz=False, flipVert=False, image=None, interpolate=True, mask=None, maskParams=None, name='interval', opacity=1.0, ori=0.0, pos=array([0., 0.]), size=array([0.5, 0.5]), texRes=128, units='height', win=Window(...))
5.5158 	EXP 	Created task_probe1 = ImageStim(__class__=<class 'psychopy.visual.image.ImageStim'>, autoLog=True, color=array([1., 1., 1.]), colorSpace='rgb', contrast=1.0, depth=-3.0, flipHoriz=False, flipVert=False, image='sin', interpolate=True, mask=None, maskParams=None, name='task_probe1', opacity=1.0, ori=0.0, pos=array([-0.6,  0. ]), size=array([0.3, 0.3]), texRes=128, units='height', win=Window(...))
5.5174 	EXP 	Created task_probe2 = ImageStim(__class__=<class 'psychopy.visual.image.ImageStim'>, autoLog=True, color=array([1., 1., 1.]), colorSpace='rgb', contrast=1.0, depth=-4.0, flipHoriz=False, flipVert=False, image='sin', interpolate=True, mask=None, maskParams=None, name='task_probe2', opacity=1.0, ori=0.0, pos=array([-0.2,  0. ]), size=array([0.3, 0.3]), texRes=128, units='height', win=Window(...))
5.5191 	EXP 	Created task_probe3 = ImageStim(__class__=<class 'psychopy.visual.image.ImageStim'>, autoLog=True, color=array([1., 1., 1.]), colorSpace='rgb', contrast=1.0, depth=-5.0, flipHoriz=False, flipVert=False, image='sin', interpolate=True, mask=None, maskParams=None, name='task_probe3', opacity=1.0, ori=0.0, pos=array([0.2, 0. ]), size=array([0.3, 0.3]), texRes=128, units='height', win=Window(...))
5.5206 	EXP 	Created task_probe4 = ImageStim(__class__=<class 'psychopy.visual.image.ImageStim'>, autoLog=True, color=array([1., 1., 1.]), colorSpace='rgb', contrast=1.0, depth=-6.0, flipHoriz=False, flipVert=False, image='sin', interpolate=True, mask=None, maskParams=None, name='task_probe4', opacity=1.0, ori=0.0, pos=array([0.6, 0. ]), size=array([0.3, 0.3]), texRes=128, units='height', win=Window(...))
5.5224 	EXP 	Created number_1 = TextStim(__class__=<class 'psychopy.visual.text.TextStim'>, alignHoriz=method-wrapper(...), alignText='center', alignVert=method-wrapper(...), anchorHoriz='center', anchorVert='center', antialias=True, autoLog=True, bold=False, color='black', colorSpace='named', contrast=1.0, depth=-8.0, flipHoriz=False, flipVert=False, font='Arial', fontFiles=[], height=0.1, italic=False, languageStyle='LTR', name='number_1', opacity=1.0, ori=0, pos=array([-0.6,  0.3]), rgb=array([0., 0., 0.]), text='1', units='height', win=Window(...), wrapWidth=1)
5.5245 	EXP 	Created number_2 = TextStim(__class__=<class 'psychopy.visual.text.TextStim'>, alignHoriz=method-wrapper(...), alignText='center', alignVert=method-wrapper(...), anchorHoriz='center', anchorVert='center', antialias=True, autoLog=True, bold=False, color='black', colorSpace='named', contrast=1.0, depth=-9.0, flipHoriz=False, flipVert=False, font='Arial', fontFiles=[], height=0.1, italic=False, languageStyle='LTR', name='number_2', opacity=1.0, ori=0, pos=array([-0.2,  0.3]), rgb=array([0., 0., 0.]), text='2', units='height', win=Window(...), wrapWidth=1)
5.5261 	EXP 	Created number_3 = TextStim(__class__=<class 'psychopy.visual.text.TextStim'>, alignHoriz=method-wrapper(...), alignText='center', alignVert=method-wrapper(...), anchorHoriz='center', anchorVert='center', antialias=True, autoLog=True, bold=False, color='black', colorSpace='named', contrast=1.0, depth=-10.0, flipHoriz=False, flipVert=False, font='Arial', fontFiles=[], height=0.1, italic=False, languageStyle='LTR', name='number_3', opacity=1.0, ori=0, pos=array([0.2, 0.3]), rgb=array([0., 0., 0.]), text='3', units='height', win=Window(...), wrapWidth=1)
5.5275 	EXP 	Created number_4 = TextStim(__class__=<class 'psychopy.visual.text.TextStim'>, alignHoriz=method-wrapper(...), alignText='center', alignVert=method-wrapper(...), anchorHoriz='center', anchorVert='center', antialias=True, autoLog=True, bold=False, color='black', colorSpace='named', contrast=1.0, depth=-11.0, flipHoriz=False, flipVert=False, font='Arial', fontFiles=[], height=0.1, italic=False, languageStyle='LTR', name='number_4', opacity=1.0, ori=0, pos=array([0.6, 0.3]), rgb=array([0., 0., 0.]), text='4', units='height', win=Window(...), wrapWidth=1)
5.5292 	EXP 	Created character_2 = ImageStim(__class__=<class 'psychopy.visual.image.ImageStim'>, autoLog=True, color=array([1., 1., 1.]), colorSpace='rgb', contrast=1.0, depth=-1.0, flipHoriz=False, flipVert=False, image='sin', interpolate=True, mask=None, maskParams=None, name='character_2', opacity=1.0, ori=0.0, pos=array([0., 0.]), size=array([0.3, 0.3]), texRes=128, units='height', win=Window(...))
5.5308 	EXP 	Created feedb_probe1 = ImageStim(__class__=<class 'psychopy.visual.image.ImageStim'>, autoLog=True, color=array([1., 1., 1.]), colorSpace='rgb', contrast=1.0, depth=-2.0, flipHoriz=False, flipVert=False, image='sin', interpolate=True, mask=None, maskParams=None, name='feedb_probe1', opacity=1.0, ori=0.0, pos=array([-0.6,  0. ]), size=array([0.3, 0.3]), texRes=128, units='height', win=Window(...))
5.5324 	EXP 	Created feedb_probe2 = ImageStim(__class__=<class 'psychopy.visual.image.ImageStim'>, autoLog=True, color=array([1., 1., 1.]), colorSpace='rgb', contrast=1.0, depth=-3.0, flipHoriz=False, flipVert=False, image='sin', interpolate=True, mask=None, maskParams=None, name='feedb_probe2', opacity=1.0, ori=0.0, pos=array([-0.2,  0. ]), size=array([0.3, 0.3]), texRes=128, units='height', win=Window(...))
5.5340 	EXP 	Created feedb_probe3 = ImageStim(__class__=<class 'psychopy.visual.image.ImageStim'>, autoLog=True, color=array([1., 1., 1.]), colorSpace='rgb', contrast=1.0, depth=-4.0, flipHoriz=False, flipVert=False, image='sin', interpolate=True, mask=None, maskParams=None, name='feedb_probe3', opacity=1.0, ori=0.0, pos=array([0.2, 0. ]), size=array([0.3, 0.3]), texRes=128, units='height', win=Window(...))
5.5355 	EXP 	Created feedb_probe4 = ImageStim(__class__=<class 'psychopy.visual.image.ImageStim'>, autoLog=True, color=array([1., 1., 1.]), colorSpace='rgb', contrast=1.0, depth=-5.0, flipHoriz=False, flipVert=False, image='sin', interpolate=True, mask=None, maskParams=None, name='feedb_probe4', opacity=1.0, ori=0.0, pos=array([0.6, 0. ]), size=array([0.3, 0.3]), texRes=128, units='height', win=Window(...))
5.5382 	EXP 	Created task_feedb = TextStim(__class__=<class 'psychopy.visual.text.TextStim'>, alignHoriz=method-wrapper(...), alignText='center', alignVert=method-wrapper(...), anchorHoriz='center', anchorVert='center', antialias=True, autoLog=True, bold=False, color='white', colorSpace='named', contrast=1.0, depth=0.0, flipHoriz=False, flipVert=False, font='Arial', fontFiles=[], height=0.2, italic=False, languageStyle='LTR', name='task_feedb', opacity=1.0, ori=0, pos=array([0. , 0.3]), rgb=array([255., 255., 255.]), text='', units='height', win=Window(...), wrapWidth=1)
5.5398 	EXP 	Created feedbImage = ImageStim(__class__=<class 'psychopy.visual.image.ImageStim'>, autoLog=True, color=array([1., 1., 1.]), colorSpace='rgb', contrast=1.0, depth=-1.0, flipHoriz=False, flipVert=False, image='sin', interpolate=True, mask=None, maskParams=None, name='feedbImage', opacity=1.0, ori=0.0, pos=array([ 0. , -0.1]), size=array([0.5, 0.5]), texRes=128, units='height', win=Window(...))
5.5407 	EXP 	Created iti = ImageStim(__class__=<class 'psychopy.visual.image.ImageStim'>, autoLog=True, color=array([1., 1., 1.]), colorSpace='rgb', contrast=1.0, depth=-2.0, flipHoriz=False, flipVert=False, image=None, interpolate=True, mask=None, maskParams=None, name='iti', opacity=1.0, ori=0.0, pos=array([0.1, 0. ]), size=array([0.5, 0.5]), texRes=128, units='height', win=Window(...))
5.5410 	EXP 	Created pract_message = TextStim(__class__=<class 'psychopy.visual.text.TextStim'>, alignHoriz=method-wrapper(...), alignText='center', alignVert=method-wrapper(...), anchorHoriz='center', anchorVert='center', antialias=True, autoLog=True, bold=False, color='black', colorSpace='named', contrast=1.0, depth=0.0, flipHoriz=False, flipVert=False, font='Arial', fontFiles=[], height=0.05, italic=False, languageStyle='LTR', name='pract_message', opacity=1.0, ori=0, pos=array([0., 0.]), rgb=array([0., 0., 0.]), text='', units='height', win=Window(...), wrapWidth=1.5)
5.5519 	EXP 	Instruction: autoDraw = True
6.0226 	DATA 	Keypress: space
6.0232 	EXP 	Created sequence: sequential, trialTypes=1, nReps=99, seed=None
6.0238 	EXP 	New trial (rep=0, index=0): None
6.0351 	EXP 	Imported practlist.csv as conditions, 80 conditions, 9 params
6.0357 	EXP 	Created sequence: sequential, trialTypes=80, nReps=1, seed=None
6.0360 	EXP 	New trial (rep=0, index=0): OrderedDict([('char', 'stimuli/m_red.jpg'), ('left_categ', 'stimuli/Gamestoy & entertainment.png'), ('centleft_categ', 'stimuli/Clothing.png'), ('centright_categ', 'stimuli/Food.png'), ('right_categ', 'stimuli/Vehicle.png'), ('trial_cond', 1), ('corr_ans', 'Food'), ('corr_ans_num', 3), ('image', 'stimuli/objects/chocolatecroissant.jpg')])
6.0769 	EXP 	Instruction: autoDraw = False
6.0769 	EXP 	character: image = 'stimuli/m_red.jpg'
6.0769 	EXP 	task_probe1: image = 'stimuli/Gamestoy & entertainment.png'
6.0769 	EXP 	task_probe2: image = 'stimuli/Clothing.png'
6.0769 	EXP 	task_probe3: image = 'stimuli/Food.png'
6.0769 	EXP 	task_probe4: image = 'stimuli/Vehicle.png'
6.0769 	EXP 	FixationCross: autoDraw = True
6.3074 	EXP 	character: autoDraw = True
6.3407 	EXP 	FixationCross: autoDraw = False
6.8083 	EXP 	interval: autoDraw = True
7.0572 	EXP 	character: autoDraw = False
7.3084 	EXP 	task_probe1: autoDraw = True
7.3084 	EXP 	task_probe2: autoDraw = True
7.3084 	EXP 	task_probe3: autoDraw = True
7.3084 	EXP 	task_probe4: autoDraw = True
7.3084 	EXP 	number_1: autoDraw = True
7.3084 	EXP 	number_2: autoDraw = True
7.3084 	EXP 	number_3: autoDraw = True
7.3084 	EXP 	number_4: autoDraw = True
8.0597 	EXP 	interval: autoDraw = False
8.0599 	DATA 	Keypress: 1
8.1010 	EXP 	FixationCross: autoDraw = False
8.1010 	EXP 	character: autoDraw = False
8.1010 	EXP 	interval: autoDraw = False
8.1010 	EXP 	task_probe1: autoDraw = False
8.1010 	EXP 	task_probe2: autoDraw = False
8.1010 	EXP 	task_probe3: autoDraw = False
8.1010 	EXP 	task_probe4: autoDraw = False
8.1010 	EXP 	number_1: autoDraw = False
8.1010 	EXP 	number_2: autoDraw = False
8.1010 	EXP 	number_3: autoDraw = False
8.1010 	EXP 	number_4: autoDraw = False
8.1010 	EXP 	character_2: pos = array([-0.6, -0.3])
8.1010 	EXP 	character_2: image = 'stimuli/m_red.jpg'
8.1010 	EXP 	feedb_probe1: image = 'stimuli/Gamestoy & entertainment.png'
8.1010 	EXP 	feedb_probe2: image = 'stimuli/Clothing.png'
8.1010 	EXP 	feedb_probe3: image = 'stimuli/Food.png'
8.1010 	EXP 	feedb_probe4: image = 'stimuli/Vehicle.png'
8.1010 	EXP 	feedb_probe1: autoDraw = True
8.1010 	EXP 	feedb_probe2: autoDraw = True
8.1010 	EXP 	feedb_probe3: autoDraw = True
8.1010 	EXP 	feedb_probe4: autoDraw = True
8.3277 	EXP 	character_2: autoDraw = True
9.0783 	EXP 	character_2: autoDraw = False
9.2310 	EXP 	feedb_probe1: autoDraw = False
9.2310 	EXP 	feedb_probe2: autoDraw = False
9.2310 	EXP 	feedb_probe3: autoDraw = False
9.2310 	EXP 	feedb_probe4: autoDraw = False
9.2310 	EXP 	character_2: autoDraw = False
9.2310 	EXP 	feedb_probe1: autoDraw = False
9.2310 	EXP 	feedb_probe2: autoDraw = False
9.2310 	EXP 	feedb_probe3: autoDraw = False
9.2310 	EXP 	feedb_probe4: autoDraw = False
9.2310 	EXP 	task_feedb: text = 'incorrect'
9.2310 	EXP 	feedbImage: image = 'stimuli/objects/chocolatecroissant.jpg'
9.2310 	EXP 	task_feedb: autoDraw = True
9.2310 	EXP 	feedbImage: autoDraw = True
9.7291 	EXP 	task_feedb: autoDraw = False
9.7291 	EXP 	feedbImage: autoDraw = False
11.1985 	EXP 	iti: autoDraw = True
11.4333 	EXP 	New trial (rep=0, index=1): OrderedDict([('char', 'stimuli/m_blue.jpg'), ('left_categ', 'stimuli/Food.png'), ('centleft_categ', 'stimuli/Gamestoy & entertainment.png'), ('centright_categ', 'stimuli/Clothing.png'), ('right_categ', 'stimuli/Vehicle.png'), ('trial_cond', 0), ('corr_ans', 'Clothing'), ('corr_ans_num', 3), ('image', 'stimuli/objects/beret01.jpg')])
11.4798 	EXP 	iti: autoDraw = False
11.4798 	EXP 	task_feedb: autoDraw = False
11.4798 	EXP 	feedbImage: autoDraw = False
11.4798 	EXP 	iti: autoDraw = False
11.4798 	EXP 	character: image = 'stimuli/m_blue.jpg'
11.4798 	EXP 	task_probe1: image = 'stimuli/Food.png'
11.4798 	EXP 	task_probe2: image = 'stimuli/Gamestoy & entertainment.png'
11.4798 	EXP 	task_probe3: image = 'stimuli/Clothing.png'
11.4798 	EXP 	task_probe4: image = 'stimuli/Vehicle.png'
11.4798 	EXP 	FixationCross: autoDraw = True
11.7179 	EXP 	character: autoDraw = True
11.7346 	EXP 	FixationCross: autoDraw = False
12.2022 	EXP 	interval: autoDraw = True
12.4677 	EXP 	character: autoDraw = False
12.7205 	EXP 	task_probe1: autoDraw = True
12.7205 	EXP 	task_probe2: autoDraw = True
12.7205 	EXP 	task_probe3: autoDraw = True
12.7205 	EXP 	task_probe4: autoDraw = True
12.7205 	EXP 	number_1: autoDraw = True
12.7205 	EXP 	number_2: autoDraw = True
12.7205 	EXP 	number_3: autoDraw = True
12.7205 	EXP 	number_4: autoDraw = True
13.4535 	EXP 	interval: autoDraw = False
14.7563 	DATA 	Keypress: 1
14.7971 	EXP 	FixationCross: autoDraw = False
14.7971 	EXP 	character: autoDraw = False
14.7971 	EXP 	interval: autoDraw = False
14.7971 	EXP 	task_probe1: autoDraw = False
14.7971 	EXP 	task_probe2: autoDraw = False
14.7971 	EXP 	task_probe3: autoDraw = False
14.7971 	EXP 	task_probe4: autoDraw = False
14.7971 	EXP 	number_1: autoDraw = False
14.7971 	EXP 	number_2: autoDraw = False
14.7971 	EXP 	number_3: autoDraw = False
14.7971 	EXP 	number_4: autoDraw = False
14.7971 	EXP 	character_2: pos = array([-0.6, -0.3])
14.7971 	EXP 	character_2: image = 'stimuli/m_blue.jpg'
14.7971 	EXP 	feedb_probe1: image = 'stimuli/Food.png'
14.7971 	EXP 	feedb_probe2: image = 'stimuli/Gamestoy & entertainment.png'
14.7971 	EXP 	feedb_probe3: image = 'stimuli/Clothing.png'
14.7971 	EXP 	feedb_probe4: image = 'stimuli/Vehicle.png'
14.7971 	EXP 	feedb_probe1: autoDraw = True
14.7971 	EXP 	feedb_probe2: autoDraw = True
14.7971 	EXP 	feedb_probe3: autoDraw = True
14.7971 	EXP 	feedb_probe4: autoDraw = True
15.0241 	EXP 	character_2: autoDraw = True
15.7746 	EXP 	character_2: autoDraw = False
15.8938 	EXP 	feedb_probe1: autoDraw = False
15.8938 	EXP 	feedb_probe2: autoDraw = False
15.8938 	EXP 	feedb_probe3: autoDraw = False
15.8938 	EXP 	feedb_probe4: autoDraw = False
15.8938 	EXP 	character_2: autoDraw = False
15.8938 	EXP 	feedb_probe1: autoDraw = False
15.8938 	EXP 	feedb_probe2: autoDraw = False
15.8938 	EXP 	feedb_probe3: autoDraw = False
15.8938 	EXP 	feedb_probe4: autoDraw = False
15.8938 	EXP 	task_feedb: text = 'incorrect'
15.8938 	EXP 	feedbImage: image = 'stimuli/objects/beret01.jpg'
15.8938 	EXP 	task_feedb: autoDraw = True
15.8938 	EXP 	feedbImage: autoDraw = True
16.3919 	EXP 	task_feedb: autoDraw = False
16.3919 	EXP 	feedbImage: autoDraw = False
17.8614 	EXP 	iti: autoDraw = True
18.0959 	EXP 	New trial (rep=0, index=2): OrderedDict([('char', 'stimuli/m_blue.jpg'), ('left_categ', 'stimuli/Food.png'), ('centleft_categ', 'stimuli/Gamestoy & entertainment.png'), ('centright_categ', 'stimuli/Clothing.png'), ('right_categ', 'stimuli/Vehicle.png'), ('trial_cond', 1), ('corr_ans', 'Gamestoy & entertainment'), ('corr_ans_num', 2), ('image', 'stimuli/objects/interlockingbuildingblock03b.jpg')])
18.1419 	EXP 	iti: autoDraw = False
18.1419 	EXP 	task_feedb: autoDraw = False
18.1419 	EXP 	feedbImage: autoDraw = False
18.1419 	EXP 	iti: autoDraw = False
18.1419 	EXP 	character: image = 'stimuli/m_blue.jpg'
18.1419 	EXP 	task_probe1: image = 'stimuli/Food.png'
18.1419 	EXP 	task_probe2: image = 'stimuli/Gamestoy & entertainment.png'
18.1419 	EXP 	task_probe3: image = 'stimuli/Clothing.png'
18.1419 	EXP 	task_probe4: image = 'stimuli/Vehicle.png'
18.1419 	EXP 	FixationCross: autoDraw = True
18.3808 	EXP 	character: autoDraw = True
18.3977 	EXP 	FixationCross: autoDraw = False
18.6332 	DATA 	Keypress: escape
18.6411 	EXP 	window1: mouseVisible = True
