0.4618 	WARNING 	We strongly recommend you activate the PTB sound engine in PsychoPy prefs as the preferred audio engine. Its timing is vastly superior. Your prefs are currently set to use ['sounddevice', 'PTB', 'pyo', 'pygame'] (in that order).
1.0624 	WARNING 	Import Error: No module named 'psychtoolbox'. Using event module for keyboard component.
2.3119 	WARNING 	User requested fullscreen with size [1024  768], but screen is actually [1680, 1050]. Using actual size
2.9507 	EXP 	Created window1 = Window(allowGUI=False, allowStencil=False, args=UNKNOWN, autoLog=True, bitsMode=UNKNOWN, blendMode='avg', bpc=(8, 8, 8), color=array([0., 0., 0.]), colorSpace='rgb', depthBits=8, fullscr=<method-wrapper '__getattribute__' of attributeSetter object at 0x7fb529601bb0>, gamma=None, gammaErrorPolicy='raise', kwargs=UNKNOWN, lms=UNKNOWN, monitor=<psychopy.monitors.calibTools.Monitor object at 0x7fb5295c95b0>, multiSample=False, name='window1', numSamples=2, pos=[0.0, 0.0], screen=0, size=array([1680, 1050]), stencilBits=0, stereo=False, units='height', useFBO=True, useRetina=False, viewOri=0.0, viewPos=None, viewScale=None, waitBlanking=True, winType='pyglet')
2.9507 	EXP 	window1: recordFrameIntervals = False
3.1172 	EXP 	window1: recordFrameIntervals = True
3.3012 	EXP 	window1: recordFrameIntervals = False
3.3684 	EXP 	Created Instruction = TextStim(__class__=<class 'psychopy.visual.text.TextStim'>, alignHoriz=method-wrapper(...), alignText='center', alignVert=method-wrapper(...), anchorHoriz='center', anchorVert='center', antialias=True, autoLog=True, bold=False, color='black', colorSpace='named', contrast=1.0, depth=0.0, flipHoriz=False, flipVert=False, font='Arial', fontFiles=[], height=0.05, italic=False, languageStyle='LTR', name='Instruction', opacity=1.0, ori=0, pos=array([0., 0.]), rgb=array([0., 0., 0.]), text=str(...), units='height', win=Window(...), wrapWidth=1.5)
3.3763 	EXP 	Created FixationCross = TextStim(__class__=<class 'psychopy.visual.text.TextStim'>, alignHoriz=method-wrapper(...), alignText='center', alignVert=method-wrapper(...), anchorHoriz='center', anchorVert='center', antialias=True, autoLog=True, bold=False, color='white', colorSpace='named', contrast=1.0, depth=0.0, flipHoriz=False, flipVert=False, font='Arial', fontFiles=[], height=0.1, italic=False, languageStyle='LTR', name='FixationCross', opacity=1.0, ori=0, pos=array([0., 0.]), rgb=array([255., 255., 255.]), text='+', units='height', win=Window(...), wrapWidth=1)
3.3786 	EXP 	Created character = ImageStim(__class__=<class 'psychopy.visual.image.ImageStim'>, autoLog=True, color=array([1., 1., 1.]), colorSpace='rgb', contrast=1.0, depth=-1.0, flipHoriz=False, flipVert=False, image='sin', interpolate=True, mask=None, maskParams=None, name='character', opacity=1.0, ori=0.0, pos=array([ 0. , -0.2]), size=array([0.5, 0.5]), texRes=128, units='height', win=Window(...))
3.3795 	EXP 	Created interval = ImageStim(__class__=<class 'psychopy.visual.image.ImageStim'>, autoLog=True, color=array([1., 1., 1.]), colorSpace='rgb', contrast=1.0, depth=-2.0, flipHoriz=False, flipVert=False, image=None, interpolate=True, mask=None, maskParams=None, name='interval', opacity=1.0, ori=0.0, pos=array([0., 0.]), size=array([0.5, 0.5]), texRes=128, units='height', win=Window(...))
3.3812 	EXP 	Created task_probe1 = ImageStim(__class__=<class 'psychopy.visual.image.ImageStim'>, autoLog=True, color=array([1., 1., 1.]), colorSpace='rgb', contrast=1.0, depth=-3.0, flipHoriz=False, flipVert=False, image='sin', interpolate=True, mask=None, maskParams=None, name='task_probe1', opacity=1.0, ori=0.0, pos=array([-0.6,  0. ]), size=array([0.3, 0.3]), texRes=128, units='height', win=Window(...))
3.3828 	EXP 	Created task_probe2 = ImageStim(__class__=<class 'psychopy.visual.image.ImageStim'>, autoLog=True, color=array([1., 1., 1.]), colorSpace='rgb', contrast=1.0, depth=-4.0, flipHoriz=False, flipVert=False, image='sin', interpolate=True, mask=None, maskParams=None, name='task_probe2', opacity=1.0, ori=0.0, pos=array([-0.2,  0. ]), size=array([0.3, 0.3]), texRes=128, units='height', win=Window(...))
3.3844 	EXP 	Created task_probe3 = ImageStim(__class__=<class 'psychopy.visual.image.ImageStim'>, autoLog=True, color=array([1., 1., 1.]), colorSpace='rgb', contrast=1.0, depth=-5.0, flipHoriz=False, flipVert=False, image='sin', interpolate=True, mask=None, maskParams=None, name='task_probe3', opacity=1.0, ori=0.0, pos=array([0.2, 0. ]), size=array([0.3, 0.3]), texRes=128, units='height', win=Window(...))
3.3861 	EXP 	Created task_probe4 = ImageStim(__class__=<class 'psychopy.visual.image.ImageStim'>, autoLog=True, color=array([1., 1., 1.]), colorSpace='rgb', contrast=1.0, depth=-6.0, flipHoriz=False, flipVert=False, image='sin', interpolate=True, mask=None, maskParams=None, name='task_probe4', opacity=1.0, ori=0.0, pos=array([0.6, 0. ]), size=array([0.3, 0.3]), texRes=128, units='height', win=Window(...))
3.3877 	EXP 	Created number_1 = TextStim(__class__=<class 'psychopy.visual.text.TextStim'>, alignHoriz=method-wrapper(...), alignText='center', alignVert=method-wrapper(...), anchorHoriz='center', anchorVert='center', antialias=True, autoLog=True, bold=False, color='black', colorSpace='named', contrast=1.0, depth=-8.0, flipHoriz=False, flipVert=False, font='Arial', fontFiles=[], height=0.1, italic=False, languageStyle='LTR', name='number_1', opacity=1.0, ori=0, pos=array([-0.6,  0.3]), rgb=array([0., 0., 0.]), text='1', units='height', win=Window(...), wrapWidth=1)
3.3899 	EXP 	Created number_2 = TextStim(__class__=<class 'psychopy.visual.text.TextStim'>, alignHoriz=method-wrapper(...), alignText='center', alignVert=method-wrapper(...), anchorHoriz='center', anchorVert='center', antialias=True, autoLog=True, bold=False, color='black', colorSpace='named', contrast=1.0, depth=-9.0, flipHoriz=False, flipVert=False, font='Arial', fontFiles=[], height=0.1, italic=False, languageStyle='LTR', name='number_2', opacity=1.0, ori=0, pos=array([-0.2,  0.3]), rgb=array([0., 0., 0.]), text='2', units='height', win=Window(...), wrapWidth=1)
3.3914 	EXP 	Created number_3 = TextStim(__class__=<class 'psychopy.visual.text.TextStim'>, alignHoriz=method-wrapper(...), alignText='center', alignVert=method-wrapper(...), anchorHoriz='center', anchorVert='center', antialias=True, autoLog=True, bold=False, color='black', colorSpace='named', contrast=1.0, depth=-10.0, flipHoriz=False, flipVert=False, font='Arial', fontFiles=[], height=0.1, italic=False, languageStyle='LTR', name='number_3', opacity=1.0, ori=0, pos=array([0.2, 0.3]), rgb=array([0., 0., 0.]), text='3', units='height', win=Window(...), wrapWidth=1)
3.3929 	EXP 	Created number_4 = TextStim(__class__=<class 'psychopy.visual.text.TextStim'>, alignHoriz=method-wrapper(...), alignText='center', alignVert=method-wrapper(...), anchorHoriz='center', anchorVert='center', antialias=True, autoLog=True, bold=False, color='black', colorSpace='named', contrast=1.0, depth=-11.0, flipHoriz=False, flipVert=False, font='Arial', fontFiles=[], height=0.1, italic=False, languageStyle='LTR', name='number_4', opacity=1.0, ori=0, pos=array([0.6, 0.3]), rgb=array([0., 0., 0.]), text='4', units='height', win=Window(...), wrapWidth=1)
3.3946 	EXP 	Created character_2 = ImageStim(__class__=<class 'psychopy.visual.image.ImageStim'>, autoLog=True, color=array([1., 1., 1.]), colorSpace='rgb', contrast=1.0, depth=-1.0, flipHoriz=False, flipVert=False, image='sin', interpolate=True, mask=None, maskParams=None, name='character_2', opacity=1.0, ori=0.0, pos=array([0., 0.]), size=array([0.3, 0.3]), texRes=128, units='height', win=Window(...))
3.3962 	EXP 	Created feedb_probe1 = ImageStim(__class__=<class 'psychopy.visual.image.ImageStim'>, autoLog=True, color=array([1., 1., 1.]), colorSpace='rgb', contrast=1.0, depth=-2.0, flipHoriz=False, flipVert=False, image='sin', interpolate=True, mask=None, maskParams=None, name='feedb_probe1', opacity=1.0, ori=0.0, pos=array([-0.6,  0. ]), size=array([0.3, 0.3]), texRes=128, units='height', win=Window(...))
3.3978 	EXP 	Created feedb_probe2 = ImageStim(__class__=<class 'psychopy.visual.image.ImageStim'>, autoLog=True, color=array([1., 1., 1.]), colorSpace='rgb', contrast=1.0, depth=-3.0, flipHoriz=False, flipVert=False, image='sin', interpolate=True, mask=None, maskParams=None, name='feedb_probe2', opacity=1.0, ori=0.0, pos=array([-0.2,  0. ]), size=array([0.3, 0.3]), texRes=128, units='height', win=Window(...))
3.3994 	EXP 	Created feedb_probe3 = ImageStim(__class__=<class 'psychopy.visual.image.ImageStim'>, autoLog=True, color=array([1., 1., 1.]), colorSpace='rgb', contrast=1.0, depth=-4.0, flipHoriz=False, flipVert=False, image='sin', interpolate=True, mask=None, maskParams=None, name='feedb_probe3', opacity=1.0, ori=0.0, pos=array([0.2, 0. ]), size=array([0.3, 0.3]), texRes=128, units='height', win=Window(...))
3.4010 	EXP 	Created feedb_probe4 = ImageStim(__class__=<class 'psychopy.visual.image.ImageStim'>, autoLog=True, color=array([1., 1., 1.]), colorSpace='rgb', contrast=1.0, depth=-5.0, flipHoriz=False, flipVert=False, image='sin', interpolate=True, mask=None, maskParams=None, name='feedb_probe4', opacity=1.0, ori=0.0, pos=array([0.6, 0. ]), size=array([0.3, 0.3]), texRes=128, units='height', win=Window(...))
3.4037 	EXP 	Created task_feedb = TextStim(__class__=<class 'psychopy.visual.text.TextStim'>, alignHoriz=method-wrapper(...), alignText='center', alignVert=method-wrapper(...), anchorHoriz='center', anchorVert='center', antialias=True, autoLog=True, bold=False, color='white', colorSpace='named', contrast=1.0, depth=0.0, flipHoriz=False, flipVert=False, font='Arial', fontFiles=[], height=0.2, italic=False, languageStyle='LTR', name='task_feedb', opacity=1.0, ori=0, pos=array([0. , 0.3]), rgb=array([255., 255., 255.]), text='', units='height', win=Window(...), wrapWidth=1)
3.4056 	EXP 	Created feedbImage = ImageStim(__class__=<class 'psychopy.visual.image.ImageStim'>, autoLog=True, color=array([1., 1., 1.]), colorSpace='rgb', contrast=1.0, depth=-1.0, flipHoriz=False, flipVert=False, image='sin', interpolate=True, mask=None, maskParams=None, name='feedbImage', opacity=1.0, ori=0.0, pos=array([ 0. , -0.1]), size=array([0.5, 0.5]), texRes=128, units='height', win=Window(...))
3.4066 	EXP 	Created iti = ImageStim(__class__=<class 'psychopy.visual.image.ImageStim'>, autoLog=True, color=array([1., 1., 1.]), colorSpace='rgb', contrast=1.0, depth=-2.0, flipHoriz=False, flipVert=False, image=None, interpolate=True, mask=None, maskParams=None, name='iti', opacity=1.0, ori=0.0, pos=array([0.1, 0. ]), size=array([0.5, 0.5]), texRes=128, units='height', win=Window(...))
3.4071 	EXP 	Created pract_message = TextStim(__class__=<class 'psychopy.visual.text.TextStim'>, alignHoriz=method-wrapper(...), alignText='center', alignVert=method-wrapper(...), anchorHoriz='center', anchorVert='center', antialias=True, autoLog=True, bold=False, color='black', colorSpace='named', contrast=1.0, depth=0.0, flipHoriz=False, flipVert=False, font='Arial', fontFiles=[], height=0.05, italic=False, languageStyle='LTR', name='pract_message', opacity=1.0, ori=0, pos=array([0., 0.]), rgb=array([0., 0., 0.]), text='', units='height', win=Window(...), wrapWidth=1.5)
3.4184 	EXP 	Instruction: autoDraw = True
4.0196 	DATA 	Keypress: space
4.0202 	EXP 	Created sequence: sequential, trialTypes=1, nReps=99, seed=None
4.0207 	EXP 	New trial (rep=0, index=0): None
4.0319 	EXP 	Imported practlist.csv as conditions, 80 conditions, 9 params
4.0325 	EXP 	Created sequence: sequential, trialTypes=80, nReps=1, seed=None
4.0328 	EXP 	New trial (rep=0, index=0): OrderedDict([('char', 'stimuli/m_red.jpg'), ('left_categ', 'stimuli/Gamestoy & entertainment.png'), ('centleft_categ', 'stimuli/Clothing.png'), ('centright_categ', 'stimuli/Food.png'), ('right_categ', 'stimuli/Vehicle.png'), ('trial_cond', 1), ('corr_ans', 'Food'), ('corr_ans_num', 3), ('image', 'stimuli/objects/chocolatecroissant.jpg')])
4.0730 	EXP 	Instruction: autoDraw = False
4.0730 	EXP 	character: image = 'stimuli/m_red.jpg'
4.0730 	EXP 	task_probe1: image = 'stimuli/Gamestoy & entertainment.png'
4.0730 	EXP 	task_probe2: image = 'stimuli/Clothing.png'
4.0730 	EXP 	task_probe3: image = 'stimuli/Food.png'
4.0730 	EXP 	task_probe4: image = 'stimuli/Vehicle.png'
4.0730 	EXP 	FixationCross: autoDraw = True
4.3043 	EXP 	character: autoDraw = True
4.3377 	EXP 	FixationCross: autoDraw = False
4.7885 	EXP 	interval: autoDraw = True
5.0542 	EXP 	character: autoDraw = False
5.2886 	EXP 	task_probe1: autoDraw = True
5.2886 	EXP 	task_probe2: autoDraw = True
5.2886 	EXP 	task_probe3: autoDraw = True
5.2886 	EXP 	task_probe4: autoDraw = True
5.2886 	EXP 	number_1: autoDraw = True
5.2886 	EXP 	number_2: autoDraw = True
5.2886 	EXP 	number_3: autoDraw = True
5.2886 	EXP 	number_4: autoDraw = True
5.6621 	DATA 	Keypress: 1
5.7139 	EXP 	FixationCross: autoDraw = False
5.7139 	EXP 	character: autoDraw = False
5.7139 	EXP 	interval: autoDraw = False
5.7139 	EXP 	task_probe1: autoDraw = False
5.7139 	EXP 	task_probe2: autoDraw = False
5.7139 	EXP 	task_probe3: autoDraw = False
5.7139 	EXP 	task_probe4: autoDraw = False
5.7139 	EXP 	number_1: autoDraw = False
5.7139 	EXP 	number_2: autoDraw = False
5.7139 	EXP 	number_3: autoDraw = False
5.7139 	EXP 	number_4: autoDraw = False
5.7139 	EXP 	character_2: pos = array([-0.6, -0.3])
5.7139 	EXP 	character_2: image = 'stimuli/m_red.jpg'
5.7139 	EXP 	feedb_probe1: image = 'stimuli/Gamestoy & entertainment.png'
5.7139 	EXP 	feedb_probe2: image = 'stimuli/Clothing.png'
5.7139 	EXP 	feedb_probe3: image = 'stimuli/Food.png'
5.7139 	EXP 	feedb_probe4: image = 'stimuli/Vehicle.png'
5.7139 	EXP 	feedb_probe1: autoDraw = True
5.7139 	EXP 	feedb_probe2: autoDraw = True
5.7139 	EXP 	feedb_probe3: autoDraw = True
5.7139 	EXP 	feedb_probe4: autoDraw = True
5.9406 	EXP 	character_2: autoDraw = True
6.6912 	EXP 	character_2: autoDraw = False
6.8434 	EXP 	feedb_probe1: autoDraw = False
6.8434 	EXP 	feedb_probe2: autoDraw = False
6.8434 	EXP 	feedb_probe3: autoDraw = False
6.8434 	EXP 	feedb_probe4: autoDraw = False
6.8434 	EXP 	character_2: autoDraw = False
6.8434 	EXP 	feedb_probe1: autoDraw = False
6.8434 	EXP 	feedb_probe2: autoDraw = False
6.8434 	EXP 	feedb_probe3: autoDraw = False
6.8434 	EXP 	feedb_probe4: autoDraw = False
6.8434 	EXP 	task_feedb: text = 'incorrect'
6.8434 	EXP 	feedbImage: image = 'stimuli/objects/chocolatecroissant.jpg'
6.8434 	EXP 	task_feedb: autoDraw = True
6.8434 	EXP 	feedbImage: autoDraw = True
7.3419 	EXP 	task_feedb: autoDraw = False
7.3419 	EXP 	feedbImage: autoDraw = False
8.8114 	EXP 	iti: autoDraw = True
9.0461 	EXP 	New trial (rep=0, index=1): OrderedDict([('char', 'stimuli/m_blue.jpg'), ('left_categ', 'stimuli/Food.png'), ('centleft_categ', 'stimuli/Gamestoy & entertainment.png'), ('centright_categ', 'stimuli/Clothing.png'), ('right_categ', 'stimuli/Vehicle.png'), ('trial_cond', 0), ('corr_ans', 'Clothing'), ('corr_ans_num', 3), ('image', 'stimuli/objects/beret01.jpg')])
9.0930 	EXP 	iti: autoDraw = False
9.0930 	EXP 	task_feedb: autoDraw = False
9.0930 	EXP 	feedbImage: autoDraw = False
9.0930 	EXP 	iti: autoDraw = False
9.0930 	EXP 	character: image = 'stimuli/m_blue.jpg'
9.0930 	EXP 	task_probe1: image = 'stimuli/Food.png'
9.0930 	EXP 	task_probe2: image = 'stimuli/Gamestoy & entertainment.png'
9.0930 	EXP 	task_probe3: image = 'stimuli/Clothing.png'
9.0930 	EXP 	task_probe4: image = 'stimuli/Vehicle.png'
9.0930 	EXP 	FixationCross: autoDraw = True
9.3308 	EXP 	character: autoDraw = True
9.3475 	EXP 	FixationCross: autoDraw = False
9.8152 	EXP 	interval: autoDraw = True
10.0806 	EXP 	character: autoDraw = False
10.3336 	EXP 	task_probe1: autoDraw = True
10.3336 	EXP 	task_probe2: autoDraw = True
10.3336 	EXP 	task_probe3: autoDraw = True
10.3336 	EXP 	task_probe4: autoDraw = True
10.3336 	EXP 	number_1: autoDraw = True
10.3336 	EXP 	number_2: autoDraw = True
10.3336 	EXP 	number_3: autoDraw = True
10.3336 	EXP 	number_4: autoDraw = True
11.0665 	EXP 	interval: autoDraw = False
11.2170 	DATA 	Keypress: 2
11.2594 	EXP 	FixationCross: autoDraw = False
11.2594 	EXP 	character: autoDraw = False
11.2594 	EXP 	interval: autoDraw = False
11.2594 	EXP 	task_probe1: autoDraw = False
11.2594 	EXP 	task_probe2: autoDraw = False
11.2594 	EXP 	task_probe3: autoDraw = False
11.2594 	EXP 	task_probe4: autoDraw = False
11.2594 	EXP 	number_1: autoDraw = False
11.2594 	EXP 	number_2: autoDraw = False
11.2594 	EXP 	number_3: autoDraw = False
11.2594 	EXP 	number_4: autoDraw = False
11.2594 	EXP 	character_2: pos = array([-0.2, -0.3])
11.2594 	EXP 	character_2: image = 'stimuli/m_blue.jpg'
11.2594 	EXP 	feedb_probe1: image = 'stimuli/Food.png'
11.2594 	EXP 	feedb_probe2: image = 'stimuli/Gamestoy & entertainment.png'
11.2594 	EXP 	feedb_probe3: image = 'stimuli/Clothing.png'
11.2594 	EXP 	feedb_probe4: image = 'stimuli/Vehicle.png'
11.2594 	EXP 	feedb_probe1: autoDraw = True
11.2594 	EXP 	feedb_probe2: autoDraw = True
11.2594 	EXP 	feedb_probe3: autoDraw = True
11.2594 	EXP 	feedb_probe4: autoDraw = True
11.4849 	EXP 	character_2: autoDraw = True
12.2353 	EXP 	character_2: autoDraw = False
12.3557 	EXP 	feedb_probe1: autoDraw = False
12.3557 	EXP 	feedb_probe2: autoDraw = False
12.3557 	EXP 	feedb_probe3: autoDraw = False
12.3557 	EXP 	feedb_probe4: autoDraw = False
12.3557 	EXP 	character_2: autoDraw = False
12.3557 	EXP 	feedb_probe1: autoDraw = False
12.3557 	EXP 	feedb_probe2: autoDraw = False
12.3557 	EXP 	feedb_probe3: autoDraw = False
12.3557 	EXP 	feedb_probe4: autoDraw = False
12.3557 	EXP 	task_feedb: text = 'incorrect'
12.3557 	EXP 	feedbImage: image = 'stimuli/objects/beret01.jpg'
12.3557 	EXP 	task_feedb: autoDraw = True
12.3557 	EXP 	feedbImage: autoDraw = True
12.8527 	EXP 	task_feedb: autoDraw = False
12.8527 	EXP 	feedbImage: autoDraw = False
14.3055 	EXP 	iti: autoDraw = True
14.5399 	EXP 	New trial (rep=0, index=2): OrderedDict([('char', 'stimuli/m_blue.jpg'), ('left_categ', 'stimuli/Food.png'), ('centleft_categ', 'stimuli/Gamestoy & entertainment.png'), ('centright_categ', 'stimuli/Clothing.png'), ('right_categ', 'stimuli/Vehicle.png'), ('trial_cond', 1), ('corr_ans', 'Gamestoy & entertainment'), ('corr_ans_num', 2), ('image', 'stimuli/objects/interlockingbuildingblock03b.jpg')])
14.5875 	EXP 	iti: autoDraw = False
14.5875 	EXP 	task_feedb: autoDraw = False
14.5875 	EXP 	feedbImage: autoDraw = False
14.5875 	EXP 	iti: autoDraw = False
14.5875 	EXP 	character: image = 'stimuli/m_blue.jpg'
14.5875 	EXP 	task_probe1: image = 'stimuli/Food.png'
14.5875 	EXP 	task_probe2: image = 'stimuli/Gamestoy & entertainment.png'
14.5875 	EXP 	task_probe3: image = 'stimuli/Clothing.png'
14.5875 	EXP 	task_probe4: image = 'stimuli/Vehicle.png'
14.5875 	EXP 	FixationCross: autoDraw = True
14.8255 	EXP 	character: autoDraw = True
14.8433 	EXP 	FixationCross: autoDraw = False
15.3258 	EXP 	interval: autoDraw = True
15.5766 	EXP 	character: autoDraw = False
15.8257 	EXP 	task_probe1: autoDraw = True
15.8257 	EXP 	task_probe2: autoDraw = True
15.8257 	EXP 	task_probe3: autoDraw = True
15.8257 	EXP 	task_probe4: autoDraw = True
15.8257 	EXP 	number_1: autoDraw = True
15.8257 	EXP 	number_2: autoDraw = True
15.8257 	EXP 	number_3: autoDraw = True
15.8257 	EXP 	number_4: autoDraw = True
16.1599 	DATA 	Keypress: 3
16.2011 	EXP 	FixationCross: autoDraw = False
16.2011 	EXP 	character: autoDraw = False
16.2011 	EXP 	interval: autoDraw = False
16.2011 	EXP 	task_probe1: autoDraw = False
16.2011 	EXP 	task_probe2: autoDraw = False
16.2011 	EXP 	task_probe3: autoDraw = False
16.2011 	EXP 	task_probe4: autoDraw = False
16.2011 	EXP 	number_1: autoDraw = False
16.2011 	EXP 	number_2: autoDraw = False
16.2011 	EXP 	number_3: autoDraw = False
16.2011 	EXP 	number_4: autoDraw = False
16.2011 	EXP 	character_2: pos = array([ 0.2, -0.3])
16.2011 	EXP 	character_2: image = 'stimuli/m_blue.jpg'
16.2011 	EXP 	feedb_probe1: image = 'stimuli/Food.png'
16.2011 	EXP 	feedb_probe2: image = 'stimuli/Gamestoy & entertainment.png'
16.2011 	EXP 	feedb_probe3: image = 'stimuli/Clothing.png'
16.2011 	EXP 	feedb_probe4: image = 'stimuli/Vehicle.png'
16.2011 	EXP 	feedb_probe1: autoDraw = True
16.2011 	EXP 	feedb_probe2: autoDraw = True
16.2011 	EXP 	feedb_probe3: autoDraw = True
16.2011 	EXP 	feedb_probe4: autoDraw = True
16.4278 	EXP 	character_2: autoDraw = True
17.0458 	DATA 	Keypress: escape
17.0544 	EXP 	window1: mouseVisible = True
