0.4714 	WARNING 	We strongly recommend you activate the PTB sound engine in PsychoPy prefs as the preferred audio engine. Its timing is vastly superior. Your prefs are currently set to use ['sounddevice', 'PTB', 'pyo', 'pygame'] (in that order).
1.0777 	WARNING 	Import Error: No module named 'psychtoolbox'. Using event module for keyboard component.
2.8440 	WARNING 	User requested fullscreen with size [1024  768], but screen is actually [1680, 1050]. Using actual size
3.4384 	EXP 	Created window1 = Window(allowGUI=False, allowStencil=False, args=UNKNOWN, autoLog=True, bitsMode=UNKNOWN, blendMode='avg', bpc=(8, 8, 8), color=array([0., 0., 0.]), colorSpace='rgb', depthBits=8, fullscr=<method-wrapper '__getattribute__' of attributeSetter object at 0x7f728bb1aa00>, gamma=None, gammaErrorPolicy='raise', kwargs=UNKNOWN, lms=UNKNOWN, monitor=<psychopy.monitors.calibTools.Monitor object at 0x7f728bae2460>, multiSample=False, name='window1', numSamples=2, pos=[0.0, 0.0], screen=0, size=array([1680, 1050]), stencilBits=0, stereo=False, units='height', useFBO=True, useRetina=False, viewOri=0.0, viewPos=None, viewScale=None, waitBlanking=True, winType='pyglet')
3.4384 	EXP 	window1: recordFrameIntervals = False
3.6047 	EXP 	window1: recordFrameIntervals = True
3.7903 	EXP 	window1: recordFrameIntervals = False
3.8876 	EXP 	Created FixationCross = TextStim(__class__=<class 'psychopy.visual.text.TextStim'>, alignHoriz=method-wrapper(...), alignText='center', alignVert=method-wrapper(...), anchorHoriz='center', anchorVert='center', antialias=True, autoLog=True, bold=False, color='white', colorSpace='named', contrast=1.0, depth=0.0, flipHoriz=False, flipVert=False, font='Arial', fontFiles=[], height=0.1, italic=False, languageStyle='LTR', name='FixationCross', opacity=1.0, ori=0, pos=array([0., 0.]), rgb=array([255., 255., 255.]), text='+', units='height', win=Window(...), wrapWidth=1)
3.8898 	EXP 	Created character = ImageStim(__class__=<class 'psychopy.visual.image.ImageStim'>, autoLog=True, color=array([1., 1., 1.]), colorSpace='rgb', contrast=1.0, depth=-1.0, flipHoriz=False, flipVert=False, image='sin', interpolate=True, mask=None, maskParams=None, name='character', opacity=1.0, ori=0.0, pos=array([ 0. , -0.2]), size=array([0.5, 0.5]), texRes=128, units='height', win=Window(...))
3.8907 	EXP 	Created interval = ImageStim(__class__=<class 'psychopy.visual.image.ImageStim'>, autoLog=True, color=array([1., 1., 1.]), colorSpace='rgb', contrast=1.0, depth=-2.0, flipHoriz=False, flipVert=False, image=None, interpolate=True, mask=None, maskParams=None, name='interval', opacity=1.0, ori=0.0, pos=array([0., 0.]), size=array([0.5, 0.5]), texRes=128, units='height', win=Window(...))
3.8923 	EXP 	Created task_probe1 = ImageStim(__class__=<class 'psychopy.visual.image.ImageStim'>, autoLog=True, color=array([1., 1., 1.]), colorSpace='rgb', contrast=1.0, depth=-3.0, flipHoriz=False, flipVert=False, image='sin', interpolate=True, mask=None, maskParams=None, name='task_probe1', opacity=1.0, ori=0.0, pos=array([-0.6,  0. ]), size=array([0.3, 0.3]), texRes=128, units='height', win=Window(...))
3.8939 	EXP 	Created task_probe2 = ImageStim(__class__=<class 'psychopy.visual.image.ImageStim'>, autoLog=True, color=array([1., 1., 1.]), colorSpace='rgb', contrast=1.0, depth=-4.0, flipHoriz=False, flipVert=False, image='sin', interpolate=True, mask=None, maskParams=None, name='task_probe2', opacity=1.0, ori=0.0, pos=array([-0.2,  0. ]), size=array([0.3, 0.3]), texRes=128, units='height', win=Window(...))
3.8956 	EXP 	Created task_probe3 = ImageStim(__class__=<class 'psychopy.visual.image.ImageStim'>, autoLog=True, color=array([1., 1., 1.]), colorSpace='rgb', contrast=1.0, depth=-5.0, flipHoriz=False, flipVert=False, image='sin', interpolate=True, mask=None, maskParams=None, name='task_probe3', opacity=1.0, ori=0.0, pos=array([0.2, 0. ]), size=array([0.3, 0.3]), texRes=128, units='height', win=Window(...))
3.8972 	EXP 	Created task_probe4 = ImageStim(__class__=<class 'psychopy.visual.image.ImageStim'>, autoLog=True, color=array([1., 1., 1.]), colorSpace='rgb', contrast=1.0, depth=-6.0, flipHoriz=False, flipVert=False, image='sin', interpolate=True, mask=None, maskParams=None, name='task_probe4', opacity=1.0, ori=0.0, pos=array([0.6, 0. ]), size=array([0.3, 0.3]), texRes=128, units='height', win=Window(...))
3.8991 	EXP 	Created number_1 = TextStim(__class__=<class 'psychopy.visual.text.TextStim'>, alignHoriz=method-wrapper(...), alignText='center', alignVert=method-wrapper(...), anchorHoriz='center', anchorVert='center', antialias=True, autoLog=True, bold=False, color='black', colorSpace='named', contrast=1.0, depth=-8.0, flipHoriz=False, flipVert=False, font='Arial', fontFiles=[], height=0.1, italic=False, languageStyle='LTR', name='number_1', opacity=1.0, ori=0, pos=array([-0.6,  0.3]), rgb=array([0., 0., 0.]), text='1', units='height', win=Window(...), wrapWidth=1)
3.9011 	EXP 	Created number_2 = TextStim(__class__=<class 'psychopy.visual.text.TextStim'>, alignHoriz=method-wrapper(...), alignText='center', alignVert=method-wrapper(...), anchorHoriz='center', anchorVert='center', antialias=True, autoLog=True, bold=False, color='black', colorSpace='named', contrast=1.0, depth=-9.0, flipHoriz=False, flipVert=False, font='Arial', fontFiles=[], height=0.1, italic=False, languageStyle='LTR', name='number_2', opacity=1.0, ori=0, pos=array([-0.2,  0.3]), rgb=array([0., 0., 0.]), text='2', units='height', win=Window(...), wrapWidth=1)
3.9027 	EXP 	Created number_3 = TextStim(__class__=<class 'psychopy.visual.text.TextStim'>, alignHoriz=method-wrapper(...), alignText='center', alignVert=method-wrapper(...), anchorHoriz='center', anchorVert='center', antialias=True, autoLog=True, bold=False, color='black', colorSpace='named', contrast=1.0, depth=-10.0, flipHoriz=False, flipVert=False, font='Arial', fontFiles=[], height=0.1, italic=False, languageStyle='LTR', name='number_3', opacity=1.0, ori=0, pos=array([0.2, 0.3]), rgb=array([0., 0., 0.]), text='3', units='height', win=Window(...), wrapWidth=1)
3.9041 	EXP 	Created number_4 = TextStim(__class__=<class 'psychopy.visual.text.TextStim'>, alignHoriz=method-wrapper(...), alignText='center', alignVert=method-wrapper(...), anchorHoriz='center', anchorVert='center', antialias=True, autoLog=True, bold=False, color='black', colorSpace='named', contrast=1.0, depth=-11.0, flipHoriz=False, flipVert=False, font='Arial', fontFiles=[], height=0.1, italic=False, languageStyle='LTR', name='number_4', opacity=1.0, ori=0, pos=array([0.6, 0.3]), rgb=array([0., 0., 0.]), text='4', units='height', win=Window(...), wrapWidth=1)
3.9058 	EXP 	Created feedb_probe1 = ImageStim(__class__=<class 'psychopy.visual.image.ImageStim'>, autoLog=True, color=array([1., 1., 1.]), colorSpace='rgb', contrast=1.0, depth=-1.0, flipHoriz=False, flipVert=False, image='sin', interpolate=True, mask=None, maskParams=None, name='feedb_probe1', opacity=1.0, ori=0.0, pos=array([-0.6,  0. ]), size=array([0.3, 0.3]), texRes=128, units='height', win=Window(...))
3.9074 	EXP 	Created feedb_probe2 = ImageStim(__class__=<class 'psychopy.visual.image.ImageStim'>, autoLog=True, color=array([1., 1., 1.]), colorSpace='rgb', contrast=1.0, depth=-2.0, flipHoriz=False, flipVert=False, image='sin', interpolate=True, mask=None, maskParams=None, name='feedb_probe2', opacity=1.0, ori=0.0, pos=array([-0.2,  0. ]), size=array([0.3, 0.3]), texRes=128, units='height', win=Window(...))
3.9090 	EXP 	Created feedb_probe3 = ImageStim(__class__=<class 'psychopy.visual.image.ImageStim'>, autoLog=True, color=array([1., 1., 1.]), colorSpace='rgb', contrast=1.0, depth=-3.0, flipHoriz=False, flipVert=False, image='sin', interpolate=True, mask=None, maskParams=None, name='feedb_probe3', opacity=1.0, ori=0.0, pos=array([0.2, 0. ]), size=array([0.3, 0.3]), texRes=128, units='height', win=Window(...))
3.9106 	EXP 	Created feedb_probe4 = ImageStim(__class__=<class 'psychopy.visual.image.ImageStim'>, autoLog=True, color=array([1., 1., 1.]), colorSpace='rgb', contrast=1.0, depth=-4.0, flipHoriz=False, flipVert=False, image='sin', interpolate=True, mask=None, maskParams=None, name='feedb_probe4', opacity=1.0, ori=0.0, pos=array([0.6, 0. ]), size=array([0.3, 0.3]), texRes=128, units='height', win=Window(...))
3.9217 	EXP 	Imported practlist.csv as conditions, 80 conditions, 9 params
3.9223 	EXP 	Created sequence: sequential, trialTypes=80, nReps=1, seed=None
3.9228 	EXP 	New trial (rep=0, index=0): OrderedDict([('char', 'stimuli/m_red.jpg'), ('left_categ', 'stimuli/Food.png'), ('centleft_categ', 'stimuli/Gamestoy & entertainment.png'), ('centright_categ', 'stimuli/Vehicle.png'), ('right_categ', 'stimuli/Clothing.png'), ('type', 1), ('corr_ans', 'Food'), ('corr_ans_num', 1), ('image', 'stimuli/objects/chocolatecroissant.jpg')])
3.9640 	EXP 	character: image = 'stimuli/m_red.jpg'
3.9640 	EXP 	task_probe1: image = 'stimuli/Food.png'
3.9640 	EXP 	task_probe2: image = 'stimuli/Gamestoy & entertainment.png'
3.9640 	EXP 	task_probe3: image = 'stimuli/Vehicle.png'
3.9640 	EXP 	task_probe4: image = 'stimuli/Clothing.png'
3.9640 	EXP 	FixationCross: autoDraw = True
4.1926 	EXP 	character: autoDraw = True
4.2241 	EXP 	FixationCross: autoDraw = False
4.6916 	EXP 	interval: autoDraw = True
4.9406 	EXP 	character: autoDraw = False
5.1917 	EXP 	task_probe1: autoDraw = True
5.1917 	EXP 	task_probe2: autoDraw = True
5.1917 	EXP 	task_probe3: autoDraw = True
5.1917 	EXP 	task_probe4: autoDraw = True
5.1917 	EXP 	number_1: autoDraw = True
5.1917 	EXP 	number_2: autoDraw = True
5.1917 	EXP 	number_3: autoDraw = True
5.1917 	EXP 	number_4: autoDraw = True
5.9430 	EXP 	interval: autoDraw = False
9.2083 	EXP 	task_probe1: autoDraw = False
9.2083 	EXP 	task_probe2: autoDraw = False
9.2083 	EXP 	task_probe3: autoDraw = False
9.2083 	EXP 	task_probe4: autoDraw = False
9.2083 	EXP 	number_1: autoDraw = False
9.2083 	EXP 	number_2: autoDraw = False
9.2083 	EXP 	number_3: autoDraw = False
9.2083 	EXP 	number_4: autoDraw = False
9.2083 	EXP 	FixationCross: autoDraw = False
9.2083 	EXP 	character: autoDraw = False
9.2083 	EXP 	interval: autoDraw = False
9.2083 	EXP 	task_probe1: autoDraw = False
9.2083 	EXP 	task_probe2: autoDraw = False
9.2083 	EXP 	task_probe3: autoDraw = False
9.2083 	EXP 	task_probe4: autoDraw = False
9.2083 	EXP 	number_1: autoDraw = False
9.2083 	EXP 	number_2: autoDraw = False
9.2083 	EXP 	number_3: autoDraw = False
9.2083 	EXP 	number_4: autoDraw = False
9.2083 	EXP 	feedb_probe1: image = 'stimuli/Food.png'
9.2083 	EXP 	feedb_probe2: image = 'stimuli/Gamestoy & entertainment.png'
9.2083 	EXP 	feedb_probe3: image = 'stimuli/Vehicle.png'
9.2083 	EXP 	feedb_probe4: image = 'stimuli/Clothing.png'
9.2083 	EXP 	feedb_probe1: autoDraw = True
9.2083 	EXP 	feedb_probe2: autoDraw = True
9.2083 	EXP 	feedb_probe3: autoDraw = True
9.2083 	EXP 	feedb_probe4: autoDraw = True
10.2020 	EXP 	New trial (rep=0, index=1): OrderedDict([('char', 'stimuli/m_red.jpg'), ('left_categ', 'stimuli/Clothing.png'), ('centleft_categ', 'stimuli/Food.png'), ('centright_categ', 'stimuli/Gamestoy & entertainment.png'), ('right_categ', 'stimuli/Vehicle.png'), ('type', 0), ('corr_ans', 'Vehicle'), ('corr_ans_num', 4), ('image', 'stimuli/objects/tricycle.jpg')])
10.2417 	EXP 	feedb_probe1: autoDraw = False
10.2417 	EXP 	feedb_probe2: autoDraw = False
10.2417 	EXP 	feedb_probe3: autoDraw = False
10.2417 	EXP 	feedb_probe4: autoDraw = False
10.2417 	EXP 	character: image = 'stimuli/m_red.jpg'
10.2417 	EXP 	task_probe1: image = 'stimuli/Clothing.png'
10.2417 	EXP 	task_probe2: image = 'stimuli/Food.png'
10.2417 	EXP 	task_probe3: image = 'stimuli/Gamestoy & entertainment.png'
10.2417 	EXP 	task_probe4: image = 'stimuli/Vehicle.png'
10.2417 	EXP 	FixationCross: autoDraw = True
10.4694 	EXP 	character: autoDraw = True
10.5028 	EXP 	FixationCross: autoDraw = False
10.9703 	EXP 	interval: autoDraw = True
11.2192 	EXP 	character: autoDraw = False
11.4703 	EXP 	task_probe1: autoDraw = True
11.4703 	EXP 	task_probe2: autoDraw = True
11.4703 	EXP 	task_probe3: autoDraw = True
11.4703 	EXP 	task_probe4: autoDraw = True
11.4703 	EXP 	number_1: autoDraw = True
11.4703 	EXP 	number_2: autoDraw = True
11.4703 	EXP 	number_3: autoDraw = True
11.4703 	EXP 	number_4: autoDraw = True
12.2217 	EXP 	interval: autoDraw = False
14.4931 	DATA 	Keypress: escape
14.4995 	EXP 	window1: mouseVisible = True
