1.0526 	WARNING 	We strongly recommend you activate the PTB sound engine in PsychoPy prefs as the preferred audio engine. Its timing is vastly superior. Your prefs are currently set to use ['sounddevice', 'PTB', 'pyo', 'pygame'] (in that order).
1.8143 	WARNING 	Import Error: No module named 'psychtoolbox'. Using event module for keyboard component.
4.3686 	EXP 	Created window1 = Window(allowGUI=False, allowStencil=False, args=UNKNOWN, autoLog=True, bitsMode=UNKNOWN, blendMode='avg', bpc=(8, 8, 8), color=array([0., 0., 0.]), colorSpace='rgb', depthBits=8, fullscr=<method-wrapper '__getattribute__' of attributeSetter object at 0x7f93b1995b80>, gamma=None, gammaErrorPolicy='raise', kwargs=UNKNOWN, lms=UNKNOWN, monitor=<psychopy.monitors.calibTools.Monitor object at 0x7f93b195d580>, multiSample=False, name='window1', numSamples=2, pos=[0.0, 0.0], screen=0, size=array([1680, 1050]), stencilBits=0, stereo=False, units='height', useFBO=True, useRetina=False, viewOri=0.0, viewPos=None, viewScale=None, waitBlanking=True, winType='pyglet')
4.3686 	EXP 	window1: recordFrameIntervals = False
4.5332 	EXP 	window1: recordFrameIntervals = True
4.7337 	EXP 	window1: recordFrameIntervals = False
4.7874 	EXP 	Created InstTop = TextStim(__class__=<class 'psychopy.visual.text.TextStim'>, alignHoriz=method-wrapper(...), alignText='center', alignVert=method-wrapper(...), anchorHoriz='center', anchorVert='center', antialias=True, autoLog=True, bold=False, color='black', colorSpace='named', contrast=1.0, depth=0.0, flipHoriz=False, flipVert=False, font='bold', fontFiles=[], height=0.05, italic=False, languageStyle='LTR', name='InstTop', opacity=1.0, ori=0, pos=array([0. , 0.2]), rgb=array([0., 0., 0.]), text='default text', units='height', win=Window(...), wrapWidth=1.5)
4.7959 	EXP 	Created InstMiddle = TextStim(__class__=<class 'psychopy.visual.text.TextStim'>, alignHoriz=method-wrapper(...), alignText='center', alignVert=method-wrapper(...), anchorHoriz='center', anchorVert='center', antialias=True, autoLog=True, bold=False, color='black', colorSpace='named', contrast=1.0, depth=-1.0, flipHoriz=False, flipVert=False, font='Arial', fontFiles=[], height=0.05, italic=False, languageStyle='LTR', name='InstMiddle', opacity=1.0, ori=0, pos=array([0. , 0.1]), rgb=array([0., 0., 0.]), text='default text', units='height', win=Window(...), wrapWidth=1.5)
4.7978 	EXP 	Created InstrBottom = TextStim(__class__=<class 'psychopy.visual.text.TextStim'>, alignHoriz=method-wrapper(...), alignText='center', alignVert=method-wrapper(...), anchorHoriz='center', anchorVert='center', antialias=True, autoLog=True, bold=False, color='black', colorSpace='named', contrast=1.0, depth=-2.0, flipHoriz=False, flipVert=False, font='Arial', fontFiles=[], height=0.05, italic=False, languageStyle='LTR', name='InstrBottom', opacity=1.0, ori=0, pos=array([ 0. , -0.4]), rgb=array([0., 0., 0.]), text='default text', units='height', win=Window(...), wrapWidth=1.5)
4.8053 	EXP 	Created fix = TextStim(__class__=<class 'psychopy.visual.text.TextStim'>, alignHoriz=method-wrapper(...), alignText='center', alignVert=method-wrapper(...), anchorHoriz='center', anchorVert='center', antialias=True, autoLog=True, bold=False, color='black', colorSpace='named', contrast=1.0, depth=0.0, flipHoriz=False, flipVert=False, font='Arial', fontFiles=[], height=0.1, italic=False, languageStyle='LTR', name='fix', opacity=1.0, ori=0, pos=array([0., 0.]), rgb=array([0., 0., 0.]), text='+', units='height', win=Window(...), wrapWidth=1)
4.8076 	EXP 	Created object_id = ImageStim(__class__=<class 'psychopy.visual.image.ImageStim'>, autoLog=True, color=array([1., 1., 1.]), colorSpace='rgb', contrast=1.0, depth=0.0, flipHoriz=False, flipVert=False, image='sin', interpolate=True, mask=None, maskParams=None, name='object_id', opacity=1.0, ori=0.0, pos=array([0. , 0.2]), size=array([0.5, 0.5]), texRes=128, units='height', win=Window(...))
4.8165 	EXP 	Created prompt_id = TextStim(__class__=<class 'psychopy.visual.text.TextStim'>, alignHoriz=method-wrapper(...), alignText='center', alignVert=method-wrapper(...), anchorHoriz='center', anchorVert='center', antialias=True, autoLog=True, bold=False, color='black', colorSpace='named', contrast=1.0, depth=-1.0, flipHoriz=False, flipVert=False, font='Arial', fontFiles=[], height=0.05, italic=False, languageStyle='LTR', name='prompt_id', opacity=1.0, ori=0, pos=array([ 0.  , -0.12]), rgb=array([0., 0., 0.]), text='Have you seen this object before?', units='height', win=Window(...), wrapWidth=1)
4.8214 	EXP 	Created prompt_id2 = TextStim(__class__=<class 'psychopy.visual.text.TextStim'>, alignHoriz=method-wrapper(...), alignText='center', alignVert=method-wrapper(...), anchorHoriz='center', anchorVert='center', antialias=True, autoLog=True, bold=False, color='black', colorSpace='named', contrast=1.0, depth=-2.0, flipHoriz=False, flipVert=False, font='Arial', fontFiles=[], height=0.1, italic=False, languageStyle='LTR', name='prompt_id2', opacity=1.0, ori=0, pos=array([ 0. , -0.3]), rgb=array([0., 0., 0.]), text='YES               NO', units='height', win=Window(...), wrapWidth=1.5)
4.8233 	EXP 	Created feedb_objectID = ImageStim(__class__=<class 'psychopy.visual.image.ImageStim'>, autoLog=True, color=array([1., 1., 1.]), colorSpace='rgb', contrast=1.0, depth=-1.0, flipHoriz=False, flipVert=False, image='sin', interpolate=True, mask=None, maskParams=None, name='feedb_objectID', opacity=1.0, ori=0.0, pos=array([0. , 0.2]), size=array([0.5, 0.5]), texRes=128, units='height', win=Window(...))
4.8249 	EXP 	Created identity_fedb = Rect(__class__=<class 'psychopy.visual.rect.Rect'>, autoDraw=False, autoLog=True, closeShape=True, color=method-wrapper(...), colorSpace=None, contrast=1.0, depth=-2.0, fillColor=array([0., 0., 0.]), fillColorSpace='rgb', fillRGB=array([0., 0., 0.]), interpolate=True, lineColor=array([1., 1., 1.]), lineColorSpace='rgb', lineRGB=array([1., 1., 1.]), lineWidth=5, name='identity_fedb', opacity=1.0, ori=array(0.), pos=array([0., 0.]), size=array([0.25, 0.25]), units='height', vertices=ndarray(...), win=Window(...))
4.8270 	EXP 	Created feedb_id = TextStim(__class__=<class 'psychopy.visual.text.TextStim'>, alignHoriz=method-wrapper(...), alignText='center', alignVert=method-wrapper(...), anchorHoriz='center', anchorVert='center', antialias=True, autoLog=True, bold=False, color='black', colorSpace='named', contrast=1.0, depth=-3.0, flipHoriz=False, flipVert=False, font='Arial', fontFiles=[], height=0.1, italic=False, languageStyle='LTR', name='feedb_id', opacity=1.0, ori=0, pos=array([ 0. , -0.3]), rgb=array([0., 0., 0.]), text='YES               NO', units='height', win=Window(...), wrapWidth=1.5)
4.8375 	EXP 	Created feedb_idPrompt = TextStim(__class__=<class 'psychopy.visual.text.TextStim'>, alignHoriz=method-wrapper(...), alignText='center', alignVert=method-wrapper(...), anchorHoriz='center', anchorVert='center', antialias=True, autoLog=True, bold=False, color='black', colorSpace='named', contrast=1.0, depth=-4.0, flipHoriz=False, flipVert=False, font='arial', fontFiles=[], height=0.05, italic=False, languageStyle='LTR', name='feedb_idPrompt', opacity=1.0, ori=0, pos=array([ 0.  , -0.12]), rgb=array([0., 0., 0.]), text='Have you seen this object before?', units='height', win=Window(...), wrapWidth=1)
4.8394 	EXP 	Created object_id2 = ImageStim(__class__=<class 'psychopy.visual.image.ImageStim'>, autoLog=True, color=array([1., 1., 1.]), colorSpace='rgb', contrast=1.0, depth=-1.0, flipHoriz=False, flipVert=False, image='sin', interpolate=True, mask=None, maskParams=None, name='object_id2', opacity=1.0, ori=0.0, pos=array([0. , 0.2]), size=array([0.5, 0.5]), texRes=128, units='height', win=Window(...))
4.8461 	EXP 	Created conf_choiceprompt = TextStim(__class__=<class 'psychopy.visual.text.TextStim'>, alignHoriz=method-wrapper(...), alignText='center', alignVert=method-wrapper(...), anchorHoriz='center', anchorVert='center', antialias=True, autoLog=True, bold=False, color='black', colorSpace='named', contrast=1.0, depth=-2.0, flipHoriz=False, flipVert=False, font='Arial', fontFiles=[], height=0.05, italic=False, languageStyle='LTR', name='conf_choiceprompt', opacity=1.0, ori=0, pos=array([ 0.  , -0.12]), rgb=array([0., 0., 0.]), text='How sure are you of your response?', units='height', win=Window(...), wrapWidth=1)
4.8632 	EXP 	Created image = ImageStim(__class__=<class 'psychopy.visual.image.ImageStim'>, autoLog=True, color=array([1., 1., 1.]), colorSpace='rgb', contrast=1.0, depth=-3.0, flipHoriz=False, flipVert=False, image='mem_optionsENG.png', interpolate=True, mask=None, maskParams=None, name='image', opacity=1.0, ori=0.0, pos=array([ 0.  , -0.35]), size=array([1.3, 0.4]), texRes=128, units='height', win=Window(...))
4.8649 	EXP 	Created object_id3 = ImageStim(__class__=<class 'psychopy.visual.image.ImageStim'>, autoLog=True, color=array([1., 1., 1.]), colorSpace='rgb', contrast=1.0, depth=-1.0, flipHoriz=False, flipVert=False, image='sin', interpolate=True, mask=None, maskParams=None, name='object_id3', opacity=1.0, ori=0.0, pos=array([0. , 0.2]), size=array([0.5, 0.5]), texRes=128, units='height', win=Window(...))
4.8666 	EXP 	Created image_2 = ImageStim(__class__=<class 'psychopy.visual.image.ImageStim'>, autoLog=True, color=array([1., 1., 1.]), colorSpace='rgb', contrast=1.0, depth=-2.0, flipHoriz=False, flipVert=False, image='sin', interpolate=True, mask=None, maskParams=None, name='image_2', opacity=1.0, ori=0.0, pos=array([ 0.  , -0.35]), size=array([1.3, 0.4]), texRes=128, units='height', win=Window(...))
4.8726 	EXP 	Created conf_choicefeedbprompt = TextStim(__class__=<class 'psychopy.visual.text.TextStim'>, alignHoriz=method-wrapper(...), alignText='center', alignVert=method-wrapper(...), anchorHoriz='center', anchorVert='center', antialias=True, autoLog=True, bold=False, color='black', colorSpace='named', contrast=1.0, depth=-3.0, flipHoriz=False, flipVert=False, font='arial', fontFiles=[], height=0.05, italic=False, languageStyle='LTR', name='conf_choicefeedbprompt', opacity=1.0, ori=0, pos=array([ 0.  , -0.12]), rgb=array([0., 0., 0.]), text='How sure are you of your response?', units='height', win=Window(...), wrapWidth=1)
4.8779 	EXP 	Created text = TextStim(__class__=<class 'psychopy.visual.text.TextStim'>, alignHoriz=method-wrapper(...), alignText='center', alignVert=method-wrapper(...), anchorHoriz='center', anchorVert='center', antialias=True, autoLog=True, bold=False, color='black', colorSpace='named', contrast=1.0, depth=0.0, flipHoriz=False, flipVert=False, font='Arial', fontFiles=[], height=0.05, italic=False, languageStyle='LTR', name='text', opacity=1.0, ori=0, pos=array([0., 0.]), rgb=array([0., 0., 0.]), text='default text', units='height', win=Window(...), wrapWidth=1)
4.8830 	EXP 	Imported InstructionsPhase3.csv as conditions, 3 conditions, 3 params
4.8833 	EXP 	Created sequence: sequential, trialTypes=3, nReps=1, seed=None
4.8836 	EXP 	New trial (rep=0, index=0): OrderedDict([('text1', 'Welcome to the last phase of this experiment!'), ('text2', '.'), ('text3', 'Please press the space bar to continue')])
4.9070 	EXP 	InstTop: text = 'Welcome to the last phase of this experiment!'
4.9070 	EXP 	InstMiddle: text = '.'
4.9070 	EXP 	InstrBottom: text = 'Please press the space bar to continue'
4.9070 	EXP 	InstTop: autoDraw = True
4.9070 	EXP 	InstMiddle: autoDraw = True
4.9070 	EXP 	InstrBottom: autoDraw = True
5.6860 	DATA 	Keypress: space
5.6870 	EXP 	New trial (rep=0, index=1): OrderedDict([('text1', '.'), ('text2', 'In this phase, you will see some objects. \n\nFor each object, you should indicate whether you have seen it before during the experiment.\n\nPress LEFT ARROW for YES\nPress RIGHT ARROW for NO\n\n'), ('text3', 'Please press the space bar to continue ')])
5.7179 	EXP 	InstTop: autoDraw = False
5.7179 	EXP 	InstMiddle: autoDraw = False
5.7179 	EXP 	InstrBottom: autoDraw = False
5.7179 	EXP 	InstTop: text = '.'
5.7179 	EXP 	InstMiddle: text = 'In this phase, you will see some objects. \n\nFor each object, you should indicate whether you have seen it before during the experiment.\n\nPress LEFT ARROW for YES\nPress RIGHT ARROW for NO\n\n'
5.7179 	EXP 	InstrBottom: text = 'Please press the space bar to continue '
5.7179 	EXP 	InstTop: autoDraw = True
5.7179 	EXP 	InstMiddle: autoDraw = True
5.7179 	EXP 	InstrBottom: autoDraw = True
5.8925 	DATA 	Keypress: space
5.9035 	EXP 	New trial (rep=0, index=2): OrderedDict([('text1', '.'), ('text2', 'After that, you will be asked how confident you are of your choice.\n\nPlease rate the confidence in your choice with the numbers from 1 to 4 of your keyboard. \n\nThe numbers correspond to:\n\n1 = Very unsure\n2 = Unsure\n3 = Sure\n4 = Very Sure'), ('text3', 'Please press the space bar to continue')])
5.9288 	EXP 	InstTop: autoDraw = False
5.9288 	EXP 	InstMiddle: autoDraw = False
5.9288 	EXP 	InstrBottom: autoDraw = False
5.9288 	EXP 	InstTop: text = '.'
5.9288 	EXP 	InstMiddle: text = 'After that, you will be asked how confident you are of your choice.\n\nPlease rate the confidence in your choice with the numbers from 1 to 4 of your keyboard. \n\nThe numbers correspond to:\n\n1 = Very unsure\n2 = Unsure\n3 = Sure\n4 = Very Sure'
5.9288 	EXP 	InstrBottom: text = 'Please press the space bar to continue'
5.9288 	EXP 	InstTop: autoDraw = True
5.9288 	EXP 	InstMiddle: autoDraw = True
5.9288 	EXP 	InstrBottom: autoDraw = True
6.1096 	DATA 	Keypress: space
6.1846 	EXP 	window1: mouseVisible = True
