1.0706 	WARNING 	We strongly recommend you activate the PTB sound engine in PsychoPy prefs as the preferred audio engine. Its timing is vastly superior. Your prefs are currently set to use ['sounddevice', 'PTB', 'pyo', 'pygame'] (in that order).
1.7293 	WARNING 	Import Error: No module named 'psychtoolbox'. Using event module for keyboard component.
5.7259 	EXP 	Created window1 = Window(allowGUI=False, allowStencil=False, args=UNKNOWN, autoLog=True, bitsMode=UNKNOWN, blendMode='avg', bpc=(8, 8, 8), color=array([0., 0., 0.]), colorSpace='rgb', depthBits=8, fullscr=<method-wrapper '__getattribute__' of attributeSetter object at 0x7ff42de32be0>, gamma=None, gammaErrorPolicy='raise', kwargs=UNKNOWN, lms=UNKNOWN, monitor=<psychopy.monitors.calibTools.Monitor object at 0x7ff42c458640>, multiSample=False, name='window1', numSamples=2, pos=[0.0, 0.0], screen=0, size=array([1680, 1050]), stencilBits=0, stereo=False, units='height', useFBO=True, useRetina=False, viewOri=0.0, viewPos=None, viewScale=None, waitBlanking=True, winType='pyglet')
5.7259 	EXP 	window1: recordFrameIntervals = False
5.8921 	EXP 	window1: recordFrameIntervals = True
6.0764 	EXP 	window1: recordFrameIntervals = False
6.1594 	EXP 	Created instr_nBack = TextStim(__class__=<class 'psychopy.visual.text.TextStim'>, alignHoriz=method-wrapper(...), alignText='center', alignVert=method-wrapper(...), anchorHoriz='center', anchorVert='center', antialias=True, autoLog=True, bold=False, color='black', colorSpace='named', contrast=1.0, depth=0.0, flipHoriz=False, flipVert=False, font='Arial', fontFiles=[], height=0.05, italic=False, languageStyle='LTR', name='instr_nBack', opacity=1.0, ori=0, pos=array([0., 0.]), rgb=array([0., 0., 0.]), text=str(...), units='height', win=Window(...), wrapWidth=1)
6.1623 	EXP 	Created image_3 = ImageStim(__class__=<class 'psychopy.visual.image.ImageStim'>, autoLog=True, color=array([1., 1., 1.]), colorSpace='rgb', contrast=1.0, depth=0.0, flipHoriz=False, flipVert=False, image='sin', interpolate=True, mask=None, maskParams=None, name='image_3', opacity=1.0, ori=0.0, pos=array([0., 0.]), size=array([1.8, 1. ]), texRes=128, units='height', win=Window(...))
6.1689 	EXP 	Created text_2 = TextStim(__class__=<class 'psychopy.visual.text.TextStim'>, alignHoriz=method-wrapper(...), alignText='center', alignVert=method-wrapper(...), anchorHoriz='center', anchorVert='center', antialias=True, autoLog=True, bold=False, color='black', colorSpace='named', contrast=1.0, depth=0.0, flipHoriz=False, flipVert=False, font='Arial', fontFiles=[], height=0.05, italic=False, languageStyle='LTR', name='text_2', opacity=1.0, ori=0, pos=array([0., 0.]), rgb=array([0., 0., 0.]), text=str(...), units='height', win=Window(...), wrapWidth=1)
6.1787 	EXP 	Created nBack_task_pres = TextStim(__class__=<class 'psychopy.visual.text.TextStim'>, alignHoriz=method-wrapper(...), alignText='center', alignVert=method-wrapper(...), anchorHoriz='center', anchorVert='center', antialias=True, autoLog=True, bold=False, color='white', colorSpace='named', contrast=1.0, depth=0.0, flipHoriz=False, flipVert=False, font='Arial', fontFiles=[], height=0.1, italic=False, languageStyle='LTR', name='nBack_task_pres', opacity=1.0, ori=0, pos=array([0., 0.]), rgb=array([255., 255., 255.]), text='default text', units='height', win=Window(...), wrapWidth=1)
6.1793 	EXP 	Created blank = TextStim(__class__=<class 'psychopy.visual.text.TextStim'>, alignHoriz=method-wrapper(...), alignText='center', alignVert=method-wrapper(...), anchorHoriz='center', anchorVert='center', antialias=True, autoLog=True, bold=False, color='white', colorSpace='named', contrast=1.0, depth=-1.0, flipHoriz=False, flipVert=False, font='Arial', fontFiles=[], height=0.1, italic=False, languageStyle='LTR', name='blank', opacity=1.0, ori=0, pos=array([0., 0.]), rgb=array([255., 255., 255.]), text='', units='height', win=Window(...), wrapWidth=1)
6.1854 	EXP 	Created text_3 = TextStim(__class__=<class 'psychopy.visual.text.TextStim'>, alignHoriz=method-wrapper(...), alignText='center', alignVert=method-wrapper(...), anchorHoriz='center', anchorVert='center', antialias=True, autoLog=True, bold=False, color='black', colorSpace='named', contrast=1.0, depth=0.0, flipHoriz=False, flipVert=False, font='Arial', fontFiles=[], height=0.05, italic=False, languageStyle='LTR', name='text_3', opacity=1.0, ori=0, pos=array([0., 0.]), rgb=array([0., 0., 0.]), text=str(...), units='height', win=Window(...), wrapWidth=1)
6.1962 	EXP 	Created InstTop = TextStim(__class__=<class 'psychopy.visual.text.TextStim'>, alignHoriz=method-wrapper(...), alignText='center', alignVert=method-wrapper(...), anchorHoriz='center', anchorVert='center', antialias=True, autoLog=True, bold=False, color='black', colorSpace='named', contrast=1.0, depth=0.0, flipHoriz=False, flipVert=False, font='bold', fontFiles=[], height=0.05, italic=False, languageStyle='LTR', name='InstTop', opacity=1.0, ori=0, pos=array([0. , 0.2]), rgb=array([0., 0., 0.]), text='default text', units='height', win=Window(...), wrapWidth=1.5)
6.2003 	EXP 	Created InstMiddle = TextStim(__class__=<class 'psychopy.visual.text.TextStim'>, alignHoriz=method-wrapper(...), alignText='center', alignVert=method-wrapper(...), anchorHoriz='center', anchorVert='center', antialias=True, autoLog=True, bold=False, color='black', colorSpace='named', contrast=1.0, depth=-1.0, flipHoriz=False, flipVert=False, font='Arial', fontFiles=[], height=0.05, italic=False, languageStyle='LTR', name='InstMiddle', opacity=1.0, ori=0, pos=array([0. , 0.1]), rgb=array([0., 0., 0.]), text='default text', units='height', win=Window(...), wrapWidth=1.5)
6.2025 	EXP 	Created InstrBottom = TextStim(__class__=<class 'psychopy.visual.text.TextStim'>, alignHoriz=method-wrapper(...), alignText='center', alignVert=method-wrapper(...), anchorHoriz='center', anchorVert='center', antialias=True, autoLog=True, bold=False, color='black', colorSpace='named', contrast=1.0, depth=-2.0, flipHoriz=False, flipVert=False, font='Arial', fontFiles=[], height=0.05, italic=False, languageStyle='LTR', name='InstrBottom', opacity=1.0, ori=0, pos=array([ 0. , -0.4]), rgb=array([0., 0., 0.]), text='default text', units='height', win=Window(...), wrapWidth=1.5)
6.2055 	EXP 	Created fix = TextStim(__class__=<class 'psychopy.visual.text.TextStim'>, alignHoriz=method-wrapper(...), alignText='center', alignVert=method-wrapper(...), anchorHoriz='center', anchorVert='center', antialias=True, autoLog=True, bold=False, color='black', colorSpace='named', contrast=1.0, depth=0.0, flipHoriz=False, flipVert=False, font='Arial', fontFiles=[], height=0.1, italic=False, languageStyle='LTR', name='fix', opacity=1.0, ori=0, pos=array([0., 0.]), rgb=array([0., 0., 0.]), text='+', units='height', win=Window(...), wrapWidth=1)
6.2074 	EXP 	Created object_id = ImageStim(__class__=<class 'psychopy.visual.image.ImageStim'>, autoLog=True, color=array([1., 1., 1.]), colorSpace='rgb', contrast=1.0, depth=0.0, flipHoriz=False, flipVert=False, image='sin', interpolate=True, mask=None, maskParams=None, name='object_id', opacity=1.0, ori=0.0, pos=array([0. , 0.2]), size=array([0.5, 0.5]), texRes=128, units='height', win=Window(...))
6.2149 	EXP 	Created prompt_id = TextStim(__class__=<class 'psychopy.visual.text.TextStim'>, alignHoriz=method-wrapper(...), alignText='center', alignVert=method-wrapper(...), anchorHoriz='center', anchorVert='center', antialias=True, autoLog=True, bold=False, color='black', colorSpace='named', contrast=1.0, depth=-1.0, flipHoriz=False, flipVert=False, font='Arial', fontFiles=[], height=0.05, italic=False, languageStyle='LTR', name='prompt_id', opacity=1.0, ori=0, pos=array([ 0.  , -0.12]), rgb=array([0., 0., 0.]), text='Have you seen this object before?', units='height', win=Window(...), wrapWidth=1)
6.2220 	EXP 	Created prompt_id2 = TextStim(__class__=<class 'psychopy.visual.text.TextStim'>, alignHoriz=method-wrapper(...), alignText='center', alignVert=method-wrapper(...), anchorHoriz='center', anchorVert='center', antialias=True, autoLog=True, bold=False, color='black', colorSpace='named', contrast=1.0, depth=-2.0, flipHoriz=False, flipVert=False, font='Arial', fontFiles=[], height=0.1, italic=False, languageStyle='LTR', name='prompt_id2', opacity=1.0, ori=0, pos=array([ 0. , -0.3]), rgb=array([0., 0., 0.]), text='YES               NO', units='height', win=Window(...), wrapWidth=1.5)
6.2239 	EXP 	Created feedb_objectID = ImageStim(__class__=<class 'psychopy.visual.image.ImageStim'>, autoLog=True, color=array([1., 1., 1.]), colorSpace='rgb', contrast=1.0, depth=-1.0, flipHoriz=False, flipVert=False, image='sin', interpolate=True, mask=None, maskParams=None, name='feedb_objectID', opacity=1.0, ori=0.0, pos=array([0. , 0.2]), size=array([0.5, 0.5]), texRes=128, units='height', win=Window(...))
6.2255 	EXP 	Created identity_fedb = Rect(__class__=<class 'psychopy.visual.rect.Rect'>, autoDraw=False, autoLog=True, closeShape=True, color=method-wrapper(...), colorSpace=None, contrast=1.0, depth=-2.0, fillColor=array([0., 0., 0.]), fillColorSpace='rgb', fillRGB=array([0., 0., 0.]), interpolate=True, lineColor=array([1., 1., 1.]), lineColorSpace='rgb', lineRGB=array([1., 1., 1.]), lineWidth=5, name='identity_fedb', opacity=1.0, ori=array(0.), pos=array([0., 0.]), size=array([0.25, 0.25]), units='height', vertices=ndarray(...), win=Window(...))
6.2278 	EXP 	Created feedb_id = TextStim(__class__=<class 'psychopy.visual.text.TextStim'>, alignHoriz=method-wrapper(...), alignText='center', alignVert=method-wrapper(...), anchorHoriz='center', anchorVert='center', antialias=True, autoLog=True, bold=False, color='black', colorSpace='named', contrast=1.0, depth=-3.0, flipHoriz=False, flipVert=False, font='Arial', fontFiles=[], height=0.1, italic=False, languageStyle='LTR', name='feedb_id', opacity=1.0, ori=0, pos=array([ 0. , -0.3]), rgb=array([0., 0., 0.]), text='YES               NO', units='height', win=Window(...), wrapWidth=1.5)
6.2438 	EXP 	Created feedb_idPrompt = TextStim(__class__=<class 'psychopy.visual.text.TextStim'>, alignHoriz=method-wrapper(...), alignText='center', alignVert=method-wrapper(...), anchorHoriz='center', anchorVert='center', antialias=True, autoLog=True, bold=False, color='black', colorSpace='named', contrast=1.0, depth=-4.0, flipHoriz=False, flipVert=False, font='arial', fontFiles=[], height=0.05, italic=False, languageStyle='LTR', name='feedb_idPrompt', opacity=1.0, ori=0, pos=array([ 0.  , -0.12]), rgb=array([0., 0., 0.]), text='Have you seen this object before?', units='height', win=Window(...), wrapWidth=1)
6.2459 	EXP 	Created object_id2 = ImageStim(__class__=<class 'psychopy.visual.image.ImageStim'>, autoLog=True, color=array([1., 1., 1.]), colorSpace='rgb', contrast=1.0, depth=-1.0, flipHoriz=False, flipVert=False, image='sin', interpolate=True, mask=None, maskParams=None, name='object_id2', opacity=1.0, ori=0.0, pos=array([0. , 0.2]), size=array([0.5, 0.5]), texRes=128, units='height', win=Window(...))
6.2527 	EXP 	Created conf_choiceprompt = TextStim(__class__=<class 'psychopy.visual.text.TextStim'>, alignHoriz=method-wrapper(...), alignText='center', alignVert=method-wrapper(...), anchorHoriz='center', anchorVert='center', antialias=True, autoLog=True, bold=False, color='black', colorSpace='named', contrast=1.0, depth=-2.0, flipHoriz=False, flipVert=False, font='Arial', fontFiles=[], height=0.05, italic=False, languageStyle='LTR', name='conf_choiceprompt', opacity=1.0, ori=0, pos=array([ 0.  , -0.12]), rgb=array([0., 0., 0.]), text='How sure are you of your response?', units='height', win=Window(...), wrapWidth=1)
6.2721 	EXP 	Created image = ImageStim(__class__=<class 'psychopy.visual.image.ImageStim'>, autoLog=True, color=array([1., 1., 1.]), colorSpace='rgb', contrast=1.0, depth=-3.0, flipHoriz=False, flipVert=False, image='mem_optionsENG.png', interpolate=True, mask=None, maskParams=None, name='image', opacity=1.0, ori=0.0, pos=array([ 0.  , -0.35]), size=array([1.3, 0.4]), texRes=128, units='height', win=Window(...))
6.2740 	EXP 	Created object_id3 = ImageStim(__class__=<class 'psychopy.visual.image.ImageStim'>, autoLog=True, color=array([1., 1., 1.]), colorSpace='rgb', contrast=1.0, depth=-1.0, flipHoriz=False, flipVert=False, image='sin', interpolate=True, mask=None, maskParams=None, name='object_id3', opacity=1.0, ori=0.0, pos=array([0. , 0.2]), size=array([0.5, 0.5]), texRes=128, units='height', win=Window(...))
6.2758 	EXP 	Created image_2 = ImageStim(__class__=<class 'psychopy.visual.image.ImageStim'>, autoLog=True, color=array([1., 1., 1.]), colorSpace='rgb', contrast=1.0, depth=-2.0, flipHoriz=False, flipVert=False, image='sin', interpolate=True, mask=None, maskParams=None, name='image_2', opacity=1.0, ori=0.0, pos=array([ 0.  , -0.35]), size=array([1.3, 0.4]), texRes=128, units='height', win=Window(...))
6.2792 	EXP 	Created conf_choicefeedbprompt = TextStim(__class__=<class 'psychopy.visual.text.TextStim'>, alignHoriz=method-wrapper(...), alignText='center', alignVert=method-wrapper(...), anchorHoriz='center', anchorVert='center', antialias=True, autoLog=True, bold=False, color='black', colorSpace='named', contrast=1.0, depth=-3.0, flipHoriz=False, flipVert=False, font='arial', fontFiles=[], height=0.05, italic=False, languageStyle='LTR', name='conf_choicefeedbprompt', opacity=1.0, ori=0, pos=array([ 0.  , -0.12]), rgb=array([0., 0., 0.]), text='How sure are you of your response?', units='height', win=Window(...), wrapWidth=1)
6.2827 	EXP 	Created text = TextStim(__class__=<class 'psychopy.visual.text.TextStim'>, alignHoriz=method-wrapper(...), alignText='center', alignVert=method-wrapper(...), anchorHoriz='center', anchorVert='center', antialias=True, autoLog=True, bold=False, color='black', colorSpace='named', contrast=1.0, depth=0.0, flipHoriz=False, flipVert=False, font='Arial', fontFiles=[], height=0.05, italic=False, languageStyle='LTR', name='text', opacity=1.0, ori=0, pos=array([0., 0.]), rgb=array([0., 0., 0.]), text='default text', units='height', win=Window(...), wrapWidth=1)
6.3000 	EXP 	instr_nBack: autoDraw = True
6.9017 	DATA 	Keypress: space
6.9097 	EXP 	Imported illustrations.xlsx as conditions, 7 conditions, 2 params
6.9101 	EXP 	Created sequence: sequential, trialTypes=7, nReps=1, seed=None
6.9104 	EXP 	New trial (rep=0, index=0): OrderedDict([('images', 'slide 1.jpg'), ('key', 'space')])
6.9518 	EXP 	instr_nBack: autoDraw = False
6.9518 	EXP 	image_3: image = 'slide 1.jpg'
6.9518 	EXP 	image_3: autoDraw = True
7.5228 	DATA 	Keypress: space
7.5232 	EXP 	New trial (rep=0, index=1): OrderedDict([('images', 'slide 2.jpg'), ('key', 'l')])
7.5592 	EXP 	image_3: autoDraw = False
7.5592 	EXP 	image_3: image = 'slide 2.jpg'
7.5592 	EXP 	image_3: autoDraw = True
7.7224 	DATA 	Keypress: space
7.7228 	EXP 	New trial (rep=0, index=2): OrderedDict([('images', 'slide 3.jpg'), ('key', 'l')])
7.7614 	EXP 	image_3: autoDraw = False
7.7614 	EXP 	image_3: image = 'slide 3.jpg'
7.7614 	EXP 	image_3: autoDraw = True
7.8785 	DATA 	Keypress: space
7.8790 	EXP 	New trial (rep=0, index=3): OrderedDict([('images', 'slide 4.jpg'), ('key', 'l')])
7.9199 	EXP 	image_3: autoDraw = False
7.9199 	EXP 	image_3: image = 'slide 4.jpg'
7.9199 	EXP 	image_3: autoDraw = True
8.0215 	DATA 	Keypress: space
8.0219 	EXP 	New trial (rep=0, index=4): OrderedDict([('images', 'slide 5.jpg'), ('key', 'd')])
8.0593 	EXP 	image_3: autoDraw = False
8.0593 	EXP 	image_3: image = 'slide 5.jpg'
8.0593 	EXP 	image_3: autoDraw = True
8.1398 	DATA 	Keypress: space
8.1402 	EXP 	New trial (rep=0, index=5): OrderedDict([('images', 'slide 6.jpg'), ('key', 'l')])
8.1776 	EXP 	image_3: autoDraw = False
8.1776 	EXP 	image_3: image = 'slide 6.jpg'
8.1776 	EXP 	image_3: autoDraw = True
8.2694 	DATA 	Keypress: space
8.2698 	EXP 	New trial (rep=0, index=6): OrderedDict([('images', 'slide 7.jpg'), ('key', 'space')])
8.3093 	EXP 	image_3: autoDraw = False
8.3093 	EXP 	image_3: image = 'slide 7.jpg'
8.3093 	EXP 	image_3: autoDraw = True
8.6752 	DATA 	Keypress: space
8.6927 	EXP 	image_3: autoDraw = False
8.6927 	EXP 	text_2: autoDraw = True
9.4998 	DATA 	Keypress: space
9.5125 	EXP 	Imported nBack_list.xlsx as conditions, 100 conditions, 4 params
9.5132 	EXP 	Created sequence: sequential, trialTypes=100, nReps=1, seed=None
9.5135 	EXP 	New trial (rep=0, index=0): OrderedDict([('word', 'bless'), ('CORRanswer', 'l'), ('trialtype', 0), ('Hit_NoHit', 'NoHit')])
9.5312 	EXP 	text_2: autoDraw = False
9.5312 	EXP 	nBack_task_pres: text = 'bless'
9.5312 	EXP 	nBack_task_pres: autoDraw = True
10.6687 	DATA 	Keypress: l
11.0023 	EXP 	blank: autoDraw = True
11.0191 	DATA 	Keypress: l
11.0352 	EXP 	nBack_task_pres: autoDraw = False
11.2024 	EXP 	blank: autoDraw = False
11.2041 	EXP 	New trial (rep=0, index=1): OrderedDict([('word', 'nature'), ('CORRanswer', 'l'), ('trialtype', 0), ('Hit_NoHit', 'NoHit')])
11.2195 	EXP 	nBack_task_pres: autoDraw = False
11.2195 	EXP 	blank: autoDraw = False
11.2195 	EXP 	nBack_task_pres: text = 'nature'
11.2195 	EXP 	nBack_task_pres: autoDraw = True
11.6538 	DATA 	Keypress: l
12.1214 	DATA 	Keypress: l
12.3218 	DATA 	Keypress: l
12.7056 	EXP 	blank: autoDraw = True
12.7222 	EXP 	nBack_task_pres: autoDraw = False
12.9062 	EXP 	blank: autoDraw = False
12.9075 	EXP 	New trial (rep=0, index=2): OrderedDict([('word', 'carefree'), ('CORRanswer', 'l'), ('trialtype', 0), ('Hit_NoHit', 'NoHit')])
12.9228 	EXP 	nBack_task_pres: autoDraw = False
12.9228 	EXP 	blank: autoDraw = False
12.9228 	EXP 	nBack_task_pres: text = 'carefree'
12.9228 	EXP 	nBack_task_pres: autoDraw = True
14.4187 	EXP 	blank: autoDraw = True
14.4436 	EXP 	nBack_task_pres: autoDraw = False
14.6118 	EXP 	New trial (rep=0, index=3): OrderedDict([('word', 'nature'), ('CORRanswer', 'd'), ('trialtype', 1), ('Hit_NoHit', 'Hit')])
14.6320 	EXP 	nBack_task_pres: autoDraw = False
14.6320 	EXP 	blank: autoDraw = False
14.6320 	EXP 	nBack_task_pres: text = 'nature'
14.6320 	EXP 	nBack_task_pres: autoDraw = True
16.1112 	EXP 	blank: autoDraw = True
16.1395 	EXP 	nBack_task_pres: autoDraw = False
16.3044 	EXP 	New trial (rep=0, index=4): OrderedDict([('word', 'easygoing'), ('CORRanswer', 'l'), ('trialtype', 0), ('Hit_NoHit', 'NoHit')])
16.3227 	EXP 	nBack_task_pres: autoDraw = False
16.3227 	EXP 	blank: autoDraw = False
16.3227 	EXP 	nBack_task_pres: text = 'easygoing'
16.3227 	EXP 	nBack_task_pres: autoDraw = True
17.8072 	EXP 	blank: autoDraw = True
17.8231 	EXP 	nBack_task_pres: autoDraw = False
18.0110 	EXP 	blank: autoDraw = False
18.0120 	EXP 	New trial (rep=0, index=5): OrderedDict([('word', 'pillow'), ('CORRanswer', 'l'), ('trialtype', 0), ('Hit_NoHit', 'NoHit')])
18.0343 	EXP 	nBack_task_pres: autoDraw = False
18.0343 	EXP 	blank: autoDraw = False
18.0343 	EXP 	nBack_task_pres: text = 'pillow'
18.0343 	EXP 	nBack_task_pres: autoDraw = True
19.0815 	DATA 	Mouse: Left button down, pos=(1426,833)
19.1551 	DATA 	Mouse:  Left button up, pos=(1426,834)
19.5165 	EXP 	blank: autoDraw = True
19.5558 	EXP 	nBack_task_pres: autoDraw = False
19.6963 	DATA 	Keypress: escape
19.7037 	EXP 	window1: mouseVisible = True
