1.1773 	WARNING 	We strongly recommend you activate the PTB sound engine in PsychoPy prefs as the preferred audio engine. Its timing is vastly superior. Your prefs are currently set to use ['sounddevice', 'PTB', 'pyo', 'pygame'] (in that order).
1.9308 	WARNING 	Import Error: No module named 'psychtoolbox'. Using event module for keyboard component.
6.0342 	EXP 	Created window1 = Window(allowGUI=False, allowStencil=False, args=UNKNOWN, autoLog=True, bitsMode=UNKNOWN, blendMode='avg', bpc=(8, 8, 8), color=array([0., 0., 0.]), colorSpace='rgb', depthBits=8, fullscr=<method-wrapper '__getattribute__' of attributeSetter object at 0x7f3851497be0>, gamma=None, gammaErrorPolicy='raise', kwargs=UNKNOWN, lms=UNKNOWN, monitor=<psychopy.monitors.calibTools.Monitor object at 0x7f38422b7640>, multiSample=False, name='window1', numSamples=2, pos=[0.0, 0.0], screen=0, size=array([1680, 1050]), stencilBits=0, stereo=False, units='height', useFBO=True, useRetina=False, viewOri=0.0, viewPos=None, viewScale=None, waitBlanking=True, winType='pyglet')
6.0343 	EXP 	window1: recordFrameIntervals = False
6.2006 	EXP 	window1: recordFrameIntervals = True
6.3845 	EXP 	window1: recordFrameIntervals = False
6.4668 	EXP 	Created instr_nBack = TextStim(__class__=<class 'psychopy.visual.text.TextStim'>, alignHoriz=method-wrapper(...), alignText='center', alignVert=method-wrapper(...), anchorHoriz='center', anchorVert='center', antialias=True, autoLog=True, bold=False, color='black', colorSpace='named', contrast=1.0, depth=0.0, flipHoriz=False, flipVert=False, font='Arial', fontFiles=[], height=0.05, italic=False, languageStyle='LTR', name='instr_nBack', opacity=1.0, ori=0, pos=array([0., 0.]), rgb=array([0., 0., 0.]), text=str(...), units='height', win=Window(...), wrapWidth=1)
6.4695 	EXP 	Created image_3 = ImageStim(__class__=<class 'psychopy.visual.image.ImageStim'>, autoLog=True, color=array([1., 1., 1.]), colorSpace='rgb', contrast=1.0, depth=0.0, flipHoriz=False, flipVert=False, image='sin', interpolate=True, mask=None, maskParams=None, name='image_3', opacity=1.0, ori=0.0, pos=array([0., 0.]), size=array([1.8, 1. ]), texRes=128, units='height', win=Window(...))
6.4759 	EXP 	Created text_2 = TextStim(__class__=<class 'psychopy.visual.text.TextStim'>, alignHoriz=method-wrapper(...), alignText='center', alignVert=method-wrapper(...), anchorHoriz='center', anchorVert='center', antialias=True, autoLog=True, bold=False, color='black', colorSpace='named', contrast=1.0, depth=0.0, flipHoriz=False, flipVert=False, font='Arial', fontFiles=[], height=0.05, italic=False, languageStyle='LTR', name='text_2', opacity=1.0, ori=0, pos=array([0., 0.]), rgb=array([0., 0., 0.]), text=str(...), units='height', win=Window(...), wrapWidth=1)
6.4852 	EXP 	Created nBack_task_pres = TextStim(__class__=<class 'psychopy.visual.text.TextStim'>, alignHoriz=method-wrapper(...), alignText='center', alignVert=method-wrapper(...), anchorHoriz='center', anchorVert='center', antialias=True, autoLog=True, bold=False, color='white', colorSpace='named', contrast=1.0, depth=0.0, flipHoriz=False, flipVert=False, font='Arial', fontFiles=[], height=0.1, italic=False, languageStyle='LTR', name='nBack_task_pres', opacity=1.0, ori=0, pos=array([0., 0.]), rgb=array([255., 255., 255.]), text='default text', units='height', win=Window(...), wrapWidth=1)
6.4858 	EXP 	Created blank = TextStim(__class__=<class 'psychopy.visual.text.TextStim'>, alignHoriz=method-wrapper(...), alignText='center', alignVert=method-wrapper(...), anchorHoriz='center', anchorVert='center', antialias=True, autoLog=True, bold=False, color='white', colorSpace='named', contrast=1.0, depth=-1.0, flipHoriz=False, flipVert=False, font='Arial', fontFiles=[], height=0.1, italic=False, languageStyle='LTR', name='blank', opacity=1.0, ori=0, pos=array([0., 0.]), rgb=array([255., 255., 255.]), text='', units='height', win=Window(...), wrapWidth=1)
6.4920 	EXP 	Created text_3 = TextStim(__class__=<class 'psychopy.visual.text.TextStim'>, alignHoriz=method-wrapper(...), alignText='center', alignVert=method-wrapper(...), anchorHoriz='center', anchorVert='center', antialias=True, autoLog=True, bold=False, color='black', colorSpace='named', contrast=1.0, depth=0.0, flipHoriz=False, flipVert=False, font='Arial', fontFiles=[], height=0.05, italic=False, languageStyle='LTR', name='text_3', opacity=1.0, ori=0, pos=array([0., 0.]), rgb=array([0., 0., 0.]), text=str(...), units='height', win=Window(...), wrapWidth=1)
6.5026 	EXP 	Created InstTop = TextStim(__class__=<class 'psychopy.visual.text.TextStim'>, alignHoriz=method-wrapper(...), alignText='center', alignVert=method-wrapper(...), anchorHoriz='center', anchorVert='center', antialias=True, autoLog=True, bold=False, color='black', colorSpace='named', contrast=1.0, depth=0.0, flipHoriz=False, flipVert=False, font='bold', fontFiles=[], height=0.05, italic=False, languageStyle='LTR', name='InstTop', opacity=1.0, ori=0, pos=array([0. , 0.2]), rgb=array([0., 0., 0.]), text='default text', units='height', win=Window(...), wrapWidth=1.5)
6.5066 	EXP 	Created InstMiddle = TextStim(__class__=<class 'psychopy.visual.text.TextStim'>, alignHoriz=method-wrapper(...), alignText='center', alignVert=method-wrapper(...), anchorHoriz='center', anchorVert='center', antialias=True, autoLog=True, bold=False, color='black', colorSpace='named', contrast=1.0, depth=-1.0, flipHoriz=False, flipVert=False, font='Arial', fontFiles=[], height=0.05, italic=False, languageStyle='LTR', name='InstMiddle', opacity=1.0, ori=0, pos=array([0. , 0.1]), rgb=array([0., 0., 0.]), text='default text', units='height', win=Window(...), wrapWidth=1.5)
6.5087 	EXP 	Created InstrBottom = TextStim(__class__=<class 'psychopy.visual.text.TextStim'>, alignHoriz=method-wrapper(...), alignText='center', alignVert=method-wrapper(...), anchorHoriz='center', anchorVert='center', antialias=True, autoLog=True, bold=False, color='black', colorSpace='named', contrast=1.0, depth=-2.0, flipHoriz=False, flipVert=False, font='Arial', fontFiles=[], height=0.05, italic=False, languageStyle='LTR', name='InstrBottom', opacity=1.0, ori=0, pos=array([ 0. , -0.4]), rgb=array([0., 0., 0.]), text='default text', units='height', win=Window(...), wrapWidth=1.5)
6.5115 	EXP 	Created fix = TextStim(__class__=<class 'psychopy.visual.text.TextStim'>, alignHoriz=method-wrapper(...), alignText='center', alignVert=method-wrapper(...), anchorHoriz='center', anchorVert='center', antialias=True, autoLog=True, bold=False, color='black', colorSpace='named', contrast=1.0, depth=0.0, flipHoriz=False, flipVert=False, font='Arial', fontFiles=[], height=0.1, italic=False, languageStyle='LTR', name='fix', opacity=1.0, ori=0, pos=array([0., 0.]), rgb=array([0., 0., 0.]), text='+', units='height', win=Window(...), wrapWidth=1)
6.5135 	EXP 	Created object_id = ImageStim(__class__=<class 'psychopy.visual.image.ImageStim'>, autoLog=True, color=array([1., 1., 1.]), colorSpace='rgb', contrast=1.0, depth=0.0, flipHoriz=False, flipVert=False, image='sin', interpolate=True, mask=None, maskParams=None, name='object_id', opacity=1.0, ori=0.0, pos=array([0. , 0.2]), size=array([0.5, 0.5]), texRes=128, units='height', win=Window(...))
6.5214 	EXP 	Created prompt_id = TextStim(__class__=<class 'psychopy.visual.text.TextStim'>, alignHoriz=method-wrapper(...), alignText='center', alignVert=method-wrapper(...), anchorHoriz='center', anchorVert='center', antialias=True, autoLog=True, bold=False, color='black', colorSpace='named', contrast=1.0, depth=-1.0, flipHoriz=False, flipVert=False, font='Arial', fontFiles=[], height=0.05, italic=False, languageStyle='LTR', name='prompt_id', opacity=1.0, ori=0, pos=array([ 0.  , -0.12]), rgb=array([0., 0., 0.]), text='Have you seen this object before?', units='height', win=Window(...), wrapWidth=1)
6.5280 	EXP 	Created prompt_id2 = TextStim(__class__=<class 'psychopy.visual.text.TextStim'>, alignHoriz=method-wrapper(...), alignText='center', alignVert=method-wrapper(...), anchorHoriz='center', anchorVert='center', antialias=True, autoLog=True, bold=False, color='black', colorSpace='named', contrast=1.0, depth=-2.0, flipHoriz=False, flipVert=False, font='Arial', fontFiles=[], height=0.1, italic=False, languageStyle='LTR', name='prompt_id2', opacity=1.0, ori=0, pos=array([ 0. , -0.3]), rgb=array([0., 0., 0.]), text='YES               NO', units='height', win=Window(...), wrapWidth=1.5)
6.5299 	EXP 	Created feedb_objectID = ImageStim(__class__=<class 'psychopy.visual.image.ImageStim'>, autoLog=True, color=array([1., 1., 1.]), colorSpace='rgb', contrast=1.0, depth=-1.0, flipHoriz=False, flipVert=False, image='sin', interpolate=True, mask=None, maskParams=None, name='feedb_objectID', opacity=1.0, ori=0.0, pos=array([0. , 0.2]), size=array([0.5, 0.5]), texRes=128, units='height', win=Window(...))
6.5315 	EXP 	Created identity_fedb = Rect(__class__=<class 'psychopy.visual.rect.Rect'>, autoDraw=False, autoLog=True, closeShape=True, color=method-wrapper(...), colorSpace=None, contrast=1.0, depth=-2.0, fillColor=array([0., 0., 0.]), fillColorSpace='rgb', fillRGB=array([0., 0., 0.]), interpolate=True, lineColor=array([1., 1., 1.]), lineColorSpace='rgb', lineRGB=array([1., 1., 1.]), lineWidth=5, name='identity_fedb', opacity=1.0, ori=array(0.), pos=array([0., 0.]), size=array([0.25, 0.25]), units='height', vertices=ndarray(...), win=Window(...))
6.5335 	EXP 	Created feedb_id = TextStim(__class__=<class 'psychopy.visual.text.TextStim'>, alignHoriz=method-wrapper(...), alignText='center', alignVert=method-wrapper(...), anchorHoriz='center', anchorVert='center', antialias=True, autoLog=True, bold=False, color='black', colorSpace='named', contrast=1.0, depth=-3.0, flipHoriz=False, flipVert=False, font='Arial', fontFiles=[], height=0.1, italic=False, languageStyle='LTR', name='feedb_id', opacity=1.0, ori=0, pos=array([ 0. , -0.3]), rgb=array([0., 0., 0.]), text='YES               NO', units='height', win=Window(...), wrapWidth=1.5)
6.5490 	EXP 	Created feedb_idPrompt = TextStim(__class__=<class 'psychopy.visual.text.TextStim'>, alignHoriz=method-wrapper(...), alignText='center', alignVert=method-wrapper(...), anchorHoriz='center', anchorVert='center', antialias=True, autoLog=True, bold=False, color='black', colorSpace='named', contrast=1.0, depth=-4.0, flipHoriz=False, flipVert=False, font='arial', fontFiles=[], height=0.05, italic=False, languageStyle='LTR', name='feedb_idPrompt', opacity=1.0, ori=0, pos=array([ 0.  , -0.12]), rgb=array([0., 0., 0.]), text='Have you seen this object before?', units='height', win=Window(...), wrapWidth=1)
6.5509 	EXP 	Created object_id2 = ImageStim(__class__=<class 'psychopy.visual.image.ImageStim'>, autoLog=True, color=array([1., 1., 1.]), colorSpace='rgb', contrast=1.0, depth=-1.0, flipHoriz=False, flipVert=False, image='sin', interpolate=True, mask=None, maskParams=None, name='object_id2', opacity=1.0, ori=0.0, pos=array([0. , 0.2]), size=array([0.5, 0.5]), texRes=128, units='height', win=Window(...))
6.5580 	EXP 	Created conf_choiceprompt = TextStim(__class__=<class 'psychopy.visual.text.TextStim'>, alignHoriz=method-wrapper(...), alignText='center', alignVert=method-wrapper(...), anchorHoriz='center', anchorVert='center', antialias=True, autoLog=True, bold=False, color='black', colorSpace='named', contrast=1.0, depth=-2.0, flipHoriz=False, flipVert=False, font='Arial', fontFiles=[], height=0.05, italic=False, languageStyle='LTR', name='conf_choiceprompt', opacity=1.0, ori=0, pos=array([ 0.  , -0.12]), rgb=array([0., 0., 0.]), text='How sure are you of your response?', units='height', win=Window(...), wrapWidth=1)
6.5774 	EXP 	Created image = ImageStim(__class__=<class 'psychopy.visual.image.ImageStim'>, autoLog=True, color=array([1., 1., 1.]), colorSpace='rgb', contrast=1.0, depth=-3.0, flipHoriz=False, flipVert=False, image='mem_optionsENG.png', interpolate=True, mask=None, maskParams=None, name='image', opacity=1.0, ori=0.0, pos=array([ 0.  , -0.35]), size=array([1.3, 0.4]), texRes=128, units='height', win=Window(...))
6.5793 	EXP 	Created object_id3 = ImageStim(__class__=<class 'psychopy.visual.image.ImageStim'>, autoLog=True, color=array([1., 1., 1.]), colorSpace='rgb', contrast=1.0, depth=-1.0, flipHoriz=False, flipVert=False, image='sin', interpolate=True, mask=None, maskParams=None, name='object_id3', opacity=1.0, ori=0.0, pos=array([0. , 0.2]), size=array([0.5, 0.5]), texRes=128, units='height', win=Window(...))
6.5809 	EXP 	Created image_2 = ImageStim(__class__=<class 'psychopy.visual.image.ImageStim'>, autoLog=True, color=array([1., 1., 1.]), colorSpace='rgb', contrast=1.0, depth=-2.0, flipHoriz=False, flipVert=False, image='sin', interpolate=True, mask=None, maskParams=None, name='image_2', opacity=1.0, ori=0.0, pos=array([ 0.  , -0.35]), size=array([1.3, 0.4]), texRes=128, units='height', win=Window(...))
6.5842 	EXP 	Created conf_choicefeedbprompt = TextStim(__class__=<class 'psychopy.visual.text.TextStim'>, alignHoriz=method-wrapper(...), alignText='center', alignVert=method-wrapper(...), anchorHoriz='center', anchorVert='center', antialias=True, autoLog=True, bold=False, color='black', colorSpace='named', contrast=1.0, depth=-3.0, flipHoriz=False, flipVert=False, font='arial', fontFiles=[], height=0.05, italic=False, languageStyle='LTR', name='conf_choicefeedbprompt', opacity=1.0, ori=0, pos=array([ 0.  , -0.12]), rgb=array([0., 0., 0.]), text='How sure are you of your response?', units='height', win=Window(...), wrapWidth=1)
6.5876 	EXP 	Created text = TextStim(__class__=<class 'psychopy.visual.text.TextStim'>, alignHoriz=method-wrapper(...), alignText='center', alignVert=method-wrapper(...), anchorHoriz='center', anchorVert='center', antialias=True, autoLog=True, bold=False, color='black', colorSpace='named', contrast=1.0, depth=0.0, flipHoriz=False, flipVert=False, font='Arial', fontFiles=[], height=0.05, italic=False, languageStyle='LTR', name='text', opacity=1.0, ori=0, pos=array([0., 0.]), rgb=array([0., 0., 0.]), text='default text', units='height', win=Window(...), wrapWidth=1)
6.6027 	EXP 	instr_nBack: autoDraw = True
7.6636 	DATA 	Keypress: space
7.6717 	EXP 	Imported illustrations.xlsx as conditions, 7 conditions, 2 params
7.6720 	EXP 	Created sequence: sequential, trialTypes=7, nReps=1, seed=None
7.6723 	EXP 	New trial (rep=0, index=0): OrderedDict([('images', 'slide 1.jpg'), ('key', 'space')])
7.7136 	EXP 	instr_nBack: autoDraw = False
7.7136 	EXP 	image_3: image = 'slide 1.jpg'
7.7136 	EXP 	image_3: autoDraw = True
8.0170 	DATA 	Keypress: space
8.0174 	EXP 	New trial (rep=0, index=1): OrderedDict([('images', 'slide 2.jpg'), ('key', 'l')])
8.0560 	EXP 	image_3: autoDraw = False
8.0560 	EXP 	image_3: image = 'slide 2.jpg'
8.0560 	EXP 	image_3: autoDraw = True
8.4308 	DATA 	Keypress: space
8.4313 	EXP 	New trial (rep=0, index=2): OrderedDict([('images', 'slide 3.jpg'), ('key', 'l')])
8.4700 	EXP 	image_3: autoDraw = False
8.4700 	EXP 	image_3: image = 'slide 3.jpg'
8.4700 	EXP 	image_3: autoDraw = True
8.7498 	DATA 	Keypress: space
8.7502 	EXP 	New trial (rep=0, index=3): OrderedDict([('images', 'slide 4.jpg'), ('key', 'l')])
8.7880 	EXP 	image_3: autoDraw = False
8.7880 	EXP 	image_3: image = 'slide 4.jpg'
8.7880 	EXP 	image_3: autoDraw = True
9.1032 	DATA 	Keypress: space
9.1036 	EXP 	New trial (rep=0, index=4): OrderedDict([('images', 'slide 5.jpg'), ('key', 'd')])
9.1431 	EXP 	image_3: autoDraw = False
9.1431 	EXP 	image_3: image = 'slide 5.jpg'
9.1431 	EXP 	image_3: autoDraw = True
9.4294 	DATA 	Keypress: space
9.4298 	EXP 	New trial (rep=0, index=5): OrderedDict([('images', 'slide 6.jpg'), ('key', 'l')])
9.4681 	EXP 	image_3: autoDraw = False
9.4681 	EXP 	image_3: image = 'slide 6.jpg'
9.4681 	EXP 	image_3: autoDraw = True
10.0058 	DATA 	Keypress: space
10.0061 	EXP 	New trial (rep=0, index=6): OrderedDict([('images', 'slide 7.jpg'), ('key', 'space')])
10.0454 	EXP 	image_3: autoDraw = False
10.0454 	EXP 	image_3: image = 'slide 7.jpg'
10.0454 	EXP 	image_3: autoDraw = True
11.0544 	DATA 	Keypress: space
11.0719 	EXP 	image_3: autoDraw = False
11.0719 	EXP 	text_2: autoDraw = True
14.1375 	DATA 	Keypress: space
14.1622 	EXP 	Imported nBack_list.xlsx as conditions, 100 conditions, 4 params
14.1629 	EXP 	Created sequence: sequential, trialTypes=100, nReps=1, seed=None
14.1632 	EXP 	New trial (rep=0, index=0): OrderedDict([('word', 'bless'), ('CORRanswer', 'l'), ('trialtype', 0), ('Hit_NoHit', 'NoHit')])
14.1809 	EXP 	text_2: autoDraw = False
14.1809 	EXP 	nBack_task_pres: text = 'bless'
14.1809 	EXP 	nBack_task_pres: autoDraw = True
15.6520 	EXP 	blank: autoDraw = True
15.6690 	DATA 	Keypress: l
15.6706 	EXP 	New trial (rep=0, index=1): OrderedDict([('word', 'nature'), ('CORRanswer', 'l'), ('trialtype', 0), ('Hit_NoHit', 'NoHit')])
15.6855 	EXP 	nBack_task_pres: autoDraw = False
15.6855 	EXP 	nBack_task_pres: autoDraw = False
15.6855 	EXP 	blank: autoDraw = False
15.6855 	EXP 	nBack_task_pres: text = 'nature'
15.6855 	EXP 	nBack_task_pres: autoDraw = True
16.6711 	DATA 	Keypress: d
16.6723 	EXP 	New trial (rep=0, index=2): OrderedDict([('word', 'carefree'), ('CORRanswer', 'l'), ('trialtype', 0), ('Hit_NoHit', 'NoHit')])
16.6875 	EXP 	nBack_task_pres: autoDraw = False
16.6875 	EXP 	blank: autoDraw = False
16.6875 	EXP 	nBack_task_pres: text = 'carefree'
16.6875 	EXP 	nBack_task_pres: autoDraw = True
17.1385 	DATA 	Keypress: escape
17.1450 	EXP 	window1: mouseVisible = True
