1.0136 	WARNING 	We strongly recommend you activate the PTB sound engine in PsychoPy prefs as the preferred audio engine. Its timing is vastly superior. Your prefs are currently set to use ['sounddevice', 'PTB', 'pyo', 'pygame'] (in that order).
1.6265 	WARNING 	Import Error: No module named 'psychtoolbox'. Using event module for keyboard component.
4.9935 	EXP 	Created window1 = Window(allowGUI=False, allowStencil=False, args=UNKNOWN, autoLog=True, bitsMode=UNKNOWN, blendMode='avg', bpc=(8, 8, 8), color=array([0., 0., 0.]), colorSpace='rgb', depthBits=8, fullscr=<method-wrapper '__getattribute__' of attributeSetter object at 0x7f6c9aaeab20>, gamma=None, gammaErrorPolicy='raise', kwargs=UNKNOWN, lms=UNKNOWN, monitor=<psychopy.monitors.calibTools.Monitor object at 0x7f6c9aab1580>, multiSample=False, name='window1', numSamples=2, pos=[0.0, 0.0], screen=0, size=array([1680, 1050]), stencilBits=0, stereo=False, units='height', useFBO=True, useRetina=False, viewOri=0.0, viewPos=None, viewScale=None, waitBlanking=True, winType='pyglet')
4.9936 	EXP 	window1: recordFrameIntervals = False
5.1600 	EXP 	window1: recordFrameIntervals = True
5.3439 	EXP 	window1: recordFrameIntervals = False
5.3980 	EXP 	Created InstTop = TextStim(__class__=<class 'psychopy.visual.text.TextStim'>, alignHoriz=method-wrapper(...), alignText='center', alignVert=method-wrapper(...), anchorHoriz='center', anchorVert='center', antialias=True, autoLog=True, bold=False, color='black', colorSpace='named', contrast=1.0, depth=0.0, flipHoriz=False, flipVert=False, font='bold', fontFiles=[], height=0.05, italic=False, languageStyle='LTR', name='InstTop', opacity=1.0, ori=0, pos=array([0. , 0.2]), rgb=array([0., 0., 0.]), text='default text', units='height', win=Window(...), wrapWidth=1.5)
5.4065 	EXP 	Created InstMiddle = TextStim(__class__=<class 'psychopy.visual.text.TextStim'>, alignHoriz=method-wrapper(...), alignText='center', alignVert=method-wrapper(...), anchorHoriz='center', anchorVert='center', antialias=True, autoLog=True, bold=False, color='black', colorSpace='named', contrast=1.0, depth=-1.0, flipHoriz=False, flipVert=False, font='Arial', fontFiles=[], height=0.05, italic=False, languageStyle='LTR', name='InstMiddle', opacity=1.0, ori=0, pos=array([0. , 0.1]), rgb=array([0., 0., 0.]), text='default text', units='height', win=Window(...), wrapWidth=1.5)
5.4083 	EXP 	Created InstrBottom = TextStim(__class__=<class 'psychopy.visual.text.TextStim'>, alignHoriz=method-wrapper(...), alignText='center', alignVert=method-wrapper(...), anchorHoriz='center', anchorVert='center', antialias=True, autoLog=True, bold=False, color='black', colorSpace='named', contrast=1.0, depth=-2.0, flipHoriz=False, flipVert=False, font='Arial', fontFiles=[], height=0.05, italic=False, languageStyle='LTR', name='InstrBottom', opacity=1.0, ori=0, pos=array([ 0. , -0.4]), rgb=array([0., 0., 0.]), text='default text', units='height', win=Window(...), wrapWidth=1.5)
5.4155 	EXP 	Created fix = TextStim(__class__=<class 'psychopy.visual.text.TextStim'>, alignHoriz=method-wrapper(...), alignText='center', alignVert=method-wrapper(...), anchorHoriz='center', anchorVert='center', antialias=True, autoLog=True, bold=False, color='black', colorSpace='named', contrast=1.0, depth=0.0, flipHoriz=False, flipVert=False, font='Arial', fontFiles=[], height=0.1, italic=False, languageStyle='LTR', name='fix', opacity=1.0, ori=0, pos=array([0., 0.]), rgb=array([0., 0., 0.]), text='+', units='height', win=Window(...), wrapWidth=1)
5.4177 	EXP 	Created object_id = ImageStim(__class__=<class 'psychopy.visual.image.ImageStim'>, autoLog=True, color=array([1., 1., 1.]), colorSpace='rgb', contrast=1.0, depth=0.0, flipHoriz=False, flipVert=False, image='sin', interpolate=True, mask=None, maskParams=None, name='object_id', opacity=1.0, ori=0.0, pos=array([0. , 0.2]), size=array([0.5, 0.5]), texRes=128, units='height', win=Window(...))
5.4265 	EXP 	Created prompt_id = TextStim(__class__=<class 'psychopy.visual.text.TextStim'>, alignHoriz=method-wrapper(...), alignText='center', alignVert=method-wrapper(...), anchorHoriz='center', anchorVert='center', antialias=True, autoLog=True, bold=False, color='black', colorSpace='named', contrast=1.0, depth=-1.0, flipHoriz=False, flipVert=False, font='Arial', fontFiles=[], height=0.05, italic=False, languageStyle='LTR', name='prompt_id', opacity=1.0, ori=0, pos=array([ 0.  , -0.12]), rgb=array([0., 0., 0.]), text='Have you seen this object before?', units='height', win=Window(...), wrapWidth=1)
5.4312 	EXP 	Created prompt_id2 = TextStim(__class__=<class 'psychopy.visual.text.TextStim'>, alignHoriz=method-wrapper(...), alignText='center', alignVert=method-wrapper(...), anchorHoriz='center', anchorVert='center', antialias=True, autoLog=True, bold=False, color='black', colorSpace='named', contrast=1.0, depth=-2.0, flipHoriz=False, flipVert=False, font='Arial', fontFiles=[], height=0.1, italic=False, languageStyle='LTR', name='prompt_id2', opacity=1.0, ori=0, pos=array([ 0. , -0.3]), rgb=array([0., 0., 0.]), text='YES               NO', units='height', win=Window(...), wrapWidth=1.5)
5.4331 	EXP 	Created feedb_objectID = ImageStim(__class__=<class 'psychopy.visual.image.ImageStim'>, autoLog=True, color=array([1., 1., 1.]), colorSpace='rgb', contrast=1.0, depth=-1.0, flipHoriz=False, flipVert=False, image='sin', interpolate=True, mask=None, maskParams=None, name='feedb_objectID', opacity=1.0, ori=0.0, pos=array([0. , 0.2]), size=array([0.5, 0.5]), texRes=128, units='height', win=Window(...))
5.4347 	EXP 	Created identity_fedb = Rect(__class__=<class 'psychopy.visual.rect.Rect'>, autoDraw=False, autoLog=True, closeShape=True, color=method-wrapper(...), colorSpace=None, contrast=1.0, depth=-2.0, fillColor=array([0., 0., 0.]), fillColorSpace='rgb', fillRGB=array([0., 0., 0.]), interpolate=True, lineColor=array([1., 1., 1.]), lineColorSpace='rgb', lineRGB=array([1., 1., 1.]), lineWidth=5, name='identity_fedb', opacity=1.0, ori=array(0.), pos=array([0., 0.]), size=array([0.25, 0.25]), units='height', vertices=ndarray(...), win=Window(...))
5.4368 	EXP 	Created feedb_id = TextStim(__class__=<class 'psychopy.visual.text.TextStim'>, alignHoriz=method-wrapper(...), alignText='center', alignVert=method-wrapper(...), anchorHoriz='center', anchorVert='center', antialias=True, autoLog=True, bold=False, color='black', colorSpace='named', contrast=1.0, depth=-3.0, flipHoriz=False, flipVert=False, font='Arial', fontFiles=[], height=0.1, italic=False, languageStyle='LTR', name='feedb_id', opacity=1.0, ori=0, pos=array([ 0. , -0.3]), rgb=array([0., 0., 0.]), text='YES               NO', units='height', win=Window(...), wrapWidth=1.5)
5.4472 	EXP 	Created feedb_idPrompt = TextStim(__class__=<class 'psychopy.visual.text.TextStim'>, alignHoriz=method-wrapper(...), alignText='center', alignVert=method-wrapper(...), anchorHoriz='center', anchorVert='center', antialias=True, autoLog=True, bold=False, color='black', colorSpace='named', contrast=1.0, depth=-4.0, flipHoriz=False, flipVert=False, font='arial', fontFiles=[], height=0.05, italic=False, languageStyle='LTR', name='feedb_idPrompt', opacity=1.0, ori=0, pos=array([ 0.  , -0.12]), rgb=array([0., 0., 0.]), text='Have you seen this object before?', units='height', win=Window(...), wrapWidth=1)
5.4492 	EXP 	Created object_id2 = ImageStim(__class__=<class 'psychopy.visual.image.ImageStim'>, autoLog=True, color=array([1., 1., 1.]), colorSpace='rgb', contrast=1.0, depth=-1.0, flipHoriz=False, flipVert=False, image='sin', interpolate=True, mask=None, maskParams=None, name='object_id2', opacity=1.0, ori=0.0, pos=array([0. , 0.2]), size=array([0.5, 0.5]), texRes=128, units='height', win=Window(...))
5.4558 	EXP 	Created conf_choiceprompt = TextStim(__class__=<class 'psychopy.visual.text.TextStim'>, alignHoriz=method-wrapper(...), alignText='center', alignVert=method-wrapper(...), anchorHoriz='center', anchorVert='center', antialias=True, autoLog=True, bold=False, color='black', colorSpace='named', contrast=1.0, depth=-2.0, flipHoriz=False, flipVert=False, font='Arial', fontFiles=[], height=0.05, italic=False, languageStyle='LTR', name='conf_choiceprompt', opacity=1.0, ori=0, pos=array([ 0.  , -0.12]), rgb=array([0., 0., 0.]), text='How sure are you of your response?', units='height', win=Window(...), wrapWidth=1)
5.4721 	EXP 	Created image = ImageStim(__class__=<class 'psychopy.visual.image.ImageStim'>, autoLog=True, color=array([1., 1., 1.]), colorSpace='rgb', contrast=1.0, depth=-3.0, flipHoriz=False, flipVert=False, image='mem_optionsENG.png', interpolate=True, mask=None, maskParams=None, name='image', opacity=1.0, ori=0.0, pos=array([ 0.  , -0.35]), size=array([1.3, 0.4]), texRes=128, units='height', win=Window(...))
5.4739 	EXP 	Created object_id3 = ImageStim(__class__=<class 'psychopy.visual.image.ImageStim'>, autoLog=True, color=array([1., 1., 1.]), colorSpace='rgb', contrast=1.0, depth=-1.0, flipHoriz=False, flipVert=False, image='sin', interpolate=True, mask=None, maskParams=None, name='object_id3', opacity=1.0, ori=0.0, pos=array([0. , 0.2]), size=array([0.5, 0.5]), texRes=128, units='height', win=Window(...))
5.4756 	EXP 	Created image_2 = ImageStim(__class__=<class 'psychopy.visual.image.ImageStim'>, autoLog=True, color=array([1., 1., 1.]), colorSpace='rgb', contrast=1.0, depth=-2.0, flipHoriz=False, flipVert=False, image='sin', interpolate=True, mask=None, maskParams=None, name='image_2', opacity=1.0, ori=0.0, pos=array([ 0.  , -0.35]), size=array([1.3, 0.4]), texRes=128, units='height', win=Window(...))
5.4814 	EXP 	Created conf_choicefeedbprompt = TextStim(__class__=<class 'psychopy.visual.text.TextStim'>, alignHoriz=method-wrapper(...), alignText='center', alignVert=method-wrapper(...), anchorHoriz='center', anchorVert='center', antialias=True, autoLog=True, bold=False, color='black', colorSpace='named', contrast=1.0, depth=-3.0, flipHoriz=False, flipVert=False, font='arial', fontFiles=[], height=0.05, italic=False, languageStyle='LTR', name='conf_choicefeedbprompt', opacity=1.0, ori=0, pos=array([ 0.  , -0.12]), rgb=array([0., 0., 0.]), text='How sure are you of your response?', units='height', win=Window(...), wrapWidth=1)
5.4865 	EXP 	Created text = TextStim(__class__=<class 'psychopy.visual.text.TextStim'>, alignHoriz=method-wrapper(...), alignText='center', alignVert=method-wrapper(...), anchorHoriz='center', anchorVert='center', antialias=True, autoLog=True, bold=False, color='black', colorSpace='named', contrast=1.0, depth=0.0, flipHoriz=False, flipVert=False, font='Arial', fontFiles=[], height=0.05, italic=False, languageStyle='LTR', name='text', opacity=1.0, ori=0, pos=array([0., 0.]), rgb=array([0., 0., 0.]), text='default text', units='height', win=Window(...), wrapWidth=1)
5.4914 	EXP 	Imported InstructionsPhase3.csv as conditions, 3 conditions, 3 params
5.4917 	EXP 	Created sequence: sequential, trialTypes=3, nReps=1, seed=None
5.4920 	EXP 	New trial (rep=0, index=0): OrderedDict([('text1', 'Welcome to the last phase of this experiment!'), ('text2', '.'), ('text3', 'Please press the space bar to continue')])
5.5151 	EXP 	InstTop: text = 'Welcome to the last phase of this experiment!'
5.5151 	EXP 	InstMiddle: text = '.'
5.5151 	EXP 	InstrBottom: text = 'Please press the space bar to continue'
5.5151 	EXP 	InstTop: autoDraw = True
5.5151 	EXP 	InstMiddle: autoDraw = True
5.5151 	EXP 	InstrBottom: autoDraw = True
6.8304 	DATA 	Keypress: space
6.8314 	EXP 	New trial (rep=0, index=1): OrderedDict([('text1', '.'), ('text2', 'In this phase, you will see some objects. \n\nFor each object, you should indicate whether you have seen it before during the experiment.\n\nPress LEFT ARROW for YES\nPress RIGHT ARROW for NO\n\n'), ('text3', 'Please press the space bar to continue ')])
6.8621 	EXP 	InstTop: autoDraw = False
6.8621 	EXP 	InstMiddle: autoDraw = False
6.8621 	EXP 	InstrBottom: autoDraw = False
6.8621 	EXP 	InstTop: text = '.'
6.8621 	EXP 	InstMiddle: text = 'In this phase, you will see some objects. \n\nFor each object, you should indicate whether you have seen it before during the experiment.\n\nPress LEFT ARROW for YES\nPress RIGHT ARROW for NO\n\n'
6.8621 	EXP 	InstrBottom: text = 'Please press the space bar to continue '
6.8621 	EXP 	InstTop: autoDraw = True
6.8621 	EXP 	InstMiddle: autoDraw = True
6.8621 	EXP 	InstrBottom: autoDraw = True
7.0808 	DATA 	Keypress: space
7.0814 	EXP 	New trial (rep=0, index=2): OrderedDict([('text1', '.'), ('text2', 'After that, you will be asked how confident you are of your choice.\n\nPlease rate the confidence in your choice with the numbers from 1 to 4 of your keyboard. \n\nThe numbers correspond to:\n\n1 = Very unsure\n2 = Unsure\n3 = Sure\n4 = Very Sure'), ('text3', 'Please press the space bar to continue')])
7.1060 	EXP 	InstTop: autoDraw = False
7.1060 	EXP 	InstMiddle: autoDraw = False
7.1060 	EXP 	InstrBottom: autoDraw = False
7.1060 	EXP 	InstTop: text = '.'
7.1060 	EXP 	InstMiddle: text = 'After that, you will be asked how confident you are of your choice.\n\nPlease rate the confidence in your choice with the numbers from 1 to 4 of your keyboard. \n\nThe numbers correspond to:\n\n1 = Very unsure\n2 = Unsure\n3 = Sure\n4 = Very Sure'
7.1060 	EXP 	InstrBottom: text = 'Please press the space bar to continue'
7.1060 	EXP 	InstTop: autoDraw = True
7.1060 	EXP 	InstMiddle: autoDraw = True
7.1060 	EXP 	InstrBottom: autoDraw = True
7.3313 	DATA 	Keypress: space
7.3345 	EXP 	Imported select_list4.csv as conditions, 2 conditions, 1 params
7.3347 	EXP 	Created sequence: sequential, trialTypes=2, nReps=1, seed=None
7.3349 	EXP 	New trial (rep=0, index=0): OrderedDict([('recog_list', 'condition_files/ImagesforRecog4_1.csv')])
7.3408 	EXP 	Imported condition_files/ImagesforRecog4_1.csv as conditions, 90 conditions, 4 params
7.3430 	EXP 	Created sequence: random, trialTypes=90, nReps=1, seed=None
7.3432 	EXP 	New trial (rep=0, index=0): OrderedDict([('images', 'stimuli/objects/crocodileclips'), ('type', 'old'), ('corr_ans', 'left'), ('order', 81)])
7.3524 	EXP 	InstTop: autoDraw = False
7.3524 	EXP 	InstMiddle: autoDraw = False
7.3524 	EXP 	InstrBottom: autoDraw = False
7.3524 	EXP 	fix: autoDraw = True
7.5146 	DATA 	Keypress: space
7.7383 	DATA 	Keypress: space
7.8324 	WARNING 	Requested image 'stimuli/objects/crocodileclips' not found but similar filename 'stimuli/objects/crocodileclips.jpg' exists. This will be used instead but changing the filename is advised.
7.9488 	EXP 	fix: autoDraw = False
7.9488 	EXP 	object_id: image = 'stimuli/objects/crocodileclips'
7.9488 	EXP 	object_id: autoDraw = True
7.9488 	EXP 	prompt_id: autoDraw = True
7.9488 	EXP 	prompt_id2: autoDraw = True
9.4715 	DATA 	Keypress: right
9.4726 	WARNING 	Requested image 'stimuli/objects/crocodileclips' not found but similar filename 'stimuli/objects/crocodileclips.jpg' exists. This will be used instead but changing the filename is advised.
9.5770 	EXP 	object_id: autoDraw = False
9.5770 	EXP 	prompt_id: autoDraw = False
9.5770 	EXP 	prompt_id2: autoDraw = False
9.5770 	EXP 	feedb_objectID: image = 'stimuli/objects/crocodileclips'
9.5770 	EXP 	identity_fedb: pos = array([ 0.3, -0.3])
9.5770 	EXP 	feedb_objectID: autoDraw = True
9.5770 	EXP 	identity_fedb: autoDraw = True
9.5770 	EXP 	feedb_id: autoDraw = True
9.5770 	EXP 	feedb_idPrompt: autoDraw = True
9.9900 	WARNING 	Requested image 'stimuli/objects/crocodileclips' not found but similar filename 'stimuli/objects/crocodileclips.jpg' exists. This will be used instead but changing the filename is advised.
10.0944 	EXP 	feedb_objectID: autoDraw = False
10.0944 	EXP 	identity_fedb: autoDraw = False
10.0944 	EXP 	feedb_id: autoDraw = False
10.0944 	EXP 	feedb_idPrompt: autoDraw = False
10.0944 	EXP 	object_id2: image = 'stimuli/objects/crocodileclips'
10.0944 	EXP 	object_id2: autoDraw = True
10.0944 	EXP 	conf_choiceprompt: autoDraw = True
10.0944 	EXP 	image: autoDraw = True
11.6946 	DATA 	Keypress: 2
11.6952 	WARNING 	Requested image 'stimuli/objects/crocodileclips' not found but similar filename 'stimuli/objects/crocodileclips.jpg' exists. This will be used instead but changing the filename is advised.
11.8183 	EXP 	object_id2: autoDraw = False
11.8183 	EXP 	conf_choiceprompt: autoDraw = False
11.8183 	EXP 	image: autoDraw = False
11.8183 	EXP 	object_id3: image = 'stimuli/objects/crocodileclips'
11.8183 	EXP 	image_2: image = 'mem_optionsENG2.png'
11.8183 	EXP 	object_id3: autoDraw = True
11.8183 	EXP 	image_2: autoDraw = True
11.8183 	EXP 	conf_choicefeedbprompt: autoDraw = True
12.1967 	EXP 	New trial (rep=0, index=1): OrderedDict([('images', 'stimuli/objects/hourglass'), ('type', 'new'), ('corr_ans', 'right'), ('order', 46)])
12.2068 	EXP 	object_id3: autoDraw = False
12.2068 	EXP 	image_2: autoDraw = False
12.2068 	EXP 	conf_choicefeedbprompt: autoDraw = False
12.2068 	EXP 	fix: autoDraw = True
12.6915 	WARNING 	Requested image 'stimuli/objects/hourglass' not found but similar filename 'stimuli/objects/hourglass.jpg' exists. This will be used instead but changing the filename is advised.
12.7942 	EXP 	fix: autoDraw = False
12.7942 	EXP 	fix: autoDraw = False
12.7942 	EXP 	object_id: image = 'stimuli/objects/hourglass'
12.7942 	EXP 	object_id: autoDraw = True
12.7942 	EXP 	prompt_id: autoDraw = True
12.7942 	EXP 	prompt_id2: autoDraw = True
13.3789 	DATA 	Keypress: escape
13.3857 	EXP 	window1: mouseVisible = True
