1.0570 	WARNING 	We strongly recommend you activate the PTB sound engine in PsychoPy prefs as the preferred audio engine. Its timing is vastly superior. Your prefs are currently set to use ['sounddevice', 'PTB', 'pyo', 'pygame'] (in that order).
1.7332 	WARNING 	Import Error: No module named 'psychtoolbox'. Using event module for keyboard component.
4.2216 	EXP 	Created window1 = Window(allowGUI=False, allowStencil=False, args=UNKNOWN, autoLog=True, bitsMode=UNKNOWN, blendMode='avg', bpc=(8, 8, 8), color=array([0., 0., 0.]), colorSpace='rgb', depthBits=8, fullscr=<method-wrapper '__getattribute__' of attributeSetter object at 0x7fd2372feb20>, gamma=None, gammaErrorPolicy='raise', kwargs=UNKNOWN, lms=UNKNOWN, monitor=<psychopy.monitors.calibTools.Monitor object at 0x7fd2372c8580>, multiSample=False, name='window1', numSamples=2, pos=[0.0, 0.0], screen=0, size=array([1680, 1050]), stencilBits=0, stereo=False, units='height', useFBO=True, useRetina=False, viewOri=0.0, viewPos=None, viewScale=None, waitBlanking=True, winType='pyglet')
4.2217 	EXP 	window1: recordFrameIntervals = False
4.3871 	EXP 	window1: recordFrameIntervals = True
4.5711 	EXP 	window1: recordFrameIntervals = False
4.6571 	EXP 	Created text_2 = TextStim(__class__=<class 'psychopy.visual.text.TextStim'>, alignHoriz=method-wrapper(...), alignText='center', alignVert=method-wrapper(...), anchorHoriz='center', anchorVert='center', antialias=True, autoLog=True, bold=False, color='black', colorSpace='named', contrast=1.0, depth=0.0, flipHoriz=False, flipVert=False, font='Arial', fontFiles=[], height=0.05, italic=False, languageStyle='LTR', name='text_2', opacity=1.0, ori=0, pos=array([0., 0.]), rgb=array([0., 0., 0.]), text=str(...), units='height', win=Window(...), wrapWidth=1)
4.6595 	EXP 	Created image = ImageStim(__class__=<class 'psychopy.visual.image.ImageStim'>, autoLog=True, color=array([1., 1., 1.]), colorSpace='rgb', contrast=1.0, depth=0.0, flipHoriz=False, flipVert=False, image='sin', interpolate=True, mask=None, maskParams=None, name='image', opacity=1.0, ori=0.0, pos=array([0., 0.]), size=array([1.7, 1.2]), texRes=128, units='height', win=Window(...))
4.6633 	EXP 	Created text = TextStim(__class__=<class 'psychopy.visual.text.TextStim'>, alignHoriz=method-wrapper(...), alignText='center', alignVert=method-wrapper(...), anchorHoriz='center', anchorVert='center', antialias=True, autoLog=True, bold=False, color='black', colorSpace='named', contrast=1.0, depth=0.0, flipHoriz=False, flipVert=False, font='Arial', fontFiles=[], height=0.05, italic=False, languageStyle='LTR', name='text', opacity=1.0, ori=0, pos=array([0., 0.]), rgb=array([0., 0., 0.]), text=str(...), units='height', win=Window(...), wrapWidth=1)
4.6733 	EXP 	text_2: autoDraw = True
5.0398 	DATA 	Keypress: space
5.0473 	EXP 	Imported illustrations.xlsx as conditions, 7 conditions, 2 params
5.0476 	EXP 	Created sequence: sequential, trialTypes=7, nReps=1, seed=None
5.0479 	EXP 	New trial (rep=0, index=0): OrderedDict([('images', 'slide 1.jpg'), ('key', "'space’")])
5.0885 	EXP 	text_2: autoDraw = False
5.0885 	EXP 	image: image = 'slide 1.jpg'
5.0885 	EXP 	image: autoDraw = True
6.1985 	DATA 	Keypress: space
6.1993 	EXP 	New trial (rep=0, index=1): OrderedDict([('images', 'slide 2.jpg'), ('key', "'l’")])
6.2379 	EXP 	image: autoDraw = False
6.2379 	EXP 	image: image = 'slide 2.jpg'
6.2379 	EXP 	image: autoDraw = True
10.2145 	DATA 	Keypress: l
10.2150 	EXP 	New trial (rep=0, index=2): OrderedDict([('images', 'slide 3.jpg'), ('key', "'l’")])
10.2522 	EXP 	image: autoDraw = False
10.2522 	EXP 	image: image = 'slide 3.jpg'
10.2522 	EXP 	image: autoDraw = True
10.6041 	DATA 	Keypress: l
10.6047 	EXP 	New trial (rep=0, index=3): OrderedDict([('images', 'slide 4.jpg'), ('key', "'l’")])
10.6439 	EXP 	image: autoDraw = False
10.6439 	EXP 	image: image = 'slide 4.jpg'
10.6439 	EXP 	image: autoDraw = True
10.9902 	DATA 	Keypress: l
10.9908 	EXP 	New trial (rep=0, index=4): OrderedDict([('images', 'slide 5.jpg'), ('key', "'d’")])
11.0291 	EXP 	image: autoDraw = False
11.0291 	EXP 	image: image = 'slide 5.jpg'
11.0291 	EXP 	image: autoDraw = True
11.5279 	DATA 	Keypress: l
11.5285 	EXP 	New trial (rep=0, index=5): OrderedDict([('images', 'slide 6.jpg'), ('key', "'l’")])
11.5687 	EXP 	image: autoDraw = False
11.5687 	EXP 	image: image = 'slide 6.jpg'
11.5687 	EXP 	image: autoDraw = True
12.3689 	DATA 	Keypress: l
12.3695 	EXP 	New trial (rep=0, index=6): OrderedDict([('images', 'slide 7.jpg'), ('key', "'space’")])
12.4088 	EXP 	image: autoDraw = False
12.4088 	EXP 	image: image = 'slide 7.jpg'
12.4088 	EXP 	image: autoDraw = True
13.4415 	DATA 	Keypress: escape
13.4505 	EXP 	window1: mouseVisible = True
1.0754 	WARNING 	We strongly recommend you activate the PTB sound engine in PsychoPy prefs as the preferred audio engine. Its timing is vastly superior. Your prefs are currently set to use ['sounddevice', 'PTB', 'pyo', 'pygame'] (in that order).
1.7488 	WARNING 	Import Error: No module named 'psychtoolbox'. Using event module for keyboard component.
5.5287 	EXP 	Created window1 = Window(allowGUI=False, allowStencil=False, args=UNKNOWN, autoLog=True, bitsMode=UNKNOWN, blendMode='avg', bpc=(8, 8, 8), color=array([0., 0., 0.]), colorSpace='rgb', depthBits=8, fullscr=<method-wrapper '__getattribute__' of attributeSetter object at 0x7f1ab735bb20>, gamma=None, gammaErrorPolicy='raise', kwargs=UNKNOWN, lms=UNKNOWN, monitor=<psychopy.monitors.calibTools.Monitor object at 0x7f1ab7324580>, multiSample=False, name='window1', numSamples=2, pos=[0.0, 0.0], screen=0, size=array([1680, 1050]), stencilBits=0, stereo=False, units='height', useFBO=True, useRetina=False, viewOri=0.0, viewPos=None, viewScale=None, waitBlanking=True, winType='pyglet')
5.5287 	EXP 	window1: recordFrameIntervals = False
5.6936 	EXP 	window1: recordFrameIntervals = True
5.8780 	EXP 	window1: recordFrameIntervals = False
5.9642 	EXP 	Created text_2 = TextStim(__class__=<class 'psychopy.visual.text.TextStim'>, alignHoriz=method-wrapper(...), alignText='center', alignVert=method-wrapper(...), anchorHoriz='center', anchorVert='center', antialias=True, autoLog=True, bold=False, color='black', colorSpace='named', contrast=1.0, depth=0.0, flipHoriz=False, flipVert=False, font='Arial', fontFiles=[], height=0.05, italic=False, languageStyle='LTR', name='text_2', opacity=1.0, ori=0, pos=array([0., 0.]), rgb=array([0., 0., 0.]), text=str(...), units='height', win=Window(...), wrapWidth=1)
5.9670 	EXP 	Created image = ImageStim(__class__=<class 'psychopy.visual.image.ImageStim'>, autoLog=True, color=array([1., 1., 1.]), colorSpace='rgb', contrast=1.0, depth=0.0, flipHoriz=False, flipVert=False, image='sin', interpolate=True, mask=None, maskParams=None, name='image', opacity=1.0, ori=0.0, pos=array([0., 0.]), size=array([1.7, 1. ]), texRes=128, units='height', win=Window(...))
5.9717 	EXP 	Created text = TextStim(__class__=<class 'psychopy.visual.text.TextStim'>, alignHoriz=method-wrapper(...), alignText='center', alignVert=method-wrapper(...), anchorHoriz='center', anchorVert='center', antialias=True, autoLog=True, bold=False, color='black', colorSpace='named', contrast=1.0, depth=0.0, flipHoriz=False, flipVert=False, font='Arial', fontFiles=[], height=0.05, italic=False, languageStyle='LTR', name='text', opacity=1.0, ori=0, pos=array([0., 0.]), rgb=array([0., 0., 0.]), text=str(...), units='height', win=Window(...), wrapWidth=1)
5.9839 	EXP 	text_2: autoDraw = True
6.4319 	DATA 	Keypress: space
6.4392 	EXP 	Imported illustrations.xlsx as conditions, 7 conditions, 2 params
6.4395 	EXP 	Created sequence: sequential, trialTypes=7, nReps=1, seed=None
6.4398 	EXP 	New trial (rep=0, index=0): OrderedDict([('images', 'slide 1.jpg'), ('key', "'space’")])
6.4756 	EXP 	text_2: autoDraw = False
6.4756 	EXP 	image: image = 'slide 1.jpg'
6.4756 	EXP 	image: autoDraw = True
11.9354 	DATA 	Keypress: space
11.9361 	EXP 	New trial (rep=0, index=1): OrderedDict([('images', 'slide 2.jpg'), ('key', "'l’")])
11.9722 	EXP 	image: autoDraw = False
11.9722 	EXP 	image: image = 'slide 2.jpg'
11.9722 	EXP 	image: autoDraw = True
14.0514 	DATA 	Keypress: l
14.0520 	EXP 	New trial (rep=0, index=2): OrderedDict([('images', 'slide 3.jpg'), ('key', "'l’")])
14.0920 	EXP 	image: autoDraw = False
14.0920 	EXP 	image: image = 'slide 3.jpg'
14.0920 	EXP 	image: autoDraw = True
15.0265 	DATA 	Keypress: l
15.0271 	EXP 	New trial (rep=0, index=3): OrderedDict([('images', 'slide 4.jpg'), ('key', "'l’")])
15.0661 	EXP 	image: autoDraw = False
15.0661 	EXP 	image: image = 'slide 4.jpg'
15.0661 	EXP 	image: autoDraw = True
17.3845 	DATA 	Keypress: l
17.3850 	EXP 	New trial (rep=0, index=4): OrderedDict([('images', 'slide 5.jpg'), ('key', "'d’")])
17.4245 	EXP 	image: autoDraw = False
17.4245 	EXP 	image: image = 'slide 5.jpg'
17.4245 	EXP 	image: autoDraw = True
18.0854 	DATA 	Keypress: escape
18.0912 	EXP 	window1: mouseVisible = True
