1.0774 	WARNING 	We strongly recommend you activate the PTB sound engine in PsychoPy prefs as the preferred audio engine. Its timing is vastly superior. Your prefs are currently set to use ['sounddevice', 'PTB', 'pyo', 'pygame'] (in that order).
1.8321 	WARNING 	Import Error: No module named 'psychtoolbox'. Using event module for keyboard component.
7.3334 	EXP 	Created window1 = Window(allowGUI=False, allowStencil=False, args=UNKNOWN, autoLog=True, bitsMode=UNKNOWN, blendMode='avg', bpc=(8, 8, 8), color=array([0., 0., 0.]), colorSpace='rgb', depthBits=8, fullscr=<method-wrapper '__getattribute__' of attributeSetter object at 0x7f7e1b13ea30>, gamma=None, gammaErrorPolicy='raise', kwargs=UNKNOWN, lms=UNKNOWN, monitor=<psychopy.monitors.calibTools.Monitor object at 0x7f7e1b10b460>, multiSample=False, name='window1', numSamples=2, pos=[0.0, 0.0], screen=0, size=array([1680, 1050]), stencilBits=0, stereo=False, units='height', useFBO=True, useRetina=False, viewOri=0.0, viewPos=None, viewScale=None, waitBlanking=True, winType='pyglet')
7.3335 	EXP 	window1: recordFrameIntervals = False
7.4998 	EXP 	window1: recordFrameIntervals = True
7.6836 	EXP 	window1: recordFrameIntervals = False
7.7687 	EXP 	Created text_2 = TextStim(__class__=<class 'psychopy.visual.text.TextStim'>, alignHoriz=method-wrapper(...), alignText='center', alignVert=method-wrapper(...), anchorHoriz='center', anchorVert='center', antialias=True, autoLog=True, bold=False, color='black', colorSpace='named', contrast=1.0, depth=0.0, flipHoriz=False, flipVert=False, font='Arial', fontFiles=[], height=0.05, italic=False, languageStyle='LTR', name='text_2', opacity=1.0, ori=0, pos=array([0., 0.]), rgb=array([0., 0., 0.]), text=str(...), units='height', win=Window(...), wrapWidth=1)
7.7713 	EXP 	Created image = ImageStim(__class__=<class 'psychopy.visual.image.ImageStim'>, autoLog=True, color=array([1., 1., 1.]), colorSpace='rgb', contrast=1.0, depth=0.0, flipHoriz=False, flipVert=False, image='sin', interpolate=True, mask=None, maskParams=None, name='image', opacity=1.0, ori=0.0, pos=array([0., 0.]), size=array([1.7, 1. ]), texRes=128, units='height', win=Window(...))
7.7779 	EXP 	Created text_3 = TextStim(__class__=<class 'psychopy.visual.text.TextStim'>, alignHoriz=method-wrapper(...), alignText='center', alignVert=method-wrapper(...), anchorHoriz='center', anchorVert='center', antialias=True, autoLog=True, bold=False, color='black', colorSpace='named', contrast=1.0, depth=0.0, flipHoriz=False, flipVert=False, font='Arial', fontFiles=[], height=0.05, italic=False, languageStyle='LTR', name='text_3', opacity=1.0, ori=0, pos=array([0., 0.]), rgb=array([0., 0., 0.]), text=str(...), units='height', win=Window(...), wrapWidth=1)
7.7811 	EXP 	Created blank = TextStim(__class__=<class 'psychopy.visual.text.TextStim'>, alignHoriz=method-wrapper(...), alignText='center', alignVert=method-wrapper(...), anchorHoriz='center', anchorVert='center', antialias=True, autoLog=True, bold=False, color='white', colorSpace='named', contrast=1.0, depth=0.0, flipHoriz=False, flipVert=False, font='Arial', fontFiles=[], height=0.1, italic=False, languageStyle='LTR', name='blank', opacity=1.0, ori=0, pos=array([0., 0.]), rgb=array([255., 255., 255.]), text='', units='height', win=Window(...), wrapWidth=1)
7.7893 	EXP 	Created word_pres = TextStim(__class__=<class 'psychopy.visual.text.TextStim'>, alignHoriz=method-wrapper(...), alignText='center', alignVert=method-wrapper(...), anchorHoriz='center', anchorVert='center', antialias=True, autoLog=True, bold=False, color='white', colorSpace='named', contrast=1.0, depth=0.0, flipHoriz=False, flipVert=False, font='Arial', fontFiles=[], height=0.1, italic=False, languageStyle='LTR', name='word_pres', opacity=1.0, ori=0, pos=array([0., 0.]), rgb=array([255., 255., 255.]), text='default text', units='height', win=Window(...), wrapWidth=1)
7.7899 	EXP 	Created text_4 = TextStim(__class__=<class 'psychopy.visual.text.TextStim'>, alignHoriz=method-wrapper(...), alignText='center', alignVert=method-wrapper(...), anchorHoriz='center', anchorVert='center', antialias=True, autoLog=True, bold=False, color='white', colorSpace='named', contrast=1.0, depth=-1.0, flipHoriz=False, flipVert=False, font='Arial', fontFiles=[], height=0.1, italic=False, languageStyle='LTR', name='text_4', opacity=1.0, ori=0, pos=array([0., 0.]), rgb=array([255., 255., 255.]), text='', units='height', win=Window(...), wrapWidth=1)
7.7961 	EXP 	Created text_5 = TextStim(__class__=<class 'psychopy.visual.text.TextStim'>, alignHoriz=method-wrapper(...), alignText='center', alignVert=method-wrapper(...), anchorHoriz='center', anchorVert='center', antialias=True, autoLog=True, bold=False, color='white', colorSpace='named', contrast=1.0, depth=0.0, flipHoriz=False, flipVert=False, font='Arial', fontFiles=[], height=0.05, italic=False, languageStyle='LTR', name='text_5', opacity=1.0, ori=0, pos=array([0., 0.]), rgb=array([255., 255., 255.]), text=str(...), units='height', win=Window(...), wrapWidth=1)
7.8060 	EXP 	text_2: autoDraw = True
8.8544 	DATA 	Keypress: space
8.8632 	EXP 	Imported illustrations.xlsx as conditions, 7 conditions, 2 params
8.8635 	EXP 	Created sequence: sequential, trialTypes=7, nReps=1, seed=None
8.8639 	EXP 	New trial (rep=0, index=0): OrderedDict([('images', 'slide 1.jpg'), ('key', "'space’")])
8.9032 	EXP 	text_2: autoDraw = False
8.9032 	EXP 	image: image = 'slide 1.jpg'
8.9032 	EXP 	image: autoDraw = True
9.1563 	DATA 	Keypress: space
9.1571 	EXP 	New trial (rep=0, index=1): OrderedDict([('images', 'slide 2.jpg'), ('key', "'l’")])
9.1913 	EXP 	image: autoDraw = False
9.1913 	EXP 	image: image = 'slide 2.jpg'
9.1913 	EXP 	image: autoDraw = True
9.5237 	DATA 	Keypress: space
9.5244 	EXP 	New trial (rep=0, index=2): OrderedDict([('images', 'slide 3.jpg'), ('key', "'l’")])
9.5595 	EXP 	image: autoDraw = False
9.5595 	EXP 	image: image = 'slide 3.jpg'
9.5595 	EXP 	image: autoDraw = True
9.7344 	DATA 	Keypress: space
9.7349 	EXP 	New trial (rep=0, index=3): OrderedDict([('images', 'slide 4.jpg'), ('key', "'l’")])
9.7727 	EXP 	image: autoDraw = False
9.7727 	EXP 	image: image = 'slide 4.jpg'
9.7727 	EXP 	image: autoDraw = True
9.8895 	DATA 	Keypress: space
9.8903 	EXP 	New trial (rep=0, index=4): OrderedDict([('images', 'slide 5.jpg'), ('key', "'d’")])
9.9271 	EXP 	image: autoDraw = False
9.9271 	EXP 	image: image = 'slide 5.jpg'
9.9271 	EXP 	image: autoDraw = True
10.0262 	DATA 	Keypress: space
10.0268 	EXP 	New trial (rep=0, index=5): OrderedDict([('images', 'slide 6.jpg'), ('key', "'l’")])
10.0617 	EXP 	image: autoDraw = False
10.0617 	EXP 	image: image = 'slide 6.jpg'
10.0617 	EXP 	image: autoDraw = True
10.1786 	DATA 	Keypress: space
10.1792 	EXP 	New trial (rep=0, index=6): OrderedDict([('images', 'slide 7.jpg'), ('key', "'space’")])
10.2136 	EXP 	image: autoDraw = False
10.2136 	EXP 	image: image = 'slide 7.jpg'
10.2136 	EXP 	image: autoDraw = True
10.3128 	DATA 	Keypress: space
10.3230 	EXP 	image: autoDraw = False
10.3230 	EXP 	text_3: autoDraw = True
10.9297 	DATA 	Keypress: space
10.9563 	EXP 	text_3: autoDraw = False
10.9563 	EXP 	blank: autoDraw = True
11.9578 	EXP 	Imported nBack_list.xlsx as conditions, 100 conditions, 4 params
11.9586 	EXP 	Created sequence: sequential, trialTypes=100, nReps=1, seed=None
11.9589 	EXP 	New trial (rep=0, index=0): OrderedDict([('word', 'bless'), ('CORRanswer', 'l'), ('trialtype', 0), ('hit_NoHit', 'NoHit')])
11.9726 	EXP 	blank: autoDraw = False
11.9726 	EXP 	word_pres: text = 'bless'
11.9726 	EXP 	word_pres: autoDraw = True
12.7267 	DATA 	Keypress: l
13.4623 	EXP 	text_4: autoDraw = True
13.4778 	EXP 	word_pres: autoDraw = False
13.6461 	EXP 	New trial (rep=0, index=1): OrderedDict([('word', 'nature'), ('CORRanswer', 'l'), ('trialtype', 0), ('hit_NoHit', 'NoHit')])
13.6615 	EXP 	word_pres: autoDraw = False
13.6615 	EXP 	text_4: autoDraw = False
13.6615 	EXP 	word_pres: text = 'nature'
13.6615 	EXP 	word_pres: autoDraw = True
15.1477 	EXP 	text_4: autoDraw = True
15.1643 	EXP 	word_pres: autoDraw = False
15.3481 	EXP 	text_4: autoDraw = False
15.3490 	EXP 	New trial (rep=0, index=2): OrderedDict([('word', 'carefree'), ('CORRanswer', 'l'), ('trialtype', 0), ('hit_NoHit', 'NoHit')])
15.3648 	EXP 	word_pres: autoDraw = False
15.3648 	EXP 	text_4: autoDraw = False
15.3648 	EXP 	word_pres: text = 'carefree'
15.3648 	EXP 	word_pres: autoDraw = True
15.5499 	DATA 	Keypress: escape
15.5568 	EXP 	window1: mouseVisible = True
