1.9966 	WARNING 	We strongly recommend you activate the PTB sound engine in PsychoPy prefs as the preferred audio engine. Its timing is vastly superior. Your prefs are currently set to use ['sounddevice', 'PTB', 'pyo', 'pygame'] (in that order).
4.0560 	WARNING 	Import Error: No module named 'psychtoolbox'. Using event module for keyboard component.
11.1182 	WARNING 	Couldn't measure a consistent frame rate.
  - Is your graphics card set to sync to vertical blank?
  - Are you running other processes on your computer?

11.1187 	EXP 	Created window1 = Window(allowGUI=False, allowStencil=False, args=UNKNOWN, autoLog=True, bitsMode=UNKNOWN, blendMode='avg', bpc=(8, 8, 8), color=array([0., 0., 0.]), colorSpace='rgb', depthBits=8, fullscr=<method-wrapper '__getattribute__' of attributeSetter object at 0x7f2aadaf7b20>, gamma=None, gammaErrorPolicy='raise', kwargs=UNKNOWN, lms=UNKNOWN, monitor=<psychopy.monitors.calibTools.Monitor object at 0x7f2aac201580>, multiSample=False, name='window1', numSamples=2, pos=[0.0, 0.0], screen=0, size=array([1680, 1050]), stencilBits=0, stereo=False, units='height', useFBO=True, useRetina=False, viewOri=0.0, viewPos=None, viewScale=None, waitBlanking=True, winType='pyglet')
11.1187 	EXP 	window1: recordFrameIntervals = False
11.3720 	EXP 	window1: recordFrameIntervals = True
11.4250 	WARNING 	t of last frame was 35.60ms (=1/28)
11.4698 	WARNING 	t of last frame was 25.11ms (=1/39)
11.4942 	WARNING 	t of last frame was 24.40ms (=1/40)
11.5208 	WARNING 	t of last frame was 26.61ms (=1/37)
11.5688 	WARNING 	Multiple dropped frames have occurred - I'll stop bothering you about them!
13.7732 	WARNING 	Couldn't measure a consistent frame rate.
  - Is your graphics card set to sync to vertical blank?
  - Are you running other processes on your computer?

13.8932 	EXP 	Created Instruction = TextStim(__class__=<class 'psychopy.visual.text.TextStim'>, alignHoriz=method-wrapper(...), alignText='center', alignVert=method-wrapper(...), anchorHoriz='center', anchorVert='center', antialias=True, autoLog=True, bold=False, color='black', colorSpace='named', contrast=1.0, depth=0.0, flipHoriz=False, flipVert=False, font='Arial', fontFiles=[], height=0.05, italic=False, languageStyle='LTR', name='Instruction', opacity=1.0, ori=0, pos=array([0., 0.]), rgb=array([0., 0., 0.]), text=str(...), units='height', win=Window(...), wrapWidth=1.5)
13.9037 	EXP 	Created Inst_slides = ImageStim(__class__=<class 'psychopy.visual.image.ImageStim'>, autoLog=True, color=array([1., 1., 1.]), colorSpace='rgb', contrast=1.0, depth=0.0, flipHoriz=False, flipVert=False, image='sin', interpolate=True, mask=None, maskParams=None, name='Inst_slides', opacity=1.0, ori=0.0, pos=array([0., 0.]), size=array([1.6, 1. ]), texRes=128, units='height', win=Window(...))
13.9089 	EXP 	Created taskprep0 = TextStim(__class__=<class 'psychopy.visual.text.TextStim'>, alignHoriz=method-wrapper(...), alignText='center', alignVert=method-wrapper(...), anchorHoriz='center', anchorVert='center', antialias=True, autoLog=True, bold=False, color='black', colorSpace='named', contrast=1.0, depth=0.0, flipHoriz=False, flipVert=False, font='Arial', fontFiles=[], height=0.05, italic=False, languageStyle='LTR', name='taskprep0', opacity=1.0, ori=0, pos=array([0., 0.]), rgb=array([0., 0., 0.]), text=str(...), units='height', win=Window(...), wrapWidth=1)
13.9258 	EXP 	Created taskGo = TextStim(__class__=<class 'psychopy.visual.text.TextStim'>, alignHoriz=method-wrapper(...), alignText='center', alignVert=method-wrapper(...), anchorHoriz='center', anchorVert='center', antialias=True, autoLog=True, bold=False, color='Black', colorSpace='named', contrast=1.0, depth=0.0, flipHoriz=False, flipVert=False, font='Arial', fontFiles=[], height=0.05, italic=False, languageStyle='LTR', name='taskGo', opacity=1.0, ori=0, pos=array([0., 0.]), rgb=array([0., 0., 0.]), text=str(...), units='height', win=Window(...), wrapWidth=1.5)
13.9340 	EXP 	Created FixationCross = TextStim(__class__=<class 'psychopy.visual.text.TextStim'>, alignHoriz=method-wrapper(...), alignText='center', alignVert=method-wrapper(...), anchorHoriz='center', anchorVert='center', antialias=True, autoLog=True, bold=False, color='white', colorSpace='named', contrast=1.0, depth=0.0, flipHoriz=False, flipVert=False, font='Arial', fontFiles=[], height=0.1, italic=False, languageStyle='LTR', name='FixationCross', opacity=1.0, ori=0, pos=array([0., 0.]), rgb=array([255., 255., 255.]), text='+', units='height', win=Window(...), wrapWidth=1)
13.9361 	EXP 	Created character1 = ImageStim(__class__=<class 'psychopy.visual.image.ImageStim'>, autoLog=True, color=array([1., 1., 1.]), colorSpace='rgb', contrast=1.0, depth=-1.0, flipHoriz=False, flipVert=False, image='sin', interpolate=True, mask=None, maskParams=None, name='character1', opacity=1.0, ori=0.0, pos=array([0., 0.]), size=array([0.5, 0.5]), texRes=128, units='height', win=Window(...))
13.9373 	EXP 	Created interval = ImageStim(__class__=<class 'psychopy.visual.image.ImageStim'>, autoLog=True, color=array([1., 1., 1.]), colorSpace='rgb', contrast=1.0, depth=-2.0, flipHoriz=False, flipVert=False, image=None, interpolate=True, mask=None, maskParams=None, name='interval', opacity=1.0, ori=0.0, pos=array([0., 0.]), size=array([0.5, 0.5]), texRes=128, units='height', win=Window(...))
13.9391 	EXP 	Created task_probe1 = ImageStim(__class__=<class 'psychopy.visual.image.ImageStim'>, autoLog=True, color=array([1., 1., 1.]), colorSpace='rgb', contrast=1.0, depth=-3.0, flipHoriz=False, flipVert=False, image='sin', interpolate=True, mask=None, maskParams=None, name='task_probe1', opacity=1.0, ori=0.0, pos=array([-0.6,  0. ]), size=array([0.3, 0.3]), texRes=128, units='height', win=Window(...))
13.9408 	EXP 	Created task_probe2 = ImageStim(__class__=<class 'psychopy.visual.image.ImageStim'>, autoLog=True, color=array([1., 1., 1.]), colorSpace='rgb', contrast=1.0, depth=-4.0, flipHoriz=False, flipVert=False, image='sin', interpolate=True, mask=None, maskParams=None, name='task_probe2', opacity=1.0, ori=0.0, pos=array([-0.2,  0. ]), size=array([0.3, 0.3]), texRes=128, units='height', win=Window(...))
13.9429 	EXP 	Created task_probe3 = ImageStim(__class__=<class 'psychopy.visual.image.ImageStim'>, autoLog=True, color=array([1., 1., 1.]), colorSpace='rgb', contrast=1.0, depth=-5.0, flipHoriz=False, flipVert=False, image='sin', interpolate=True, mask=None, maskParams=None, name='task_probe3', opacity=1.0, ori=0.0, pos=array([0.2, 0. ]), size=array([0.3, 0.3]), texRes=128, units='height', win=Window(...))
13.9448 	EXP 	Created task_probe4 = ImageStim(__class__=<class 'psychopy.visual.image.ImageStim'>, autoLog=True, color=array([1., 1., 1.]), colorSpace='rgb', contrast=1.0, depth=-6.0, flipHoriz=False, flipVert=False, image='sin', interpolate=True, mask=None, maskParams=None, name='task_probe4', opacity=1.0, ori=0.0, pos=array([0.6, 0. ]), size=array([0.3, 0.3]), texRes=128, units='height', win=Window(...))
13.9466 	EXP 	Created number_1 = TextStim(__class__=<class 'psychopy.visual.text.TextStim'>, alignHoriz=method-wrapper(...), alignText='center', alignVert=method-wrapper(...), anchorHoriz='center', anchorVert='center', antialias=True, autoLog=True, bold=False, color='black', colorSpace='named', contrast=1.0, depth=-8.0, flipHoriz=False, flipVert=False, font='Arial', fontFiles=[], height=0.1, italic=False, languageStyle='LTR', name='number_1', opacity=1.0, ori=0, pos=array([-0.6,  0.3]), rgb=array([0., 0., 0.]), text='1', units='height', win=Window(...), wrapWidth=1)
13.9483 	EXP 	Created number_2 = TextStim(__class__=<class 'psychopy.visual.text.TextStim'>, alignHoriz=method-wrapper(...), alignText='center', alignVert=method-wrapper(...), anchorHoriz='center', anchorVert='center', antialias=True, autoLog=True, bold=False, color='black', colorSpace='named', contrast=1.0, depth=-9.0, flipHoriz=False, flipVert=False, font='Arial', fontFiles=[], height=0.1, italic=False, languageStyle='LTR', name='number_2', opacity=1.0, ori=0, pos=array([-0.2,  0.3]), rgb=array([0., 0., 0.]), text='2', units='height', win=Window(...), wrapWidth=1)
13.9506 	EXP 	Created number_3 = TextStim(__class__=<class 'psychopy.visual.text.TextStim'>, alignHoriz=method-wrapper(...), alignText='center', alignVert=method-wrapper(...), anchorHoriz='center', anchorVert='center', antialias=True, autoLog=True, bold=False, color='black', colorSpace='named', contrast=1.0, depth=-10.0, flipHoriz=False, flipVert=False, font='Arial', fontFiles=[], height=0.1, italic=False, languageStyle='LTR', name='number_3', opacity=1.0, ori=0, pos=array([0.2, 0.3]), rgb=array([0., 0., 0.]), text='3', units='height', win=Window(...), wrapWidth=1)
13.9524 	EXP 	Created number_4 = TextStim(__class__=<class 'psychopy.visual.text.TextStim'>, alignHoriz=method-wrapper(...), alignText='center', alignVert=method-wrapper(...), anchorHoriz='center', anchorVert='center', antialias=True, autoLog=True, bold=False, color='black', colorSpace='named', contrast=1.0, depth=-11.0, flipHoriz=False, flipVert=False, font='Arial', fontFiles=[], height=0.1, italic=False, languageStyle='LTR', name='number_4', opacity=1.0, ori=0, pos=array([0.6, 0.3]), rgb=array([0., 0., 0.]), text='4', units='height', win=Window(...), wrapWidth=1)
13.9544 	EXP 	Created cuedChar = ImageStim(__class__=<class 'psychopy.visual.image.ImageStim'>, autoLog=True, color=array([1., 1., 1.]), colorSpace='rgb', contrast=1.0, depth=-1.0, flipHoriz=False, flipVert=False, image='sin', interpolate=True, mask=None, maskParams=None, name='cuedChar', opacity=1.0, ori=0.0, pos=array([0., 0.]), size=array([0.3, 0.3]), texRes=128, units='height', win=Window(...))
13.9563 	EXP 	Created feedb_probe1_1 = ImageStim(__class__=<class 'psychopy.visual.image.ImageStim'>, autoLog=True, color=array([1., 1., 1.]), colorSpace='rgb', contrast=1.0, depth=-2.0, flipHoriz=False, flipVert=False, image='sin', interpolate=True, mask=None, maskParams=None, name='feedb_probe1_1', opacity=1.0, ori=0.0, pos=array([-0.6,  0. ]), size=array([0.3, 0.3]), texRes=128, units='height', win=Window(...))
13.9580 	EXP 	Created feedb_probe2_1 = ImageStim(__class__=<class 'psychopy.visual.image.ImageStim'>, autoLog=True, color=array([1., 1., 1.]), colorSpace='rgb', contrast=1.0, depth=-3.0, flipHoriz=False, flipVert=False, image='sin', interpolate=True, mask=None, maskParams=None, name='feedb_probe2_1', opacity=1.0, ori=0.0, pos=array([-0.2,  0. ]), size=array([0.3, 0.3]), texRes=128, units='height', win=Window(...))
13.9599 	EXP 	Created feedb_probe3_1 = ImageStim(__class__=<class 'psychopy.visual.image.ImageStim'>, autoLog=True, color=array([1., 1., 1.]), colorSpace='rgb', contrast=1.0, depth=-4.0, flipHoriz=False, flipVert=False, image='sin', interpolate=True, mask=None, maskParams=None, name='feedb_probe3_1', opacity=1.0, ori=0.0, pos=array([0.2, 0. ]), size=array([0.3, 0.3]), texRes=128, units='height', win=Window(...))
13.9616 	EXP 	Created feedb_probe4_1 = ImageStim(__class__=<class 'psychopy.visual.image.ImageStim'>, autoLog=True, color=array([1., 1., 1.]), colorSpace='rgb', contrast=1.0, depth=-5.0, flipHoriz=False, flipVert=False, image='sin', interpolate=True, mask=None, maskParams=None, name='feedb_probe4_1', opacity=1.0, ori=0.0, pos=array([0.6, 0. ]), size=array([0.3, 0.3]), texRes=128, units='height', win=Window(...))
13.9753 	EXP 	Created task_feedb = TextStim(__class__=<class 'psychopy.visual.text.TextStim'>, alignHoriz=method-wrapper(...), alignText='center', alignVert=method-wrapper(...), anchorHoriz='center', anchorVert='center', antialias=True, autoLog=True, bold=False, color='white', colorSpace='named', contrast=1.0, depth=0.0, flipHoriz=False, flipVert=False, font='Arial', fontFiles=[], height=0.2, italic=False, languageStyle='LTR', name='task_feedb', opacity=1.0, ori=0, pos=array([0. , 0.3]), rgb=array([255., 255., 255.]), text='default text', units='height', win=Window(...), wrapWidth=1)
13.9773 	EXP 	Created feedbImage = ImageStim(__class__=<class 'psychopy.visual.image.ImageStim'>, autoLog=True, color=array([1., 1., 1.]), colorSpace='rgb', contrast=1.0, depth=-1.0, flipHoriz=False, flipVert=False, image='sin', interpolate=True, mask=None, maskParams=None, name='feedbImage', opacity=1.0, ori=0.0, pos=array([ 0. , -0.1]), size=array([0.5, 0.5]), texRes=128, units='height', win=Window(...))
13.9783 	EXP 	Created iti = ImageStim(__class__=<class 'psychopy.visual.image.ImageStim'>, autoLog=True, color=array([1., 1., 1.]), colorSpace='rgb', contrast=1.0, depth=-2.0, flipHoriz=False, flipVert=False, image=None, interpolate=True, mask=None, maskParams=None, name='iti', opacity=1.0, ori=0.0, pos=array([0.1, 0. ]), size=array([0.5, 0.5]), texRes=128, units='height', win=Window(...))
13.9830 	EXP 	Created pract_message = TextStim(__class__=<class 'psychopy.visual.text.TextStim'>, alignHoriz=method-wrapper(...), alignText='center', alignVert=method-wrapper(...), anchorHoriz='center', anchorVert='center', antialias=True, autoLog=True, bold=False, color='black', colorSpace='named', contrast=1.0, depth=0.0, flipHoriz=False, flipVert=False, font='Arial', fontFiles=[], height=0.05, italic=False, languageStyle='LTR', name='pract_message', opacity=1.0, ori=0, pos=array([0., 0.]), rgb=array([0., 0., 0.]), text='default text', units='height', win=Window(...), wrapWidth=1.5)
14.0054 	EXP 	Created final_mess = TextStim(__class__=<class 'psychopy.visual.text.TextStim'>, alignHoriz=method-wrapper(...), alignText='center', alignVert=method-wrapper(...), anchorHoriz='center', anchorVert='center', antialias=True, autoLog=True, bold=False, color='black', colorSpace='named', contrast=1.0, depth=0.0, flipHoriz=False, flipVert=False, font='Arial', fontFiles=[], height=0.08, italic=False, languageStyle='LTR', name='final_mess', opacity=1.0, ori=0, pos=array([0., 0.]), rgb=array([0., 0., 0.]), text=str(...), units='height', win=Window(...), wrapWidth=1)
14.0327 	EXP 	Created Instruction_2 = TextStim(__class__=<class 'psychopy.visual.text.TextStim'>, alignHoriz=method-wrapper(...), alignText='center', alignVert=method-wrapper(...), anchorHoriz='center', anchorVert='center', antialias=True, autoLog=True, bold=False, color='black', colorSpace='named', contrast=1.0, depth=0.0, flipHoriz=False, flipVert=False, font='Arial', fontFiles=[], height=0.05, italic=False, languageStyle='LTR', name='Instruction_2', opacity=1.0, ori=0, pos=array([0., 0.]), rgb=array([0., 0., 0.]), text=str(...), units='height', win=Window(...), wrapWidth=1.5)
14.0367 	EXP 	Created instruction_top = TextStim(__class__=<class 'psychopy.visual.text.TextStim'>, alignHoriz=method-wrapper(...), alignText='center', alignVert=method-wrapper(...), anchorHoriz='center', anchorVert='center', antialias=True, autoLog=True, bold=False, color='black', colorSpace='named', contrast=1.0, depth=0.0, flipHoriz=False, flipVert=False, font='Arial', fontFiles=[], height=0.05, italic=False, languageStyle='LTR', name='instruction_top', opacity=1.0, ori=0, pos=array([0. , 0.3]), rgb=array([0., 0., 0.]), text='For this character ', units='height', win=Window(...), wrapWidth=1)
14.0394 	EXP 	Created Instruction_middle = TextStim(__class__=<class 'psychopy.visual.text.TextStim'>, alignHoriz=method-wrapper(...), alignText='center', alignVert=method-wrapper(...), anchorHoriz='center', anchorVert='center', antialias=True, autoLog=True, bold=False, color='black', colorSpace='named', contrast=1.0, depth=-1.0, flipHoriz=False, flipVert=False, font='Arial', fontFiles=[], height=0.05, italic=False, languageStyle='LTR', name='Instruction_middle', opacity=1.0, ori=0, pos=array([ 0. , -0.1]), rgb=array([0., 0., 0.]), text='default text', units='height', win=Window(...), wrapWidth=1)
14.0413 	EXP 	Created instruction_bottom = TextStim(__class__=<class 'psychopy.visual.text.TextStim'>, alignHoriz=method-wrapper(...), alignText='center', alignVert=method-wrapper(...), anchorHoriz='center', anchorVert='center', antialias=True, autoLog=True, bold=False, color='black', colorSpace='named', contrast=1.0, depth=-2.0, flipHoriz=False, flipVert=False, font='Arial', fontFiles=[], height=0.05, italic=False, languageStyle='LTR', name='instruction_bottom', opacity=1.0, ori=0, pos=array([ 0. , -0.2]), rgb=array([0., 0., 0.]), text='default text', units='height', win=Window(...), wrapWidth=1)
14.0436 	EXP 	Created press_space = TextStim(__class__=<class 'psychopy.visual.text.TextStim'>, alignHoriz=method-wrapper(...), alignText='center', alignVert=method-wrapper(...), anchorHoriz='center', anchorVert='center', antialias=True, autoLog=True, bold=False, color='black', colorSpace='named', contrast=1.0, depth=-3.0, flipHoriz=False, flipVert=False, font='Arial', fontFiles=[], height=0.05, italic=False, languageStyle='LTR', name='press_space', opacity=1.0, ori=0, pos=array([ 0. , -0.4]), rgb=array([0., 0., 0.]), text='Press SPACE to continue', units='height', win=Window(...), wrapWidth=1)
14.0456 	EXP 	Created image = ImageStim(__class__=<class 'psychopy.visual.image.ImageStim'>, autoLog=True, color=array([1., 1., 1.]), colorSpace='rgb', contrast=1.0, depth=-4.0, flipHoriz=False, flipVert=False, image='sin', interpolate=True, mask=None, maskParams=None, name='image', opacity=1.0, ori=0.0, pos=array([0. , 0.1]), size=array([0.25, 0.25]), texRes=128, units='height', win=Window(...))
14.0502 	EXP 	Created instr_learned = TextStim(__class__=<class 'psychopy.visual.text.TextStim'>, alignHoriz=method-wrapper(...), alignText='center', alignVert=method-wrapper(...), anchorHoriz='center', anchorVert='center', antialias=True, autoLog=True, bold=False, color='black', colorSpace='named', contrast=1.0, depth=0.0, flipHoriz=False, flipVert=False, font='Arial', fontFiles=[], height=0.05, italic=False, languageStyle='LTR', name='instr_learned', opacity=1.0, ori=0, pos=array([0., 0.]), rgb=array([0., 0., 0.]), text=str(...), units='height', win=Window(...), wrapWidth=1)
14.0632 	EXP 	Created taskGo_2 = TextStim(__class__=<class 'psychopy.visual.text.TextStim'>, alignHoriz=method-wrapper(...), alignText='center', alignVert=method-wrapper(...), anchorHoriz='center', anchorVert='center', antialias=True, autoLog=True, bold=False, color='Black', colorSpace='named', contrast=1.0, depth=0.0, flipHoriz=False, flipVert=False, font='Arial', fontFiles=[], height=0.05, italic=False, languageStyle='LTR', name='taskGo_2', opacity=1.0, ori=0, pos=array([0., 0.]), rgb=array([0., 0., 0.]), text=str(...), units='height', win=Window(...), wrapWidth=1.5)
14.0659 	EXP 	Created FixationCross_3 = TextStim(__class__=<class 'psychopy.visual.text.TextStim'>, alignHoriz=method-wrapper(...), alignText='center', alignVert=method-wrapper(...), anchorHoriz='center', anchorVert='center', antialias=True, autoLog=True, bold=False, color='white', colorSpace='named', contrast=1.0, depth=0.0, flipHoriz=False, flipVert=False, font='Arial', fontFiles=[], height=0.1, italic=False, languageStyle='LTR', name='FixationCross_3', opacity=1.0, ori=0, pos=array([0., 0.]), rgb=array([255., 255., 255.]), text='+', units='height', win=Window(...), wrapWidth=1)
14.0681 	EXP 	Created character_2 = ImageStim(__class__=<class 'psychopy.visual.image.ImageStim'>, autoLog=True, color=array([1., 1., 1.]), colorSpace='rgb', contrast=1.0, depth=-1.0, flipHoriz=False, flipVert=False, image='sin', interpolate=True, mask=None, maskParams=None, name='character_2', opacity=1.0, ori=0.0, pos=array([0., 0.]), size=array([0.5, 0.5]), texRes=128, units='height', win=Window(...))
14.0692 	EXP 	Created interval_2 = ImageStim(__class__=<class 'psychopy.visual.image.ImageStim'>, autoLog=True, color=array([1., 1., 1.]), colorSpace='rgb', contrast=1.0, depth=-2.0, flipHoriz=False, flipVert=False, image=None, interpolate=True, mask=None, maskParams=None, name='interval_2', opacity=1.0, ori=0.0, pos=array([0., 0.]), size=array([0.5, 0.5]), texRes=128, units='height', win=Window(...))
14.0710 	EXP 	Created task_probe1_3 = ImageStim(__class__=<class 'psychopy.visual.image.ImageStim'>, autoLog=True, color=array([1., 1., 1.]), colorSpace='rgb', contrast=1.0, depth=-3.0, flipHoriz=False, flipVert=False, image='sin', interpolate=True, mask=None, maskParams=None, name='task_probe1_3', opacity=1.0, ori=0.0, pos=array([-0.6,  0. ]), size=array([0.3, 0.3]), texRes=128, units='height', win=Window(...))
14.0727 	EXP 	Created task_probe2_3 = ImageStim(__class__=<class 'psychopy.visual.image.ImageStim'>, autoLog=True, color=array([1., 1., 1.]), colorSpace='rgb', contrast=1.0, depth=-4.0, flipHoriz=False, flipVert=False, image='sin', interpolate=True, mask=None, maskParams=None, name='task_probe2_3', opacity=1.0, ori=0.0, pos=array([-0.2,  0. ]), size=array([0.3, 0.3]), texRes=128, units='height', win=Window(...))
14.0744 	EXP 	Created task_probe3_3 = ImageStim(__class__=<class 'psychopy.visual.image.ImageStim'>, autoLog=True, color=array([1., 1., 1.]), colorSpace='rgb', contrast=1.0, depth=-5.0, flipHoriz=False, flipVert=False, image='sin', interpolate=True, mask=None, maskParams=None, name='task_probe3_3', opacity=1.0, ori=0.0, pos=array([0.2, 0. ]), size=array([0.3, 0.3]), texRes=128, units='height', win=Window(...))
14.0762 	EXP 	Created task_probe4_3 = ImageStim(__class__=<class 'psychopy.visual.image.ImageStim'>, autoLog=True, color=array([1., 1., 1.]), colorSpace='rgb', contrast=1.0, depth=-6.0, flipHoriz=False, flipVert=False, image='sin', interpolate=True, mask=None, maskParams=None, name='task_probe4_3', opacity=1.0, ori=0.0, pos=array([0.6, 0. ]), size=array([0.3, 0.3]), texRes=128, units='height', win=Window(...))
14.0784 	EXP 	Created number_8 = TextStim(__class__=<class 'psychopy.visual.text.TextStim'>, alignHoriz=method-wrapper(...), alignText='center', alignVert=method-wrapper(...), anchorHoriz='center', anchorVert='center', antialias=True, autoLog=True, bold=False, color='black', colorSpace='named', contrast=1.0, depth=-8.0, flipHoriz=False, flipVert=False, font='Arial', fontFiles=[], height=0.1, italic=False, languageStyle='LTR', name='number_8', opacity=1.0, ori=0, pos=array([-0.6,  0.3]), rgb=array([0., 0., 0.]), text='1', units='height', win=Window(...), wrapWidth=1)
14.0808 	EXP 	Created number_9 = TextStim(__class__=<class 'psychopy.visual.text.TextStim'>, alignHoriz=method-wrapper(...), alignText='center', alignVert=method-wrapper(...), anchorHoriz='center', anchorVert='center', antialias=True, autoLog=True, bold=False, color='black', colorSpace='named', contrast=1.0, depth=-9.0, flipHoriz=False, flipVert=False, font='Arial', fontFiles=[], height=0.1, italic=False, languageStyle='LTR', name='number_9', opacity=1.0, ori=0, pos=array([-0.2,  0.3]), rgb=array([0., 0., 0.]), text='2', units='height', win=Window(...), wrapWidth=1)
14.0823 	EXP 	Created number_10 = TextStim(__class__=<class 'psychopy.visual.text.TextStim'>, alignHoriz=method-wrapper(...), alignText='center', alignVert=method-wrapper(...), anchorHoriz='center', anchorVert='center', antialias=True, autoLog=True, bold=False, color='black', colorSpace='named', contrast=1.0, depth=-10.0, flipHoriz=False, flipVert=False, font='Arial', fontFiles=[], height=0.1, italic=False, languageStyle='LTR', name='number_10', opacity=1.0, ori=0, pos=array([0.2, 0.3]), rgb=array([0., 0., 0.]), text='3', units='height', win=Window(...), wrapWidth=1)
14.0840 	EXP 	Created number_11 = TextStim(__class__=<class 'psychopy.visual.text.TextStim'>, alignHoriz=method-wrapper(...), alignText='center', alignVert=method-wrapper(...), anchorHoriz='center', anchorVert='center', antialias=True, autoLog=True, bold=False, color='black', colorSpace='named', contrast=1.0, depth=-11.0, flipHoriz=False, flipVert=False, font='Arial', fontFiles=[], height=0.1, italic=False, languageStyle='LTR', name='number_11', opacity=1.0, ori=0, pos=array([0.6, 0.3]), rgb=array([0., 0., 0.]), text='4', units='height', win=Window(...), wrapWidth=1)
14.0860 	EXP 	Created cuedChar_2 = ImageStim(__class__=<class 'psychopy.visual.image.ImageStim'>, autoLog=True, color=array([1., 1., 1.]), colorSpace='rgb', contrast=1.0, depth=-1.0, flipHoriz=False, flipVert=False, image='sin', interpolate=True, mask=None, maskParams=None, name='cuedChar_2', opacity=1.0, ori=0.0, pos=array([0., 0.]), size=array([0.3, 0.3]), texRes=128, units='height', win=Window(...))
14.0879 	EXP 	Created feedb_probe1_2 = ImageStim(__class__=<class 'psychopy.visual.image.ImageStim'>, autoLog=True, color=array([1., 1., 1.]), colorSpace='rgb', contrast=1.0, depth=-2.0, flipHoriz=False, flipVert=False, image='sin', interpolate=True, mask=None, maskParams=None, name='feedb_probe1_2', opacity=1.0, ori=0.0, pos=array([-0.6,  0. ]), size=array([0.3, 0.3]), texRes=128, units='height', win=Window(...))
14.0896 	EXP 	Created feedb_probe2_2 = ImageStim(__class__=<class 'psychopy.visual.image.ImageStim'>, autoLog=True, color=array([1., 1., 1.]), colorSpace='rgb', contrast=1.0, depth=-3.0, flipHoriz=False, flipVert=False, image='sin', interpolate=True, mask=None, maskParams=None, name='feedb_probe2_2', opacity=1.0, ori=0.0, pos=array([-0.2,  0. ]), size=array([0.3, 0.3]), texRes=128, units='height', win=Window(...))
14.0913 	EXP 	Created feedb_probe3_2 = ImageStim(__class__=<class 'psychopy.visual.image.ImageStim'>, autoLog=True, color=array([1., 1., 1.]), colorSpace='rgb', contrast=1.0, depth=-4.0, flipHoriz=False, flipVert=False, image='sin', interpolate=True, mask=None, maskParams=None, name='feedb_probe3_2', opacity=1.0, ori=0.0, pos=array([0.2, 0. ]), size=array([0.3, 0.3]), texRes=128, units='height', win=Window(...))
14.0930 	EXP 	Created feedb_probe4_2 = ImageStim(__class__=<class 'psychopy.visual.image.ImageStim'>, autoLog=True, color=array([1., 1., 1.]), colorSpace='rgb', contrast=1.0, depth=-5.0, flipHoriz=False, flipVert=False, image='sin', interpolate=True, mask=None, maskParams=None, name='feedb_probe4_2', opacity=1.0, ori=0.0, pos=array([0.6, 0. ]), size=array([0.3, 0.3]), texRes=128, units='height', win=Window(...))
14.0984 	EXP 	Created task_feedb_2 = TextStim(__class__=<class 'psychopy.visual.text.TextStim'>, alignHoriz=method-wrapper(...), alignText='center', alignVert=method-wrapper(...), anchorHoriz='center', anchorVert='center', antialias=True, autoLog=True, bold=False, color='white', colorSpace='named', contrast=1.0, depth=0.0, flipHoriz=False, flipVert=False, font='Arial', fontFiles=[], height=0.2, italic=False, languageStyle='LTR', name='task_feedb_2', opacity=1.0, ori=0, pos=array([0. , 0.3]), rgb=array([255., 255., 255.]), text='default text', units='height', win=Window(...), wrapWidth=1)
14.1003 	EXP 	Created feedbImage_2 = ImageStim(__class__=<class 'psychopy.visual.image.ImageStim'>, autoLog=True, color=array([1., 1., 1.]), colorSpace='rgb', contrast=1.0, depth=-1.0, flipHoriz=False, flipVert=False, image='sin', interpolate=True, mask=None, maskParams=None, name='feedbImage_2', opacity=1.0, ori=0.0, pos=array([ 0. , -0.1]), size=array([0.5, 0.5]), texRes=128, units='height', win=Window(...))
14.1015 	EXP 	Created iti_2 = ImageStim(__class__=<class 'psychopy.visual.image.ImageStim'>, autoLog=True, color=array([1., 1., 1.]), colorSpace='rgb', contrast=1.0, depth=-2.0, flipHoriz=False, flipVert=False, image=None, interpolate=True, mask=None, maskParams=None, name='iti_2', opacity=1.0, ori=0.0, pos=array([0.1, 0. ]), size=array([0.5, 0.5]), texRes=128, units='height', win=Window(...))
14.1127 	EXP 	Created final_message_ = TextStim(__class__=<class 'psychopy.visual.text.TextStim'>, alignHoriz=method-wrapper(...), alignText='center', alignVert=method-wrapper(...), anchorHoriz='center', anchorVert='center', antialias=True, autoLog=True, bold=False, color='black', colorSpace='named', contrast=1.0, depth=0.0, flipHoriz=False, flipVert=False, font='Arial', fontFiles=[], height=0.05, italic=False, languageStyle='LTR', name='final_message_', opacity=1.0, ori=0, pos=array([0., 0.]), rgb=array([0., 0., 0.]), text=str(...), units='height', win=Window(...), wrapWidth=1)
14.1247 	EXP 	Instruction: autoDraw = True
14.6967 	DATA 	Keypress: space
14.7329 	EXP 	Imported instructions.csv as conditions, 6 conditions, 1 params
14.7342 	EXP 	Created sequence: sequential, trialTypes=6, nReps=1, seed=None
14.7347 	EXP 	New trial (rep=0, index=0): OrderedDict([('slides', 'stimuli/slide1.png')])
14.8036 	EXP 	Instruction: autoDraw = False
14.8036 	EXP 	Inst_slides: image = 'stimuli/slide1.png'
14.8036 	EXP 	Inst_slides: autoDraw = True
15.0276 	DATA 	Keypress: space
15.0286 	EXP 	New trial (rep=0, index=1): OrderedDict([('slides', 'stimuli/slide2.png')])
15.0757 	EXP 	Inst_slides: autoDraw = False
15.0757 	EXP 	Inst_slides: image = 'stimuli/slide2.png'
15.0757 	EXP 	Inst_slides: autoDraw = True
15.4012 	DATA 	Keypress: space
15.4020 	EXP 	New trial (rep=0, index=2): OrderedDict([('slides', 'stimuli/slide3.png')])
15.4613 	EXP 	Inst_slides: autoDraw = False
15.4613 	EXP 	Inst_slides: image = 'stimuli/slide3.png'
15.4613 	EXP 	Inst_slides: autoDraw = True
15.5875 	DATA 	Keypress: space
15.5882 	EXP 	New trial (rep=0, index=3): OrderedDict([('slides', 'stimuli/slide4.png')])
15.6372 	EXP 	Inst_slides: autoDraw = False
15.6372 	EXP 	Inst_slides: image = 'stimuli/slide4.png'
15.6372 	EXP 	Inst_slides: autoDraw = True
15.7623 	DATA 	Keypress: space
15.7630 	EXP 	New trial (rep=0, index=4): OrderedDict([('slides', 'stimuli/slide5.png')])
15.8147 	EXP 	Inst_slides: autoDraw = False
15.8147 	EXP 	Inst_slides: image = 'stimuli/slide5.png'
15.8147 	EXP 	Inst_slides: autoDraw = True
15.9751 	DATA 	Keypress: space
15.9758 	EXP 	New trial (rep=0, index=5): OrderedDict([('slides', 'stimuli/slide6.png')])
16.0311 	EXP 	Inst_slides: autoDraw = False
16.0311 	EXP 	Inst_slides: image = 'stimuli/slide6.png'
16.0311 	EXP 	Inst_slides: autoDraw = True
16.3869 	DATA 	Keypress: space
16.4045 	EXP 	Inst_slides: autoDraw = False
16.4045 	EXP 	taskprep0: autoDraw = True
16.7306 	DATA 	Keypress: space
16.7571 	EXP 	taskprep0: autoDraw = False
16.7571 	EXP 	taskGo: autoDraw = True
17.1045 	DATA 	Keypress: space
17.1085 	EXP 	Created sequence: random, trialTypes=1, nReps=99, seed=None
17.1092 	EXP 	New trial (rep=0, index=0): None
17.1222 	EXP 	Imported practlist.csv as conditions, 80 conditions, 9 params
17.1229 	EXP 	Created sequence: sequential, trialTypes=80, nReps=1, seed=None
17.1233 	EXP 	New trial (rep=0, index=0): OrderedDict([('character', 'stimuli/m_red.jpg'), ('left_categ', 'stimuli/Gamestoy & entertainment.png'), ('centleft_categ', 'stimuli/Clothing.png'), ('centright_categ', 'stimuli/Food.png'), ('right_categ', 'stimuli/Vehicle.png'), ('trial_cond', 1), ('corr_ans', 'Food'), ('corr_ans_num', 3), ('img', 'stimuli/objects/chocolatecroissant.jpg')])
17.2083 	EXP 	taskGo: autoDraw = False
17.2083 	EXP 	character1: image = 'stimuli/m_red.jpg'
17.2083 	EXP 	task_probe1: image = 'stimuli/Gamestoy & entertainment.png'
17.2083 	EXP 	task_probe2: image = 'stimuli/Clothing.png'
17.2083 	EXP 	task_probe3: image = 'stimuli/Food.png'
17.2083 	EXP 	task_probe4: image = 'stimuli/Vehicle.png'
17.2083 	EXP 	FixationCross: autoDraw = True
17.4238 	EXP 	character1: autoDraw = True
17.4791 	EXP 	FixationCross: autoDraw = False
17.9275 	EXP 	interval: autoDraw = True
17.9460 	EXP 	character1: autoDraw = False
18.4226 	EXP 	task_probe1: autoDraw = True
18.4226 	EXP 	task_probe2: autoDraw = True
18.4226 	EXP 	task_probe3: autoDraw = True
18.4226 	EXP 	task_probe4: autoDraw = True
18.4226 	EXP 	number_1: autoDraw = True
18.4226 	EXP 	number_2: autoDraw = True
18.4226 	EXP 	number_3: autoDraw = True
18.4226 	EXP 	number_4: autoDraw = True
19.2016 	EXP 	interval: autoDraw = False
20.4579 	DATA 	Keypress: 3
20.5377 	EXP 	FixationCross: autoDraw = False
20.5377 	EXP 	character1: autoDraw = False
20.5377 	EXP 	interval: autoDraw = False
20.5377 	EXP 	task_probe1: autoDraw = False
20.5377 	EXP 	task_probe2: autoDraw = False
20.5377 	EXP 	task_probe3: autoDraw = False
20.5377 	EXP 	task_probe4: autoDraw = False
20.5377 	EXP 	number_1: autoDraw = False
20.5377 	EXP 	number_2: autoDraw = False
20.5377 	EXP 	number_3: autoDraw = False
20.5377 	EXP 	number_4: autoDraw = False
20.5377 	EXP 	cuedChar: pos = array([ 0.2, -0.3])
20.5377 	EXP 	cuedChar: image = 'stimuli/m_red.jpg'
20.5377 	EXP 	feedb_probe1_1: image = 'stimuli/Gamestoy & entertainment.png'
20.5377 	EXP 	feedb_probe2_1: image = 'stimuli/Clothing.png'
20.5377 	EXP 	feedb_probe3_1: image = 'stimuli/Food.png'
20.5377 	EXP 	feedb_probe4_1: image = 'stimuli/Vehicle.png'
20.5377 	EXP 	cuedChar: autoDraw = True
20.5377 	EXP 	feedb_probe1_1: autoDraw = True
20.5377 	EXP 	feedb_probe2_1: autoDraw = True
20.5377 	EXP 	feedb_probe3_1: autoDraw = True
20.5377 	EXP 	feedb_probe4_1: autoDraw = True
21.6902 	EXP 	cuedChar: autoDraw = False
21.6902 	EXP 	feedb_probe1_1: autoDraw = False
21.6902 	EXP 	feedb_probe2_1: autoDraw = False
21.6902 	EXP 	feedb_probe3_1: autoDraw = False
21.6902 	EXP 	feedb_probe4_1: autoDraw = False
21.6902 	EXP 	task_feedb: text = 'correct'
21.6902 	EXP 	feedbImage: image = 'stimuli/objects/chocolatecroissant.jpg'
21.6902 	EXP 	task_feedb: autoDraw = True
21.6902 	EXP 	feedbImage: autoDraw = True
22.1519 	EXP 	iti: autoDraw = True
22.1915 	EXP 	task_feedb: autoDraw = False
22.1915 	EXP 	feedbImage: autoDraw = False
22.8996 	EXP 	New trial (rep=0, index=1): OrderedDict([('character', 'stimuli/m_blue.jpg'), ('left_categ', 'stimuli/Food.png'), ('centleft_categ', 'stimuli/Gamestoy & entertainment.png'), ('centright_categ', 'stimuli/Clothing.png'), ('right_categ', 'stimuli/Vehicle.png'), ('trial_cond', 0), ('corr_ans', 'Clothing'), ('corr_ans_num', 3), ('img', 'stimuli/objects/beret01.jpg')])
22.9939 	EXP 	iti: autoDraw = False
22.9939 	EXP 	task_feedb: autoDraw = False
22.9939 	EXP 	feedbImage: autoDraw = False
22.9939 	EXP 	iti: autoDraw = False
22.9939 	EXP 	character1: image = 'stimuli/m_blue.jpg'
22.9939 	EXP 	task_probe1: image = 'stimuli/Food.png'
22.9939 	EXP 	task_probe2: image = 'stimuli/Gamestoy & entertainment.png'
22.9939 	EXP 	task_probe3: image = 'stimuli/Clothing.png'
22.9939 	EXP 	task_probe4: image = 'stimuli/Vehicle.png'
22.9939 	EXP 	FixationCross: autoDraw = True
23.2156 	EXP 	character1: autoDraw = True
23.2713 	EXP 	FixationCross: autoDraw = False
23.7176 	EXP 	interval: autoDraw = True
23.7489 	EXP 	character1: autoDraw = False
24.2222 	EXP 	task_probe1: autoDraw = True
24.2222 	EXP 	task_probe2: autoDraw = True
24.2222 	EXP 	task_probe3: autoDraw = True
24.2222 	EXP 	task_probe4: autoDraw = True
24.2222 	EXP 	number_1: autoDraw = True
24.2222 	EXP 	number_2: autoDraw = True
24.2222 	EXP 	number_3: autoDraw = True
24.2222 	EXP 	number_4: autoDraw = True
24.8686 	DATA 	Keypress: 2
24.9321 	EXP 	FixationCross: autoDraw = False
24.9321 	EXP 	character1: autoDraw = False
24.9321 	EXP 	interval: autoDraw = False
24.9321 	EXP 	task_probe1: autoDraw = False
24.9321 	EXP 	task_probe2: autoDraw = False
24.9321 	EXP 	task_probe3: autoDraw = False
24.9321 	EXP 	task_probe4: autoDraw = False
24.9321 	EXP 	number_1: autoDraw = False
24.9321 	EXP 	number_2: autoDraw = False
24.9321 	EXP 	number_3: autoDraw = False
24.9321 	EXP 	number_4: autoDraw = False
24.9321 	EXP 	cuedChar: pos = array([-0.2, -0.3])
24.9321 	EXP 	cuedChar: image = 'stimuli/m_blue.jpg'
24.9321 	EXP 	feedb_probe1_1: image = 'stimuli/Food.png'
24.9321 	EXP 	feedb_probe2_1: image = 'stimuli/Gamestoy & entertainment.png'
24.9321 	EXP 	feedb_probe3_1: image = 'stimuli/Clothing.png'
24.9321 	EXP 	feedb_probe4_1: image = 'stimuli/Vehicle.png'
24.9321 	EXP 	cuedChar: autoDraw = True
24.9321 	EXP 	feedb_probe1_1: autoDraw = True
24.9321 	EXP 	feedb_probe2_1: autoDraw = True
24.9321 	EXP 	feedb_probe3_1: autoDraw = True
24.9321 	EXP 	feedb_probe4_1: autoDraw = True
26.0241 	EXP 	cuedChar: autoDraw = False
26.0241 	EXP 	feedb_probe1_1: autoDraw = False
26.0241 	EXP 	feedb_probe2_1: autoDraw = False
26.0241 	EXP 	feedb_probe3_1: autoDraw = False
26.0241 	EXP 	feedb_probe4_1: autoDraw = False
26.0241 	EXP 	task_feedb: text = 'incorrect'
26.0241 	EXP 	feedbImage: image = 'stimuli/objects/beret01.jpg'
26.0241 	EXP 	task_feedb: autoDraw = True
26.0241 	EXP 	feedbImage: autoDraw = True
26.4878 	EXP 	iti: autoDraw = True
26.5394 	EXP 	task_feedb: autoDraw = False
26.5394 	EXP 	feedbImage: autoDraw = False
27.2302 	EXP 	New trial (rep=0, index=2): OrderedDict([('character', 'stimuli/m_blue.jpg'), ('left_categ', 'stimuli/Food.png'), ('centleft_categ', 'stimuli/Gamestoy & entertainment.png'), ('centright_categ', 'stimuli/Clothing.png'), ('right_categ', 'stimuli/Vehicle.png'), ('trial_cond', 1), ('corr_ans', 'Gamestoy & entertainment'), ('corr_ans_num', 2), ('img', 'stimuli/objects/interlockingbuildingblock03b.jpg')])
27.3005 	EXP 	iti: autoDraw = False
27.3005 	EXP 	task_feedb: autoDraw = False
27.3005 	EXP 	feedbImage: autoDraw = False
27.3005 	EXP 	iti: autoDraw = False
27.3005 	EXP 	character1: image = 'stimuli/m_blue.jpg'
27.3005 	EXP 	task_probe1: image = 'stimuli/Food.png'
27.3005 	EXP 	task_probe2: image = 'stimuli/Gamestoy & entertainment.png'
27.3005 	EXP 	task_probe3: image = 'stimuli/Clothing.png'
27.3005 	EXP 	task_probe4: image = 'stimuli/Vehicle.png'
27.3005 	EXP 	FixationCross: autoDraw = True
27.5433 	EXP 	character1: autoDraw = True
27.5618 	EXP 	FixationCross: autoDraw = False
28.0480 	EXP 	character1: autoDraw = False
28.0480 	EXP 	interval: autoDraw = True
28.5259 	EXP 	task_probe1: autoDraw = True
28.5259 	EXP 	task_probe2: autoDraw = True
28.5259 	EXP 	task_probe3: autoDraw = True
28.5259 	EXP 	task_probe4: autoDraw = True
28.5259 	EXP 	number_1: autoDraw = True
28.5259 	EXP 	number_2: autoDraw = True
28.5259 	EXP 	number_3: autoDraw = True
28.5259 	EXP 	number_4: autoDraw = True
29.0707 	DATA 	Keypress: 2
29.1416 	EXP 	FixationCross: autoDraw = False
29.1416 	EXP 	character1: autoDraw = False
29.1416 	EXP 	interval: autoDraw = False
29.1416 	EXP 	task_probe1: autoDraw = False
29.1416 	EXP 	task_probe2: autoDraw = False
29.1416 	EXP 	task_probe3: autoDraw = False
29.1416 	EXP 	task_probe4: autoDraw = False
29.1416 	EXP 	number_1: autoDraw = False
29.1416 	EXP 	number_2: autoDraw = False
29.1416 	EXP 	number_3: autoDraw = False
29.1416 	EXP 	number_4: autoDraw = False
29.1416 	EXP 	cuedChar: pos = array([-0.2, -0.3])
29.1416 	EXP 	cuedChar: image = 'stimuli/m_blue.jpg'
29.1416 	EXP 	feedb_probe1_1: image = 'stimuli/Food.png'
29.1416 	EXP 	feedb_probe2_1: image = 'stimuli/Gamestoy & entertainment.png'
29.1416 	EXP 	feedb_probe3_1: image = 'stimuli/Clothing.png'
29.1416 	EXP 	feedb_probe4_1: image = 'stimuli/Vehicle.png'
29.1416 	EXP 	cuedChar: autoDraw = True
29.1416 	EXP 	feedb_probe1_1: autoDraw = True
29.1416 	EXP 	feedb_probe2_1: autoDraw = True
29.1416 	EXP 	feedb_probe3_1: autoDraw = True
29.1416 	EXP 	feedb_probe4_1: autoDraw = True
30.2604 	EXP 	cuedChar: autoDraw = False
30.2604 	EXP 	feedb_probe1_1: autoDraw = False
30.2604 	EXP 	feedb_probe2_1: autoDraw = False
30.2604 	EXP 	feedb_probe3_1: autoDraw = False
30.2604 	EXP 	feedb_probe4_1: autoDraw = False
30.2604 	EXP 	task_feedb: text = 'correct'
30.2604 	EXP 	feedbImage: image = 'stimuli/objects/interlockingbuildingblock03b.jpg'
30.2604 	EXP 	task_feedb: autoDraw = True
30.2604 	EXP 	feedbImage: autoDraw = True
30.7372 	EXP 	iti: autoDraw = True
30.7946 	EXP 	task_feedb: autoDraw = False
30.7946 	EXP 	feedbImage: autoDraw = False
31.4788 	EXP 	New trial (rep=0, index=3): OrderedDict([('character', 'stimuli/m_red.jpg'), ('left_categ', 'stimuli/Food.png'), ('centleft_categ', 'stimuli/Gamestoy & entertainment.png'), ('centright_categ', 'stimuli/Clothing.png'), ('right_categ', 'stimuli/Vehicle.png'), ('trial_cond', 0), ('corr_ans', 'Gamestoy & entertainment'), ('corr_ans_num', 2), ('img', 'stimuli/objects/airhockeytable.jpg')])
31.5412 	EXP 	iti: autoDraw = False
31.5412 	EXP 	task_feedb: autoDraw = False
31.5412 	EXP 	feedbImage: autoDraw = False
31.5412 	EXP 	iti: autoDraw = False
31.5412 	EXP 	character1: image = 'stimuli/m_red.jpg'
31.5412 	EXP 	task_probe1: image = 'stimuli/Food.png'
31.5412 	EXP 	task_probe2: image = 'stimuli/Gamestoy & entertainment.png'
31.5412 	EXP 	task_probe3: image = 'stimuli/Clothing.png'
31.5412 	EXP 	task_probe4: image = 'stimuli/Vehicle.png'
31.5412 	EXP 	FixationCross: autoDraw = True
31.7695 	EXP 	character1: autoDraw = True
31.8178 	EXP 	FixationCross: autoDraw = False
32.2695 	EXP 	interval: autoDraw = True
32.2854 	EXP 	character1: autoDraw = False
32.7617 	EXP 	task_probe1: autoDraw = True
32.7617 	EXP 	task_probe2: autoDraw = True
32.7617 	EXP 	task_probe3: autoDraw = True
32.7617 	EXP 	task_probe4: autoDraw = True
32.7617 	EXP 	number_1: autoDraw = True
32.7617 	EXP 	number_2: autoDraw = True
32.7617 	EXP 	number_3: autoDraw = True
32.7617 	EXP 	number_4: autoDraw = True
33.5375 	EXP 	interval: autoDraw = False
34.0480 	DATA 	Keypress: 1
34.1093 	EXP 	FixationCross: autoDraw = False
34.1093 	EXP 	character1: autoDraw = False
34.1093 	EXP 	interval: autoDraw = False
34.1093 	EXP 	task_probe1: autoDraw = False
34.1093 	EXP 	task_probe2: autoDraw = False
34.1093 	EXP 	task_probe3: autoDraw = False
34.1093 	EXP 	task_probe4: autoDraw = False
34.1093 	EXP 	number_1: autoDraw = False
34.1093 	EXP 	number_2: autoDraw = False
34.1093 	EXP 	number_3: autoDraw = False
34.1093 	EXP 	number_4: autoDraw = False
34.1093 	EXP 	cuedChar: pos = array([-0.6, -0.3])
34.1093 	EXP 	cuedChar: image = 'stimuli/m_red.jpg'
34.1093 	EXP 	feedb_probe1_1: image = 'stimuli/Food.png'
34.1093 	EXP 	feedb_probe2_1: image = 'stimuli/Gamestoy & entertainment.png'
34.1093 	EXP 	feedb_probe3_1: image = 'stimuli/Clothing.png'
34.1093 	EXP 	feedb_probe4_1: image = 'stimuli/Vehicle.png'
34.1093 	EXP 	cuedChar: autoDraw = True
34.1093 	EXP 	feedb_probe1_1: autoDraw = True
34.1093 	EXP 	feedb_probe2_1: autoDraw = True
34.1093 	EXP 	feedb_probe3_1: autoDraw = True
34.1093 	EXP 	feedb_probe4_1: autoDraw = True
35.2039 	EXP 	cuedChar: autoDraw = False
35.2039 	EXP 	feedb_probe1_1: autoDraw = False
35.2039 	EXP 	feedb_probe2_1: autoDraw = False
35.2039 	EXP 	feedb_probe3_1: autoDraw = False
35.2039 	EXP 	feedb_probe4_1: autoDraw = False
35.2039 	EXP 	task_feedb: text = 'incorrect'
35.2039 	EXP 	feedbImage: image = 'stimuli/objects/airhockeytable.jpg'
35.2039 	EXP 	task_feedb: autoDraw = True
35.2039 	EXP 	feedbImage: autoDraw = True
35.6643 	EXP 	iti: autoDraw = True
35.7140 	EXP 	task_feedb: autoDraw = False
35.7140 	EXP 	feedbImage: autoDraw = False
36.3991 	EXP 	New trial (rep=0, index=4): OrderedDict([('character', 'stimuli/m_red.jpg'), ('left_categ', 'stimuli/Vehicle.png'), ('centleft_categ', 'stimuli/Food.png'), ('centright_categ', 'stimuli/Clothing.png'), ('right_categ', 'stimuli/Gamestoy & entertainment.png'), ('trial_cond', 1), ('corr_ans', 'Food'), ('corr_ans_num', 2), ('img', 'stimuli/objects/icecreamcone01a.jpg')])
36.4575 	EXP 	iti: autoDraw = False
36.4575 	EXP 	task_feedb: autoDraw = False
36.4575 	EXP 	feedbImage: autoDraw = False
36.4575 	EXP 	iti: autoDraw = False
36.4575 	EXP 	character1: image = 'stimuli/m_red.jpg'
36.4575 	EXP 	task_probe1: image = 'stimuli/Vehicle.png'
36.4575 	EXP 	task_probe2: image = 'stimuli/Food.png'
36.4575 	EXP 	task_probe3: image = 'stimuli/Clothing.png'
36.4575 	EXP 	task_probe4: image = 'stimuli/Gamestoy & entertainment.png'
36.4575 	EXP 	FixationCross: autoDraw = True
36.6841 	EXP 	character1: autoDraw = True
36.7344 	EXP 	FixationCross: autoDraw = False
37.1889 	EXP 	character1: autoDraw = False
37.1889 	EXP 	interval: autoDraw = True
37.6820 	EXP 	task_probe1: autoDraw = True
37.6820 	EXP 	task_probe2: autoDraw = True
37.6820 	EXP 	task_probe3: autoDraw = True
37.6820 	EXP 	task_probe4: autoDraw = True
37.6820 	EXP 	number_1: autoDraw = True
37.6820 	EXP 	number_2: autoDraw = True
37.6820 	EXP 	number_3: autoDraw = True
37.6820 	EXP 	number_4: autoDraw = True
38.4464 	EXP 	interval: autoDraw = False
38.6233 	DATA 	Keypress: 2
38.6904 	EXP 	FixationCross: autoDraw = False
38.6904 	EXP 	character1: autoDraw = False
38.6904 	EXP 	interval: autoDraw = False
38.6904 	EXP 	task_probe1: autoDraw = False
38.6904 	EXP 	task_probe2: autoDraw = False
38.6904 	EXP 	task_probe3: autoDraw = False
38.6904 	EXP 	task_probe4: autoDraw = False
38.6904 	EXP 	number_1: autoDraw = False
38.6904 	EXP 	number_2: autoDraw = False
38.6904 	EXP 	number_3: autoDraw = False
38.6904 	EXP 	number_4: autoDraw = False
38.6904 	EXP 	cuedChar: pos = array([-0.2, -0.3])
38.6904 	EXP 	cuedChar: image = 'stimuli/m_red.jpg'
38.6904 	EXP 	feedb_probe1_1: image = 'stimuli/Vehicle.png'
38.6904 	EXP 	feedb_probe2_1: image = 'stimuli/Food.png'
38.6904 	EXP 	feedb_probe3_1: image = 'stimuli/Clothing.png'
38.6904 	EXP 	feedb_probe4_1: image = 'stimuli/Gamestoy & entertainment.png'
38.6904 	EXP 	cuedChar: autoDraw = True
38.6904 	EXP 	feedb_probe1_1: autoDraw = True
38.6904 	EXP 	feedb_probe2_1: autoDraw = True
38.6904 	EXP 	feedb_probe3_1: autoDraw = True
38.6904 	EXP 	feedb_probe4_1: autoDraw = True
39.7899 	EXP 	cuedChar: autoDraw = False
39.7899 	EXP 	feedb_probe1_1: autoDraw = False
39.7899 	EXP 	feedb_probe2_1: autoDraw = False
39.7899 	EXP 	feedb_probe3_1: autoDraw = False
39.7899 	EXP 	feedb_probe4_1: autoDraw = False
39.7899 	EXP 	task_feedb: text = 'correct'
39.7899 	EXP 	feedbImage: image = 'stimuli/objects/icecreamcone01a.jpg'
39.7899 	EXP 	task_feedb: autoDraw = True
39.7899 	EXP 	feedbImage: autoDraw = True
40.2629 	EXP 	iti: autoDraw = True
40.3182 	EXP 	task_feedb: autoDraw = False
40.3182 	EXP 	feedbImage: autoDraw = False
41.0110 	EXP 	New trial (rep=0, index=5): OrderedDict([('character', 'stimuli/m_blue.jpg'), ('left_categ', 'stimuli/Gamestoy & entertainment.png'), ('centleft_categ', 'stimuli/Vehicle.png'), ('centright_categ', 'stimuli/Food.png'), ('right_categ', 'stimuli/Clothing.png'), ('trial_cond', 1), ('corr_ans', 'Gamestoy & entertainment'), ('corr_ans_num', 1), ('img', 'stimuli/objects/stuffedanimal02b.jpg')])
41.0928 	EXP 	iti: autoDraw = False
41.0928 	EXP 	task_feedb: autoDraw = False
41.0928 	EXP 	feedbImage: autoDraw = False
41.0928 	EXP 	iti: autoDraw = False
41.0928 	EXP 	character1: image = 'stimuli/m_blue.jpg'
41.0928 	EXP 	task_probe1: image = 'stimuli/Gamestoy & entertainment.png'
41.0928 	EXP 	task_probe2: image = 'stimuli/Vehicle.png'
41.0928 	EXP 	task_probe3: image = 'stimuli/Food.png'
41.0928 	EXP 	task_probe4: image = 'stimuli/Clothing.png'
41.0928 	EXP 	FixationCross: autoDraw = True
41.3217 	EXP 	character1: autoDraw = True
41.3676 	EXP 	FixationCross: autoDraw = False
41.7996 	EXP 	interval: autoDraw = True
41.8489 	EXP 	character1: autoDraw = False
42.3127 	EXP 	task_probe1: autoDraw = True
42.3127 	EXP 	task_probe2: autoDraw = True
42.3127 	EXP 	task_probe3: autoDraw = True
42.3127 	EXP 	task_probe4: autoDraw = True
42.3127 	EXP 	number_1: autoDraw = True
42.3127 	EXP 	number_2: autoDraw = True
42.3127 	EXP 	number_3: autoDraw = True
42.3127 	EXP 	number_4: autoDraw = True
43.0795 	EXP 	interval: autoDraw = False
43.7337 	DATA 	Keypress: 1
43.8275 	EXP 	FixationCross: autoDraw = False
43.8275 	EXP 	character1: autoDraw = False
43.8275 	EXP 	interval: autoDraw = False
43.8275 	EXP 	task_probe1: autoDraw = False
43.8275 	EXP 	task_probe2: autoDraw = False
43.8275 	EXP 	task_probe3: autoDraw = False
43.8275 	EXP 	task_probe4: autoDraw = False
43.8275 	EXP 	number_1: autoDraw = False
43.8275 	EXP 	number_2: autoDraw = False
43.8275 	EXP 	number_3: autoDraw = False
43.8275 	EXP 	number_4: autoDraw = False
43.8275 	EXP 	cuedChar: pos = array([-0.6, -0.3])
43.8275 	EXP 	cuedChar: image = 'stimuli/m_blue.jpg'
43.8275 	EXP 	feedb_probe1_1: image = 'stimuli/Gamestoy & entertainment.png'
43.8275 	EXP 	feedb_probe2_1: image = 'stimuli/Vehicle.png'
43.8275 	EXP 	feedb_probe3_1: image = 'stimuli/Food.png'
43.8275 	EXP 	feedb_probe4_1: image = 'stimuli/Clothing.png'
43.8275 	EXP 	cuedChar: autoDraw = True
43.8275 	EXP 	feedb_probe1_1: autoDraw = True
43.8275 	EXP 	feedb_probe2_1: autoDraw = True
43.8275 	EXP 	feedb_probe3_1: autoDraw = True
43.8275 	EXP 	feedb_probe4_1: autoDraw = True
44.8892 	EXP 	cuedChar: autoDraw = False
44.8892 	EXP 	feedb_probe1_1: autoDraw = False
44.8892 	EXP 	feedb_probe2_1: autoDraw = False
44.8892 	EXP 	feedb_probe3_1: autoDraw = False
44.8892 	EXP 	feedb_probe4_1: autoDraw = False
44.8892 	EXP 	task_feedb: text = 'correct'
44.8892 	EXP 	feedbImage: image = 'stimuli/objects/stuffedanimal02b.jpg'
44.8892 	EXP 	task_feedb: autoDraw = True
44.8892 	EXP 	feedbImage: autoDraw = True
45.3683 	EXP 	iti: autoDraw = True
45.4263 	EXP 	task_feedb: autoDraw = False
45.4263 	EXP 	feedbImage: autoDraw = False
46.1072 	EXP 	New trial (rep=0, index=6): OrderedDict([('character', 'stimuli/m_red.jpg'), ('left_categ', 'stimuli/Gamestoy & entertainment.png'), ('centleft_categ', 'stimuli/Food.png'), ('centright_categ', 'stimuli/Vehicle.png'), ('right_categ', 'stimuli/Clothing.png'), ('trial_cond', 1), ('corr_ans', 'Food'), ('corr_ans_num', 2), ('img', 'stimuli/objects/apple07.jpg')])
46.1817 	EXP 	iti: autoDraw = False
46.1817 	EXP 	task_feedb: autoDraw = False
46.1817 	EXP 	feedbImage: autoDraw = False
46.1817 	EXP 	iti: autoDraw = False
46.1817 	EXP 	character1: image = 'stimuli/m_red.jpg'
46.1817 	EXP 	task_probe1: image = 'stimuli/Gamestoy & entertainment.png'
46.1817 	EXP 	task_probe2: image = 'stimuli/Food.png'
46.1817 	EXP 	task_probe3: image = 'stimuli/Vehicle.png'
46.1817 	EXP 	task_probe4: image = 'stimuli/Clothing.png'
46.1817 	EXP 	FixationCross: autoDraw = True
46.3919 	EXP 	character1: autoDraw = True
46.4510 	EXP 	FixationCross: autoDraw = False
46.9063 	EXP 	interval: autoDraw = True
46.9239 	EXP 	character1: autoDraw = False
47.4124 	EXP 	task_probe1: autoDraw = True
47.4124 	EXP 	task_probe2: autoDraw = True
47.4124 	EXP 	task_probe3: autoDraw = True
47.4124 	EXP 	task_probe4: autoDraw = True
47.4124 	EXP 	number_1: autoDraw = True
47.4124 	EXP 	number_2: autoDraw = True
47.4124 	EXP 	number_3: autoDraw = True
47.4124 	EXP 	number_4: autoDraw = True
48.1046 	DATA 	Keypress: 1
48.1646 	EXP 	FixationCross: autoDraw = False
48.1646 	EXP 	character1: autoDraw = False
48.1646 	EXP 	interval: autoDraw = False
48.1646 	EXP 	task_probe1: autoDraw = False
48.1646 	EXP 	task_probe2: autoDraw = False
48.1646 	EXP 	task_probe3: autoDraw = False
48.1646 	EXP 	task_probe4: autoDraw = False
48.1646 	EXP 	number_1: autoDraw = False
48.1646 	EXP 	number_2: autoDraw = False
48.1646 	EXP 	number_3: autoDraw = False
48.1646 	EXP 	number_4: autoDraw = False
48.1646 	EXP 	cuedChar: pos = array([-0.6, -0.3])
48.1646 	EXP 	cuedChar: image = 'stimuli/m_red.jpg'
48.1646 	EXP 	feedb_probe1_1: image = 'stimuli/Gamestoy & entertainment.png'
48.1646 	EXP 	feedb_probe2_1: image = 'stimuli/Food.png'
48.1646 	EXP 	feedb_probe3_1: image = 'stimuli/Vehicle.png'
48.1646 	EXP 	feedb_probe4_1: image = 'stimuli/Clothing.png'
48.1646 	EXP 	cuedChar: autoDraw = True
48.1646 	EXP 	feedb_probe1_1: autoDraw = True
48.1646 	EXP 	feedb_probe2_1: autoDraw = True
48.1646 	EXP 	feedb_probe3_1: autoDraw = True
48.1646 	EXP 	feedb_probe4_1: autoDraw = True
49.2816 	EXP 	cuedChar: autoDraw = False
49.2816 	EXP 	feedb_probe1_1: autoDraw = False
49.2816 	EXP 	feedb_probe2_1: autoDraw = False
49.2816 	EXP 	feedb_probe3_1: autoDraw = False
49.2816 	EXP 	feedb_probe4_1: autoDraw = False
49.2816 	EXP 	task_feedb: text = 'incorrect'
49.2816 	EXP 	feedbImage: image = 'stimuli/objects/apple07.jpg'
49.2816 	EXP 	task_feedb: autoDraw = True
49.2816 	EXP 	feedbImage: autoDraw = True
49.7532 	EXP 	iti: autoDraw = True
49.8030 	EXP 	task_feedb: autoDraw = False
49.8030 	EXP 	feedbImage: autoDraw = False
50.5074 	EXP 	New trial (rep=0, index=7): OrderedDict([('character', 'stimuli/m_blue.jpg'), ('left_categ', 'stimuli/Clothing.png'), ('centleft_categ', 'stimuli/Food.png'), ('centright_categ', 'stimuli/Gamestoy & entertainment.png'), ('right_categ', 'stimuli/Vehicle.png'), ('trial_cond', 1), ('corr_ans', 'Gamestoy & entertainment'), ('corr_ans_num', 3), ('img', 'stimuli/objects/number3.jpg')])
50.5751 	EXP 	iti: autoDraw = False
50.5751 	EXP 	task_feedb: autoDraw = False
50.5751 	EXP 	feedbImage: autoDraw = False
50.5751 	EXP 	iti: autoDraw = False
50.5751 	EXP 	character1: image = 'stimuli/m_blue.jpg'
50.5751 	EXP 	task_probe1: image = 'stimuli/Clothing.png'
50.5751 	EXP 	task_probe2: image = 'stimuli/Food.png'
50.5751 	EXP 	task_probe3: image = 'stimuli/Gamestoy & entertainment.png'
50.5751 	EXP 	task_probe4: image = 'stimuli/Vehicle.png'
50.5751 	EXP 	FixationCross: autoDraw = True
50.7939 	EXP 	character1: autoDraw = True
50.8454 	EXP 	FixationCross: autoDraw = False
51.2951 	EXP 	interval: autoDraw = True
51.3099 	EXP 	character1: autoDraw = False
51.7917 	EXP 	task_probe1: autoDraw = True
51.7917 	EXP 	task_probe2: autoDraw = True
51.7917 	EXP 	task_probe3: autoDraw = True
51.7917 	EXP 	task_probe4: autoDraw = True
51.7917 	EXP 	number_1: autoDraw = True
51.7917 	EXP 	number_2: autoDraw = True
51.7917 	EXP 	number_3: autoDraw = True
51.7917 	EXP 	number_4: autoDraw = True
52.5579 	EXP 	interval: autoDraw = False
54.2655 	DATA 	Keypress: 3
54.3358 	EXP 	FixationCross: autoDraw = False
54.3358 	EXP 	character1: autoDraw = False
54.3358 	EXP 	interval: autoDraw = False
54.3358 	EXP 	task_probe1: autoDraw = False
54.3358 	EXP 	task_probe2: autoDraw = False
54.3358 	EXP 	task_probe3: autoDraw = False
54.3358 	EXP 	task_probe4: autoDraw = False
54.3358 	EXP 	number_1: autoDraw = False
54.3358 	EXP 	number_2: autoDraw = False
54.3358 	EXP 	number_3: autoDraw = False
54.3358 	EXP 	number_4: autoDraw = False
54.3358 	EXP 	cuedChar: pos = array([ 0.2, -0.3])
54.3358 	EXP 	cuedChar: image = 'stimuli/m_blue.jpg'
54.3358 	EXP 	feedb_probe1_1: image = 'stimuli/Clothing.png'
54.3358 	EXP 	feedb_probe2_1: image = 'stimuli/Food.png'
54.3358 	EXP 	feedb_probe3_1: image = 'stimuli/Gamestoy & entertainment.png'
54.3358 	EXP 	feedb_probe4_1: image = 'stimuli/Vehicle.png'
54.3358 	EXP 	cuedChar: autoDraw = True
54.3358 	EXP 	feedb_probe1_1: autoDraw = True
54.3358 	EXP 	feedb_probe2_1: autoDraw = True
54.3358 	EXP 	feedb_probe3_1: autoDraw = True
54.3358 	EXP 	feedb_probe4_1: autoDraw = True
55.4209 	EXP 	cuedChar: autoDraw = False
55.4209 	EXP 	feedb_probe1_1: autoDraw = False
55.4209 	EXP 	feedb_probe2_1: autoDraw = False
55.4209 	EXP 	feedb_probe3_1: autoDraw = False
55.4209 	EXP 	feedb_probe4_1: autoDraw = False
55.4209 	EXP 	task_feedb: text = 'correct'
55.4209 	EXP 	feedbImage: image = 'stimuli/objects/number3.jpg'
55.4209 	EXP 	task_feedb: autoDraw = True
55.4209 	EXP 	feedbImage: autoDraw = True
55.8683 	EXP 	iti: autoDraw = True
55.9520 	EXP 	task_feedb: autoDraw = False
55.9520 	EXP 	feedbImage: autoDraw = False
56.6019 	EXP 	New trial (rep=0, index=8): OrderedDict([('character', 'stimuli/m_blue.jpg'), ('left_categ', 'stimuli/Clothing.png'), ('centleft_categ', 'stimuli/Food.png'), ('centright_categ', 'stimuli/Gamestoy & entertainment.png'), ('right_categ', 'stimuli/Vehicle.png'), ('trial_cond', 0), ('corr_ans', 'Vehicle'), ('corr_ans_num', 4), ('img', 'stimuli/objects/freighttruck.jpg')])
56.6662 	EXP 	iti: autoDraw = False
56.6662 	EXP 	task_feedb: autoDraw = False
56.6662 	EXP 	feedbImage: autoDraw = False
56.6662 	EXP 	iti: autoDraw = False
56.6662 	EXP 	character1: image = 'stimuli/m_blue.jpg'
56.6662 	EXP 	task_probe1: image = 'stimuli/Clothing.png'
56.6662 	EXP 	task_probe2: image = 'stimuli/Food.png'
56.6662 	EXP 	task_probe3: image = 'stimuli/Gamestoy & entertainment.png'
56.6662 	EXP 	task_probe4: image = 'stimuli/Vehicle.png'
56.6662 	EXP 	FixationCross: autoDraw = True
56.8819 	EXP 	character1: autoDraw = True
56.9367 	EXP 	FixationCross: autoDraw = False
57.3857 	EXP 	interval: autoDraw = True
57.4067 	EXP 	character1: autoDraw = False
57.9022 	EXP 	task_probe1: autoDraw = True
57.9022 	EXP 	task_probe2: autoDraw = True
57.9022 	EXP 	task_probe3: autoDraw = True
57.9022 	EXP 	task_probe4: autoDraw = True
57.9022 	EXP 	number_1: autoDraw = True
57.9022 	EXP 	number_2: autoDraw = True
57.9022 	EXP 	number_3: autoDraw = True
57.9022 	EXP 	number_4: autoDraw = True
58.6649 	EXP 	interval: autoDraw = False
59.1531 	DATA 	Keypress: 3
59.2080 	EXP 	FixationCross: autoDraw = False
59.2080 	EXP 	character1: autoDraw = False
59.2080 	EXP 	interval: autoDraw = False
59.2080 	EXP 	task_probe1: autoDraw = False
59.2080 	EXP 	task_probe2: autoDraw = False
59.2080 	EXP 	task_probe3: autoDraw = False
59.2080 	EXP 	task_probe4: autoDraw = False
59.2080 	EXP 	number_1: autoDraw = False
59.2080 	EXP 	number_2: autoDraw = False
59.2080 	EXP 	number_3: autoDraw = False
59.2080 	EXP 	number_4: autoDraw = False
59.2080 	EXP 	cuedChar: pos = array([ 0.2, -0.3])
59.2080 	EXP 	cuedChar: image = 'stimuli/m_blue.jpg'
59.2080 	EXP 	feedb_probe1_1: image = 'stimuli/Clothing.png'
59.2080 	EXP 	feedb_probe2_1: image = 'stimuli/Food.png'
59.2080 	EXP 	feedb_probe3_1: image = 'stimuli/Gamestoy & entertainment.png'
59.2080 	EXP 	feedb_probe4_1: image = 'stimuli/Vehicle.png'
59.2080 	EXP 	cuedChar: autoDraw = True
59.2080 	EXP 	feedb_probe1_1: autoDraw = True
59.2080 	EXP 	feedb_probe2_1: autoDraw = True
59.2080 	EXP 	feedb_probe3_1: autoDraw = True
59.2080 	EXP 	feedb_probe4_1: autoDraw = True
60.3344 	EXP 	cuedChar: autoDraw = False
60.3344 	EXP 	feedb_probe1_1: autoDraw = False
60.3344 	EXP 	feedb_probe2_1: autoDraw = False
60.3344 	EXP 	feedb_probe3_1: autoDraw = False
60.3344 	EXP 	feedb_probe4_1: autoDraw = False
60.3344 	EXP 	task_feedb: text = 'incorrect'
60.3344 	EXP 	feedbImage: image = 'stimuli/objects/freighttruck.jpg'
60.3344 	EXP 	task_feedb: autoDraw = True
60.3344 	EXP 	feedbImage: autoDraw = True
60.8069 	EXP 	iti: autoDraw = True
60.8622 	EXP 	task_feedb: autoDraw = False
60.8622 	EXP 	feedbImage: autoDraw = False
61.5584 	EXP 	New trial (rep=0, index=9): OrderedDict([('character', 'stimuli/m_red.jpg'), ('left_categ', 'stimuli/Vehicle.png'), ('centleft_categ', 'stimuli/Clothing.png'), ('centright_categ', 'stimuli/Gamestoy & entertainment.png'), ('right_categ', 'stimuli/Food.png'), ('trial_cond', 1), ('corr_ans', 'Food'), ('corr_ans_num', 4), ('img', 'stimuli/objects/mango01.jpg')])
61.6309 	EXP 	iti: autoDraw = False
61.6309 	EXP 	task_feedb: autoDraw = False
61.6309 	EXP 	feedbImage: autoDraw = False
61.6309 	EXP 	iti: autoDraw = False
61.6309 	EXP 	character1: image = 'stimuli/m_red.jpg'
61.6309 	EXP 	task_probe1: image = 'stimuli/Vehicle.png'
61.6309 	EXP 	task_probe2: image = 'stimuli/Clothing.png'
61.6309 	EXP 	task_probe3: image = 'stimuli/Gamestoy & entertainment.png'
61.6309 	EXP 	task_probe4: image = 'stimuli/Food.png'
61.6309 	EXP 	FixationCross: autoDraw = True
61.8582 	EXP 	character1: autoDraw = True
61.9080 	EXP 	FixationCross: autoDraw = False
62.3781 	EXP 	character1: autoDraw = False
62.3781 	EXP 	interval: autoDraw = True
62.8727 	EXP 	task_probe1: autoDraw = True
62.8727 	EXP 	task_probe2: autoDraw = True
62.8727 	EXP 	task_probe3: autoDraw = True
62.8727 	EXP 	task_probe4: autoDraw = True
62.8727 	EXP 	number_1: autoDraw = True
62.8727 	EXP 	number_2: autoDraw = True
62.8727 	EXP 	number_3: autoDraw = True
62.8727 	EXP 	number_4: autoDraw = True
63.6458 	EXP 	interval: autoDraw = False
63.9833 	DATA 	Keypress: 4
64.0457 	EXP 	FixationCross: autoDraw = False
64.0457 	EXP 	character1: autoDraw = False
64.0457 	EXP 	interval: autoDraw = False
64.0457 	EXP 	task_probe1: autoDraw = False
64.0457 	EXP 	task_probe2: autoDraw = False
64.0457 	EXP 	task_probe3: autoDraw = False
64.0457 	EXP 	task_probe4: autoDraw = False
64.0457 	EXP 	number_1: autoDraw = False
64.0457 	EXP 	number_2: autoDraw = False
64.0457 	EXP 	number_3: autoDraw = False
64.0457 	EXP 	number_4: autoDraw = False
64.0457 	EXP 	cuedChar: pos = array([ 0.6, -0.3])
64.0457 	EXP 	cuedChar: image = 'stimuli/m_red.jpg'
64.0457 	EXP 	feedb_probe1_1: image = 'stimuli/Vehicle.png'
64.0457 	EXP 	feedb_probe2_1: image = 'stimuli/Clothing.png'
64.0457 	EXP 	feedb_probe3_1: image = 'stimuli/Gamestoy & entertainment.png'
64.0457 	EXP 	feedb_probe4_1: image = 'stimuli/Food.png'
64.0457 	EXP 	cuedChar: autoDraw = True
64.0457 	EXP 	feedb_probe1_1: autoDraw = True
64.0457 	EXP 	feedb_probe2_1: autoDraw = True
64.0457 	EXP 	feedb_probe3_1: autoDraw = True
64.0457 	EXP 	feedb_probe4_1: autoDraw = True
65.1562 	EXP 	cuedChar: autoDraw = False
65.1562 	EXP 	feedb_probe1_1: autoDraw = False
65.1562 	EXP 	feedb_probe2_1: autoDraw = False
65.1562 	EXP 	feedb_probe3_1: autoDraw = False
65.1562 	EXP 	feedb_probe4_1: autoDraw = False
65.1562 	EXP 	task_feedb: text = 'correct'
65.1562 	EXP 	feedbImage: image = 'stimuli/objects/mango01.jpg'
65.1562 	EXP 	task_feedb: autoDraw = True
65.1562 	EXP 	feedbImage: autoDraw = True
65.6041 	EXP 	iti: autoDraw = True
65.6858 	EXP 	task_feedb: autoDraw = False
65.6858 	EXP 	feedbImage: autoDraw = False
66.3633 	EXP 	New trial (rep=0, index=10): OrderedDict([('character', 'stimuli/m_blue.jpg'), ('left_categ', 'stimuli/Vehicle.png'), ('centleft_categ', 'stimuli/Food.png'), ('centright_categ', 'stimuli/Clothing.png'), ('right_categ', 'stimuli/Gamestoy & entertainment.png'), ('trial_cond', 1), ('corr_ans', 'Gamestoy & entertainment'), ('corr_ans_num', 4), ('img', 'stimuli/objects/8ball.jpg')])
66.4341 	EXP 	iti: autoDraw = False
66.4341 	EXP 	task_feedb: autoDraw = False
66.4341 	EXP 	feedbImage: autoDraw = False
66.4341 	EXP 	iti: autoDraw = False
66.4341 	EXP 	character1: image = 'stimuli/m_blue.jpg'
66.4341 	EXP 	task_probe1: image = 'stimuli/Vehicle.png'
66.4341 	EXP 	task_probe2: image = 'stimuli/Food.png'
66.4341 	EXP 	task_probe3: image = 'stimuli/Clothing.png'
66.4341 	EXP 	task_probe4: image = 'stimuli/Gamestoy & entertainment.png'
66.4341 	EXP 	FixationCross: autoDraw = True
66.6501 	EXP 	character1: autoDraw = True
66.6981 	EXP 	FixationCross: autoDraw = False
67.1612 	EXP 	interval: autoDraw = True
67.1797 	EXP 	character1: autoDraw = False
67.6499 	EXP 	task_probe1: autoDraw = True
67.6499 	EXP 	task_probe2: autoDraw = True
67.6499 	EXP 	task_probe3: autoDraw = True
67.6499 	EXP 	task_probe4: autoDraw = True
67.6499 	EXP 	number_1: autoDraw = True
67.6499 	EXP 	number_2: autoDraw = True
67.6499 	EXP 	number_3: autoDraw = True
67.6499 	EXP 	number_4: autoDraw = True
68.4266 	EXP 	interval: autoDraw = False
69.0483 	DATA 	Keypress: 4
69.1132 	EXP 	FixationCross: autoDraw = False
69.1132 	EXP 	character1: autoDraw = False
69.1132 	EXP 	interval: autoDraw = False
69.1132 	EXP 	task_probe1: autoDraw = False
69.1132 	EXP 	task_probe2: autoDraw = False
69.1132 	EXP 	task_probe3: autoDraw = False
69.1132 	EXP 	task_probe4: autoDraw = False
69.1132 	EXP 	number_1: autoDraw = False
69.1132 	EXP 	number_2: autoDraw = False
69.1132 	EXP 	number_3: autoDraw = False
69.1132 	EXP 	number_4: autoDraw = False
69.1132 	EXP 	cuedChar: pos = array([ 0.6, -0.3])
69.1132 	EXP 	cuedChar: image = 'stimuli/m_blue.jpg'
69.1132 	EXP 	feedb_probe1_1: image = 'stimuli/Vehicle.png'
69.1132 	EXP 	feedb_probe2_1: image = 'stimuli/Food.png'
69.1132 	EXP 	feedb_probe3_1: image = 'stimuli/Clothing.png'
69.1132 	EXP 	feedb_probe4_1: image = 'stimuli/Gamestoy & entertainment.png'
69.1132 	EXP 	cuedChar: autoDraw = True
69.1132 	EXP 	feedb_probe1_1: autoDraw = True
69.1132 	EXP 	feedb_probe2_1: autoDraw = True
69.1132 	EXP 	feedb_probe3_1: autoDraw = True
69.1132 	EXP 	feedb_probe4_1: autoDraw = True
70.2049 	EXP 	cuedChar: autoDraw = False
70.2049 	EXP 	feedb_probe1_1: autoDraw = False
70.2049 	EXP 	feedb_probe2_1: autoDraw = False
70.2049 	EXP 	feedb_probe3_1: autoDraw = False
70.2049 	EXP 	feedb_probe4_1: autoDraw = False
70.2049 	EXP 	task_feedb: text = 'correct'
70.2049 	EXP 	feedbImage: image = 'stimuli/objects/8ball.jpg'
70.2049 	EXP 	task_feedb: autoDraw = True
70.2049 	EXP 	feedbImage: autoDraw = True
70.6542 	EXP 	iti: autoDraw = True
70.7059 	EXP 	task_feedb: autoDraw = False
70.7059 	EXP 	feedbImage: autoDraw = False
71.3920 	EXP 	New trial (rep=0, index=11): OrderedDict([('character', 'stimuli/m_blue.jpg'), ('left_categ', 'stimuli/Clothing.png'), ('centleft_categ', 'stimuli/Vehicle.png'), ('centright_categ', 'stimuli/Gamestoy & entertainment.png'), ('right_categ', 'stimuli/Food.png'), ('trial_cond', 1), ('corr_ans', 'Gamestoy & entertainment'), ('corr_ans_num', 3), ('img', 'stimuli/objects/chessboard.jpg')])
71.4626 	EXP 	iti: autoDraw = False
71.4626 	EXP 	task_feedb: autoDraw = False
71.4626 	EXP 	feedbImage: autoDraw = False
71.4626 	EXP 	iti: autoDraw = False
71.4626 	EXP 	character1: image = 'stimuli/m_blue.jpg'
71.4626 	EXP 	task_probe1: image = 'stimuli/Clothing.png'
71.4626 	EXP 	task_probe2: image = 'stimuli/Vehicle.png'
71.4626 	EXP 	task_probe3: image = 'stimuli/Gamestoy & entertainment.png'
71.4626 	EXP 	task_probe4: image = 'stimuli/Food.png'
71.4626 	EXP 	FixationCross: autoDraw = True
71.6867 	EXP 	character1: autoDraw = True
71.7358 	EXP 	FixationCross: autoDraw = False
72.2000 	EXP 	interval: autoDraw = True
72.2171 	EXP 	character1: autoDraw = False
72.6812 	EXP 	task_probe1: autoDraw = True
72.6812 	EXP 	task_probe2: autoDraw = True
72.6812 	EXP 	task_probe3: autoDraw = True
72.6812 	EXP 	task_probe4: autoDraw = True
72.6812 	EXP 	number_1: autoDraw = True
72.6812 	EXP 	number_2: autoDraw = True
72.6812 	EXP 	number_3: autoDraw = True
72.6812 	EXP 	number_4: autoDraw = True
73.4748 	EXP 	interval: autoDraw = False
74.4359 	DATA 	Keypress: 3
74.5017 	EXP 	FixationCross: autoDraw = False
74.5017 	EXP 	character1: autoDraw = False
74.5017 	EXP 	interval: autoDraw = False
74.5017 	EXP 	task_probe1: autoDraw = False
74.5017 	EXP 	task_probe2: autoDraw = False
74.5017 	EXP 	task_probe3: autoDraw = False
74.5017 	EXP 	task_probe4: autoDraw = False
74.5017 	EXP 	number_1: autoDraw = False
74.5017 	EXP 	number_2: autoDraw = False
74.5017 	EXP 	number_3: autoDraw = False
74.5017 	EXP 	number_4: autoDraw = False
74.5017 	EXP 	cuedChar: pos = array([ 0.2, -0.3])
74.5017 	EXP 	cuedChar: image = 'stimuli/m_blue.jpg'
74.5017 	EXP 	feedb_probe1_1: image = 'stimuli/Clothing.png'
74.5017 	EXP 	feedb_probe2_1: image = 'stimuli/Vehicle.png'
74.5017 	EXP 	feedb_probe3_1: image = 'stimuli/Gamestoy & entertainment.png'
74.5017 	EXP 	feedb_probe4_1: image = 'stimuli/Food.png'
74.5017 	EXP 	cuedChar: autoDraw = True
74.5017 	EXP 	feedb_probe1_1: autoDraw = True
74.5017 	EXP 	feedb_probe2_1: autoDraw = True
74.5017 	EXP 	feedb_probe3_1: autoDraw = True
74.5017 	EXP 	feedb_probe4_1: autoDraw = True
75.6094 	EXP 	cuedChar: autoDraw = False
75.6094 	EXP 	feedb_probe1_1: autoDraw = False
75.6094 	EXP 	feedb_probe2_1: autoDraw = False
75.6094 	EXP 	feedb_probe3_1: autoDraw = False
75.6094 	EXP 	feedb_probe4_1: autoDraw = False
75.6094 	EXP 	task_feedb: text = 'correct'
75.6094 	EXP 	feedbImage: image = 'stimuli/objects/chessboard.jpg'
75.6094 	EXP 	task_feedb: autoDraw = True
75.6094 	EXP 	feedbImage: autoDraw = True
76.0626 	EXP 	iti: autoDraw = True
76.1393 	EXP 	task_feedb: autoDraw = False
76.1393 	EXP 	feedbImage: autoDraw = False
76.8002 	EXP 	New trial (rep=0, index=12): OrderedDict([('character', 'stimuli/m_red.jpg'), ('left_categ', 'stimuli/Food.png'), ('centleft_categ', 'stimuli/Clothing.png'), ('centright_categ', 'stimuli/Vehicle.png'), ('right_categ', 'stimuli/Gamestoy & entertainment.png'), ('trial_cond', 1), ('corr_ans', 'Food'), ('corr_ans_num', 1), ('img', 'stimuli/objects/frenchfries.jpg')])
76.8589 	EXP 	iti: autoDraw = False
76.8589 	EXP 	task_feedb: autoDraw = False
76.8589 	EXP 	feedbImage: autoDraw = False
76.8589 	EXP 	iti: autoDraw = False
76.8589 	EXP 	character1: image = 'stimuli/m_red.jpg'
76.8589 	EXP 	task_probe1: image = 'stimuli/Food.png'
76.8589 	EXP 	task_probe2: image = 'stimuli/Clothing.png'
76.8589 	EXP 	task_probe3: image = 'stimuli/Vehicle.png'
76.8589 	EXP 	task_probe4: image = 'stimuli/Gamestoy & entertainment.png'
76.8589 	EXP 	FixationCross: autoDraw = True
77.0726 	EXP 	character1: autoDraw = True
77.1217 	EXP 	FixationCross: autoDraw = False
77.5857 	EXP 	interval: autoDraw = True
77.6112 	EXP 	character1: autoDraw = False
78.0869 	EXP 	task_probe1: autoDraw = True
78.0869 	EXP 	task_probe2: autoDraw = True
78.0869 	EXP 	task_probe3: autoDraw = True
78.0869 	EXP 	task_probe4: autoDraw = True
78.0869 	EXP 	number_1: autoDraw = True
78.0869 	EXP 	number_2: autoDraw = True
78.0869 	EXP 	number_3: autoDraw = True
78.0869 	EXP 	number_4: autoDraw = True
78.8518 	EXP 	interval: autoDraw = False
79.9183 	DATA 	Keypress: 1
79.9829 	EXP 	FixationCross: autoDraw = False
79.9829 	EXP 	character1: autoDraw = False
79.9829 	EXP 	interval: autoDraw = False
79.9829 	EXP 	task_probe1: autoDraw = False
79.9829 	EXP 	task_probe2: autoDraw = False
79.9829 	EXP 	task_probe3: autoDraw = False
79.9829 	EXP 	task_probe4: autoDraw = False
79.9829 	EXP 	number_1: autoDraw = False
79.9829 	EXP 	number_2: autoDraw = False
79.9829 	EXP 	number_3: autoDraw = False
79.9829 	EXP 	number_4: autoDraw = False
79.9829 	EXP 	cuedChar: pos = array([-0.6, -0.3])
79.9829 	EXP 	cuedChar: image = 'stimuli/m_red.jpg'
79.9829 	EXP 	feedb_probe1_1: image = 'stimuli/Food.png'
79.9829 	EXP 	feedb_probe2_1: image = 'stimuli/Clothing.png'
79.9829 	EXP 	feedb_probe3_1: image = 'stimuli/Vehicle.png'
79.9829 	EXP 	feedb_probe4_1: image = 'stimuli/Gamestoy & entertainment.png'
79.9829 	EXP 	cuedChar: autoDraw = True
79.9829 	EXP 	feedb_probe1_1: autoDraw = True
79.9829 	EXP 	feedb_probe2_1: autoDraw = True
79.9829 	EXP 	feedb_probe3_1: autoDraw = True
79.9829 	EXP 	feedb_probe4_1: autoDraw = True
81.0785 	EXP 	cuedChar: autoDraw = False
81.0785 	EXP 	feedb_probe1_1: autoDraw = False
81.0785 	EXP 	feedb_probe2_1: autoDraw = False
81.0785 	EXP 	feedb_probe3_1: autoDraw = False
81.0785 	EXP 	feedb_probe4_1: autoDraw = False
81.0785 	EXP 	task_feedb: text = 'correct'
81.0785 	EXP 	feedbImage: image = 'stimuli/objects/frenchfries.jpg'
81.0785 	EXP 	task_feedb: autoDraw = True
81.0785 	EXP 	feedbImage: autoDraw = True
81.5291 	EXP 	iti: autoDraw = True
81.6003 	EXP 	task_feedb: autoDraw = False
81.6003 	EXP 	feedbImage: autoDraw = False
82.2956 	EXP 	iti: autoDraw = False
82.2956 	EXP 	task_feedb: autoDraw = False
82.2956 	EXP 	feedbImage: autoDraw = False
82.2956 	EXP 	iti: autoDraw = False
82.2956 	EXP 	pract_message: text = "You got 90.0 % correct.\n\n Please approach the experimenter \nPress 'y' to do the task again and 'n' to continue with the experiment"
82.2956 	EXP 	pract_message: autoDraw = True
89.1838 	DATA 	Keypress: n
89.2023 	EXP 	pract_message: autoDraw = False
89.2023 	EXP 	final_mess: autoDraw = True
91.2443 	DATA 	Keypress: escape
91.2973 	EXP 	window1: mouseVisible = True
