1.0501 	WARNING 	We strongly recommend you activate the PTB sound engine in PsychoPy prefs as the preferred audio engine. Its timing is vastly superior. Your prefs are currently set to use ['sounddevice', 'PTB', 'pyo', 'pygame'] (in that order).
1.7241 	WARNING 	Import Error: No module named 'psychtoolbox'. Using event module for keyboard component.
5.0314 	EXP 	Created window1 = Window(allowGUI=False, allowStencil=False, args=UNKNOWN, autoLog=True, bitsMode=UNKNOWN, blendMode='avg', bpc=(8, 8, 8), color=array([0., 0., 0.]), colorSpace='rgb', depthBits=8, fullscr=<method-wrapper '__getattribute__' of attributeSetter object at 0x7f1621759940>, gamma=None, gammaErrorPolicy='raise', kwargs=UNKNOWN, lms=UNKNOWN, monitor=<psychopy.monitors.calibTools.Monitor object at 0x7f16200833a0>, multiSample=False, name='window1', numSamples=2, pos=[0.0, 0.0], screen=0, size=array([1680, 1050]), stencilBits=0, stereo=False, units='height', useFBO=True, useRetina=False, viewOri=0.0, viewPos=None, viewScale=None, waitBlanking=True, winType='pyglet')
5.0315 	EXP 	window1: recordFrameIntervals = False
5.1979 	EXP 	window1: recordFrameIntervals = True
5.3819 	EXP 	window1: recordFrameIntervals = False
5.4583 	EXP 	Created Instruction = TextStim(__class__=<class 'psychopy.visual.text.TextStim'>, alignHoriz=method-wrapper(...), alignText='center', alignVert=method-wrapper(...), anchorHoriz='center', anchorVert='center', antialias=True, autoLog=True, bold=False, color='black', colorSpace='named', contrast=1.0, depth=0.0, flipHoriz=False, flipVert=False, font='Arial', fontFiles=[], height=0.05, italic=False, languageStyle='LTR', name='Instruction', opacity=1.0, ori=0, pos=array([0., 0.]), rgb=array([0., 0., 0.]), text=str(...), units='height', win=Window(...), wrapWidth=1.5)
5.4607 	EXP 	Created Inst_slides = ImageStim(__class__=<class 'psychopy.visual.image.ImageStim'>, autoLog=True, color=array([1., 1., 1.]), colorSpace='rgb', contrast=1.0, depth=0.0, flipHoriz=False, flipVert=False, image='sin', interpolate=True, mask=None, maskParams=None, name='Inst_slides', opacity=1.0, ori=0.0, pos=array([0., 0.]), size=array([1.6, 1. ]), texRes=128, units='height', win=Window(...))
5.4654 	EXP 	Created taskprep0 = TextStim(__class__=<class 'psychopy.visual.text.TextStim'>, alignHoriz=method-wrapper(...), alignText='center', alignVert=method-wrapper(...), anchorHoriz='center', anchorVert='center', antialias=True, autoLog=True, bold=False, color='black', colorSpace='named', contrast=1.0, depth=0.0, flipHoriz=False, flipVert=False, font='Arial', fontFiles=[], height=0.05, italic=False, languageStyle='LTR', name='taskprep0', opacity=1.0, ori=0, pos=array([0., 0.]), rgb=array([0., 0., 0.]), text=str(...), units='height', win=Window(...), wrapWidth=1)
5.4816 	EXP 	Created taskGo = TextStim(__class__=<class 'psychopy.visual.text.TextStim'>, alignHoriz=method-wrapper(...), alignText='center', alignVert=method-wrapper(...), anchorHoriz='center', anchorVert='center', antialias=True, autoLog=True, bold=False, color='Black', colorSpace='named', contrast=1.0, depth=0.0, flipHoriz=False, flipVert=False, font='Arial', fontFiles=[], height=0.05, italic=False, languageStyle='LTR', name='taskGo', opacity=1.0, ori=0, pos=array([0., 0.]), rgb=array([0., 0., 0.]), text=str(...), units='height', win=Window(...), wrapWidth=1.5)
5.4885 	EXP 	Created FixationCross = TextStim(__class__=<class 'psychopy.visual.text.TextStim'>, alignHoriz=method-wrapper(...), alignText='center', alignVert=method-wrapper(...), anchorHoriz='center', anchorVert='center', antialias=True, autoLog=True, bold=False, color='white', colorSpace='named', contrast=1.0, depth=0.0, flipHoriz=False, flipVert=False, font='Arial', fontFiles=[], height=0.1, italic=False, languageStyle='LTR', name='FixationCross', opacity=1.0, ori=0, pos=array([0., 0.]), rgb=array([255., 255., 255.]), text='+', units='height', win=Window(...), wrapWidth=1)
5.4904 	EXP 	Created character1 = ImageStim(__class__=<class 'psychopy.visual.image.ImageStim'>, autoLog=True, color=array([1., 1., 1.]), colorSpace='rgb', contrast=1.0, depth=-1.0, flipHoriz=False, flipVert=False, image='sin', interpolate=True, mask=None, maskParams=None, name='character1', opacity=1.0, ori=0.0, pos=array([0., 0.]), size=array([0.5, 0.5]), texRes=128, units='height', win=Window(...))
5.4914 	EXP 	Created interval = ImageStim(__class__=<class 'psychopy.visual.image.ImageStim'>, autoLog=True, color=array([1., 1., 1.]), colorSpace='rgb', contrast=1.0, depth=-2.0, flipHoriz=False, flipVert=False, image=None, interpolate=True, mask=None, maskParams=None, name='interval', opacity=1.0, ori=0.0, pos=array([0., 0.]), size=array([0.5, 0.5]), texRes=128, units='height', win=Window(...))
5.4932 	EXP 	Created task_probe1 = ImageStim(__class__=<class 'psychopy.visual.image.ImageStim'>, autoLog=True, color=array([1., 1., 1.]), colorSpace='rgb', contrast=1.0, depth=-3.0, flipHoriz=False, flipVert=False, image='sin', interpolate=True, mask=None, maskParams=None, name='task_probe1', opacity=1.0, ori=0.0, pos=array([-0.6,  0. ]), size=array([0.3, 0.3]), texRes=128, units='height', win=Window(...))
5.4949 	EXP 	Created task_probe2 = ImageStim(__class__=<class 'psychopy.visual.image.ImageStim'>, autoLog=True, color=array([1., 1., 1.]), colorSpace='rgb', contrast=1.0, depth=-4.0, flipHoriz=False, flipVert=False, image='sin', interpolate=True, mask=None, maskParams=None, name='task_probe2', opacity=1.0, ori=0.0, pos=array([-0.2,  0. ]), size=array([0.3, 0.3]), texRes=128, units='height', win=Window(...))
5.4966 	EXP 	Created task_probe3 = ImageStim(__class__=<class 'psychopy.visual.image.ImageStim'>, autoLog=True, color=array([1., 1., 1.]), colorSpace='rgb', contrast=1.0, depth=-5.0, flipHoriz=False, flipVert=False, image='sin', interpolate=True, mask=None, maskParams=None, name='task_probe3', opacity=1.0, ori=0.0, pos=array([0.2, 0. ]), size=array([0.3, 0.3]), texRes=128, units='height', win=Window(...))
5.4983 	EXP 	Created task_probe4 = ImageStim(__class__=<class 'psychopy.visual.image.ImageStim'>, autoLog=True, color=array([1., 1., 1.]), colorSpace='rgb', contrast=1.0, depth=-6.0, flipHoriz=False, flipVert=False, image='sin', interpolate=True, mask=None, maskParams=None, name='task_probe4', opacity=1.0, ori=0.0, pos=array([0.6, 0. ]), size=array([0.3, 0.3]), texRes=128, units='height', win=Window(...))
5.4998 	EXP 	Created number_1 = TextStim(__class__=<class 'psychopy.visual.text.TextStim'>, alignHoriz=method-wrapper(...), alignText='center', alignVert=method-wrapper(...), anchorHoriz='center', anchorVert='center', antialias=True, autoLog=True, bold=False, color='black', colorSpace='named', contrast=1.0, depth=-8.0, flipHoriz=False, flipVert=False, font='Arial', fontFiles=[], height=0.1, italic=False, languageStyle='LTR', name='number_1', opacity=1.0, ori=0, pos=array([-0.6,  0.3]), rgb=array([0., 0., 0.]), text='1', units='height', win=Window(...), wrapWidth=1)
5.5020 	EXP 	Created number_2 = TextStim(__class__=<class 'psychopy.visual.text.TextStim'>, alignHoriz=method-wrapper(...), alignText='center', alignVert=method-wrapper(...), anchorHoriz='center', anchorVert='center', antialias=True, autoLog=True, bold=False, color='black', colorSpace='named', contrast=1.0, depth=-9.0, flipHoriz=False, flipVert=False, font='Arial', fontFiles=[], height=0.1, italic=False, languageStyle='LTR', name='number_2', opacity=1.0, ori=0, pos=array([-0.2,  0.3]), rgb=array([0., 0., 0.]), text='2', units='height', win=Window(...), wrapWidth=1)
5.5035 	EXP 	Created number_3 = TextStim(__class__=<class 'psychopy.visual.text.TextStim'>, alignHoriz=method-wrapper(...), alignText='center', alignVert=method-wrapper(...), anchorHoriz='center', anchorVert='center', antialias=True, autoLog=True, bold=False, color='black', colorSpace='named', contrast=1.0, depth=-10.0, flipHoriz=False, flipVert=False, font='Arial', fontFiles=[], height=0.1, italic=False, languageStyle='LTR', name='number_3', opacity=1.0, ori=0, pos=array([0.2, 0.3]), rgb=array([0., 0., 0.]), text='3', units='height', win=Window(...), wrapWidth=1)
5.5049 	EXP 	Created number_4 = TextStim(__class__=<class 'psychopy.visual.text.TextStim'>, alignHoriz=method-wrapper(...), alignText='center', alignVert=method-wrapper(...), anchorHoriz='center', anchorVert='center', antialias=True, autoLog=True, bold=False, color='black', colorSpace='named', contrast=1.0, depth=-11.0, flipHoriz=False, flipVert=False, font='Arial', fontFiles=[], height=0.1, italic=False, languageStyle='LTR', name='number_4', opacity=1.0, ori=0, pos=array([0.6, 0.3]), rgb=array([0., 0., 0.]), text='4', units='height', win=Window(...), wrapWidth=1)
5.5068 	EXP 	Created cuedChar = ImageStim(__class__=<class 'psychopy.visual.image.ImageStim'>, autoLog=True, color=array([1., 1., 1.]), colorSpace='rgb', contrast=1.0, depth=-1.0, flipHoriz=False, flipVert=False, image='sin', interpolate=True, mask=None, maskParams=None, name='cuedChar', opacity=1.0, ori=0.0, pos=array([0., 0.]), size=array([0.3, 0.3]), texRes=128, units='height', win=Window(...))
5.5087 	EXP 	Created feedb_probe1_1 = ImageStim(__class__=<class 'psychopy.visual.image.ImageStim'>, autoLog=True, color=array([1., 1., 1.]), colorSpace='rgb', contrast=1.0, depth=-2.0, flipHoriz=False, flipVert=False, image='sin', interpolate=True, mask=None, maskParams=None, name='feedb_probe1_1', opacity=1.0, ori=0.0, pos=array([-0.6,  0. ]), size=array([0.3, 0.3]), texRes=128, units='height', win=Window(...))
5.5105 	EXP 	Created feedb_probe2_1 = ImageStim(__class__=<class 'psychopy.visual.image.ImageStim'>, autoLog=True, color=array([1., 1., 1.]), colorSpace='rgb', contrast=1.0, depth=-3.0, flipHoriz=False, flipVert=False, image='sin', interpolate=True, mask=None, maskParams=None, name='feedb_probe2_1', opacity=1.0, ori=0.0, pos=array([-0.2,  0. ]), size=array([0.3, 0.3]), texRes=128, units='height', win=Window(...))
5.5121 	EXP 	Created feedb_probe3_1 = ImageStim(__class__=<class 'psychopy.visual.image.ImageStim'>, autoLog=True, color=array([1., 1., 1.]), colorSpace='rgb', contrast=1.0, depth=-4.0, flipHoriz=False, flipVert=False, image='sin', interpolate=True, mask=None, maskParams=None, name='feedb_probe3_1', opacity=1.0, ori=0.0, pos=array([0.2, 0. ]), size=array([0.3, 0.3]), texRes=128, units='height', win=Window(...))
5.5138 	EXP 	Created feedb_probe4_1 = ImageStim(__class__=<class 'psychopy.visual.image.ImageStim'>, autoLog=True, color=array([1., 1., 1.]), colorSpace='rgb', contrast=1.0, depth=-5.0, flipHoriz=False, flipVert=False, image='sin', interpolate=True, mask=None, maskParams=None, name='feedb_probe4_1', opacity=1.0, ori=0.0, pos=array([0.6, 0. ]), size=array([0.3, 0.3]), texRes=128, units='height', win=Window(...))
5.5272 	EXP 	Created task_feedb = TextStim(__class__=<class 'psychopy.visual.text.TextStim'>, alignHoriz=method-wrapper(...), alignText='center', alignVert=method-wrapper(...), anchorHoriz='center', anchorVert='center', antialias=True, autoLog=True, bold=False, color='white', colorSpace='named', contrast=1.0, depth=0.0, flipHoriz=False, flipVert=False, font='Arial', fontFiles=[], height=0.2, italic=False, languageStyle='LTR', name='task_feedb', opacity=1.0, ori=0, pos=array([0. , 0.3]), rgb=array([255., 255., 255.]), text='default text', units='height', win=Window(...), wrapWidth=1)
5.5291 	EXP 	Created feedbImage = ImageStim(__class__=<class 'psychopy.visual.image.ImageStim'>, autoLog=True, color=array([1., 1., 1.]), colorSpace='rgb', contrast=1.0, depth=-1.0, flipHoriz=False, flipVert=False, image='sin', interpolate=True, mask=None, maskParams=None, name='feedbImage', opacity=1.0, ori=0.0, pos=array([ 0. , -0.1]), size=array([0.5, 0.5]), texRes=128, units='height', win=Window(...))
5.5300 	EXP 	Created iti = ImageStim(__class__=<class 'psychopy.visual.image.ImageStim'>, autoLog=True, color=array([1., 1., 1.]), colorSpace='rgb', contrast=1.0, depth=-2.0, flipHoriz=False, flipVert=False, image=None, interpolate=True, mask=None, maskParams=None, name='iti', opacity=1.0, ori=0.0, pos=array([0.1, 0. ]), size=array([0.5, 0.5]), texRes=128, units='height', win=Window(...))
5.5342 	EXP 	Created pract_message = TextStim(__class__=<class 'psychopy.visual.text.TextStim'>, alignHoriz=method-wrapper(...), alignText='center', alignVert=method-wrapper(...), anchorHoriz='center', anchorVert='center', antialias=True, autoLog=True, bold=False, color='black', colorSpace='named', contrast=1.0, depth=0.0, flipHoriz=False, flipVert=False, font='Arial', fontFiles=[], height=0.05, italic=False, languageStyle='LTR', name='pract_message', opacity=1.0, ori=0, pos=array([0., 0.]), rgb=array([0., 0., 0.]), text='default text', units='height', win=Window(...), wrapWidth=1.5)
5.5541 	EXP 	Created final_mess = TextStim(__class__=<class 'psychopy.visual.text.TextStim'>, alignHoriz=method-wrapper(...), alignText='center', alignVert=method-wrapper(...), anchorHoriz='center', anchorVert='center', antialias=True, autoLog=True, bold=False, color='black', colorSpace='named', contrast=1.0, depth=0.0, flipHoriz=False, flipVert=False, font='Arial', fontFiles=[], height=0.08, italic=False, languageStyle='LTR', name='final_mess', opacity=1.0, ori=0, pos=array([0., 0.]), rgb=array([0., 0., 0.]), text=str(...), units='height', win=Window(...), wrapWidth=1)
5.5818 	EXP 	Created Instruction_2 = TextStim(__class__=<class 'psychopy.visual.text.TextStim'>, alignHoriz=method-wrapper(...), alignText='center', alignVert=method-wrapper(...), anchorHoriz='center', anchorVert='center', antialias=True, autoLog=True, bold=False, color='black', colorSpace='named', contrast=1.0, depth=0.0, flipHoriz=False, flipVert=False, font='Arial', fontFiles=[], height=0.05, italic=False, languageStyle='LTR', name='Instruction_2', opacity=1.0, ori=0, pos=array([0., 0.]), rgb=array([0., 0., 0.]), text=str(...), units='height', win=Window(...), wrapWidth=1.5)
5.5854 	EXP 	Created instruction_top = TextStim(__class__=<class 'psychopy.visual.text.TextStim'>, alignHoriz=method-wrapper(...), alignText='center', alignVert=method-wrapper(...), anchorHoriz='center', anchorVert='center', antialias=True, autoLog=True, bold=False, color='black', colorSpace='named', contrast=1.0, depth=0.0, flipHoriz=False, flipVert=False, font='Arial', fontFiles=[], height=0.05, italic=False, languageStyle='LTR', name='instruction_top', opacity=1.0, ori=0, pos=array([0. , 0.3]), rgb=array([0., 0., 0.]), text='For this character ', units='height', win=Window(...), wrapWidth=1)
5.5876 	EXP 	Created Instruction_middle = TextStim(__class__=<class 'psychopy.visual.text.TextStim'>, alignHoriz=method-wrapper(...), alignText='center', alignVert=method-wrapper(...), anchorHoriz='center', anchorVert='center', antialias=True, autoLog=True, bold=False, color='black', colorSpace='named', contrast=1.0, depth=-1.0, flipHoriz=False, flipVert=False, font='Arial', fontFiles=[], height=0.05, italic=False, languageStyle='LTR', name='Instruction_middle', opacity=1.0, ori=0, pos=array([ 0. , -0.1]), rgb=array([0., 0., 0.]), text='default text', units='height', win=Window(...), wrapWidth=1)
5.5896 	EXP 	Created instruction_bottom = TextStim(__class__=<class 'psychopy.visual.text.TextStim'>, alignHoriz=method-wrapper(...), alignText='center', alignVert=method-wrapper(...), anchorHoriz='center', anchorVert='center', antialias=True, autoLog=True, bold=False, color='black', colorSpace='named', contrast=1.0, depth=-2.0, flipHoriz=False, flipVert=False, font='Arial', fontFiles=[], height=0.05, italic=False, languageStyle='LTR', name='instruction_bottom', opacity=1.0, ori=0, pos=array([ 0. , -0.2]), rgb=array([0., 0., 0.]), text='default text', units='height', win=Window(...), wrapWidth=1)
5.5920 	EXP 	Created press_space = TextStim(__class__=<class 'psychopy.visual.text.TextStim'>, alignHoriz=method-wrapper(...), alignText='center', alignVert=method-wrapper(...), anchorHoriz='center', anchorVert='center', antialias=True, autoLog=True, bold=False, color='black', colorSpace='named', contrast=1.0, depth=-3.0, flipHoriz=False, flipVert=False, font='Arial', fontFiles=[], height=0.05, italic=False, languageStyle='LTR', name='press_space', opacity=1.0, ori=0, pos=array([ 0. , -0.4]), rgb=array([0., 0., 0.]), text='Press SPACE to continue', units='height', win=Window(...), wrapWidth=1)
5.5941 	EXP 	Created image = ImageStim(__class__=<class 'psychopy.visual.image.ImageStim'>, autoLog=True, color=array([1., 1., 1.]), colorSpace='rgb', contrast=1.0, depth=-4.0, flipHoriz=False, flipVert=False, image='sin', interpolate=True, mask=None, maskParams=None, name='image', opacity=1.0, ori=0.0, pos=array([0. , 0.1]), size=array([0.25, 0.25]), texRes=128, units='height', win=Window(...))
5.5989 	EXP 	Created instr_learned = TextStim(__class__=<class 'psychopy.visual.text.TextStim'>, alignHoriz=method-wrapper(...), alignText='center', alignVert=method-wrapper(...), anchorHoriz='center', anchorVert='center', antialias=True, autoLog=True, bold=False, color='black', colorSpace='named', contrast=1.0, depth=0.0, flipHoriz=False, flipVert=False, font='Arial', fontFiles=[], height=0.05, italic=False, languageStyle='LTR', name='instr_learned', opacity=1.0, ori=0, pos=array([0., 0.]), rgb=array([0., 0., 0.]), text=str(...), units='height', win=Window(...), wrapWidth=1)
5.6113 	EXP 	Created taskGo_2 = TextStim(__class__=<class 'psychopy.visual.text.TextStim'>, alignHoriz=method-wrapper(...), alignText='center', alignVert=method-wrapper(...), anchorHoriz='center', anchorVert='center', antialias=True, autoLog=True, bold=False, color='Black', colorSpace='named', contrast=1.0, depth=0.0, flipHoriz=False, flipVert=False, font='Arial', fontFiles=[], height=0.05, italic=False, languageStyle='LTR', name='taskGo_2', opacity=1.0, ori=0, pos=array([0., 0.]), rgb=array([0., 0., 0.]), text=str(...), units='height', win=Window(...), wrapWidth=1.5)
5.6137 	EXP 	Created FixationCross_3 = TextStim(__class__=<class 'psychopy.visual.text.TextStim'>, alignHoriz=method-wrapper(...), alignText='center', alignVert=method-wrapper(...), anchorHoriz='center', anchorVert='center', antialias=True, autoLog=True, bold=False, color='white', colorSpace='named', contrast=1.0, depth=0.0, flipHoriz=False, flipVert=False, font='Arial', fontFiles=[], height=0.1, italic=False, languageStyle='LTR', name='FixationCross_3', opacity=1.0, ori=0, pos=array([0., 0.]), rgb=array([255., 255., 255.]), text='+', units='height', win=Window(...), wrapWidth=1)
5.6155 	EXP 	Created character_2 = ImageStim(__class__=<class 'psychopy.visual.image.ImageStim'>, autoLog=True, color=array([1., 1., 1.]), colorSpace='rgb', contrast=1.0, depth=-1.0, flipHoriz=False, flipVert=False, image='sin', interpolate=True, mask=None, maskParams=None, name='character_2', opacity=1.0, ori=0.0, pos=array([0., 0.]), size=array([0.5, 0.5]), texRes=128, units='height', win=Window(...))
5.6165 	EXP 	Created interval_2 = ImageStim(__class__=<class 'psychopy.visual.image.ImageStim'>, autoLog=True, color=array([1., 1., 1.]), colorSpace='rgb', contrast=1.0, depth=-2.0, flipHoriz=False, flipVert=False, image=None, interpolate=True, mask=None, maskParams=None, name='interval_2', opacity=1.0, ori=0.0, pos=array([0., 0.]), size=array([0.5, 0.5]), texRes=128, units='height', win=Window(...))
5.6181 	EXP 	Created task_probe1_3 = ImageStim(__class__=<class 'psychopy.visual.image.ImageStim'>, autoLog=True, color=array([1., 1., 1.]), colorSpace='rgb', contrast=1.0, depth=-3.0, flipHoriz=False, flipVert=False, image='sin', interpolate=True, mask=None, maskParams=None, name='task_probe1_3', opacity=1.0, ori=0.0, pos=array([-0.6,  0. ]), size=array([0.3, 0.3]), texRes=128, units='height', win=Window(...))
5.6197 	EXP 	Created task_probe2_3 = ImageStim(__class__=<class 'psychopy.visual.image.ImageStim'>, autoLog=True, color=array([1., 1., 1.]), colorSpace='rgb', contrast=1.0, depth=-4.0, flipHoriz=False, flipVert=False, image='sin', interpolate=True, mask=None, maskParams=None, name='task_probe2_3', opacity=1.0, ori=0.0, pos=array([-0.2,  0. ]), size=array([0.3, 0.3]), texRes=128, units='height', win=Window(...))
5.6214 	EXP 	Created task_probe3_3 = ImageStim(__class__=<class 'psychopy.visual.image.ImageStim'>, autoLog=True, color=array([1., 1., 1.]), colorSpace='rgb', contrast=1.0, depth=-5.0, flipHoriz=False, flipVert=False, image='sin', interpolate=True, mask=None, maskParams=None, name='task_probe3_3', opacity=1.0, ori=0.0, pos=array([0.2, 0. ]), size=array([0.3, 0.3]), texRes=128, units='height', win=Window(...))
5.6230 	EXP 	Created task_probe4_3 = ImageStim(__class__=<class 'psychopy.visual.image.ImageStim'>, autoLog=True, color=array([1., 1., 1.]), colorSpace='rgb', contrast=1.0, depth=-6.0, flipHoriz=False, flipVert=False, image='sin', interpolate=True, mask=None, maskParams=None, name='task_probe4_3', opacity=1.0, ori=0.0, pos=array([0.6, 0. ]), size=array([0.3, 0.3]), texRes=128, units='height', win=Window(...))
5.6248 	EXP 	Created number_8 = TextStim(__class__=<class 'psychopy.visual.text.TextStim'>, alignHoriz=method-wrapper(...), alignText='center', alignVert=method-wrapper(...), anchorHoriz='center', anchorVert='center', antialias=True, autoLog=True, bold=False, color='black', colorSpace='named', contrast=1.0, depth=-8.0, flipHoriz=False, flipVert=False, font='Arial', fontFiles=[], height=0.1, italic=False, languageStyle='LTR', name='number_8', opacity=1.0, ori=0, pos=array([-0.6,  0.3]), rgb=array([0., 0., 0.]), text='1', units='height', win=Window(...), wrapWidth=1)
5.6269 	EXP 	Created number_9 = TextStim(__class__=<class 'psychopy.visual.text.TextStim'>, alignHoriz=method-wrapper(...), alignText='center', alignVert=method-wrapper(...), anchorHoriz='center', anchorVert='center', antialias=True, autoLog=True, bold=False, color='black', colorSpace='named', contrast=1.0, depth=-9.0, flipHoriz=False, flipVert=False, font='Arial', fontFiles=[], height=0.1, italic=False, languageStyle='LTR', name='number_9', opacity=1.0, ori=0, pos=array([-0.2,  0.3]), rgb=array([0., 0., 0.]), text='2', units='height', win=Window(...), wrapWidth=1)
5.6284 	EXP 	Created number_10 = TextStim(__class__=<class 'psychopy.visual.text.TextStim'>, alignHoriz=method-wrapper(...), alignText='center', alignVert=method-wrapper(...), anchorHoriz='center', anchorVert='center', antialias=True, autoLog=True, bold=False, color='black', colorSpace='named', contrast=1.0, depth=-10.0, flipHoriz=False, flipVert=False, font='Arial', fontFiles=[], height=0.1, italic=False, languageStyle='LTR', name='number_10', opacity=1.0, ori=0, pos=array([0.2, 0.3]), rgb=array([0., 0., 0.]), text='3', units='height', win=Window(...), wrapWidth=1)
5.6301 	EXP 	Created number_11 = TextStim(__class__=<class 'psychopy.visual.text.TextStim'>, alignHoriz=method-wrapper(...), alignText='center', alignVert=method-wrapper(...), anchorHoriz='center', anchorVert='center', antialias=True, autoLog=True, bold=False, color='black', colorSpace='named', contrast=1.0, depth=-11.0, flipHoriz=False, flipVert=False, font='Arial', fontFiles=[], height=0.1, italic=False, languageStyle='LTR', name='number_11', opacity=1.0, ori=0, pos=array([0.6, 0.3]), rgb=array([0., 0., 0.]), text='4', units='height', win=Window(...), wrapWidth=1)
5.6317 	EXP 	Created cuedChar_2 = ImageStim(__class__=<class 'psychopy.visual.image.ImageStim'>, autoLog=True, color=array([1., 1., 1.]), colorSpace='rgb', contrast=1.0, depth=-1.0, flipHoriz=False, flipVert=False, image='sin', interpolate=True, mask=None, maskParams=None, name='cuedChar_2', opacity=1.0, ori=0.0, pos=array([0., 0.]), size=array([0.3, 0.3]), texRes=128, units='height', win=Window(...))
5.6333 	EXP 	Created feedb_probe1_2 = ImageStim(__class__=<class 'psychopy.visual.image.ImageStim'>, autoLog=True, color=array([1., 1., 1.]), colorSpace='rgb', contrast=1.0, depth=-2.0, flipHoriz=False, flipVert=False, image='sin', interpolate=True, mask=None, maskParams=None, name='feedb_probe1_2', opacity=1.0, ori=0.0, pos=array([-0.6,  0. ]), size=array([0.3, 0.3]), texRes=128, units='height', win=Window(...))
5.6349 	EXP 	Created feedb_probe2_2 = ImageStim(__class__=<class 'psychopy.visual.image.ImageStim'>, autoLog=True, color=array([1., 1., 1.]), colorSpace='rgb', contrast=1.0, depth=-3.0, flipHoriz=False, flipVert=False, image='sin', interpolate=True, mask=None, maskParams=None, name='feedb_probe2_2', opacity=1.0, ori=0.0, pos=array([-0.2,  0. ]), size=array([0.3, 0.3]), texRes=128, units='height', win=Window(...))
5.6365 	EXP 	Created feedb_probe3_2 = ImageStim(__class__=<class 'psychopy.visual.image.ImageStim'>, autoLog=True, color=array([1., 1., 1.]), colorSpace='rgb', contrast=1.0, depth=-4.0, flipHoriz=False, flipVert=False, image='sin', interpolate=True, mask=None, maskParams=None, name='feedb_probe3_2', opacity=1.0, ori=0.0, pos=array([0.2, 0. ]), size=array([0.3, 0.3]), texRes=128, units='height', win=Window(...))
5.6382 	EXP 	Created feedb_probe4_2 = ImageStim(__class__=<class 'psychopy.visual.image.ImageStim'>, autoLog=True, color=array([1., 1., 1.]), colorSpace='rgb', contrast=1.0, depth=-5.0, flipHoriz=False, flipVert=False, image='sin', interpolate=True, mask=None, maskParams=None, name='feedb_probe4_2', opacity=1.0, ori=0.0, pos=array([0.6, 0. ]), size=array([0.3, 0.3]), texRes=128, units='height', win=Window(...))
5.6447 	EXP 	Created task_feedb_2 = TextStim(__class__=<class 'psychopy.visual.text.TextStim'>, alignHoriz=method-wrapper(...), alignText='center', alignVert=method-wrapper(...), anchorHoriz='center', anchorVert='center', antialias=True, autoLog=True, bold=False, color='white', colorSpace='named', contrast=1.0, depth=0.0, flipHoriz=False, flipVert=False, font='Arial', fontFiles=[], height=0.2, italic=False, languageStyle='LTR', name='task_feedb_2', opacity=1.0, ori=0, pos=array([0. , 0.3]), rgb=array([255., 255., 255.]), text='default text', units='height', win=Window(...), wrapWidth=1)
5.6466 	EXP 	Created feedbImage_2 = ImageStim(__class__=<class 'psychopy.visual.image.ImageStim'>, autoLog=True, color=array([1., 1., 1.]), colorSpace='rgb', contrast=1.0, depth=-1.0, flipHoriz=False, flipVert=False, image='sin', interpolate=True, mask=None, maskParams=None, name='feedbImage_2', opacity=1.0, ori=0.0, pos=array([ 0. , -0.1]), size=array([0.5, 0.5]), texRes=128, units='height', win=Window(...))
5.6476 	EXP 	Created iti_2 = ImageStim(__class__=<class 'psychopy.visual.image.ImageStim'>, autoLog=True, color=array([1., 1., 1.]), colorSpace='rgb', contrast=1.0, depth=-2.0, flipHoriz=False, flipVert=False, image=None, interpolate=True, mask=None, maskParams=None, name='iti_2', opacity=1.0, ori=0.0, pos=array([0.1, 0. ]), size=array([0.5, 0.5]), texRes=128, units='height', win=Window(...))
5.6568 	EXP 	Created final_message_ = TextStim(__class__=<class 'psychopy.visual.text.TextStim'>, alignHoriz=method-wrapper(...), alignText='center', alignVert=method-wrapper(...), anchorHoriz='center', anchorVert='center', antialias=True, autoLog=True, bold=False, color='black', colorSpace='named', contrast=1.0, depth=0.0, flipHoriz=False, flipVert=False, font='Arial', fontFiles=[], height=0.05, italic=False, languageStyle='LTR', name='final_message_', opacity=1.0, ori=0, pos=array([0., 0.]), rgb=array([0., 0., 0.]), text=str(...), units='height', win=Window(...), wrapWidth=1)
5.6666 	EXP 	Instruction: autoDraw = True
6.7059 	DATA 	Keypress: space
6.7229 	EXP 	Imported instructions.csv as conditions, 6 conditions, 1 params
6.7232 	EXP 	Created sequence: sequential, trialTypes=6, nReps=1, seed=None
6.7235 	EXP 	New trial (rep=0, index=0): OrderedDict([('slides', 'stimuli/slide1.png')])
6.7693 	EXP 	Instruction: autoDraw = False
6.7693 	EXP 	Inst_slides: image = 'stimuli/slide1.png'
6.7693 	EXP 	Inst_slides: autoDraw = True
6.9510 	DATA 	Keypress: space
6.9519 	EXP 	New trial (rep=0, index=1): OrderedDict([('slides', 'stimuli/slide2.png')])
6.9937 	EXP 	Inst_slides: autoDraw = False
6.9937 	EXP 	Inst_slides: image = 'stimuli/slide2.png'
6.9937 	EXP 	Inst_slides: autoDraw = True
7.1753 	DATA 	Keypress: space
7.1760 	EXP 	New trial (rep=0, index=2): OrderedDict([('slides', 'stimuli/slide3.png')])
7.2180 	EXP 	Inst_slides: autoDraw = False
7.2180 	EXP 	Inst_slides: image = 'stimuli/slide3.png'
7.2180 	EXP 	Inst_slides: autoDraw = True
7.3779 	DATA 	Keypress: space
7.3786 	EXP 	New trial (rep=0, index=3): OrderedDict([('slides', 'stimuli/slide4.png')])
7.4205 	EXP 	Inst_slides: autoDraw = False
7.4205 	EXP 	Inst_slides: image = 'stimuli/slide4.png'
7.4205 	EXP 	Inst_slides: autoDraw = True
7.5803 	DATA 	Keypress: space
7.5810 	EXP 	New trial (rep=0, index=4): OrderedDict([('slides', 'stimuli/slide5.png')])
7.6202 	EXP 	Inst_slides: autoDraw = False
7.6202 	EXP 	Inst_slides: image = 'stimuli/slide5.png'
7.6202 	EXP 	Inst_slides: autoDraw = True
7.8156 	DATA 	Keypress: space
7.8163 	EXP 	New trial (rep=0, index=5): OrderedDict([('slides', 'stimuli/slide6.png')])
7.8556 	EXP 	Inst_slides: autoDraw = False
7.8556 	EXP 	Inst_slides: image = 'stimuli/slide6.png'
7.8556 	EXP 	Inst_slides: autoDraw = True
7.9844 	DATA 	Keypress: space
7.9945 	EXP 	Inst_slides: autoDraw = False
7.9945 	EXP 	taskprep0: autoDraw = True
8.2372 	DATA 	Keypress: space
8.2522 	EXP 	taskprep0: autoDraw = False
8.2522 	EXP 	taskGo: autoDraw = True
8.8368 	DATA 	Keypress: space
8.8393 	EXP 	Created sequence: random, trialTypes=1, nReps=99, seed=None
8.8401 	EXP 	New trial (rep=0, index=0): None
8.8447 	EXP 	Imported practlist.csv as conditions, 2 conditions, 10 params
8.8449 	EXP 	Created sequence: sequential, trialTypes=2, nReps=1, seed=None
8.8453 	EXP 	New trial (rep=0, index=0): OrderedDict([('character', 'stimuli/m_red.jpg'), ('left_categ', 'stimuli/Food.png'), ('centleft_categ', 'stimuli/Gamestoy & entertainment.png'), ('centright_categ', 'stimuli/Vehicle.png'), ('right_categ', 'stimuli/Clothing.png'), ('trial_cond', 1), ('corr_ans', 'Food'), ('corr_ans_num', 1), ('type', 1), ('img', 'stimuli/objects/chocolatecroissant.jpg')])
8.8833 	EXP 	taskGo: autoDraw = False
8.8833 	EXP 	character1: image = 'stimuli/m_red.jpg'
8.8833 	EXP 	task_probe1: image = 'stimuli/Food.png'
8.8833 	EXP 	task_probe2: image = 'stimuli/Gamestoy & entertainment.png'
8.8833 	EXP 	task_probe3: image = 'stimuli/Vehicle.png'
8.8833 	EXP 	task_probe4: image = 'stimuli/Clothing.png'
8.8833 	EXP 	FixationCross: autoDraw = True
9.1216 	EXP 	character1: autoDraw = True
9.1383 	EXP 	FixationCross: autoDraw = False
9.1384 	DATA 	Keypress: space
9.6210 	EXP 	character1: autoDraw = False
9.6210 	EXP 	interval: autoDraw = True
10.1226 	EXP 	task_probe1: autoDraw = True
10.1226 	EXP 	task_probe2: autoDraw = True
10.1226 	EXP 	task_probe3: autoDraw = True
10.1226 	EXP 	task_probe4: autoDraw = True
10.1226 	EXP 	number_1: autoDraw = True
10.1226 	EXP 	number_2: autoDraw = True
10.1226 	EXP 	number_3: autoDraw = True
10.1226 	EXP 	number_4: autoDraw = True
10.8739 	EXP 	interval: autoDraw = False
10.9075 	DATA 	Keypress: 1
10.9518 	EXP 	FixationCross: autoDraw = False
10.9518 	EXP 	character1: autoDraw = False
10.9518 	EXP 	interval: autoDraw = False
10.9518 	EXP 	task_probe1: autoDraw = False
10.9518 	EXP 	task_probe2: autoDraw = False
10.9518 	EXP 	task_probe3: autoDraw = False
10.9518 	EXP 	task_probe4: autoDraw = False
10.9518 	EXP 	number_1: autoDraw = False
10.9518 	EXP 	number_2: autoDraw = False
10.9518 	EXP 	number_3: autoDraw = False
10.9518 	EXP 	number_4: autoDraw = False
10.9518 	EXP 	cuedChar: pos = array([-0.6, -0.3])
10.9518 	EXP 	cuedChar: image = 'stimuli/m_red.jpg'
10.9518 	EXP 	feedb_probe1_1: image = 'stimuli/Food.png'
10.9518 	EXP 	feedb_probe2_1: image = 'stimuli/Gamestoy & entertainment.png'
10.9518 	EXP 	feedb_probe3_1: image = 'stimuli/Vehicle.png'
10.9518 	EXP 	feedb_probe4_1: image = 'stimuli/Clothing.png'
10.9518 	EXP 	cuedChar: autoDraw = True
10.9518 	EXP 	feedb_probe1_1: autoDraw = True
10.9518 	EXP 	feedb_probe2_1: autoDraw = True
10.9518 	EXP 	feedb_probe3_1: autoDraw = True
10.9518 	EXP 	feedb_probe4_1: autoDraw = True
12.0441 	EXP 	cuedChar: autoDraw = False
12.0441 	EXP 	feedb_probe1_1: autoDraw = False
12.0441 	EXP 	feedb_probe2_1: autoDraw = False
12.0441 	EXP 	feedb_probe3_1: autoDraw = False
12.0441 	EXP 	feedb_probe4_1: autoDraw = False
12.0441 	EXP 	task_feedb: text = 'correct'
12.0441 	EXP 	feedbImage: image = 'stimuli/objects/chocolatecroissant.jpg'
12.0441 	EXP 	task_feedb: autoDraw = True
12.0441 	EXP 	feedbImage: autoDraw = True
12.5130 	EXP 	iti: autoDraw = True
12.5432 	EXP 	task_feedb: autoDraw = False
12.5432 	EXP 	feedbImage: autoDraw = False
12.5667 	DATA 	Keypress: space
12.9275 	DATA 	Keypress: space
13.1679 	DATA 	Keypress: space
13.2620 	EXP 	New trial (rep=0, index=1): OrderedDict([('character', 'stimuli/m_red.jpg'), ('left_categ', 'stimuli/Clothing.png'), ('centleft_categ', 'stimuli/Food.png'), ('centright_categ', 'stimuli/Gamestoy & entertainment.png'), ('right_categ', 'stimuli/Vehicle.png'), ('trial_cond', 0), ('corr_ans', 'Vehicle'), ('corr_ans_num', 4), ('type', 0), ('img', 'stimuli/objects/tricycle.jpg')])
13.3032 	EXP 	iti: autoDraw = False
13.3032 	EXP 	task_feedb: autoDraw = False
13.3032 	EXP 	feedbImage: autoDraw = False
13.3032 	EXP 	iti: autoDraw = False
13.3032 	EXP 	character1: image = 'stimuli/m_red.jpg'
13.3032 	EXP 	task_probe1: image = 'stimuli/Clothing.png'
13.3032 	EXP 	task_probe2: image = 'stimuli/Food.png'
13.3032 	EXP 	task_probe3: image = 'stimuli/Gamestoy & entertainment.png'
13.3032 	EXP 	task_probe4: image = 'stimuli/Vehicle.png'
13.3032 	EXP 	FixationCross: autoDraw = True
13.4292 	DATA 	Keypress: space
13.5302 	EXP 	character1: autoDraw = True
13.5634 	EXP 	FixationCross: autoDraw = False
13.6304 	DATA 	Keypress: space
13.8476 	DATA 	Keypress: space
14.0294 	EXP 	character1: autoDraw = False
14.0294 	EXP 	interval: autoDraw = True
14.0698 	DATA 	Keypress: space
14.2634 	DATA 	Keypress: space
14.4470 	DATA 	Keypress: space
14.5328 	EXP 	task_probe1: autoDraw = True
14.5328 	EXP 	task_probe2: autoDraw = True
14.5328 	EXP 	task_probe3: autoDraw = True
14.5328 	EXP 	task_probe4: autoDraw = True
14.5328 	EXP 	number_1: autoDraw = True
14.5328 	EXP 	number_2: autoDraw = True
14.5328 	EXP 	number_3: autoDraw = True
14.5328 	EXP 	number_4: autoDraw = True
14.9820 	DATA 	Keypress: 2
15.0218 	EXP 	FixationCross: autoDraw = False
15.0218 	EXP 	character1: autoDraw = False
15.0218 	EXP 	interval: autoDraw = False
15.0218 	EXP 	task_probe1: autoDraw = False
15.0218 	EXP 	task_probe2: autoDraw = False
15.0218 	EXP 	task_probe3: autoDraw = False
15.0218 	EXP 	task_probe4: autoDraw = False
15.0218 	EXP 	number_1: autoDraw = False
15.0218 	EXP 	number_2: autoDraw = False
15.0218 	EXP 	number_3: autoDraw = False
15.0218 	EXP 	number_4: autoDraw = False
15.0218 	EXP 	cuedChar: pos = array([-0.2, -0.3])
15.0218 	EXP 	cuedChar: image = 'stimuli/m_red.jpg'
15.0218 	EXP 	feedb_probe1_1: image = 'stimuli/Clothing.png'
15.0218 	EXP 	feedb_probe2_1: image = 'stimuli/Food.png'
15.0218 	EXP 	feedb_probe3_1: image = 'stimuli/Gamestoy & entertainment.png'
15.0218 	EXP 	feedb_probe4_1: image = 'stimuli/Vehicle.png'
15.0218 	EXP 	cuedChar: autoDraw = True
15.0218 	EXP 	feedb_probe1_1: autoDraw = True
15.0218 	EXP 	feedb_probe2_1: autoDraw = True
15.0218 	EXP 	feedb_probe3_1: autoDraw = True
15.0218 	EXP 	feedb_probe4_1: autoDraw = True
16.0932 	EXP 	cuedChar: autoDraw = False
16.0932 	EXP 	feedb_probe1_1: autoDraw = False
16.0932 	EXP 	feedb_probe2_1: autoDraw = False
16.0932 	EXP 	feedb_probe3_1: autoDraw = False
16.0932 	EXP 	feedb_probe4_1: autoDraw = False
16.0932 	EXP 	task_feedb: text = 'incorrect'
16.0932 	EXP 	feedbImage: image = 'stimuli/objects/tricycle.jpg'
16.0932 	EXP 	task_feedb: autoDraw = True
16.0932 	EXP 	feedbImage: autoDraw = True
16.5541 	EXP 	iti: autoDraw = True
16.6010 	EXP 	task_feedb: autoDraw = False
16.6010 	EXP 	feedbImage: autoDraw = False
16.6579 	DATA 	Keypress: space
17.3210 	EXP 	iti: autoDraw = False
17.3210 	EXP 	task_feedb: autoDraw = False
17.3210 	EXP 	feedbImage: autoDraw = False
17.3210 	EXP 	iti: autoDraw = False
17.3210 	EXP 	pract_message: text = "You got [] % correct.\n\n Please approach the experimenter \nPress 'y' to do the task again and 'n' to continue with the experiment"
17.3210 	EXP 	pract_message: autoDraw = True
18.2944 	DATA 	Keypress: n
18.3212 	EXP 	pract_message: autoDraw = False
18.3212 	EXP 	final_mess: autoDraw = True
18.7452 	DATA 	Keypress: space
18.7723 	EXP 	final_mess: autoDraw = False
18.7723 	EXP 	Instruction_2: autoDraw = True
18.9790 	DATA 	Keypress: space
18.9925 	EXP 	Imported known_categ_4.csv as conditions, 1 conditions, 2 params
18.9927 	EXP 	Created sequence: sequential, trialTypes=1, nReps=1, seed=None
18.9930 	EXP 	New trial (rep=0, index=0): OrderedDict([('character', 'stimuli/m_orange.jpg'), ('category', 'electronic devices')])
19.0301 	EXP 	Instruction_2: autoDraw = False
19.0301 	EXP 	Instruction_middle: text = 'The preferred category will be'
19.0301 	EXP 	instruction_bottom: text = 'electronic devices'
19.0301 	EXP 	image: image = 'stimuli/m_orange.jpg'
19.0301 	EXP 	instruction_top: autoDraw = True
19.0301 	EXP 	Instruction_middle: autoDraw = True
19.0301 	EXP 	instruction_bottom: autoDraw = True
19.0301 	EXP 	press_space: autoDraw = True
19.0301 	EXP 	image: autoDraw = True
19.1904 	DATA 	Keypress: space
19.2061 	EXP 	instruction_top: autoDraw = False
19.2061 	EXP 	Instruction_middle: autoDraw = False
19.2061 	EXP 	instruction_bottom: autoDraw = False
19.2061 	EXP 	press_space: autoDraw = False
19.2061 	EXP 	image: autoDraw = False
19.2061 	EXP 	instr_learned: autoDraw = True
19.3630 	DATA 	Keypress: space
19.3901 	EXP 	instr_learned: autoDraw = False
19.3901 	EXP 	taskGo_2: autoDraw = True
19.6803 	DATA 	Keypress: space
19.7050 	EXP 	Imported task_list_4.csv as conditions, 120 conditions, 10 params
19.7058 	EXP 	Created sequence: sequential, trialTypes=120, nReps=1, seed=None
19.7062 	EXP 	New trial (rep=0, index=0): OrderedDict([('character', 'stimuli/m_orange.jpg'), ('left_categ', 'stimuli/Kitchen & utensil.png'), ('centleft_categ', 'stimuli/Outdoor activity & sport item.png'), ('centright_categ', 'stimuli/Hand labour tool & accessory.png'), ('right_categ', 'stimuli/Electronic device & accessory.png'), ('type', 1), ('corr_ans', 'Electronic device & accessory'), ('condition', 1), ('corr_ans_num', 4), ('img', 'stimuli/objects/spotlight.jpg')])
19.7457 	EXP 	taskGo_2: autoDraw = False
19.7457 	EXP 	character_2: image = 'stimuli/m_orange.jpg'
19.7457 	EXP 	task_probe1_3: image = 'stimuli/Kitchen & utensil.png'
19.7457 	EXP 	task_probe2_3: image = 'stimuli/Outdoor activity & sport item.png'
19.7457 	EXP 	task_probe3_3: image = 'stimuli/Hand labour tool & accessory.png'
19.7457 	EXP 	task_probe4_3: image = 'stimuli/Electronic device & accessory.png'
19.7457 	EXP 	FixationCross_3: autoDraw = True
19.9776 	EXP 	character_2: autoDraw = True
20.0091 	EXP 	FixationCross_3: autoDraw = False
20.4600 	EXP 	interval_2: autoDraw = True
20.4751 	EXP 	character_2: autoDraw = False
20.9601 	EXP 	task_probe1_3: autoDraw = True
20.9601 	EXP 	task_probe2_3: autoDraw = True
20.9601 	EXP 	task_probe3_3: autoDraw = True
20.9601 	EXP 	task_probe4_3: autoDraw = True
20.9601 	EXP 	number_8: autoDraw = True
20.9601 	EXP 	number_9: autoDraw = True
20.9601 	EXP 	number_10: autoDraw = True
20.9601 	EXP 	number_11: autoDraw = True
21.5672 	DATA 	Keypress: 2
21.6214 	EXP 	FixationCross_3: autoDraw = False
21.6214 	EXP 	character_2: autoDraw = False
21.6214 	EXP 	interval_2: autoDraw = False
21.6214 	EXP 	task_probe1_3: autoDraw = False
21.6214 	EXP 	task_probe2_3: autoDraw = False
21.6214 	EXP 	task_probe3_3: autoDraw = False
21.6214 	EXP 	task_probe4_3: autoDraw = False
21.6214 	EXP 	number_8: autoDraw = False
21.6214 	EXP 	number_9: autoDraw = False
21.6214 	EXP 	number_10: autoDraw = False
21.6214 	EXP 	number_11: autoDraw = False
21.6214 	EXP 	cuedChar_2: pos = array([-0.2, -0.3])
21.6214 	EXP 	cuedChar_2: image = 'stimuli/m_orange.jpg'
21.6214 	EXP 	feedb_probe1_2: image = 'stimuli/Kitchen & utensil.png'
21.6214 	EXP 	feedb_probe2_2: image = 'stimuli/Outdoor activity & sport item.png'
21.6214 	EXP 	feedb_probe3_2: image = 'stimuli/Hand labour tool & accessory.png'
21.6214 	EXP 	feedb_probe4_2: image = 'stimuli/Electronic device & accessory.png'
21.6214 	EXP 	cuedChar_2: autoDraw = True
21.6214 	EXP 	feedb_probe1_2: autoDraw = True
21.6214 	EXP 	feedb_probe2_2: autoDraw = True
21.6214 	EXP 	feedb_probe3_2: autoDraw = True
21.6214 	EXP 	feedb_probe4_2: autoDraw = True
22.6946 	EXP 	cuedChar_2: autoDraw = False
22.6946 	EXP 	feedb_probe1_2: autoDraw = False
22.6946 	EXP 	feedb_probe2_2: autoDraw = False
22.6946 	EXP 	feedb_probe3_2: autoDraw = False
22.6946 	EXP 	feedb_probe4_2: autoDraw = False
22.6946 	EXP 	task_feedb_2: text = 'incorrect'
22.6946 	EXP 	feedbImage_2: image = 'stimuli/objects/spotlight.jpg'
22.6946 	EXP 	task_feedb_2: autoDraw = True
22.6946 	EXP 	feedbImage_2: autoDraw = True
23.1500 	EXP 	iti_2: autoDraw = True
23.1969 	EXP 	task_feedb_2: autoDraw = False
23.1969 	EXP 	feedbImage_2: autoDraw = False
23.8999 	EXP 	New trial (rep=0, index=1): OrderedDict([('character', 'stimuli/m_black.jpg'), ('left_categ', 'stimuli/Kitchen & utensil.png'), ('centleft_categ', 'stimuli/Outdoor activity & sport item.png'), ('centright_categ', 'stimuli/Electronic device & accessory.png'), ('right_categ', 'stimuli/Hand labour tool & accessory.png'), ('type', 1), ('corr_ans', 'Kitchen & utensil'), ('condition', 0), ('corr_ans_num', 1), ('img', 'stimuli/objects/peppermill02b.jpg')])
23.9426 	EXP 	iti_2: autoDraw = False
23.9426 	EXP 	task_feedb_2: autoDraw = False
23.9426 	EXP 	feedbImage_2: autoDraw = False
23.9426 	EXP 	iti_2: autoDraw = False
23.9426 	EXP 	character_2: image = 'stimuli/m_black.jpg'
23.9426 	EXP 	task_probe1_3: image = 'stimuli/Kitchen & utensil.png'
23.9426 	EXP 	task_probe2_3: image = 'stimuli/Outdoor activity & sport item.png'
23.9426 	EXP 	task_probe3_3: image = 'stimuli/Electronic device & accessory.png'
23.9426 	EXP 	task_probe4_3: image = 'stimuli/Hand labour tool & accessory.png'
23.9426 	EXP 	FixationCross_3: autoDraw = True
24.1671 	EXP 	character_2: autoDraw = True
24.2005 	EXP 	FixationCross_3: autoDraw = False
24.6664 	EXP 	character_2: autoDraw = False
24.6664 	EXP 	interval_2: autoDraw = True
25.1681 	EXP 	task_probe1_3: autoDraw = True
25.1681 	EXP 	task_probe2_3: autoDraw = True
25.1681 	EXP 	task_probe3_3: autoDraw = True
25.1681 	EXP 	task_probe4_3: autoDraw = True
25.1681 	EXP 	number_8: autoDraw = True
25.1681 	EXP 	number_9: autoDraw = True
25.1681 	EXP 	number_10: autoDraw = True
25.1681 	EXP 	number_11: autoDraw = True
25.8087 	DATA 	Keypress: 4
25.8595 	EXP 	FixationCross_3: autoDraw = False
25.8595 	EXP 	character_2: autoDraw = False
25.8595 	EXP 	interval_2: autoDraw = False
25.8595 	EXP 	task_probe1_3: autoDraw = False
25.8595 	EXP 	task_probe2_3: autoDraw = False
25.8595 	EXP 	task_probe3_3: autoDraw = False
25.8595 	EXP 	task_probe4_3: autoDraw = False
25.8595 	EXP 	number_8: autoDraw = False
25.8595 	EXP 	number_9: autoDraw = False
25.8595 	EXP 	number_10: autoDraw = False
25.8595 	EXP 	number_11: autoDraw = False
25.8595 	EXP 	cuedChar_2: pos = array([ 0.6, -0.3])
25.8595 	EXP 	cuedChar_2: image = 'stimuli/m_black.jpg'
25.8595 	EXP 	feedb_probe1_2: image = 'stimuli/Kitchen & utensil.png'
25.8595 	EXP 	feedb_probe2_2: image = 'stimuli/Outdoor activity & sport item.png'
25.8595 	EXP 	feedb_probe3_2: image = 'stimuli/Electronic device & accessory.png'
25.8595 	EXP 	feedb_probe4_2: image = 'stimuli/Hand labour tool & accessory.png'
25.8595 	EXP 	cuedChar_2: autoDraw = True
25.8595 	EXP 	feedb_probe1_2: autoDraw = True
25.8595 	EXP 	feedb_probe2_2: autoDraw = True
25.8595 	EXP 	feedb_probe3_2: autoDraw = True
25.8595 	EXP 	feedb_probe4_2: autoDraw = True
26.9245 	EXP 	cuedChar_2: autoDraw = False
26.9245 	EXP 	feedb_probe1_2: autoDraw = False
26.9245 	EXP 	feedb_probe2_2: autoDraw = False
26.9245 	EXP 	feedb_probe3_2: autoDraw = False
26.9245 	EXP 	feedb_probe4_2: autoDraw = False
26.9245 	EXP 	task_feedb_2: text = 'incorrect'
26.9245 	EXP 	feedbImage_2: image = 'stimuli/objects/peppermill02b.jpg'
26.9245 	EXP 	task_feedb_2: autoDraw = True
26.9245 	EXP 	feedbImage_2: autoDraw = True
27.3914 	EXP 	iti_2: autoDraw = True
27.4217 	EXP 	task_feedb_2: autoDraw = False
27.4217 	EXP 	feedbImage_2: autoDraw = False
28.1405 	EXP 	New trial (rep=0, index=2): OrderedDict([('character', 'stimuli/m_black.jpg'), ('left_categ', 'stimuli/Hand labour tool & accessory.png'), ('centleft_categ', 'stimuli/Electronic device & accessory.png'), ('centright_categ', 'stimuli/Outdoor activity & sport item.png'), ('right_categ', 'stimuli/Kitchen & utensil.png'), ('type', 1), ('corr_ans', 'Kitchen & utensil'), ('condition', 0), ('corr_ans_num', 4), ('img', 'stimuli/objects/canister.jpg')])
28.1835 	EXP 	iti_2: autoDraw = False
28.1835 	EXP 	task_feedb_2: autoDraw = False
28.1835 	EXP 	feedbImage_2: autoDraw = False
28.1835 	EXP 	iti_2: autoDraw = False
28.1835 	EXP 	character_2: image = 'stimuli/m_black.jpg'
28.1835 	EXP 	task_probe1_3: image = 'stimuli/Hand labour tool & accessory.png'
28.1835 	EXP 	task_probe2_3: image = 'stimuli/Electronic device & accessory.png'
28.1835 	EXP 	task_probe3_3: image = 'stimuli/Outdoor activity & sport item.png'
28.1835 	EXP 	task_probe4_3: image = 'stimuli/Kitchen & utensil.png'
28.1835 	EXP 	FixationCross_3: autoDraw = True
28.4085 	EXP 	character_2: autoDraw = True
28.4418 	EXP 	FixationCross_3: autoDraw = False
28.9096 	EXP 	character_2: autoDraw = False
28.9096 	EXP 	interval_2: autoDraw = True
29.4094 	EXP 	task_probe1_3: autoDraw = True
29.4094 	EXP 	task_probe2_3: autoDraw = True
29.4094 	EXP 	task_probe3_3: autoDraw = True
29.4094 	EXP 	task_probe4_3: autoDraw = True
29.4094 	EXP 	number_8: autoDraw = True
29.4094 	EXP 	number_9: autoDraw = True
29.4094 	EXP 	number_10: autoDraw = True
29.4094 	EXP 	number_11: autoDraw = True
30.1608 	EXP 	interval_2: autoDraw = False
30.8183 	DATA 	Keypress: escape
30.8400 	EXP 	window1: mouseVisible = True
