1.0463 	WARNING 	We strongly recommend you activate the PTB sound engine in PsychoPy prefs as the preferred audio engine. Its timing is vastly superior. Your prefs are currently set to use ['sounddevice', 'PTB', 'pyo', 'pygame'] (in that order).
1.6894 	WARNING 	Import Error: No module named 'psychtoolbox'. Using event module for keyboard component.
6.7726 	EXP 	Created window1 = Window(allowGUI=False, allowStencil=False, args=UNKNOWN, autoLog=True, bitsMode=UNKNOWN, blendMode='avg', bpc=(8, 8, 8), color=array([0., 0., 0.]), colorSpace='rgb', depthBits=8, fullscr=<method-wrapper '__getattribute__' of attributeSetter object at 0x7f11a0da4940>, gamma=None, gammaErrorPolicy='raise', kwargs=UNKNOWN, lms=UNKNOWN, monitor=<psychopy.monitors.calibTools.Monitor object at 0x7f1199ca23a0>, multiSample=False, name='window1', numSamples=2, pos=[0.0, 0.0], screen=0, size=array([1680, 1050]), stencilBits=0, stereo=False, units='height', useFBO=True, useRetina=False, viewOri=0.0, viewPos=None, viewScale=None, waitBlanking=True, winType='pyglet')
6.7726 	EXP 	window1: recordFrameIntervals = False
6.9389 	EXP 	window1: recordFrameIntervals = True
7.1228 	EXP 	window1: recordFrameIntervals = False
7.1994 	EXP 	Created Instruction = TextStim(__class__=<class 'psychopy.visual.text.TextStim'>, alignHoriz=method-wrapper(...), alignText='center', alignVert=method-wrapper(...), anchorHoriz='center', anchorVert='center', antialias=True, autoLog=True, bold=False, color='black', colorSpace='named', contrast=1.0, depth=0.0, flipHoriz=False, flipVert=False, font='Arial', fontFiles=[], height=0.05, italic=False, languageStyle='LTR', name='Instruction', opacity=1.0, ori=0, pos=array([0., 0.]), rgb=array([0., 0., 0.]), text=str(...), units='height', win=Window(...), wrapWidth=1.5)
7.2018 	EXP 	Created Inst_slides = ImageStim(__class__=<class 'psychopy.visual.image.ImageStim'>, autoLog=True, color=array([1., 1., 1.]), colorSpace='rgb', contrast=1.0, depth=0.0, flipHoriz=False, flipVert=False, image='sin', interpolate=True, mask=None, maskParams=None, name='Inst_slides', opacity=1.0, ori=0.0, pos=array([0., 0.]), size=array([1.6, 1. ]), texRes=128, units='height', win=Window(...))
7.2061 	EXP 	Created taskprep0 = TextStim(__class__=<class 'psychopy.visual.text.TextStim'>, alignHoriz=method-wrapper(...), alignText='center', alignVert=method-wrapper(...), anchorHoriz='center', anchorVert='center', antialias=True, autoLog=True, bold=False, color='black', colorSpace='named', contrast=1.0, depth=0.0, flipHoriz=False, flipVert=False, font='Arial', fontFiles=[], height=0.05, italic=False, languageStyle='LTR', name='taskprep0', opacity=1.0, ori=0, pos=array([0., 0.]), rgb=array([0., 0., 0.]), text=str(...), units='height', win=Window(...), wrapWidth=1)
7.2211 	EXP 	Created taskGo = TextStim(__class__=<class 'psychopy.visual.text.TextStim'>, alignHoriz=method-wrapper(...), alignText='center', alignVert=method-wrapper(...), anchorHoriz='center', anchorVert='center', antialias=True, autoLog=True, bold=False, color='Black', colorSpace='named', contrast=1.0, depth=0.0, flipHoriz=False, flipVert=False, font='Arial', fontFiles=[], height=0.05, italic=False, languageStyle='LTR', name='taskGo', opacity=1.0, ori=0, pos=array([0., 0.]), rgb=array([0., 0., 0.]), text=str(...), units='height', win=Window(...), wrapWidth=1.5)
7.2283 	EXP 	Created FixationCross = TextStim(__class__=<class 'psychopy.visual.text.TextStim'>, alignHoriz=method-wrapper(...), alignText='center', alignVert=method-wrapper(...), anchorHoriz='center', anchorVert='center', antialias=True, autoLog=True, bold=False, color='white', colorSpace='named', contrast=1.0, depth=0.0, flipHoriz=False, flipVert=False, font='Arial', fontFiles=[], height=0.1, italic=False, languageStyle='LTR', name='FixationCross', opacity=1.0, ori=0, pos=array([0., 0.]), rgb=array([255., 255., 255.]), text='+', units='height', win=Window(...), wrapWidth=1)
7.2301 	EXP 	Created character1 = ImageStim(__class__=<class 'psychopy.visual.image.ImageStim'>, autoLog=True, color=array([1., 1., 1.]), colorSpace='rgb', contrast=1.0, depth=-1.0, flipHoriz=False, flipVert=False, image='sin', interpolate=True, mask=None, maskParams=None, name='character1', opacity=1.0, ori=0.0, pos=array([0., 0.]), size=array([0.5, 0.5]), texRes=128, units='height', win=Window(...))
7.2310 	EXP 	Created interval = ImageStim(__class__=<class 'psychopy.visual.image.ImageStim'>, autoLog=True, color=array([1., 1., 1.]), colorSpace='rgb', contrast=1.0, depth=-2.0, flipHoriz=False, flipVert=False, image=None, interpolate=True, mask=None, maskParams=None, name='interval', opacity=1.0, ori=0.0, pos=array([0., 0.]), size=array([0.5, 0.5]), texRes=128, units='height', win=Window(...))
7.2327 	EXP 	Created task_probe1 = ImageStim(__class__=<class 'psychopy.visual.image.ImageStim'>, autoLog=True, color=array([1., 1., 1.]), colorSpace='rgb', contrast=1.0, depth=-3.0, flipHoriz=False, flipVert=False, image='sin', interpolate=True, mask=None, maskParams=None, name='task_probe1', opacity=1.0, ori=0.0, pos=array([-0.6,  0. ]), size=array([0.3, 0.3]), texRes=128, units='height', win=Window(...))
7.2342 	EXP 	Created task_probe2 = ImageStim(__class__=<class 'psychopy.visual.image.ImageStim'>, autoLog=True, color=array([1., 1., 1.]), colorSpace='rgb', contrast=1.0, depth=-4.0, flipHoriz=False, flipVert=False, image='sin', interpolate=True, mask=None, maskParams=None, name='task_probe2', opacity=1.0, ori=0.0, pos=array([-0.2,  0. ]), size=array([0.3, 0.3]), texRes=128, units='height', win=Window(...))
7.2359 	EXP 	Created task_probe3 = ImageStim(__class__=<class 'psychopy.visual.image.ImageStim'>, autoLog=True, color=array([1., 1., 1.]), colorSpace='rgb', contrast=1.0, depth=-5.0, flipHoriz=False, flipVert=False, image='sin', interpolate=True, mask=None, maskParams=None, name='task_probe3', opacity=1.0, ori=0.0, pos=array([0.2, 0. ]), size=array([0.3, 0.3]), texRes=128, units='height', win=Window(...))
7.2376 	EXP 	Created task_probe4 = ImageStim(__class__=<class 'psychopy.visual.image.ImageStim'>, autoLog=True, color=array([1., 1., 1.]), colorSpace='rgb', contrast=1.0, depth=-6.0, flipHoriz=False, flipVert=False, image='sin', interpolate=True, mask=None, maskParams=None, name='task_probe4', opacity=1.0, ori=0.0, pos=array([0.6, 0. ]), size=array([0.3, 0.3]), texRes=128, units='height', win=Window(...))
7.2390 	EXP 	Created number_1 = TextStim(__class__=<class 'psychopy.visual.text.TextStim'>, alignHoriz=method-wrapper(...), alignText='center', alignVert=method-wrapper(...), anchorHoriz='center', anchorVert='center', antialias=True, autoLog=True, bold=False, color='black', colorSpace='named', contrast=1.0, depth=-8.0, flipHoriz=False, flipVert=False, font='Arial', fontFiles=[], height=0.1, italic=False, languageStyle='LTR', name='number_1', opacity=1.0, ori=0, pos=array([-0.6,  0.3]), rgb=array([0., 0., 0.]), text='1', units='height', win=Window(...), wrapWidth=1)
7.2411 	EXP 	Created number_2 = TextStim(__class__=<class 'psychopy.visual.text.TextStim'>, alignHoriz=method-wrapper(...), alignText='center', alignVert=method-wrapper(...), anchorHoriz='center', anchorVert='center', antialias=True, autoLog=True, bold=False, color='black', colorSpace='named', contrast=1.0, depth=-9.0, flipHoriz=False, flipVert=False, font='Arial', fontFiles=[], height=0.1, italic=False, languageStyle='LTR', name='number_2', opacity=1.0, ori=0, pos=array([-0.2,  0.3]), rgb=array([0., 0., 0.]), text='2', units='height', win=Window(...), wrapWidth=1)
7.2426 	EXP 	Created number_3 = TextStim(__class__=<class 'psychopy.visual.text.TextStim'>, alignHoriz=method-wrapper(...), alignText='center', alignVert=method-wrapper(...), anchorHoriz='center', anchorVert='center', antialias=True, autoLog=True, bold=False, color='black', colorSpace='named', contrast=1.0, depth=-10.0, flipHoriz=False, flipVert=False, font='Arial', fontFiles=[], height=0.1, italic=False, languageStyle='LTR', name='number_3', opacity=1.0, ori=0, pos=array([0.2, 0.3]), rgb=array([0., 0., 0.]), text='3', units='height', win=Window(...), wrapWidth=1)
7.2440 	EXP 	Created number_4 = TextStim(__class__=<class 'psychopy.visual.text.TextStim'>, alignHoriz=method-wrapper(...), alignText='center', alignVert=method-wrapper(...), anchorHoriz='center', anchorVert='center', antialias=True, autoLog=True, bold=False, color='black', colorSpace='named', contrast=1.0, depth=-11.0, flipHoriz=False, flipVert=False, font='Arial', fontFiles=[], height=0.1, italic=False, languageStyle='LTR', name='number_4', opacity=1.0, ori=0, pos=array([0.6, 0.3]), rgb=array([0., 0., 0.]), text='4', units='height', win=Window(...), wrapWidth=1)
7.2458 	EXP 	Created cuedChar = ImageStim(__class__=<class 'psychopy.visual.image.ImageStim'>, autoLog=True, color=array([1., 1., 1.]), colorSpace='rgb', contrast=1.0, depth=-1.0, flipHoriz=False, flipVert=False, image='sin', interpolate=True, mask=None, maskParams=None, name='cuedChar', opacity=1.0, ori=0.0, pos=array([0., 0.]), size=array([0.3, 0.3]), texRes=128, units='height', win=Window(...))
7.2474 	EXP 	Created feedb_probe1_1 = ImageStim(__class__=<class 'psychopy.visual.image.ImageStim'>, autoLog=True, color=array([1., 1., 1.]), colorSpace='rgb', contrast=1.0, depth=-2.0, flipHoriz=False, flipVert=False, image='sin', interpolate=True, mask=None, maskParams=None, name='feedb_probe1_1', opacity=1.0, ori=0.0, pos=array([-0.6,  0. ]), size=array([0.3, 0.3]), texRes=128, units='height', win=Window(...))
7.2491 	EXP 	Created feedb_probe2_1 = ImageStim(__class__=<class 'psychopy.visual.image.ImageStim'>, autoLog=True, color=array([1., 1., 1.]), colorSpace='rgb', contrast=1.0, depth=-3.0, flipHoriz=False, flipVert=False, image='sin', interpolate=True, mask=None, maskParams=None, name='feedb_probe2_1', opacity=1.0, ori=0.0, pos=array([-0.2,  0. ]), size=array([0.3, 0.3]), texRes=128, units='height', win=Window(...))
7.2506 	EXP 	Created feedb_probe3_1 = ImageStim(__class__=<class 'psychopy.visual.image.ImageStim'>, autoLog=True, color=array([1., 1., 1.]), colorSpace='rgb', contrast=1.0, depth=-4.0, flipHoriz=False, flipVert=False, image='sin', interpolate=True, mask=None, maskParams=None, name='feedb_probe3_1', opacity=1.0, ori=0.0, pos=array([0.2, 0. ]), size=array([0.3, 0.3]), texRes=128, units='height', win=Window(...))
7.2522 	EXP 	Created feedb_probe4_1 = ImageStim(__class__=<class 'psychopy.visual.image.ImageStim'>, autoLog=True, color=array([1., 1., 1.]), colorSpace='rgb', contrast=1.0, depth=-5.0, flipHoriz=False, flipVert=False, image='sin', interpolate=True, mask=None, maskParams=None, name='feedb_probe4_1', opacity=1.0, ori=0.0, pos=array([0.6, 0. ]), size=array([0.3, 0.3]), texRes=128, units='height', win=Window(...))
7.2653 	EXP 	Created task_feedb = TextStim(__class__=<class 'psychopy.visual.text.TextStim'>, alignHoriz=method-wrapper(...), alignText='center', alignVert=method-wrapper(...), anchorHoriz='center', anchorVert='center', antialias=True, autoLog=True, bold=False, color='white', colorSpace='named', contrast=1.0, depth=0.0, flipHoriz=False, flipVert=False, font='Arial', fontFiles=[], height=0.2, italic=False, languageStyle='LTR', name='task_feedb', opacity=1.0, ori=0, pos=array([0. , 0.3]), rgb=array([255., 255., 255.]), text='default text', units='height', win=Window(...), wrapWidth=1)
7.2671 	EXP 	Created feedbImage = ImageStim(__class__=<class 'psychopy.visual.image.ImageStim'>, autoLog=True, color=array([1., 1., 1.]), colorSpace='rgb', contrast=1.0, depth=-1.0, flipHoriz=False, flipVert=False, image='sin', interpolate=True, mask=None, maskParams=None, name='feedbImage', opacity=1.0, ori=0.0, pos=array([ 0. , -0.1]), size=array([0.5, 0.5]), texRes=128, units='height', win=Window(...))
7.2680 	EXP 	Created iti = ImageStim(__class__=<class 'psychopy.visual.image.ImageStim'>, autoLog=True, color=array([1., 1., 1.]), colorSpace='rgb', contrast=1.0, depth=-2.0, flipHoriz=False, flipVert=False, image=None, interpolate=True, mask=None, maskParams=None, name='iti', opacity=1.0, ori=0.0, pos=array([0.1, 0. ]), size=array([0.5, 0.5]), texRes=128, units='height', win=Window(...))
7.2723 	EXP 	Created pract_message = TextStim(__class__=<class 'psychopy.visual.text.TextStim'>, alignHoriz=method-wrapper(...), alignText='center', alignVert=method-wrapper(...), anchorHoriz='center', anchorVert='center', antialias=True, autoLog=True, bold=False, color='black', colorSpace='named', contrast=1.0, depth=0.0, flipHoriz=False, flipVert=False, font='Arial', fontFiles=[], height=0.05, italic=False, languageStyle='LTR', name='pract_message', opacity=1.0, ori=0, pos=array([0., 0.]), rgb=array([0., 0., 0.]), text='default text', units='height', win=Window(...), wrapWidth=1.5)
7.2920 	EXP 	Created final_mess = TextStim(__class__=<class 'psychopy.visual.text.TextStim'>, alignHoriz=method-wrapper(...), alignText='center', alignVert=method-wrapper(...), anchorHoriz='center', anchorVert='center', antialias=True, autoLog=True, bold=False, color='black', colorSpace='named', contrast=1.0, depth=0.0, flipHoriz=False, flipVert=False, font='Arial', fontFiles=[], height=0.08, italic=False, languageStyle='LTR', name='final_mess', opacity=1.0, ori=0, pos=array([0., 0.]), rgb=array([0., 0., 0.]), text=str(...), units='height', win=Window(...), wrapWidth=1)
7.3158 	EXP 	Created Instruction_2 = TextStim(__class__=<class 'psychopy.visual.text.TextStim'>, alignHoriz=method-wrapper(...), alignText='center', alignVert=method-wrapper(...), anchorHoriz='center', anchorVert='center', antialias=True, autoLog=True, bold=False, color='black', colorSpace='named', contrast=1.0, depth=0.0, flipHoriz=False, flipVert=False, font='Arial', fontFiles=[], height=0.05, italic=False, languageStyle='LTR', name='Instruction_2', opacity=1.0, ori=0, pos=array([0., 0.]), rgb=array([0., 0., 0.]), text=str(...), units='height', win=Window(...), wrapWidth=1.5)
7.3191 	EXP 	Created instruction_top = TextStim(__class__=<class 'psychopy.visual.text.TextStim'>, alignHoriz=method-wrapper(...), alignText='center', alignVert=method-wrapper(...), anchorHoriz='center', anchorVert='center', antialias=True, autoLog=True, bold=False, color='black', colorSpace='named', contrast=1.0, depth=0.0, flipHoriz=False, flipVert=False, font='Arial', fontFiles=[], height=0.05, italic=False, languageStyle='LTR', name='instruction_top', opacity=1.0, ori=0, pos=array([0. , 0.3]), rgb=array([0., 0., 0.]), text='For this character ', units='height', win=Window(...), wrapWidth=1)
7.3213 	EXP 	Created Instruction_middle = TextStim(__class__=<class 'psychopy.visual.text.TextStim'>, alignHoriz=method-wrapper(...), alignText='center', alignVert=method-wrapper(...), anchorHoriz='center', anchorVert='center', antialias=True, autoLog=True, bold=False, color='black', colorSpace='named', contrast=1.0, depth=-1.0, flipHoriz=False, flipVert=False, font='Arial', fontFiles=[], height=0.05, italic=False, languageStyle='LTR', name='Instruction_middle', opacity=1.0, ori=0, pos=array([ 0. , -0.1]), rgb=array([0., 0., 0.]), text='default text', units='height', win=Window(...), wrapWidth=1)
7.3230 	EXP 	Created instruction_bottom = TextStim(__class__=<class 'psychopy.visual.text.TextStim'>, alignHoriz=method-wrapper(...), alignText='center', alignVert=method-wrapper(...), anchorHoriz='center', anchorVert='center', antialias=True, autoLog=True, bold=False, color='black', colorSpace='named', contrast=1.0, depth=-2.0, flipHoriz=False, flipVert=False, font='Arial', fontFiles=[], height=0.05, italic=False, languageStyle='LTR', name='instruction_bottom', opacity=1.0, ori=0, pos=array([ 0. , -0.2]), rgb=array([0., 0., 0.]), text='default text', units='height', win=Window(...), wrapWidth=1)
7.3252 	EXP 	Created press_space = TextStim(__class__=<class 'psychopy.visual.text.TextStim'>, alignHoriz=method-wrapper(...), alignText='center', alignVert=method-wrapper(...), anchorHoriz='center', anchorVert='center', antialias=True, autoLog=True, bold=False, color='black', colorSpace='named', contrast=1.0, depth=-3.0, flipHoriz=False, flipVert=False, font='Arial', fontFiles=[], height=0.05, italic=False, languageStyle='LTR', name='press_space', opacity=1.0, ori=0, pos=array([ 0. , -0.4]), rgb=array([0., 0., 0.]), text='Press SPACE to continue', units='height', win=Window(...), wrapWidth=1)
7.3271 	EXP 	Created image = ImageStim(__class__=<class 'psychopy.visual.image.ImageStim'>, autoLog=True, color=array([1., 1., 1.]), colorSpace='rgb', contrast=1.0, depth=-4.0, flipHoriz=False, flipVert=False, image='sin', interpolate=True, mask=None, maskParams=None, name='image', opacity=1.0, ori=0.0, pos=array([0. , 0.1]), size=array([0.25, 0.25]), texRes=128, units='height', win=Window(...))
7.3319 	EXP 	Created instr_learned = TextStim(__class__=<class 'psychopy.visual.text.TextStim'>, alignHoriz=method-wrapper(...), alignText='center', alignVert=method-wrapper(...), anchorHoriz='center', anchorVert='center', antialias=True, autoLog=True, bold=False, color='black', colorSpace='named', contrast=1.0, depth=0.0, flipHoriz=False, flipVert=False, font='Arial', fontFiles=[], height=0.05, italic=False, languageStyle='LTR', name='instr_learned', opacity=1.0, ori=0, pos=array([0., 0.]), rgb=array([0., 0., 0.]), text=str(...), units='height', win=Window(...), wrapWidth=1)
7.3440 	EXP 	Created taskGo_2 = TextStim(__class__=<class 'psychopy.visual.text.TextStim'>, alignHoriz=method-wrapper(...), alignText='center', alignVert=method-wrapper(...), anchorHoriz='center', anchorVert='center', antialias=True, autoLog=True, bold=False, color='Black', colorSpace='named', contrast=1.0, depth=0.0, flipHoriz=False, flipVert=False, font='Arial', fontFiles=[], height=0.05, italic=False, languageStyle='LTR', name='taskGo_2', opacity=1.0, ori=0, pos=array([0., 0.]), rgb=array([0., 0., 0.]), text=str(...), units='height', win=Window(...), wrapWidth=1.5)
7.3466 	EXP 	Created FixationCross_3 = TextStim(__class__=<class 'psychopy.visual.text.TextStim'>, alignHoriz=method-wrapper(...), alignText='center', alignVert=method-wrapper(...), anchorHoriz='center', anchorVert='center', antialias=True, autoLog=True, bold=False, color='white', colorSpace='named', contrast=1.0, depth=0.0, flipHoriz=False, flipVert=False, font='Arial', fontFiles=[], height=0.1, italic=False, languageStyle='LTR', name='FixationCross_3', opacity=1.0, ori=0, pos=array([0., 0.]), rgb=array([255., 255., 255.]), text='+', units='height', win=Window(...), wrapWidth=1)
7.3484 	EXP 	Created character_2 = ImageStim(__class__=<class 'psychopy.visual.image.ImageStim'>, autoLog=True, color=array([1., 1., 1.]), colorSpace='rgb', contrast=1.0, depth=-1.0, flipHoriz=False, flipVert=False, image='sin', interpolate=True, mask=None, maskParams=None, name='character_2', opacity=1.0, ori=0.0, pos=array([0., 0.]), size=array([0.5, 0.5]), texRes=128, units='height', win=Window(...))
7.3494 	EXP 	Created interval_2 = ImageStim(__class__=<class 'psychopy.visual.image.ImageStim'>, autoLog=True, color=array([1., 1., 1.]), colorSpace='rgb', contrast=1.0, depth=-2.0, flipHoriz=False, flipVert=False, image=None, interpolate=True, mask=None, maskParams=None, name='interval_2', opacity=1.0, ori=0.0, pos=array([0., 0.]), size=array([0.5, 0.5]), texRes=128, units='height', win=Window(...))
7.3510 	EXP 	Created task_probe1_3 = ImageStim(__class__=<class 'psychopy.visual.image.ImageStim'>, autoLog=True, color=array([1., 1., 1.]), colorSpace='rgb', contrast=1.0, depth=-3.0, flipHoriz=False, flipVert=False, image='sin', interpolate=True, mask=None, maskParams=None, name='task_probe1_3', opacity=1.0, ori=0.0, pos=array([-0.6,  0. ]), size=array([0.3, 0.3]), texRes=128, units='height', win=Window(...))
7.3526 	EXP 	Created task_probe2_3 = ImageStim(__class__=<class 'psychopy.visual.image.ImageStim'>, autoLog=True, color=array([1., 1., 1.]), colorSpace='rgb', contrast=1.0, depth=-4.0, flipHoriz=False, flipVert=False, image='sin', interpolate=True, mask=None, maskParams=None, name='task_probe2_3', opacity=1.0, ori=0.0, pos=array([-0.2,  0. ]), size=array([0.3, 0.3]), texRes=128, units='height', win=Window(...))
7.3542 	EXP 	Created task_probe3_3 = ImageStim(__class__=<class 'psychopy.visual.image.ImageStim'>, autoLog=True, color=array([1., 1., 1.]), colorSpace='rgb', contrast=1.0, depth=-5.0, flipHoriz=False, flipVert=False, image='sin', interpolate=True, mask=None, maskParams=None, name='task_probe3_3', opacity=1.0, ori=0.0, pos=array([0.2, 0. ]), size=array([0.3, 0.3]), texRes=128, units='height', win=Window(...))
7.3557 	EXP 	Created task_probe4_3 = ImageStim(__class__=<class 'psychopy.visual.image.ImageStim'>, autoLog=True, color=array([1., 1., 1.]), colorSpace='rgb', contrast=1.0, depth=-6.0, flipHoriz=False, flipVert=False, image='sin', interpolate=True, mask=None, maskParams=None, name='task_probe4_3', opacity=1.0, ori=0.0, pos=array([0.6, 0. ]), size=array([0.3, 0.3]), texRes=128, units='height', win=Window(...))
7.3576 	EXP 	Created number_8 = TextStim(__class__=<class 'psychopy.visual.text.TextStim'>, alignHoriz=method-wrapper(...), alignText='center', alignVert=method-wrapper(...), anchorHoriz='center', anchorVert='center', antialias=True, autoLog=True, bold=False, color='black', colorSpace='named', contrast=1.0, depth=-8.0, flipHoriz=False, flipVert=False, font='Arial', fontFiles=[], height=0.1, italic=False, languageStyle='LTR', name='number_8', opacity=1.0, ori=0, pos=array([-0.6,  0.3]), rgb=array([0., 0., 0.]), text='1', units='height', win=Window(...), wrapWidth=1)
7.3596 	EXP 	Created number_9 = TextStim(__class__=<class 'psychopy.visual.text.TextStim'>, alignHoriz=method-wrapper(...), alignText='center', alignVert=method-wrapper(...), anchorHoriz='center', anchorVert='center', antialias=True, autoLog=True, bold=False, color='black', colorSpace='named', contrast=1.0, depth=-9.0, flipHoriz=False, flipVert=False, font='Arial', fontFiles=[], height=0.1, italic=False, languageStyle='LTR', name='number_9', opacity=1.0, ori=0, pos=array([-0.2,  0.3]), rgb=array([0., 0., 0.]), text='2', units='height', win=Window(...), wrapWidth=1)
7.3612 	EXP 	Created number_10 = TextStim(__class__=<class 'psychopy.visual.text.TextStim'>, alignHoriz=method-wrapper(...), alignText='center', alignVert=method-wrapper(...), anchorHoriz='center', anchorVert='center', antialias=True, autoLog=True, bold=False, color='black', colorSpace='named', contrast=1.0, depth=-10.0, flipHoriz=False, flipVert=False, font='Arial', fontFiles=[], height=0.1, italic=False, languageStyle='LTR', name='number_10', opacity=1.0, ori=0, pos=array([0.2, 0.3]), rgb=array([0., 0., 0.]), text='3', units='height', win=Window(...), wrapWidth=1)
7.3626 	EXP 	Created number_11 = TextStim(__class__=<class 'psychopy.visual.text.TextStim'>, alignHoriz=method-wrapper(...), alignText='center', alignVert=method-wrapper(...), anchorHoriz='center', anchorVert='center', antialias=True, autoLog=True, bold=False, color='black', colorSpace='named', contrast=1.0, depth=-11.0, flipHoriz=False, flipVert=False, font='Arial', fontFiles=[], height=0.1, italic=False, languageStyle='LTR', name='number_11', opacity=1.0, ori=0, pos=array([0.6, 0.3]), rgb=array([0., 0., 0.]), text='4', units='height', win=Window(...), wrapWidth=1)
7.3643 	EXP 	Created cuedChar_2 = ImageStim(__class__=<class 'psychopy.visual.image.ImageStim'>, autoLog=True, color=array([1., 1., 1.]), colorSpace='rgb', contrast=1.0, depth=-1.0, flipHoriz=False, flipVert=False, image='sin', interpolate=True, mask=None, maskParams=None, name='cuedChar_2', opacity=1.0, ori=0.0, pos=array([0., 0.]), size=array([0.3, 0.3]), texRes=128, units='height', win=Window(...))
7.3660 	EXP 	Created feedb_probe1_2 = ImageStim(__class__=<class 'psychopy.visual.image.ImageStim'>, autoLog=True, color=array([1., 1., 1.]), colorSpace='rgb', contrast=1.0, depth=-2.0, flipHoriz=False, flipVert=False, image='sin', interpolate=True, mask=None, maskParams=None, name='feedb_probe1_2', opacity=1.0, ori=0.0, pos=array([-0.6,  0. ]), size=array([0.3, 0.3]), texRes=128, units='height', win=Window(...))
7.3677 	EXP 	Created feedb_probe2_2 = ImageStim(__class__=<class 'psychopy.visual.image.ImageStim'>, autoLog=True, color=array([1., 1., 1.]), colorSpace='rgb', contrast=1.0, depth=-3.0, flipHoriz=False, flipVert=False, image='sin', interpolate=True, mask=None, maskParams=None, name='feedb_probe2_2', opacity=1.0, ori=0.0, pos=array([-0.2,  0. ]), size=array([0.3, 0.3]), texRes=128, units='height', win=Window(...))
7.3694 	EXP 	Created feedb_probe3_2 = ImageStim(__class__=<class 'psychopy.visual.image.ImageStim'>, autoLog=True, color=array([1., 1., 1.]), colorSpace='rgb', contrast=1.0, depth=-4.0, flipHoriz=False, flipVert=False, image='sin', interpolate=True, mask=None, maskParams=None, name='feedb_probe3_2', opacity=1.0, ori=0.0, pos=array([0.2, 0. ]), size=array([0.3, 0.3]), texRes=128, units='height', win=Window(...))
7.3710 	EXP 	Created feedb_probe4_2 = ImageStim(__class__=<class 'psychopy.visual.image.ImageStim'>, autoLog=True, color=array([1., 1., 1.]), colorSpace='rgb', contrast=1.0, depth=-5.0, flipHoriz=False, flipVert=False, image='sin', interpolate=True, mask=None, maskParams=None, name='feedb_probe4_2', opacity=1.0, ori=0.0, pos=array([0.6, 0. ]), size=array([0.3, 0.3]), texRes=128, units='height', win=Window(...))
7.3778 	EXP 	Created task_feedb_2 = TextStim(__class__=<class 'psychopy.visual.text.TextStim'>, alignHoriz=method-wrapper(...), alignText='center', alignVert=method-wrapper(...), anchorHoriz='center', anchorVert='center', antialias=True, autoLog=True, bold=False, color='white', colorSpace='named', contrast=1.0, depth=0.0, flipHoriz=False, flipVert=False, font='Arial', fontFiles=[], height=0.2, italic=False, languageStyle='LTR', name='task_feedb_2', opacity=1.0, ori=0, pos=array([0. , 0.3]), rgb=array([255., 255., 255.]), text='default text', units='height', win=Window(...), wrapWidth=1)
7.3795 	EXP 	Created feedbImage_2 = ImageStim(__class__=<class 'psychopy.visual.image.ImageStim'>, autoLog=True, color=array([1., 1., 1.]), colorSpace='rgb', contrast=1.0, depth=-1.0, flipHoriz=False, flipVert=False, image='sin', interpolate=True, mask=None, maskParams=None, name='feedbImage_2', opacity=1.0, ori=0.0, pos=array([ 0. , -0.1]), size=array([0.5, 0.5]), texRes=128, units='height', win=Window(...))
7.3805 	EXP 	Created iti_2 = ImageStim(__class__=<class 'psychopy.visual.image.ImageStim'>, autoLog=True, color=array([1., 1., 1.]), colorSpace='rgb', contrast=1.0, depth=-2.0, flipHoriz=False, flipVert=False, image=None, interpolate=True, mask=None, maskParams=None, name='iti_2', opacity=1.0, ori=0.0, pos=array([0.1, 0. ]), size=array([0.5, 0.5]), texRes=128, units='height', win=Window(...))
7.3896 	EXP 	Created final_message_ = TextStim(__class__=<class 'psychopy.visual.text.TextStim'>, alignHoriz=method-wrapper(...), alignText='center', alignVert=method-wrapper(...), anchorHoriz='center', anchorVert='center', antialias=True, autoLog=True, bold=False, color='black', colorSpace='named', contrast=1.0, depth=0.0, flipHoriz=False, flipVert=False, font='Arial', fontFiles=[], height=0.05, italic=False, languageStyle='LTR', name='final_message_', opacity=1.0, ori=0, pos=array([0., 0.]), rgb=array([0., 0., 0.]), text=str(...), units='height', win=Window(...), wrapWidth=1)
7.3994 	EXP 	Instruction: autoDraw = True
8.1255 	DATA 	Keypress: space
8.1331 	EXP 	Imported instructions.csv as conditions, 6 conditions, 1 params
8.1336 	EXP 	Created sequence: sequential, trialTypes=6, nReps=1, seed=None
8.1340 	EXP 	New trial (rep=0, index=0): OrderedDict([('slides', 'stimuli/slide1.png')])
8.1796 	EXP 	Instruction: autoDraw = False
8.1796 	EXP 	Inst_slides: image = 'stimuli/slide1.png'
8.1796 	EXP 	Inst_slides: autoDraw = True
8.3236 	DATA 	Keypress: space
8.3244 	EXP 	New trial (rep=0, index=1): OrderedDict([('slides', 'stimuli/slide2.png')])
8.3636 	EXP 	Inst_slides: autoDraw = False
8.3636 	EXP 	Inst_slides: image = 'stimuli/slide2.png'
8.3636 	EXP 	Inst_slides: autoDraw = True
8.4895 	DATA 	Keypress: space
8.4901 	EXP 	New trial (rep=0, index=2): OrderedDict([('slides', 'stimuli/slide3.png')])
8.5305 	EXP 	Inst_slides: autoDraw = False
8.5305 	EXP 	Inst_slides: image = 'stimuli/slide3.png'
8.5305 	EXP 	Inst_slides: autoDraw = True
8.6542 	DATA 	Keypress: space
8.6548 	EXP 	New trial (rep=0, index=3): OrderedDict([('slides', 'stimuli/slide4.png')])
8.6944 	EXP 	Inst_slides: autoDraw = False
8.6944 	EXP 	Inst_slides: image = 'stimuli/slide4.png'
8.6944 	EXP 	Inst_slides: autoDraw = True
8.8538 	DATA 	Keypress: space
8.8544 	EXP 	New trial (rep=0, index=4): OrderedDict([('slides', 'stimuli/slide5.png')])
8.8949 	EXP 	Inst_slides: autoDraw = False
8.8949 	EXP 	Inst_slides: image = 'stimuli/slide5.png'
8.8949 	EXP 	Inst_slides: autoDraw = True
9.0537 	DATA 	Keypress: space
9.0543 	EXP 	New trial (rep=0, index=5): OrderedDict([('slides', 'stimuli/slide6.png')])
9.0937 	EXP 	Inst_slides: autoDraw = False
9.0937 	EXP 	Inst_slides: image = 'stimuli/slide6.png'
9.0937 	EXP 	Inst_slides: autoDraw = True
9.2521 	DATA 	Keypress: space
9.2623 	EXP 	Inst_slides: autoDraw = False
9.2623 	EXP 	taskprep0: autoDraw = True
9.4338 	DATA 	Keypress: space
9.4609 	EXP 	taskprep0: autoDraw = False
9.4609 	EXP 	taskGo: autoDraw = True
9.9849 	DATA 	Keypress: space
9.9995 	EXP 	Created sequence: random, trialTypes=1, nReps=99, seed=None
10.0003 	EXP 	New trial (rep=0, index=0): None
10.0046 	EXP 	Imported practlist.csv as conditions, 2 conditions, 10 params
10.0048 	EXP 	Created sequence: sequential, trialTypes=2, nReps=1, seed=None
10.0051 	EXP 	New trial (rep=0, index=0): OrderedDict([('character', 'stimuli/m_red.jpg'), ('left_categ', 'stimuli/Food.png'), ('centleft_categ', 'stimuli/Gamestoy & entertainment.png'), ('centright_categ', 'stimuli/Vehicle.png'), ('right_categ', 'stimuli/Clothing.png'), ('trial_cond', 1), ('corr_ans', 'Food'), ('corr_ans_num', 1), ('type', 1), ('img', 'stimuli/objects/chocolatecroissant.jpg')])
10.0374 	EXP 	taskGo: autoDraw = False
10.0374 	EXP 	character1: image = 'stimuli/m_red.jpg'
10.0374 	EXP 	task_probe1: image = 'stimuli/Food.png'
10.0374 	EXP 	task_probe2: image = 'stimuli/Gamestoy & entertainment.png'
10.0374 	EXP 	task_probe3: image = 'stimuli/Vehicle.png'
10.0374 	EXP 	task_probe4: image = 'stimuli/Clothing.png'
10.0374 	EXP 	FixationCross: autoDraw = True
10.2802 	EXP 	character1: autoDraw = True
10.2971 	EXP 	FixationCross: autoDraw = False
10.7795 	EXP 	character1: autoDraw = False
10.7795 	EXP 	interval: autoDraw = True
11.2812 	EXP 	task_probe1: autoDraw = True
11.2812 	EXP 	task_probe2: autoDraw = True
11.2812 	EXP 	task_probe3: autoDraw = True
11.2812 	EXP 	task_probe4: autoDraw = True
11.2812 	EXP 	number_1: autoDraw = True
11.2812 	EXP 	number_2: autoDraw = True
11.2812 	EXP 	number_3: autoDraw = True
11.2812 	EXP 	number_4: autoDraw = True
11.8991 	DATA 	Keypress: 2
11.9433 	EXP 	FixationCross: autoDraw = False
11.9433 	EXP 	character1: autoDraw = False
11.9433 	EXP 	interval: autoDraw = False
11.9433 	EXP 	task_probe1: autoDraw = False
11.9433 	EXP 	task_probe2: autoDraw = False
11.9433 	EXP 	task_probe3: autoDraw = False
11.9433 	EXP 	task_probe4: autoDraw = False
11.9433 	EXP 	number_1: autoDraw = False
11.9433 	EXP 	number_2: autoDraw = False
11.9433 	EXP 	number_3: autoDraw = False
11.9433 	EXP 	number_4: autoDraw = False
11.9433 	EXP 	cuedChar: pos = array([-0.2, -0.3])
11.9433 	EXP 	cuedChar: image = 'stimuli/m_red.jpg'
11.9433 	EXP 	feedb_probe1_1: image = 'stimuli/Food.png'
11.9433 	EXP 	feedb_probe2_1: image = 'stimuli/Gamestoy & entertainment.png'
11.9433 	EXP 	feedb_probe3_1: image = 'stimuli/Vehicle.png'
11.9433 	EXP 	feedb_probe4_1: image = 'stimuli/Clothing.png'
11.9433 	EXP 	cuedChar: autoDraw = True
11.9433 	EXP 	feedb_probe1_1: autoDraw = True
11.9433 	EXP 	feedb_probe2_1: autoDraw = True
11.9433 	EXP 	feedb_probe3_1: autoDraw = True
11.9433 	EXP 	feedb_probe4_1: autoDraw = True
13.0367 	EXP 	cuedChar: autoDraw = False
13.0367 	EXP 	feedb_probe1_1: autoDraw = False
13.0367 	EXP 	feedb_probe2_1: autoDraw = False
13.0367 	EXP 	feedb_probe3_1: autoDraw = False
13.0367 	EXP 	feedb_probe4_1: autoDraw = False
13.0367 	EXP 	task_feedb: text = 'incorrect'
13.0367 	EXP 	feedbImage: image = 'stimuli/objects/chocolatecroissant.jpg'
13.0367 	EXP 	task_feedb: autoDraw = True
13.0367 	EXP 	feedbImage: autoDraw = True
13.5046 	EXP 	iti: autoDraw = True
13.5348 	EXP 	task_feedb: autoDraw = False
13.5348 	EXP 	feedbImage: autoDraw = False
14.2554 	EXP 	New trial (rep=0, index=1): OrderedDict([('character', 'stimuli/m_red.jpg'), ('left_categ', 'stimuli/Clothing.png'), ('centleft_categ', 'stimuli/Food.png'), ('centright_categ', 'stimuli/Gamestoy & entertainment.png'), ('right_categ', 'stimuli/Vehicle.png'), ('trial_cond', 0), ('corr_ans', 'Vehicle'), ('corr_ans_num', 4), ('type', 0), ('img', 'stimuli/objects/tricycle.jpg')])
14.2964 	EXP 	iti: autoDraw = False
14.2964 	EXP 	task_feedb: autoDraw = False
14.2964 	EXP 	feedbImage: autoDraw = False
14.2964 	EXP 	iti: autoDraw = False
14.2964 	EXP 	character1: image = 'stimuli/m_red.jpg'
14.2964 	EXP 	task_probe1: image = 'stimuli/Clothing.png'
14.2964 	EXP 	task_probe2: image = 'stimuli/Food.png'
14.2964 	EXP 	task_probe3: image = 'stimuli/Gamestoy & entertainment.png'
14.2964 	EXP 	task_probe4: image = 'stimuli/Vehicle.png'
14.2964 	EXP 	FixationCross: autoDraw = True
14.5216 	EXP 	character1: autoDraw = True
14.5554 	EXP 	FixationCross: autoDraw = False
15.0210 	EXP 	character1: autoDraw = False
15.0210 	EXP 	interval: autoDraw = True
15.5245 	EXP 	task_probe1: autoDraw = True
15.5245 	EXP 	task_probe2: autoDraw = True
15.5245 	EXP 	task_probe3: autoDraw = True
15.5245 	EXP 	task_probe4: autoDraw = True
15.5245 	EXP 	number_1: autoDraw = True
15.5245 	EXP 	number_2: autoDraw = True
15.5245 	EXP 	number_3: autoDraw = True
15.5245 	EXP 	number_4: autoDraw = True
15.7732 	DATA 	Keypress: 1
15.8122 	EXP 	FixationCross: autoDraw = False
15.8122 	EXP 	character1: autoDraw = False
15.8122 	EXP 	interval: autoDraw = False
15.8122 	EXP 	task_probe1: autoDraw = False
15.8122 	EXP 	task_probe2: autoDraw = False
15.8122 	EXP 	task_probe3: autoDraw = False
15.8122 	EXP 	task_probe4: autoDraw = False
15.8122 	EXP 	number_1: autoDraw = False
15.8122 	EXP 	number_2: autoDraw = False
15.8122 	EXP 	number_3: autoDraw = False
15.8122 	EXP 	number_4: autoDraw = False
15.8122 	EXP 	cuedChar: pos = array([-0.6, -0.3])
15.8122 	EXP 	cuedChar: image = 'stimuli/m_red.jpg'
15.8122 	EXP 	feedb_probe1_1: image = 'stimuli/Clothing.png'
15.8122 	EXP 	feedb_probe2_1: image = 'stimuli/Food.png'
15.8122 	EXP 	feedb_probe3_1: image = 'stimuli/Gamestoy & entertainment.png'
15.8122 	EXP 	feedb_probe4_1: image = 'stimuli/Vehicle.png'
15.8122 	EXP 	cuedChar: autoDraw = True
15.8122 	EXP 	feedb_probe1_1: autoDraw = True
15.8122 	EXP 	feedb_probe2_1: autoDraw = True
15.8122 	EXP 	feedb_probe3_1: autoDraw = True
15.8122 	EXP 	feedb_probe4_1: autoDraw = True
16.8807 	EXP 	cuedChar: autoDraw = False
16.8807 	EXP 	feedb_probe1_1: autoDraw = False
16.8807 	EXP 	feedb_probe2_1: autoDraw = False
16.8807 	EXP 	feedb_probe3_1: autoDraw = False
16.8807 	EXP 	feedb_probe4_1: autoDraw = False
16.8807 	EXP 	task_feedb: text = 'incorrect'
16.8807 	EXP 	feedbImage: image = 'stimuli/objects/tricycle.jpg'
16.8807 	EXP 	task_feedb: autoDraw = True
16.8807 	EXP 	feedbImage: autoDraw = True
17.3452 	EXP 	iti: autoDraw = True
17.3922 	EXP 	task_feedb: autoDraw = False
17.3922 	EXP 	feedbImage: autoDraw = False
18.1116 	EXP 	iti: autoDraw = False
18.1116 	EXP 	task_feedb: autoDraw = False
18.1116 	EXP 	feedbImage: autoDraw = False
18.1116 	EXP 	iti: autoDraw = False
18.1116 	EXP 	pract_message: text = "You got [] % correct.\n\n Please approach the experimenter \nPress 'y' to do the task again and 'n' to continue with the experiment"
18.1116 	EXP 	pract_message: autoDraw = True
19.9974 	DATA 	Keypress: n
20.0141 	EXP 	pract_message: autoDraw = False
20.0141 	EXP 	final_mess: autoDraw = True
20.5718 	DATA 	Keypress: space
20.5989 	EXP 	final_mess: autoDraw = False
20.5989 	EXP 	Instruction_2: autoDraw = True
20.7659 	DATA 	Keypress: space
20.7694 	EXP 	Imported known_categ_4.csv as conditions, 1 conditions, 2 params
20.7697 	EXP 	Created sequence: sequential, trialTypes=1, nReps=1, seed=None
20.7700 	EXP 	New trial (rep=0, index=0): OrderedDict([('character', 'stimuli/m_orange.jpg'), ('category', 'electronic devices')])
20.8069 	EXP 	Instruction_2: autoDraw = False
20.8069 	EXP 	Instruction_middle: text = 'The preferred category will be'
20.8069 	EXP 	instruction_bottom: text = 'electronic devices'
20.8069 	EXP 	image: image = 'stimuli/m_orange.jpg'
20.8069 	EXP 	instruction_top: autoDraw = True
20.8069 	EXP 	Instruction_middle: autoDraw = True
20.8069 	EXP 	instruction_bottom: autoDraw = True
20.8069 	EXP 	press_space: autoDraw = True
20.8069 	EXP 	image: autoDraw = True
20.9502 	DATA 	Keypress: space
20.9658 	EXP 	instruction_top: autoDraw = False
20.9658 	EXP 	Instruction_middle: autoDraw = False
20.9658 	EXP 	instruction_bottom: autoDraw = False
20.9658 	EXP 	press_space: autoDraw = False
20.9658 	EXP 	image: autoDraw = False
20.9658 	EXP 	instr_learned: autoDraw = True
21.0894 	DATA 	Keypress: space
21.1164 	EXP 	instr_learned: autoDraw = False
21.1164 	EXP 	taskGo_2: autoDraw = True
21.2836 	DATA 	Keypress: space
21.2972 	EXP 	Imported task_list_4.csv as conditions, 120 conditions, 10 params
21.2980 	EXP 	Created sequence: sequential, trialTypes=120, nReps=1, seed=None
21.2984 	EXP 	New trial (rep=0, index=0): OrderedDict([('character', 'stimuli/m_orange.jpg'), ('left_categ', 'stimuli/Kitchen & utensil.png'), ('centleft_categ', 'stimuli/Outdoor activity & sport item.png'), ('centright_categ', 'stimuli/Hand labour tool & accessory.png'), ('right_categ', 'stimuli/Electronic device & accessory.png'), ('type', 1), ('corr_ans', 'Electronic device & accessory'), ('condition', 1), ('corr_ans_num', 4), ('img', 'stimuli/objects/spotlight.jpg')])
21.3363 	EXP 	taskGo_2: autoDraw = False
21.3363 	EXP 	character_2: image = 'stimuli/m_orange.jpg'
21.3363 	EXP 	task_probe1_3: image = 'stimuli/Kitchen & utensil.png'
21.3363 	EXP 	task_probe2_3: image = 'stimuli/Outdoor activity & sport item.png'
21.3363 	EXP 	task_probe3_3: image = 'stimuli/Hand labour tool & accessory.png'
21.3363 	EXP 	task_probe4_3: image = 'stimuli/Electronic device & accessory.png'
21.3363 	EXP 	FixationCross_3: autoDraw = True
21.5685 	EXP 	character_2: autoDraw = True
21.6019 	EXP 	FixationCross_3: autoDraw = False
22.0678 	EXP 	character_2: autoDraw = False
22.0678 	EXP 	interval_2: autoDraw = True
22.5694 	EXP 	task_probe1_3: autoDraw = True
22.5694 	EXP 	task_probe2_3: autoDraw = True
22.5694 	EXP 	task_probe3_3: autoDraw = True
22.5694 	EXP 	task_probe4_3: autoDraw = True
22.5694 	EXP 	number_8: autoDraw = True
22.5694 	EXP 	number_9: autoDraw = True
22.5694 	EXP 	number_10: autoDraw = True
22.5694 	EXP 	number_11: autoDraw = True
23.3208 	EXP 	interval_2: autoDraw = False
23.5213 	DATA 	Keypress: 1
23.5649 	EXP 	FixationCross_3: autoDraw = False
23.5649 	EXP 	character_2: autoDraw = False
23.5649 	EXP 	interval_2: autoDraw = False
23.5649 	EXP 	task_probe1_3: autoDraw = False
23.5649 	EXP 	task_probe2_3: autoDraw = False
23.5649 	EXP 	task_probe3_3: autoDraw = False
23.5649 	EXP 	task_probe4_3: autoDraw = False
23.5649 	EXP 	number_8: autoDraw = False
23.5649 	EXP 	number_9: autoDraw = False
23.5649 	EXP 	number_10: autoDraw = False
23.5649 	EXP 	number_11: autoDraw = False
23.5649 	EXP 	cuedChar_2: pos = array([ 0. , -0.3])
23.5649 	EXP 	cuedChar_2: image = 'stimuli/m_orange.jpg'
23.5649 	EXP 	feedb_probe1_2: image = 'stimuli/Kitchen & utensil.png'
23.5649 	EXP 	feedb_probe2_2: image = 'stimuli/Outdoor activity & sport item.png'
23.5649 	EXP 	feedb_probe3_2: image = 'stimuli/Hand labour tool & accessory.png'
23.5649 	EXP 	feedb_probe4_2: image = 'stimuli/Electronic device & accessory.png'
23.5649 	EXP 	cuedChar_2: autoDraw = True
23.5649 	EXP 	feedb_probe1_2: autoDraw = True
23.5649 	EXP 	feedb_probe2_2: autoDraw = True
23.5649 	EXP 	feedb_probe3_2: autoDraw = True
23.5649 	EXP 	feedb_probe4_2: autoDraw = True
24.6321 	EXP 	cuedChar_2: autoDraw = False
24.6321 	EXP 	feedb_probe1_2: autoDraw = False
24.6321 	EXP 	feedb_probe2_2: autoDraw = False
24.6321 	EXP 	feedb_probe3_2: autoDraw = False
24.6321 	EXP 	feedb_probe4_2: autoDraw = False
24.6321 	EXP 	task_feedb_2: text = 'incorrect'
24.6321 	EXP 	feedbImage_2: image = 'stimuli/objects/spotlight.jpg'
24.6321 	EXP 	task_feedb_2: autoDraw = True
24.6321 	EXP 	feedbImage_2: autoDraw = True
25.0934 	EXP 	iti_2: autoDraw = True
25.1403 	EXP 	task_feedb_2: autoDraw = False
25.1403 	EXP 	feedbImage_2: autoDraw = False
25.8428 	EXP 	New trial (rep=0, index=1): OrderedDict([('character', 'stimuli/m_black.jpg'), ('left_categ', 'stimuli/Kitchen & utensil.png'), ('centleft_categ', 'stimuli/Outdoor activity & sport item.png'), ('centright_categ', 'stimuli/Electronic device & accessory.png'), ('right_categ', 'stimuli/Hand labour tool & accessory.png'), ('type', 1), ('corr_ans', 'Kitchen & utensil'), ('condition', 0), ('corr_ans_num', 1), ('img', 'stimuli/objects/peppermill02b.jpg')])
25.8855 	EXP 	iti_2: autoDraw = False
25.8855 	EXP 	task_feedb_2: autoDraw = False
25.8855 	EXP 	feedbImage_2: autoDraw = False
25.8855 	EXP 	iti_2: autoDraw = False
25.8855 	EXP 	character_2: image = 'stimuli/m_black.jpg'
25.8855 	EXP 	task_probe1_3: image = 'stimuli/Kitchen & utensil.png'
25.8855 	EXP 	task_probe2_3: image = 'stimuli/Outdoor activity & sport item.png'
25.8855 	EXP 	task_probe3_3: image = 'stimuli/Electronic device & accessory.png'
25.8855 	EXP 	task_probe4_3: image = 'stimuli/Hand labour tool & accessory.png'
25.8855 	EXP 	FixationCross_3: autoDraw = True
26.1105 	EXP 	character_2: autoDraw = True
26.1439 	EXP 	FixationCross_3: autoDraw = False
26.6115 	EXP 	character_2: autoDraw = False
26.6115 	EXP 	interval_2: autoDraw = True
27.1116 	EXP 	task_probe1_3: autoDraw = True
27.1116 	EXP 	task_probe2_3: autoDraw = True
27.1116 	EXP 	task_probe3_3: autoDraw = True
27.1116 	EXP 	task_probe4_3: autoDraw = True
27.1116 	EXP 	number_8: autoDraw = True
27.1116 	EXP 	number_9: autoDraw = True
27.1116 	EXP 	number_10: autoDraw = True
27.1116 	EXP 	number_11: autoDraw = True
27.6125 	DATA 	Keypress: 2
27.6524 	EXP 	FixationCross_3: autoDraw = False
27.6524 	EXP 	character_2: autoDraw = False
27.6524 	EXP 	interval_2: autoDraw = False
27.6524 	EXP 	task_probe1_3: autoDraw = False
27.6524 	EXP 	task_probe2_3: autoDraw = False
27.6524 	EXP 	task_probe3_3: autoDraw = False
27.6524 	EXP 	task_probe4_3: autoDraw = False
27.6524 	EXP 	number_8: autoDraw = False
27.6524 	EXP 	number_9: autoDraw = False
27.6524 	EXP 	number_10: autoDraw = False
27.6524 	EXP 	number_11: autoDraw = False
27.6524 	EXP 	cuedChar_2: pos = array([ 0. , -0.3])
27.6524 	EXP 	cuedChar_2: image = 'stimuli/m_black.jpg'
27.6524 	EXP 	feedb_probe1_2: image = 'stimuli/Kitchen & utensil.png'
27.6524 	EXP 	feedb_probe2_2: image = 'stimuli/Outdoor activity & sport item.png'
27.6524 	EXP 	feedb_probe3_2: image = 'stimuli/Electronic device & accessory.png'
27.6524 	EXP 	feedb_probe4_2: image = 'stimuli/Hand labour tool & accessory.png'
27.6524 	EXP 	cuedChar_2: autoDraw = True
27.6524 	EXP 	feedb_probe1_2: autoDraw = True
27.6524 	EXP 	feedb_probe2_2: autoDraw = True
27.6524 	EXP 	feedb_probe3_2: autoDraw = True
27.6524 	EXP 	feedb_probe4_2: autoDraw = True
28.7195 	EXP 	cuedChar_2: autoDraw = False
28.7195 	EXP 	feedb_probe1_2: autoDraw = False
28.7195 	EXP 	feedb_probe2_2: autoDraw = False
28.7195 	EXP 	feedb_probe3_2: autoDraw = False
28.7195 	EXP 	feedb_probe4_2: autoDraw = False
28.7195 	EXP 	task_feedb_2: text = 'incorrect'
28.7195 	EXP 	feedbImage_2: image = 'stimuli/objects/peppermill02b.jpg'
28.7195 	EXP 	task_feedb_2: autoDraw = True
28.7195 	EXP 	feedbImage_2: autoDraw = True
29.1846 	EXP 	iti_2: autoDraw = True
29.2315 	EXP 	task_feedb_2: autoDraw = False
29.2315 	EXP 	feedbImage_2: autoDraw = False
29.3819 	DATA 	Keypress: escape
29.3915 	EXP 	window1: mouseVisible = True
