0.4674 	WARNING 	We strongly recommend you activate the PTB sound engine in PsychoPy prefs as the preferred audio engine. Its timing is vastly superior. Your prefs are currently set to use ['sounddevice', 'PTB', 'pyo', 'pygame'] (in that order).
1.0596 	WARNING 	Import Error: No module named 'psychtoolbox'. Using event module for keyboard component.
4.0566 	WARNING 	User requested fullscreen with size [1024  768], but screen is actually [1680, 1050]. Using actual size
4.6991 	EXP 	Created window1 = Window(allowGUI=False, allowStencil=False, args=UNKNOWN, autoLog=True, bitsMode=UNKNOWN, blendMode='avg', bpc=(8, 8, 8), color=array([0., 0., 0.]), colorSpace='rgb', depthBits=8, fullscr=<method-wrapper '__getattribute__' of attributeSetter object at 0x7f2652606bb0>, gamma=None, gammaErrorPolicy='raise', kwargs=UNKNOWN, lms=UNKNOWN, monitor=<psychopy.monitors.calibTools.Monitor object at 0x7f26525ce5b0>, multiSample=False, name='window1', numSamples=2, pos=[0.0, 0.0], screen=0, size=array([1680, 1050]), stencilBits=0, stereo=False, units='height', useFBO=True, useRetina=False, viewOri=0.0, viewPos=None, viewScale=None, waitBlanking=True, winType='pyglet')
4.6992 	EXP 	window1: recordFrameIntervals = False
4.8654 	EXP 	window1: recordFrameIntervals = True
5.0494 	EXP 	window1: recordFrameIntervals = False
5.1148 	EXP 	Created Instruction = TextStim(__class__=<class 'psychopy.visual.text.TextStim'>, alignHoriz=method-wrapper(...), alignText='center', alignVert=method-wrapper(...), anchorHoriz='center', anchorVert='center', antialias=True, autoLog=True, bold=False, color='black', colorSpace='named', contrast=1.0, depth=0.0, flipHoriz=False, flipVert=False, font='Arial', fontFiles=[], height=0.05, italic=False, languageStyle='LTR', name='Instruction', opacity=1.0, ori=0, pos=array([0., 0.]), rgb=array([0., 0., 0.]), text=str(...), units='height', win=Window(...), wrapWidth=1.5)
5.1225 	EXP 	Created FixationCross = TextStim(__class__=<class 'psychopy.visual.text.TextStim'>, alignHoriz=method-wrapper(...), alignText='center', alignVert=method-wrapper(...), anchorHoriz='center', anchorVert='center', antialias=True, autoLog=True, bold=False, color='white', colorSpace='named', contrast=1.0, depth=0.0, flipHoriz=False, flipVert=False, font='Arial', fontFiles=[], height=0.1, italic=False, languageStyle='LTR', name='FixationCross', opacity=1.0, ori=0, pos=array([0., 0.]), rgb=array([255., 255., 255.]), text='+', units='height', win=Window(...), wrapWidth=1)
5.1248 	EXP 	Created character = ImageStim(__class__=<class 'psychopy.visual.image.ImageStim'>, autoLog=True, color=array([1., 1., 1.]), colorSpace='rgb', contrast=1.0, depth=-1.0, flipHoriz=False, flipVert=False, image='sin', interpolate=True, mask=None, maskParams=None, name='character', opacity=1.0, ori=0.0, pos=array([ 0. , -0.2]), size=array([0.5, 0.5]), texRes=128, units='height', win=Window(...))
5.1257 	EXP 	Created interval = ImageStim(__class__=<class 'psychopy.visual.image.ImageStim'>, autoLog=True, color=array([1., 1., 1.]), colorSpace='rgb', contrast=1.0, depth=-2.0, flipHoriz=False, flipVert=False, image=None, interpolate=True, mask=None, maskParams=None, name='interval', opacity=1.0, ori=0.0, pos=array([0., 0.]), size=array([0.5, 0.5]), texRes=128, units='height', win=Window(...))
5.1274 	EXP 	Created task_probe1 = ImageStim(__class__=<class 'psychopy.visual.image.ImageStim'>, autoLog=True, color=array([1., 1., 1.]), colorSpace='rgb', contrast=1.0, depth=-3.0, flipHoriz=False, flipVert=False, image='sin', interpolate=True, mask=None, maskParams=None, name='task_probe1', opacity=1.0, ori=0.0, pos=array([-0.6,  0. ]), size=array([0.3, 0.3]), texRes=128, units='height', win=Window(...))
5.1290 	EXP 	Created task_probe2 = ImageStim(__class__=<class 'psychopy.visual.image.ImageStim'>, autoLog=True, color=array([1., 1., 1.]), colorSpace='rgb', contrast=1.0, depth=-4.0, flipHoriz=False, flipVert=False, image='sin', interpolate=True, mask=None, maskParams=None, name='task_probe2', opacity=1.0, ori=0.0, pos=array([-0.2,  0. ]), size=array([0.3, 0.3]), texRes=128, units='height', win=Window(...))
5.1306 	EXP 	Created task_probe3 = ImageStim(__class__=<class 'psychopy.visual.image.ImageStim'>, autoLog=True, color=array([1., 1., 1.]), colorSpace='rgb', contrast=1.0, depth=-5.0, flipHoriz=False, flipVert=False, image='sin', interpolate=True, mask=None, maskParams=None, name='task_probe3', opacity=1.0, ori=0.0, pos=array([0.2, 0. ]), size=array([0.3, 0.3]), texRes=128, units='height', win=Window(...))
5.1323 	EXP 	Created task_probe4 = ImageStim(__class__=<class 'psychopy.visual.image.ImageStim'>, autoLog=True, color=array([1., 1., 1.]), colorSpace='rgb', contrast=1.0, depth=-6.0, flipHoriz=False, flipVert=False, image='sin', interpolate=True, mask=None, maskParams=None, name='task_probe4', opacity=1.0, ori=0.0, pos=array([0.6, 0. ]), size=array([0.3, 0.3]), texRes=128, units='height', win=Window(...))
5.1339 	EXP 	Created number_1 = TextStim(__class__=<class 'psychopy.visual.text.TextStim'>, alignHoriz=method-wrapper(...), alignText='center', alignVert=method-wrapper(...), anchorHoriz='center', anchorVert='center', antialias=True, autoLog=True, bold=False, color='black', colorSpace='named', contrast=1.0, depth=-8.0, flipHoriz=False, flipVert=False, font='Arial', fontFiles=[], height=0.1, italic=False, languageStyle='LTR', name='number_1', opacity=1.0, ori=0, pos=array([-0.6,  0.3]), rgb=array([0., 0., 0.]), text='1', units='height', win=Window(...), wrapWidth=1)
5.1362 	EXP 	Created number_2 = TextStim(__class__=<class 'psychopy.visual.text.TextStim'>, alignHoriz=method-wrapper(...), alignText='center', alignVert=method-wrapper(...), anchorHoriz='center', anchorVert='center', antialias=True, autoLog=True, bold=False, color='black', colorSpace='named', contrast=1.0, depth=-9.0, flipHoriz=False, flipVert=False, font='Arial', fontFiles=[], height=0.1, italic=False, languageStyle='LTR', name='number_2', opacity=1.0, ori=0, pos=array([-0.2,  0.3]), rgb=array([0., 0., 0.]), text='2', units='height', win=Window(...), wrapWidth=1)
5.1376 	EXP 	Created number_3 = TextStim(__class__=<class 'psychopy.visual.text.TextStim'>, alignHoriz=method-wrapper(...), alignText='center', alignVert=method-wrapper(...), anchorHoriz='center', anchorVert='center', antialias=True, autoLog=True, bold=False, color='black', colorSpace='named', contrast=1.0, depth=-10.0, flipHoriz=False, flipVert=False, font='Arial', fontFiles=[], height=0.1, italic=False, languageStyle='LTR', name='number_3', opacity=1.0, ori=0, pos=array([0.2, 0.3]), rgb=array([0., 0., 0.]), text='3', units='height', win=Window(...), wrapWidth=1)
5.1392 	EXP 	Created number_4 = TextStim(__class__=<class 'psychopy.visual.text.TextStim'>, alignHoriz=method-wrapper(...), alignText='center', alignVert=method-wrapper(...), anchorHoriz='center', anchorVert='center', antialias=True, autoLog=True, bold=False, color='black', colorSpace='named', contrast=1.0, depth=-11.0, flipHoriz=False, flipVert=False, font='Arial', fontFiles=[], height=0.1, italic=False, languageStyle='LTR', name='number_4', opacity=1.0, ori=0, pos=array([0.6, 0.3]), rgb=array([0., 0., 0.]), text='4', units='height', win=Window(...), wrapWidth=1)
5.1408 	EXP 	Created character_2 = ImageStim(__class__=<class 'psychopy.visual.image.ImageStim'>, autoLog=True, color=array([1., 1., 1.]), colorSpace='rgb', contrast=1.0, depth=-1.0, flipHoriz=False, flipVert=False, image='sin', interpolate=True, mask=None, maskParams=None, name='character_2', opacity=1.0, ori=0.0, pos=array([0., 0.]), size=array([0.3, 0.3]), texRes=128, units='height', win=Window(...))
5.1424 	EXP 	Created feedb_probe1 = ImageStim(__class__=<class 'psychopy.visual.image.ImageStim'>, autoLog=True, color=array([1., 1., 1.]), colorSpace='rgb', contrast=1.0, depth=-2.0, flipHoriz=False, flipVert=False, image='sin', interpolate=True, mask=None, maskParams=None, name='feedb_probe1', opacity=1.0, ori=0.0, pos=array([-0.6,  0. ]), size=array([0.3, 0.3]), texRes=128, units='height', win=Window(...))
5.1441 	EXP 	Created feedb_probe2 = ImageStim(__class__=<class 'psychopy.visual.image.ImageStim'>, autoLog=True, color=array([1., 1., 1.]), colorSpace='rgb', contrast=1.0, depth=-3.0, flipHoriz=False, flipVert=False, image='sin', interpolate=True, mask=None, maskParams=None, name='feedb_probe2', opacity=1.0, ori=0.0, pos=array([-0.2,  0. ]), size=array([0.3, 0.3]), texRes=128, units='height', win=Window(...))
5.1457 	EXP 	Created feedb_probe3 = ImageStim(__class__=<class 'psychopy.visual.image.ImageStim'>, autoLog=True, color=array([1., 1., 1.]), colorSpace='rgb', contrast=1.0, depth=-4.0, flipHoriz=False, flipVert=False, image='sin', interpolate=True, mask=None, maskParams=None, name='feedb_probe3', opacity=1.0, ori=0.0, pos=array([0.2, 0. ]), size=array([0.3, 0.3]), texRes=128, units='height', win=Window(...))
5.1473 	EXP 	Created feedb_probe4 = ImageStim(__class__=<class 'psychopy.visual.image.ImageStim'>, autoLog=True, color=array([1., 1., 1.]), colorSpace='rgb', contrast=1.0, depth=-5.0, flipHoriz=False, flipVert=False, image='sin', interpolate=True, mask=None, maskParams=None, name='feedb_probe4', opacity=1.0, ori=0.0, pos=array([0.6, 0. ]), size=array([0.3, 0.3]), texRes=128, units='height', win=Window(...))
5.1499 	EXP 	Created task_feedb = TextStim(__class__=<class 'psychopy.visual.text.TextStim'>, alignHoriz=method-wrapper(...), alignText='center', alignVert=method-wrapper(...), anchorHoriz='center', anchorVert='center', antialias=True, autoLog=True, bold=False, color='white', colorSpace='named', contrast=1.0, depth=0.0, flipHoriz=False, flipVert=False, font='Arial', fontFiles=[], height=0.2, italic=False, languageStyle='LTR', name='task_feedb', opacity=1.0, ori=0, pos=array([0. , 0.3]), rgb=array([255., 255., 255.]), text='', units='height', win=Window(...), wrapWidth=1)
5.1515 	EXP 	Created feedbImage = ImageStim(__class__=<class 'psychopy.visual.image.ImageStim'>, autoLog=True, color=array([1., 1., 1.]), colorSpace='rgb', contrast=1.0, depth=-1.0, flipHoriz=False, flipVert=False, image='sin', interpolate=True, mask=None, maskParams=None, name='feedbImage', opacity=1.0, ori=0.0, pos=array([ 0. , -0.1]), size=array([0.5, 0.5]), texRes=128, units='height', win=Window(...))
5.1525 	EXP 	Created iti = ImageStim(__class__=<class 'psychopy.visual.image.ImageStim'>, autoLog=True, color=array([1., 1., 1.]), colorSpace='rgb', contrast=1.0, depth=-2.0, flipHoriz=False, flipVert=False, image=None, interpolate=True, mask=None, maskParams=None, name='iti', opacity=1.0, ori=0.0, pos=array([0.1, 0. ]), size=array([0.5, 0.5]), texRes=128, units='height', win=Window(...))
5.1528 	EXP 	Created pract_message = TextStim(__class__=<class 'psychopy.visual.text.TextStim'>, alignHoriz=method-wrapper(...), alignText='center', alignVert=method-wrapper(...), anchorHoriz='center', anchorVert='center', antialias=True, autoLog=True, bold=False, color='black', colorSpace='named', contrast=1.0, depth=0.0, flipHoriz=False, flipVert=False, font='Arial', fontFiles=[], height=0.05, italic=False, languageStyle='LTR', name='pract_message', opacity=1.0, ori=0, pos=array([0., 0.]), rgb=array([0., 0., 0.]), text='', units='height', win=Window(...), wrapWidth=1.5)
5.1636 	EXP 	Instruction: autoDraw = True
6.0184 	DATA 	Keypress: space
6.0190 	EXP 	Created sequence: sequential, trialTypes=1, nReps=99, seed=None
6.0196 	EXP 	New trial (rep=0, index=0): None
6.0308 	EXP 	Imported practlist.csv as conditions, 80 conditions, 9 params
6.0313 	EXP 	Created sequence: sequential, trialTypes=80, nReps=1, seed=None
6.0317 	EXP 	New trial (rep=0, index=0): OrderedDict([('char', 'stimuli/m_red.jpg'), ('left_categ', 'stimuli/Gamestoy & entertainment.png'), ('centleft_categ', 'stimuli/Clothing.png'), ('centright_categ', 'stimuli/Food.png'), ('right_categ', 'stimuli/Vehicle.png'), ('trial_cond', 1), ('corr_ans', 'Food'), ('corr_ans_num', 3), ('image', 'stimuli/objects/chocolatecroissant.jpg')])
6.0719 	EXP 	Instruction: autoDraw = False
6.0719 	EXP 	character: image = 'stimuli/m_red.jpg'
6.0719 	EXP 	task_probe1: image = 'stimuli/Gamestoy & entertainment.png'
6.0719 	EXP 	task_probe2: image = 'stimuli/Clothing.png'
6.0719 	EXP 	task_probe3: image = 'stimuli/Food.png'
6.0719 	EXP 	task_probe4: image = 'stimuli/Vehicle.png'
6.0719 	EXP 	FixationCross: autoDraw = True
6.3031 	EXP 	character: autoDraw = True
6.3364 	EXP 	FixationCross: autoDraw = False
6.7873 	EXP 	interval: autoDraw = True
7.0529 	EXP 	character: autoDraw = False
7.2874 	EXP 	task_probe1: autoDraw = True
7.2874 	EXP 	task_probe2: autoDraw = True
7.2874 	EXP 	task_probe3: autoDraw = True
7.2874 	EXP 	task_probe4: autoDraw = True
7.2874 	EXP 	number_1: autoDraw = True
7.2874 	EXP 	number_2: autoDraw = True
7.2874 	EXP 	number_3: autoDraw = True
7.2874 	EXP 	number_4: autoDraw = True
8.0387 	EXP 	interval: autoDraw = False
8.4957 	DATA 	Keypress: 1
8.5476 	EXP 	FixationCross: autoDraw = False
8.5476 	EXP 	character: autoDraw = False
8.5476 	EXP 	interval: autoDraw = False
8.5476 	EXP 	task_probe1: autoDraw = False
8.5476 	EXP 	task_probe2: autoDraw = False
8.5476 	EXP 	task_probe3: autoDraw = False
8.5476 	EXP 	task_probe4: autoDraw = False
8.5476 	EXP 	number_1: autoDraw = False
8.5476 	EXP 	number_2: autoDraw = False
8.5476 	EXP 	number_3: autoDraw = False
8.5476 	EXP 	number_4: autoDraw = False
8.5476 	EXP 	character_2: pos = array([-0.6, -0.3])
8.5476 	EXP 	character_2: image = 'stimuli/m_red.jpg'
8.5476 	EXP 	feedb_probe1: image = 'stimuli/Gamestoy & entertainment.png'
8.5476 	EXP 	feedb_probe2: image = 'stimuli/Clothing.png'
8.5476 	EXP 	feedb_probe3: image = 'stimuli/Food.png'
8.5476 	EXP 	feedb_probe4: image = 'stimuli/Vehicle.png'
8.5476 	EXP 	feedb_probe1: autoDraw = True
8.5476 	EXP 	feedb_probe2: autoDraw = True
8.5476 	EXP 	feedb_probe3: autoDraw = True
8.5476 	EXP 	feedb_probe4: autoDraw = True
8.7742 	EXP 	character_2: autoDraw = True
9.5248 	EXP 	character_2: autoDraw = False
9.6769 	EXP 	feedb_probe1: autoDraw = False
9.6769 	EXP 	feedb_probe2: autoDraw = False
9.6769 	EXP 	feedb_probe3: autoDraw = False
9.6769 	EXP 	feedb_probe4: autoDraw = False
9.6769 	EXP 	character_2: autoDraw = False
9.6769 	EXP 	feedb_probe1: autoDraw = False
9.6769 	EXP 	feedb_probe2: autoDraw = False
9.6769 	EXP 	feedb_probe3: autoDraw = False
9.6769 	EXP 	feedb_probe4: autoDraw = False
9.6769 	EXP 	task_feedb: text = 'incorrect'
9.6769 	EXP 	feedbImage: image = 'stimuli/objects/chocolatecroissant.jpg'
9.6769 	EXP 	task_feedb: autoDraw = True
9.6769 	EXP 	feedbImage: autoDraw = True
10.1755 	EXP 	task_feedb: autoDraw = False
10.1755 	EXP 	feedbImage: autoDraw = False
11.6449 	EXP 	iti: autoDraw = True
11.8797 	EXP 	New trial (rep=0, index=1): OrderedDict([('char', 'stimuli/m_blue.jpg'), ('left_categ', 'stimuli/Food.png'), ('centleft_categ', 'stimuli/Gamestoy & entertainment.png'), ('centright_categ', 'stimuli/Clothing.png'), ('right_categ', 'stimuli/Vehicle.png'), ('trial_cond', 0), ('corr_ans', 'Clothing'), ('corr_ans_num', 3), ('image', 'stimuli/objects/beret01.jpg')])
11.9268 	EXP 	iti: autoDraw = False
11.9268 	EXP 	task_feedb: autoDraw = False
11.9268 	EXP 	feedbImage: autoDraw = False
11.9268 	EXP 	iti: autoDraw = False
11.9268 	EXP 	character: image = 'stimuli/m_blue.jpg'
11.9268 	EXP 	task_probe1: image = 'stimuli/Food.png'
11.9268 	EXP 	task_probe2: image = 'stimuli/Gamestoy & entertainment.png'
11.9268 	EXP 	task_probe3: image = 'stimuli/Clothing.png'
11.9268 	EXP 	task_probe4: image = 'stimuli/Vehicle.png'
11.9268 	EXP 	FixationCross: autoDraw = True
12.1643 	EXP 	character: autoDraw = True
12.1810 	EXP 	FixationCross: autoDraw = False
12.6670 	EXP 	interval: autoDraw = True
12.6870 	DATA 	Keypress: escape
12.7062 	EXP 	window1: mouseVisible = True
